[2025-06-06T02:05:47.435+0000] {local_task_job_runner.py:123} INFO - ::group::Pre task execution logs
[2025-06-06T02:05:47.556+0000] {taskinstance.py:2631} INFO - Dependencies all met for dep_context=non-requeueable deps ti=<TaskInstance: my_dag.job1_get_data scheduled__2025-06-04T08:00:00+00:00 [queued]>
[2025-06-06T02:05:47.587+0000] {taskinstance.py:2631} INFO - Dependencies all met for dep_context=requeueable deps ti=<TaskInstance: my_dag.job1_get_data scheduled__2025-06-04T08:00:00+00:00 [queued]>
[2025-06-06T02:05:47.590+0000] {taskinstance.py:2884} INFO - Starting attempt 1 of 2
[2025-06-06T02:05:47.637+0000] {taskinstance.py:2907} INFO - Executing <Task(PythonOperator): job1_get_data> on 2025-06-04 08:00:00+00:00
[2025-06-06T02:05:47.664+0000] {standard_task_runner.py:72} INFO - Started process 246 to run task
[2025-06-06T02:05:47.674+0000] {standard_task_runner.py:104} INFO - Running: ['***', 'tasks', 'run', 'my_dag', 'job1_get_data', 'scheduled__2025-06-04T08:00:00+00:00', '--job-id', '54', '--raw', '--subdir', 'DAGS_FOLDER/main.py', '--cfg-path', '/tmp/tmp6i97g5u_']
[2025-06-06T02:05:47.678+0000] {standard_task_runner.py:105} INFO - Job 54: Subtask job1_get_data
[2025-06-06T02:05:47.851+0000] {logging_mixin.py:190} WARNING - /home/***/.local/lib/python3.10/site-packages/***/settings.py:209 DeprecationWarning: The sql_alchemy_conn option in [core] has been moved to the sql_alchemy_conn option in [database] - the old setting has been used, but please update your config.
[2025-06-06T02:05:48.031+0000] {task_command.py:467} INFO - Running <TaskInstance: my_dag.job1_get_data scheduled__2025-06-04T08:00:00+00:00 [running]> on host d27817f09629
[2025-06-06T02:05:48.037+0000] {logging_mixin.py:190} WARNING - /home/***/.local/lib/python3.10/site-packages/***/settings.py:470 DeprecationWarning: The sql_alchemy_conn option in [core] has been moved to the sql_alchemy_conn option in [database] - the old setting has been used, but please update your config.
[2025-06-06T02:05:48.352+0000] {taskinstance.py:3157} INFO - Exporting env vars: AIRFLOW_CTX_DAG_OWNER='***' AIRFLOW_CTX_DAG_ID='my_dag' AIRFLOW_CTX_TASK_ID='job1_get_data' AIRFLOW_CTX_EXECUTION_DATE='2025-06-04T08:00:00+00:00' AIRFLOW_CTX_TRY_NUMBER='1' AIRFLOW_CTX_DAG_RUN_ID='scheduled__2025-06-04T08:00:00+00:00'
[2025-06-06T02:05:48.361+0000] {logging_mixin.py:190} INFO - Task instance is in running state
[2025-06-06T02:05:48.363+0000] {logging_mixin.py:190} INFO -  Previous state of the Task instance: queued
[2025-06-06T02:05:48.365+0000] {logging_mixin.py:190} INFO - Current task name:job1_get_data state:running start_date:2025-06-06 02:05:47.559853+00:00
[2025-06-06T02:05:48.367+0000] {logging_mixin.py:190} INFO - Dag name:my_dag and current dag run status:running
[2025-06-06T02:05:48.369+0000] {taskinstance.py:740} INFO - ::endgroup::
[2025-06-06T02:05:49.434+0000] {python.py:240} INFO - Done. Returned value was: {'status': 'unknown error'}
[2025-06-06T02:05:49.586+0000] {taskinstance.py:349} INFO - ::group::Post task execution logs
[2025-06-06T02:05:49.589+0000] {taskinstance.py:361} INFO - Marking task as SUCCESS. dag_id=my_dag, task_id=job1_get_data, run_id=scheduled__2025-06-04T08:00:00+00:00, execution_date=20250604T080000, start_date=20250606T020547, end_date=20250606T020549
[2025-06-06T02:05:49.835+0000] {logging_mixin.py:190} INFO - Task instance in success state
[2025-06-06T02:05:49.838+0000] {logging_mixin.py:190} INFO -  Previous state of the Task instance: running
[2025-06-06T02:05:49.840+0000] {logging_mixin.py:190} INFO - Dag name:my_dag queued_at:2025-06-06 02:05:41.680680+00:00
[2025-06-06T02:05:49.841+0000] {logging_mixin.py:190} INFO - Task hostname:d27817f09629 operator:PythonOperator
[2025-06-06T02:05:49.898+0000] {local_task_job_runner.py:266} INFO - Task exited with return code 0
[2025-06-06T02:05:49.987+0000] {taskinstance.py:3924} INFO - 1 downstream tasks scheduled from follow-on schedule check
[2025-06-06T02:05:50.004+0000] {local_task_job_runner.py:245} INFO - ::endgroup::
