[2025-06-05T04:57:41.874+0000] {processor.py:186} INFO - Started process (PID=99262) to work on /opt/airflow/dags/main.py
[2025-06-05T04:57:41.884+0000] {processor.py:914} INFO - Processing file /opt/airflow/dags/main.py for tasks to queue
[2025-06-05T04:57:41.905+0000] {logging_mixin.py:190} INFO - [2025-06-05T04:57:41.904+0000] {dagbag.py:588} INFO - Filling up the DagBag from /opt/airflow/dags/main.py
[2025-06-05T04:57:43.342+0000] {processor.py:925} INFO - DAG(s) 'my_dag' retrieved from /opt/airflow/dags/main.py
[2025-06-05T04:57:43.730+0000] {logging_mixin.py:190} INFO - [2025-06-05T04:57:43.730+0000] {dag.py:3239} INFO - Sync 1 DAGs
[2025-06-05T04:57:43.930+0000] {logging_mixin.py:190} INFO - [2025-06-05T04:57:43.929+0000] {dag.py:4180} INFO - Setting next_dagrun for my_dag to 2025-06-04 08:00:00+00:00, run_after=2025-06-05 08:00:00+00:00
[2025-06-05T04:57:44.318+0000] {processor.py:208} INFO - Processing /opt/airflow/dags/main.py took 2.479 seconds
[2025-06-05T04:58:19.335+0000] {processor.py:186} INFO - Started process (PID=99544) to work on /opt/airflow/dags/main.py
[2025-06-05T04:58:19.338+0000] {processor.py:914} INFO - Processing file /opt/airflow/dags/main.py for tasks to queue
[2025-06-05T04:58:19.340+0000] {logging_mixin.py:190} INFO - [2025-06-05T04:58:19.340+0000] {dagbag.py:588} INFO - Filling up the DagBag from /opt/airflow/dags/main.py
[2025-06-05T04:58:19.422+0000] {processor.py:925} INFO - DAG(s) 'my_dag' retrieved from /opt/airflow/dags/main.py
[2025-06-05T04:58:19.515+0000] {logging_mixin.py:190} INFO - [2025-06-05T04:58:19.514+0000] {dag.py:3239} INFO - Sync 1 DAGs
[2025-06-05T04:58:19.557+0000] {logging_mixin.py:190} INFO - [2025-06-05T04:58:19.556+0000] {dag.py:4180} INFO - Setting next_dagrun for my_dag to 2025-06-04 08:00:00+00:00, run_after=2025-06-05 08:00:00+00:00
[2025-06-05T04:58:19.619+0000] {processor.py:208} INFO - Processing /opt/airflow/dags/main.py took 0.297 seconds
[2025-06-05T04:58:49.952+0000] {processor.py:186} INFO - Started process (PID=99834) to work on /opt/airflow/dags/main.py
[2025-06-05T04:58:49.954+0000] {processor.py:914} INFO - Processing file /opt/airflow/dags/main.py for tasks to queue
[2025-06-05T04:58:49.956+0000] {logging_mixin.py:190} INFO - [2025-06-05T04:58:49.956+0000] {dagbag.py:588} INFO - Filling up the DagBag from /opt/airflow/dags/main.py
[2025-06-05T04:58:50.025+0000] {processor.py:925} INFO - DAG(s) 'my_dag' retrieved from /opt/airflow/dags/main.py
[2025-06-05T04:58:50.112+0000] {logging_mixin.py:190} INFO - [2025-06-05T04:58:50.112+0000] {dag.py:3239} INFO - Sync 1 DAGs
[2025-06-05T04:58:50.154+0000] {logging_mixin.py:190} INFO - [2025-06-05T04:58:50.154+0000] {dag.py:4180} INFO - Setting next_dagrun for my_dag to 2025-06-04 08:00:00+00:00, run_after=2025-06-05 08:00:00+00:00
[2025-06-05T04:58:50.222+0000] {processor.py:208} INFO - Processing /opt/airflow/dags/main.py took 0.281 seconds
[2025-06-05T04:59:20.454+0000] {processor.py:186} INFO - Started process (PID=420) to work on /opt/airflow/dags/main.py
[2025-06-05T04:59:20.456+0000] {processor.py:914} INFO - Processing file /opt/airflow/dags/main.py for tasks to queue
[2025-06-05T04:59:20.458+0000] {logging_mixin.py:190} INFO - [2025-06-05T04:59:20.457+0000] {dagbag.py:588} INFO - Filling up the DagBag from /opt/airflow/dags/main.py
[2025-06-05T04:59:20.528+0000] {processor.py:925} INFO - DAG(s) 'my_dag' retrieved from /opt/airflow/dags/main.py
[2025-06-05T04:59:20.602+0000] {logging_mixin.py:190} INFO - [2025-06-05T04:59:20.602+0000] {dag.py:3239} INFO - Sync 1 DAGs
[2025-06-05T04:59:20.638+0000] {logging_mixin.py:190} INFO - [2025-06-05T04:59:20.638+0000] {dag.py:4180} INFO - Setting next_dagrun for my_dag to 2025-06-04 08:00:00+00:00, run_after=2025-06-05 08:00:00+00:00
[2025-06-05T04:59:20.739+0000] {processor.py:208} INFO - Processing /opt/airflow/dags/main.py took 0.296 seconds
[2025-06-05T04:59:51.538+0000] {processor.py:186} INFO - Started process (PID=690) to work on /opt/airflow/dags/main.py
[2025-06-05T04:59:51.541+0000] {processor.py:914} INFO - Processing file /opt/airflow/dags/main.py for tasks to queue
[2025-06-05T04:59:51.545+0000] {logging_mixin.py:190} INFO - [2025-06-05T04:59:51.544+0000] {dagbag.py:588} INFO - Filling up the DagBag from /opt/airflow/dags/main.py
[2025-06-05T04:59:51.663+0000] {processor.py:925} INFO - DAG(s) 'my_dag' retrieved from /opt/airflow/dags/main.py
[2025-06-05T04:59:51.812+0000] {logging_mixin.py:190} INFO - [2025-06-05T04:59:51.811+0000] {dag.py:3239} INFO - Sync 1 DAGs
[2025-06-05T04:59:51.865+0000] {logging_mixin.py:190} INFO - [2025-06-05T04:59:51.865+0000] {dag.py:4180} INFO - Setting next_dagrun for my_dag to 2025-06-04 08:00:00+00:00, run_after=2025-06-05 08:00:00+00:00
[2025-06-05T04:59:51.923+0000] {processor.py:208} INFO - Processing /opt/airflow/dags/main.py took 0.404 seconds
[2025-06-05T05:00:22.878+0000] {processor.py:186} INFO - Started process (PID=980) to work on /opt/airflow/dags/main.py
[2025-06-05T05:00:22.880+0000] {processor.py:914} INFO - Processing file /opt/airflow/dags/main.py for tasks to queue
[2025-06-05T05:00:22.883+0000] {logging_mixin.py:190} INFO - [2025-06-05T05:00:22.882+0000] {dagbag.py:588} INFO - Filling up the DagBag from /opt/airflow/dags/main.py
[2025-06-05T05:00:22.968+0000] {processor.py:925} INFO - DAG(s) 'my_dag' retrieved from /opt/airflow/dags/main.py
[2025-06-05T05:00:23.067+0000] {logging_mixin.py:190} INFO - [2025-06-05T05:00:23.067+0000] {dag.py:3239} INFO - Sync 1 DAGs
[2025-06-05T05:00:23.107+0000] {logging_mixin.py:190} INFO - [2025-06-05T05:00:23.107+0000] {dag.py:4180} INFO - Setting next_dagrun for my_dag to 2025-06-04 08:00:00+00:00, run_after=2025-06-05 08:00:00+00:00
[2025-06-05T05:00:23.225+0000] {processor.py:208} INFO - Processing /opt/airflow/dags/main.py took 0.360 seconds
[2025-06-05T05:00:54.344+0000] {processor.py:186} INFO - Started process (PID=1268) to work on /opt/airflow/dags/main.py
[2025-06-05T05:00:54.347+0000] {processor.py:914} INFO - Processing file /opt/airflow/dags/main.py for tasks to queue
[2025-06-05T05:00:54.351+0000] {logging_mixin.py:190} INFO - [2025-06-05T05:00:54.350+0000] {dagbag.py:588} INFO - Filling up the DagBag from /opt/airflow/dags/main.py
[2025-06-05T05:00:54.463+0000] {processor.py:925} INFO - DAG(s) 'my_dag' retrieved from /opt/airflow/dags/main.py
[2025-06-05T05:00:54.555+0000] {logging_mixin.py:190} INFO - [2025-06-05T05:00:54.554+0000] {dag.py:3239} INFO - Sync 1 DAGs
[2025-06-05T05:00:54.592+0000] {logging_mixin.py:190} INFO - [2025-06-05T05:00:54.592+0000] {dag.py:4180} INFO - Setting next_dagrun for my_dag to 2025-06-04 08:00:00+00:00, run_after=2025-06-05 08:00:00+00:00
[2025-06-05T05:00:54.645+0000] {processor.py:208} INFO - Processing /opt/airflow/dags/main.py took 0.316 seconds
[2025-06-05T05:01:25.356+0000] {processor.py:186} INFO - Started process (PID=1558) to work on /opt/airflow/dags/main.py
[2025-06-05T05:01:25.359+0000] {processor.py:914} INFO - Processing file /opt/airflow/dags/main.py for tasks to queue
[2025-06-05T05:01:25.362+0000] {logging_mixin.py:190} INFO - [2025-06-05T05:01:25.361+0000] {dagbag.py:588} INFO - Filling up the DagBag from /opt/airflow/dags/main.py
[2025-06-05T05:01:25.439+0000] {processor.py:925} INFO - DAG(s) 'my_dag' retrieved from /opt/airflow/dags/main.py
[2025-06-05T05:01:25.541+0000] {logging_mixin.py:190} INFO - [2025-06-05T05:01:25.540+0000] {dag.py:3239} INFO - Sync 1 DAGs
[2025-06-05T05:01:25.581+0000] {logging_mixin.py:190} INFO - [2025-06-05T05:01:25.580+0000] {dag.py:4180} INFO - Setting next_dagrun for my_dag to 2025-06-04 08:00:00+00:00, run_after=2025-06-05 08:00:00+00:00
[2025-06-05T05:01:25.744+0000] {processor.py:208} INFO - Processing /opt/airflow/dags/main.py took 0.401 seconds
[2025-06-05T05:01:56.008+0000] {processor.py:186} INFO - Started process (PID=1838) to work on /opt/airflow/dags/main.py
[2025-06-05T05:01:56.011+0000] {processor.py:914} INFO - Processing file /opt/airflow/dags/main.py for tasks to queue
[2025-06-05T05:01:56.013+0000] {logging_mixin.py:190} INFO - [2025-06-05T05:01:56.013+0000] {dagbag.py:588} INFO - Filling up the DagBag from /opt/airflow/dags/main.py
[2025-06-05T05:01:56.096+0000] {processor.py:925} INFO - DAG(s) 'my_dag' retrieved from /opt/airflow/dags/main.py
[2025-06-05T05:01:56.191+0000] {logging_mixin.py:190} INFO - [2025-06-05T05:01:56.191+0000] {dag.py:3239} INFO - Sync 1 DAGs
[2025-06-05T05:01:56.222+0000] {logging_mixin.py:190} INFO - [2025-06-05T05:01:56.222+0000] {dag.py:4180} INFO - Setting next_dagrun for my_dag to 2025-06-04 08:00:00+00:00, run_after=2025-06-05 08:00:00+00:00
[2025-06-05T05:01:56.263+0000] {processor.py:208} INFO - Processing /opt/airflow/dags/main.py took 0.268 seconds
[2025-06-05T05:01:58.628+0000] {processor.py:186} INFO - Started process (PID=1865) to work on /opt/airflow/dags/main.py
[2025-06-05T05:01:58.631+0000] {processor.py:914} INFO - Processing file /opt/airflow/dags/main.py for tasks to queue
[2025-06-05T05:01:58.635+0000] {logging_mixin.py:190} INFO - [2025-06-05T05:01:58.634+0000] {dagbag.py:588} INFO - Filling up the DagBag from /opt/airflow/dags/main.py
[2025-06-05T05:01:58.731+0000] {processor.py:925} INFO - DAG(s) 'my_dag' retrieved from /opt/airflow/dags/main.py
[2025-06-05T05:01:58.859+0000] {logging_mixin.py:190} INFO - [2025-06-05T05:01:58.858+0000] {dag.py:3239} INFO - Sync 1 DAGs
[2025-06-05T05:01:58.928+0000] {logging_mixin.py:190} INFO - [2025-06-05T05:01:58.927+0000] {dag.py:4180} INFO - Setting next_dagrun for my_dag to 2025-06-04 08:00:00+00:00, run_after=2025-06-05 08:00:00+00:00
[2025-06-05T05:01:59.041+0000] {processor.py:208} INFO - Processing /opt/airflow/dags/main.py took 0.428 seconds
[2025-06-05T05:02:29.884+0000] {processor.py:186} INFO - Started process (PID=2155) to work on /opt/airflow/dags/main.py
[2025-06-05T05:02:29.887+0000] {processor.py:914} INFO - Processing file /opt/airflow/dags/main.py for tasks to queue
[2025-06-05T05:02:29.890+0000] {logging_mixin.py:190} INFO - [2025-06-05T05:02:29.890+0000] {dagbag.py:588} INFO - Filling up the DagBag from /opt/airflow/dags/main.py
[2025-06-05T05:02:30.014+0000] {processor.py:925} INFO - DAG(s) 'my_dag' retrieved from /opt/airflow/dags/main.py
[2025-06-05T05:02:30.145+0000] {logging_mixin.py:190} INFO - [2025-06-05T05:02:30.144+0000] {dag.py:3239} INFO - Sync 1 DAGs
[2025-06-05T05:02:30.198+0000] {logging_mixin.py:190} INFO - [2025-06-05T05:02:30.198+0000] {dag.py:4180} INFO - Setting next_dagrun for my_dag to 2025-06-04 08:00:00+00:00, run_after=2025-06-05 08:00:00+00:00
[2025-06-05T05:02:30.266+0000] {processor.py:208} INFO - Processing /opt/airflow/dags/main.py took 0.404 seconds
[2025-06-05T05:03:00.838+0000] {processor.py:186} INFO - Started process (PID=2445) to work on /opt/airflow/dags/main.py
[2025-06-05T05:03:00.841+0000] {processor.py:914} INFO - Processing file /opt/airflow/dags/main.py for tasks to queue
[2025-06-05T05:03:00.844+0000] {logging_mixin.py:190} INFO - [2025-06-05T05:03:00.843+0000] {dagbag.py:588} INFO - Filling up the DagBag from /opt/airflow/dags/main.py
[2025-06-05T05:03:00.922+0000] {processor.py:925} INFO - DAG(s) 'my_dag' retrieved from /opt/airflow/dags/main.py
[2025-06-05T05:03:01.036+0000] {logging_mixin.py:190} INFO - [2025-06-05T05:03:01.035+0000] {dag.py:3239} INFO - Sync 1 DAGs
[2025-06-05T05:03:01.073+0000] {logging_mixin.py:190} INFO - [2025-06-05T05:03:01.073+0000] {dag.py:4180} INFO - Setting next_dagrun for my_dag to 2025-06-04 08:00:00+00:00, run_after=2025-06-05 08:00:00+00:00
[2025-06-05T05:03:01.137+0000] {processor.py:208} INFO - Processing /opt/airflow/dags/main.py took 0.313 seconds
[2025-06-05T05:03:31.360+0000] {processor.py:186} INFO - Started process (PID=2735) to work on /opt/airflow/dags/main.py
[2025-06-05T05:03:31.363+0000] {processor.py:914} INFO - Processing file /opt/airflow/dags/main.py for tasks to queue
[2025-06-05T05:03:31.369+0000] {logging_mixin.py:190} INFO - [2025-06-05T05:03:31.368+0000] {dagbag.py:588} INFO - Filling up the DagBag from /opt/airflow/dags/main.py
[2025-06-05T05:03:31.476+0000] {processor.py:925} INFO - DAG(s) 'my_dag' retrieved from /opt/airflow/dags/main.py
[2025-06-05T05:03:31.601+0000] {logging_mixin.py:190} INFO - [2025-06-05T05:03:31.601+0000] {dag.py:3239} INFO - Sync 1 DAGs
[2025-06-05T05:03:31.656+0000] {logging_mixin.py:190} INFO - [2025-06-05T05:03:31.656+0000] {dag.py:4180} INFO - Setting next_dagrun for my_dag to 2025-06-04 08:00:00+00:00, run_after=2025-06-05 08:00:00+00:00
[2025-06-05T05:03:31.741+0000] {processor.py:208} INFO - Processing /opt/airflow/dags/main.py took 0.403 seconds
[2025-06-05T05:04:02.248+0000] {processor.py:186} INFO - Started process (PID=3025) to work on /opt/airflow/dags/main.py
[2025-06-05T05:04:02.251+0000] {processor.py:914} INFO - Processing file /opt/airflow/dags/main.py for tasks to queue
[2025-06-05T05:04:02.255+0000] {logging_mixin.py:190} INFO - [2025-06-05T05:04:02.254+0000] {dagbag.py:588} INFO - Filling up the DagBag from /opt/airflow/dags/main.py
[2025-06-05T05:04:02.393+0000] {processor.py:925} INFO - DAG(s) 'my_dag' retrieved from /opt/airflow/dags/main.py
[2025-06-05T05:04:02.481+0000] {logging_mixin.py:190} INFO - [2025-06-05T05:04:02.481+0000] {dag.py:3239} INFO - Sync 1 DAGs
[2025-06-05T05:04:02.525+0000] {logging_mixin.py:190} INFO - [2025-06-05T05:04:02.524+0000] {dag.py:4180} INFO - Setting next_dagrun for my_dag to 2025-06-04 08:00:00+00:00, run_after=2025-06-05 08:00:00+00:00
[2025-06-05T05:04:02.579+0000] {processor.py:208} INFO - Processing /opt/airflow/dags/main.py took 0.358 seconds
[2025-06-05T05:04:32.718+0000] {processor.py:186} INFO - Started process (PID=3315) to work on /opt/airflow/dags/main.py
[2025-06-05T05:04:32.720+0000] {processor.py:914} INFO - Processing file /opt/airflow/dags/main.py for tasks to queue
[2025-06-05T05:04:32.722+0000] {logging_mixin.py:190} INFO - [2025-06-05T05:04:32.722+0000] {dagbag.py:588} INFO - Filling up the DagBag from /opt/airflow/dags/main.py
[2025-06-05T05:04:32.811+0000] {processor.py:925} INFO - DAG(s) 'my_dag' retrieved from /opt/airflow/dags/main.py
[2025-06-05T05:04:32.903+0000] {logging_mixin.py:190} INFO - [2025-06-05T05:04:32.902+0000] {dag.py:3239} INFO - Sync 1 DAGs
[2025-06-05T05:04:32.933+0000] {logging_mixin.py:190} INFO - [2025-06-05T05:04:32.933+0000] {dag.py:4180} INFO - Setting next_dagrun for my_dag to 2025-06-04 08:00:00+00:00, run_after=2025-06-05 08:00:00+00:00
[2025-06-05T05:04:32.986+0000] {processor.py:208} INFO - Processing /opt/airflow/dags/main.py took 0.279 seconds
[2025-06-05T05:05:03.543+0000] {processor.py:186} INFO - Started process (PID=3605) to work on /opt/airflow/dags/main.py
[2025-06-05T05:05:03.545+0000] {processor.py:914} INFO - Processing file /opt/airflow/dags/main.py for tasks to queue
[2025-06-05T05:05:03.548+0000] {logging_mixin.py:190} INFO - [2025-06-05T05:05:03.548+0000] {dagbag.py:588} INFO - Filling up the DagBag from /opt/airflow/dags/main.py
[2025-06-05T05:05:03.633+0000] {processor.py:925} INFO - DAG(s) 'my_dag' retrieved from /opt/airflow/dags/main.py
[2025-06-05T05:05:03.743+0000] {logging_mixin.py:190} INFO - [2025-06-05T05:05:03.742+0000] {dag.py:3239} INFO - Sync 1 DAGs
[2025-06-05T05:05:03.803+0000] {logging_mixin.py:190} INFO - [2025-06-05T05:05:03.802+0000] {dag.py:4180} INFO - Setting next_dagrun for my_dag to 2025-06-04 08:00:00+00:00, run_after=2025-06-05 08:00:00+00:00
[2025-06-05T05:05:03.875+0000] {processor.py:208} INFO - Processing /opt/airflow/dags/main.py took 0.347 seconds
[2025-06-05T05:05:10.542+0000] {processor.py:186} INFO - Started process (PID=3695) to work on /opt/airflow/dags/main.py
[2025-06-05T05:05:10.545+0000] {processor.py:914} INFO - Processing file /opt/airflow/dags/main.py for tasks to queue
[2025-06-05T05:05:10.548+0000] {logging_mixin.py:190} INFO - [2025-06-05T05:05:10.547+0000] {dagbag.py:588} INFO - Filling up the DagBag from /opt/airflow/dags/main.py
[2025-06-05T05:05:10.650+0000] {processor.py:925} INFO - DAG(s) 'my_dag' retrieved from /opt/airflow/dags/main.py
[2025-06-05T05:05:10.744+0000] {logging_mixin.py:190} INFO - [2025-06-05T05:05:10.743+0000] {dag.py:3239} INFO - Sync 1 DAGs
[2025-06-05T05:05:10.777+0000] {logging_mixin.py:190} INFO - [2025-06-05T05:05:10.776+0000] {dag.py:4180} INFO - Setting next_dagrun for my_dag to 2025-06-04 08:00:00+00:00, run_after=2025-06-05 08:00:00+00:00
[2025-06-05T05:05:10.836+0000] {processor.py:208} INFO - Processing /opt/airflow/dags/main.py took 0.310 seconds
