[2025-06-04T10:16:16.634+0000] {local_task_job_runner.py:123} INFO - ::group::Pre task execution logs
[2025-06-04T10:16:16.884+0000] {taskinstance.py:2631} INFO - Dependencies all met for dep_context=non-requeueable deps ti=<TaskInstance: my_dag.job2_structured_data manual__2025-06-04T10:15:58.074606+00:00 [queued]>
[2025-06-04T10:16:16.901+0000] {taskinstance.py:2631} INFO - Dependencies all met for dep_context=requeueable deps ti=<TaskInstance: my_dag.job2_structured_data manual__2025-06-04T10:15:58.074606+00:00 [queued]>
[2025-06-04T10:16:16.903+0000] {taskinstance.py:2884} INFO - Starting attempt 1 of 2
[2025-06-04T10:16:16.937+0000] {taskinstance.py:2907} INFO - Executing <Task(PythonOperator): job2_structured_data> on 2025-06-04 10:15:58.074606+00:00
[2025-06-04T10:16:16.949+0000] {standard_task_runner.py:72} INFO - Started process 38086 to run task
[2025-06-04T10:16:16.955+0000] {standard_task_runner.py:104} INFO - Running: ['***', 'tasks', 'run', 'my_dag', 'job2_structured_data', 'manual__2025-06-04T10:15:58.074606+00:00', '--job-id', '50', '--raw', '--subdir', 'DAGS_FOLDER/main.py', '--cfg-path', '/tmp/tmpsndym8y7']
[2025-06-04T10:16:16.958+0000] {standard_task_runner.py:105} INFO - Job 50: Subtask job2_structured_data
[2025-06-04T10:16:17.025+0000] {logging_mixin.py:190} WARNING - /home/***/.local/lib/python3.10/site-packages/***/settings.py:209 DeprecationWarning: The sql_alchemy_conn option in [core] has been moved to the sql_alchemy_conn option in [database] - the old setting has been used, but please update your config.
[2025-06-04T10:16:17.137+0000] {task_command.py:467} INFO - Running <TaskInstance: my_dag.job2_structured_data manual__2025-06-04T10:15:58.074606+00:00 [running]> on host 44675f35d09b
[2025-06-04T10:16:17.342+0000] {taskinstance.py:3157} INFO - Exporting env vars: AIRFLOW_CTX_DAG_OWNER='***' AIRFLOW_CTX_DAG_ID='my_dag' AIRFLOW_CTX_TASK_ID='job2_structured_data' AIRFLOW_CTX_EXECUTION_DATE='2025-06-04T10:15:58.074606+00:00' AIRFLOW_CTX_TRY_NUMBER='1' AIRFLOW_CTX_DAG_RUN_ID='manual__2025-06-04T10:15:58.074606+00:00'
[2025-06-04T10:16:17.345+0000] {logging_mixin.py:190} INFO - Task instance is in running state
[2025-06-04T10:16:17.347+0000] {logging_mixin.py:190} INFO -  Previous state of the Task instance: queued
[2025-06-04T10:16:17.348+0000] {logging_mixin.py:190} INFO - Current task name:job2_structured_data state:running start_date:2025-06-04 10:16:16.885689+00:00
[2025-06-04T10:16:17.350+0000] {logging_mixin.py:190} INFO - Dag name:my_dag and current dag run status:running
[2025-06-04T10:16:17.351+0000] {taskinstance.py:740} INFO - ::endgroup::
[2025-06-04T10:16:17.506+0000] {python.py:240} INFO - Done. Returned value was: Data written to /opt/***/foundation/restcountries.csv
[2025-06-04T10:16:17.615+0000] {taskinstance.py:349} INFO - ::group::Post task execution logs
[2025-06-04T10:16:17.616+0000] {taskinstance.py:361} INFO - Marking task as SUCCESS. dag_id=my_dag, task_id=job2_structured_data, run_id=manual__2025-06-04T10:15:58.074606+00:00, execution_date=20250604T101558, start_date=20250604T101616, end_date=20250604T101617
[2025-06-04T10:16:17.758+0000] {logging_mixin.py:190} INFO - Task instance in success state
[2025-06-04T10:16:17.761+0000] {logging_mixin.py:190} INFO -  Previous state of the Task instance: running
[2025-06-04T10:16:17.763+0000] {logging_mixin.py:190} INFO - Dag name:my_dag queued_at:2025-06-04 10:15:58.106000+00:00
[2025-06-04T10:16:17.765+0000] {logging_mixin.py:190} INFO - Task hostname:44675f35d09b operator:PythonOperator
[2025-06-04T10:16:17.812+0000] {local_task_job_runner.py:266} INFO - Task exited with return code 0
[2025-06-04T10:16:17.903+0000] {taskinstance.py:3924} INFO - 1 downstream tasks scheduled from follow-on schedule check
[2025-06-04T10:16:17.923+0000] {local_task_job_runner.py:245} INFO - ::endgroup::
