[2025-06-04T09:54:37.521+0000] {local_task_job_runner.py:123} INFO - ::group::Pre task execution logs
[2025-06-04T09:54:37.789+0000] {taskinstance.py:2631} INFO - Dependencies all met for dep_context=non-requeueable deps ti=<TaskInstance: my_dag.job3_rename_columns manual__2025-06-04T09:54:24.638809+00:00 [queued]>
[2025-06-04T09:54:37.807+0000] {taskinstance.py:2631} INFO - Dependencies all met for dep_context=requeueable deps ti=<TaskInstance: my_dag.job3_rename_columns manual__2025-06-04T09:54:24.638809+00:00 [queued]>
[2025-06-04T09:54:37.809+0000] {taskinstance.py:2884} INFO - Starting attempt 1 of 2
[2025-06-04T09:54:37.837+0000] {taskinstance.py:2907} INFO - Executing <Task(PythonOperator): job3_rename_columns> on 2025-06-04 09:54:24.638809+00:00
[2025-06-04T09:54:37.849+0000] {standard_task_runner.py:72} INFO - Started process 25891 to run task
[2025-06-04T09:54:37.854+0000] {standard_task_runner.py:104} INFO - Running: ['***', 'tasks', 'run', 'my_dag', 'job3_rename_columns', 'manual__2025-06-04T09:54:24.638809+00:00', '--job-id', '36', '--raw', '--subdir', 'DAGS_FOLDER/main.py', '--cfg-path', '/tmp/tmpwfg72fny']
[2025-06-04T09:54:37.856+0000] {standard_task_runner.py:105} INFO - Job 36: Subtask job3_rename_columns
[2025-06-04T09:54:37.924+0000] {logging_mixin.py:190} WARNING - /home/***/.local/lib/python3.10/site-packages/***/settings.py:209 DeprecationWarning: The sql_alchemy_conn option in [core] has been moved to the sql_alchemy_conn option in [database] - the old setting has been used, but please update your config.
[2025-06-04T09:54:38.033+0000] {task_command.py:467} INFO - Running <TaskInstance: my_dag.job3_rename_columns manual__2025-06-04T09:54:24.638809+00:00 [running]> on host 44675f35d09b
[2025-06-04T09:54:38.232+0000] {taskinstance.py:3157} INFO - Exporting env vars: AIRFLOW_CTX_DAG_OWNER='***' AIRFLOW_CTX_DAG_ID='my_dag' AIRFLOW_CTX_TASK_ID='job3_rename_columns' AIRFLOW_CTX_EXECUTION_DATE='2025-06-04T09:54:24.638809+00:00' AIRFLOW_CTX_TRY_NUMBER='1' AIRFLOW_CTX_DAG_RUN_ID='manual__2025-06-04T09:54:24.638809+00:00'
[2025-06-04T09:54:38.235+0000] {logging_mixin.py:190} INFO - Task instance is in running state
[2025-06-04T09:54:38.236+0000] {logging_mixin.py:190} INFO -  Previous state of the Task instance: queued
[2025-06-04T09:54:38.238+0000] {logging_mixin.py:190} INFO - Current task name:job3_rename_columns state:running start_date:2025-06-04 09:54:37.791166+00:00
[2025-06-04T09:54:38.241+0000] {logging_mixin.py:190} INFO - Dag name:my_dag and current dag run status:running
[2025-06-04T09:54:38.243+0000] {taskinstance.py:740} INFO - ::endgroup::
[2025-06-04T09:54:38.286+0000] {taskinstance.py:3336} ERROR - Task failed with exception
Traceback (most recent call last):
  File "/home/airflow/.local/lib/python3.10/site-packages/airflow/models/taskinstance.py", line 776, in _execute_task
    result = _execute_callable(context=context, **execute_callable_kwargs)
  File "/home/airflow/.local/lib/python3.10/site-packages/airflow/models/taskinstance.py", line 742, in _execute_callable
    return ExecutionCallableRunner(
  File "/home/airflow/.local/lib/python3.10/site-packages/airflow/utils/operator_helpers.py", line 252, in run
    return self.func(*args, **kwargs)
  File "/home/airflow/.local/lib/python3.10/site-packages/airflow/models/baseoperator.py", line 424, in wrapper
    return func(self, *args, **kwargs)
  File "/home/airflow/.local/lib/python3.10/site-packages/airflow/operators/python.py", line 238, in execute
    return_value = self.execute_callable()
  File "/home/airflow/.local/lib/python3.10/site-packages/airflow/operators/python.py", line 256, in execute_callable
    return runner.run(*self.op_args, **self.op_kwargs)
  File "/home/airflow/.local/lib/python3.10/site-packages/airflow/utils/operator_helpers.py", line 252, in run
    return self.func(*args, **kwargs)
  File "/opt/airflow/scripts/transform_data.py", line 119, in process_transform
    data = df[['name','ccn3','cca3','independent','status','capital','altSpellings','region','area','maps','timezones','continents','flags','startOfWeek']]
  File "/home/airflow/.local/lib/python3.10/site-packages/pandas/core/frame.py", line 3899, in __getitem__
    indexer = self.columns._get_indexer_strict(key, "columns")[1]
  File "/home/airflow/.local/lib/python3.10/site-packages/pandas/core/indexes/base.py", line 6115, in _get_indexer_strict
    self._raise_if_missing(keyarr, indexer, axis_name)
  File "/home/airflow/.local/lib/python3.10/site-packages/pandas/core/indexes/base.py", line 6179, in _raise_if_missing
    raise KeyError(f"{not_found} not in index")
KeyError: "['name', 'independent', 'status', 'capital', 'altSpellings', 'region', 'area', 'timezones', 'continents', 'flags', 'startOfWeek'] not in index"
[2025-06-04T09:54:38.361+0000] {logging_mixin.py:190} INFO - Task instance in failure state
[2025-06-04T09:54:38.363+0000] {logging_mixin.py:190} INFO - Task start:2025-06-04 09:54:37.791166+00:00 end:2025-06-04 09:54:38.360943+00:00 duration:0.569777
[2025-06-04T09:54:38.365+0000] {logging_mixin.py:190} INFO - Task:<Task(PythonOperator): job3_rename_columns> dag:<DAG: my_dag> dagrun:<DagRun my_dag @ 2025-06-04 09:54:24.638809+00:00: manual__2025-06-04T09:54:24.638809+00:00, state:running, queued_at: 2025-06-04 09:54:24.735037+00:00. externally triggered: True>
[2025-06-04T09:54:38.366+0000] {logging_mixin.py:190} INFO - Failure caused by "['name', 'independent', 'status', 'capital', 'altSpellings', 'region', 'area', 'timezones', 'continents', 'flags', 'startOfWeek'] not in index"
[2025-06-04T09:54:38.367+0000] {taskinstance.py:1242} INFO - Marking task as UP_FOR_RETRY. dag_id=my_dag, task_id=job3_rename_columns, run_id=manual__2025-06-04T09:54:24.638809+00:00, execution_date=20250604T095424, start_date=20250604T095437, end_date=20250604T095438
[2025-06-04T09:54:38.497+0000] {taskinstance.py:349} INFO - ::group::Post task execution logs
[2025-06-04T09:54:38.499+0000] {standard_task_runner.py:124} ERROR - Failed to execute job 36 for task job3_rename_columns ("['name', 'independent', 'status', 'capital', 'altSpellings', 'region', 'area', 'timezones', 'continents', 'flags', 'startOfWeek'] not in index"; 25891)
Traceback (most recent call last):
  File "/home/airflow/.local/lib/python3.10/site-packages/airflow/task/task_runner/standard_task_runner.py", line 117, in _start_by_fork
    ret = args.func(args, dag=self.dag)
  File "/home/airflow/.local/lib/python3.10/site-packages/airflow/cli/cli_config.py", line 49, in command
    return func(*args, **kwargs)
  File "/home/airflow/.local/lib/python3.10/site-packages/airflow/utils/cli.py", line 116, in wrapper
    return f(*args, **kwargs)
  File "/home/airflow/.local/lib/python3.10/site-packages/airflow/cli/commands/task_command.py", line 483, in task_run
    task_return_code = _run_task_by_selected_method(args, _dag, ti)
  File "/home/airflow/.local/lib/python3.10/site-packages/airflow/cli/commands/task_command.py", line 256, in _run_task_by_selected_method
    return _run_raw_task(args, ti)
  File "/home/airflow/.local/lib/python3.10/site-packages/airflow/cli/commands/task_command.py", line 341, in _run_raw_task
    return ti._run_raw_task(
  File "/home/airflow/.local/lib/python3.10/site-packages/airflow/utils/session.py", line 97, in wrapper
    return func(*args, session=session, **kwargs)
  File "/home/airflow/.local/lib/python3.10/site-packages/airflow/models/taskinstance.py", line 3029, in _run_raw_task
    return _run_raw_task(
  File "/home/airflow/.local/lib/python3.10/site-packages/airflow/models/taskinstance.py", line 282, in _run_raw_task
    TaskInstance._execute_task_with_callbacks(
  File "/home/airflow/.local/lib/python3.10/site-packages/airflow/models/taskinstance.py", line 3184, in _execute_task_with_callbacks
    result = self._execute_task(context, task_orig)
  File "/home/airflow/.local/lib/python3.10/site-packages/airflow/models/taskinstance.py", line 3208, in _execute_task
    return _execute_task(self, context, task_orig)
  File "/home/airflow/.local/lib/python3.10/site-packages/airflow/models/taskinstance.py", line 776, in _execute_task
    result = _execute_callable(context=context, **execute_callable_kwargs)
  File "/home/airflow/.local/lib/python3.10/site-packages/airflow/models/taskinstance.py", line 742, in _execute_callable
    return ExecutionCallableRunner(
  File "/home/airflow/.local/lib/python3.10/site-packages/airflow/utils/operator_helpers.py", line 252, in run
    return self.func(*args, **kwargs)
  File "/home/airflow/.local/lib/python3.10/site-packages/airflow/models/baseoperator.py", line 424, in wrapper
    return func(self, *args, **kwargs)
  File "/home/airflow/.local/lib/python3.10/site-packages/airflow/operators/python.py", line 238, in execute
    return_value = self.execute_callable()
  File "/home/airflow/.local/lib/python3.10/site-packages/airflow/operators/python.py", line 256, in execute_callable
    return runner.run(*self.op_args, **self.op_kwargs)
  File "/home/airflow/.local/lib/python3.10/site-packages/airflow/utils/operator_helpers.py", line 252, in run
    return self.func(*args, **kwargs)
  File "/opt/airflow/scripts/transform_data.py", line 119, in process_transform
    data = df[['name','ccn3','cca3','independent','status','capital','altSpellings','region','area','maps','timezones','continents','flags','startOfWeek']]
  File "/home/airflow/.local/lib/python3.10/site-packages/pandas/core/frame.py", line 3899, in __getitem__
    indexer = self.columns._get_indexer_strict(key, "columns")[1]
  File "/home/airflow/.local/lib/python3.10/site-packages/pandas/core/indexes/base.py", line 6115, in _get_indexer_strict
    self._raise_if_missing(keyarr, indexer, axis_name)
  File "/home/airflow/.local/lib/python3.10/site-packages/pandas/core/indexes/base.py", line 6179, in _raise_if_missing
    raise KeyError(f"{not_found} not in index")
KeyError: "['name', 'independent', 'status', 'capital', 'altSpellings', 'region', 'area', 'timezones', 'continents', 'flags', 'startOfWeek'] not in index"
[2025-06-04T09:54:38.550+0000] {local_task_job_runner.py:266} INFO - Task exited with return code 1
[2025-06-04T09:54:38.597+0000] {local_task_job_runner.py:245} INFO - ::endgroup::
