[2025-06-04T09:59:39.698+0000] {local_task_job_runner.py:123} INFO - ::group::Pre task execution logs
[2025-06-04T09:59:39.965+0000] {taskinstance.py:2631} INFO - Dependencies all met for dep_context=non-requeueable deps ti=<TaskInstance: my_dag.job3_rename_columns manual__2025-06-04T09:54:24.638809+00:00 [queued]>
[2025-06-04T09:59:39.982+0000] {taskinstance.py:2631} INFO - Dependencies all met for dep_context=requeueable deps ti=<TaskInstance: my_dag.job3_rename_columns manual__2025-06-04T09:54:24.638809+00:00 [queued]>
[2025-06-04T09:59:39.983+0000] {taskinstance.py:2884} INFO - Starting attempt 2 of 2
[2025-06-04T09:59:40.011+0000] {taskinstance.py:2907} INFO - Executing <Task(PythonOperator): job3_rename_columns> on 2025-06-04 09:54:24.638809+00:00
[2025-06-04T09:59:40.023+0000] {standard_task_runner.py:72} INFO - Started process 28743 to run task
[2025-06-04T09:59:40.029+0000] {standard_task_runner.py:104} INFO - Running: ['***', 'tasks', 'run', 'my_dag', 'job3_rename_columns', 'manual__2025-06-04T09:54:24.638809+00:00', '--job-id', '40', '--raw', '--subdir', 'DAGS_FOLDER/main.py', '--cfg-path', '/tmp/tmpkygv3mt6']
[2025-06-04T09:59:40.032+0000] {standard_task_runner.py:105} INFO - Job 40: Subtask job3_rename_columns
[2025-06-04T09:59:40.103+0000] {logging_mixin.py:190} WARNING - /home/***/.local/lib/python3.10/site-packages/***/settings.py:209 DeprecationWarning: The sql_alchemy_conn option in [core] has been moved to the sql_alchemy_conn option in [database] - the old setting has been used, but please update your config.
[2025-06-04T09:59:40.220+0000] {task_command.py:467} INFO - Running <TaskInstance: my_dag.job3_rename_columns manual__2025-06-04T09:54:24.638809+00:00 [running]> on host 44675f35d09b
[2025-06-04T09:59:40.418+0000] {taskinstance.py:3157} INFO - Exporting env vars: AIRFLOW_CTX_DAG_OWNER='***' AIRFLOW_CTX_DAG_ID='my_dag' AIRFLOW_CTX_TASK_ID='job3_rename_columns' AIRFLOW_CTX_EXECUTION_DATE='2025-06-04T09:54:24.638809+00:00' AIRFLOW_CTX_TRY_NUMBER='2' AIRFLOW_CTX_DAG_RUN_ID='manual__2025-06-04T09:54:24.638809+00:00'
[2025-06-04T09:59:40.421+0000] {logging_mixin.py:190} INFO - Task instance is in running state
[2025-06-04T09:59:40.422+0000] {logging_mixin.py:190} INFO -  Previous state of the Task instance: queued
[2025-06-04T09:59:40.424+0000] {logging_mixin.py:190} INFO - Current task name:job3_rename_columns state:running start_date:2025-06-04 09:59:39.966882+00:00
[2025-06-04T09:59:40.426+0000] {logging_mixin.py:190} INFO - Dag name:my_dag and current dag run status:running
[2025-06-04T09:59:40.427+0000] {taskinstance.py:740} INFO - ::endgroup::
[2025-06-04T09:59:40.532+0000] {taskinstance.py:3336} ERROR - Task failed with exception
Traceback (most recent call last):
  File "/home/airflow/.local/lib/python3.10/site-packages/pandas/core/indexes/base.py", line 3791, in get_loc
    return self._engine.get_loc(casted_key)
  File "index.pyx", line 152, in pandas._libs.index.IndexEngine.get_loc
  File "index.pyx", line 181, in pandas._libs.index.IndexEngine.get_loc
  File "pandas/_libs/hashtable_class_helper.pxi", line 7080, in pandas._libs.hashtable.PyObjectHashTable.get_item
  File "pandas/_libs/hashtable_class_helper.pxi", line 7088, in pandas._libs.hashtable.PyObjectHashTable.get_item
KeyError: 'capital'

The above exception was the direct cause of the following exception:

Traceback (most recent call last):
  File "/home/airflow/.local/lib/python3.10/site-packages/airflow/models/taskinstance.py", line 776, in _execute_task
    result = _execute_callable(context=context, **execute_callable_kwargs)
  File "/home/airflow/.local/lib/python3.10/site-packages/airflow/models/taskinstance.py", line 742, in _execute_callable
    return ExecutionCallableRunner(
  File "/home/airflow/.local/lib/python3.10/site-packages/airflow/utils/operator_helpers.py", line 252, in run
    return self.func(*args, **kwargs)
  File "/home/airflow/.local/lib/python3.10/site-packages/airflow/models/baseoperator.py", line 424, in wrapper
    return func(self, *args, **kwargs)
  File "/home/airflow/.local/lib/python3.10/site-packages/airflow/operators/python.py", line 238, in execute
    return_value = self.execute_callable()
  File "/home/airflow/.local/lib/python3.10/site-packages/airflow/operators/python.py", line 256, in execute_callable
    return runner.run(*self.op_args, **self.op_kwargs)
  File "/home/airflow/.local/lib/python3.10/site-packages/airflow/utils/operator_helpers.py", line 252, in run
    return self.func(*args, **kwargs)
  File "/opt/airflow/scripts/transform_data.py", line 124, in process_transform
    currencies.process_all()
  File "/opt/airflow/scripts/transform_data.py", line 105, in process_all
    self.process_capitalAndAltSpellings()
  File "/opt/airflow/scripts/transform_data.py", line 46, in process_capitalAndAltSpellings
    capital = self.df['capital'][i]
  File "/home/airflow/.local/lib/python3.10/site-packages/pandas/core/frame.py", line 3893, in __getitem__
    indexer = self.columns.get_loc(key)
  File "/home/airflow/.local/lib/python3.10/site-packages/pandas/core/indexes/base.py", line 3798, in get_loc
    raise KeyError(key) from err
KeyError: 'capital'
[2025-06-04T09:59:40.583+0000] {logging_mixin.py:190} INFO - Task instance in failure state
[2025-06-04T09:59:40.585+0000] {logging_mixin.py:190} INFO - Task start:2025-06-04 09:59:39.966882+00:00 end:2025-06-04 09:59:40.583342+00:00 duration:0.61646
[2025-06-04T09:59:40.587+0000] {logging_mixin.py:190} INFO - Task:<Task(PythonOperator): job3_rename_columns> dag:<DAG: my_dag> dagrun:<DagRun my_dag @ 2025-06-04 09:54:24.638809+00:00: manual__2025-06-04T09:54:24.638809+00:00, state:running, queued_at: 2025-06-04 09:54:24.735037+00:00. externally triggered: True>
[2025-06-04T09:59:40.588+0000] {logging_mixin.py:190} INFO - Failure caused by 'capital'
[2025-06-04T09:59:40.589+0000] {taskinstance.py:1242} INFO - Marking task as FAILED. dag_id=my_dag, task_id=job3_rename_columns, run_id=manual__2025-06-04T09:54:24.638809+00:00, execution_date=20250604T095424, start_date=20250604T095939, end_date=20250604T095940
[2025-06-04T09:59:40.704+0000] {taskinstance.py:349} INFO - ::group::Post task execution logs
[2025-06-04T09:59:40.706+0000] {standard_task_runner.py:124} ERROR - Failed to execute job 40 for task job3_rename_columns ('capital'; 28743)
Traceback (most recent call last):
  File "/home/airflow/.local/lib/python3.10/site-packages/pandas/core/indexes/base.py", line 3791, in get_loc
    return self._engine.get_loc(casted_key)
  File "index.pyx", line 152, in pandas._libs.index.IndexEngine.get_loc
  File "index.pyx", line 181, in pandas._libs.index.IndexEngine.get_loc
  File "pandas/_libs/hashtable_class_helper.pxi", line 7080, in pandas._libs.hashtable.PyObjectHashTable.get_item
  File "pandas/_libs/hashtable_class_helper.pxi", line 7088, in pandas._libs.hashtable.PyObjectHashTable.get_item
KeyError: 'capital'

The above exception was the direct cause of the following exception:

Traceback (most recent call last):
  File "/home/airflow/.local/lib/python3.10/site-packages/airflow/task/task_runner/standard_task_runner.py", line 117, in _start_by_fork
    ret = args.func(args, dag=self.dag)
  File "/home/airflow/.local/lib/python3.10/site-packages/airflow/cli/cli_config.py", line 49, in command
    return func(*args, **kwargs)
  File "/home/airflow/.local/lib/python3.10/site-packages/airflow/utils/cli.py", line 116, in wrapper
    return f(*args, **kwargs)
  File "/home/airflow/.local/lib/python3.10/site-packages/airflow/cli/commands/task_command.py", line 483, in task_run
    task_return_code = _run_task_by_selected_method(args, _dag, ti)
  File "/home/airflow/.local/lib/python3.10/site-packages/airflow/cli/commands/task_command.py", line 256, in _run_task_by_selected_method
    return _run_raw_task(args, ti)
  File "/home/airflow/.local/lib/python3.10/site-packages/airflow/cli/commands/task_command.py", line 341, in _run_raw_task
    return ti._run_raw_task(
  File "/home/airflow/.local/lib/python3.10/site-packages/airflow/utils/session.py", line 97, in wrapper
    return func(*args, session=session, **kwargs)
  File "/home/airflow/.local/lib/python3.10/site-packages/airflow/models/taskinstance.py", line 3029, in _run_raw_task
    return _run_raw_task(
  File "/home/airflow/.local/lib/python3.10/site-packages/airflow/models/taskinstance.py", line 282, in _run_raw_task
    TaskInstance._execute_task_with_callbacks(
  File "/home/airflow/.local/lib/python3.10/site-packages/airflow/models/taskinstance.py", line 3184, in _execute_task_with_callbacks
    result = self._execute_task(context, task_orig)
  File "/home/airflow/.local/lib/python3.10/site-packages/airflow/models/taskinstance.py", line 3208, in _execute_task
    return _execute_task(self, context, task_orig)
  File "/home/airflow/.local/lib/python3.10/site-packages/airflow/models/taskinstance.py", line 776, in _execute_task
    result = _execute_callable(context=context, **execute_callable_kwargs)
  File "/home/airflow/.local/lib/python3.10/site-packages/airflow/models/taskinstance.py", line 742, in _execute_callable
    return ExecutionCallableRunner(
  File "/home/airflow/.local/lib/python3.10/site-packages/airflow/utils/operator_helpers.py", line 252, in run
    return self.func(*args, **kwargs)
  File "/home/airflow/.local/lib/python3.10/site-packages/airflow/models/baseoperator.py", line 424, in wrapper
    return func(self, *args, **kwargs)
  File "/home/airflow/.local/lib/python3.10/site-packages/airflow/operators/python.py", line 238, in execute
    return_value = self.execute_callable()
  File "/home/airflow/.local/lib/python3.10/site-packages/airflow/operators/python.py", line 256, in execute_callable
    return runner.run(*self.op_args, **self.op_kwargs)
  File "/home/airflow/.local/lib/python3.10/site-packages/airflow/utils/operator_helpers.py", line 252, in run
    return self.func(*args, **kwargs)
  File "/opt/airflow/scripts/transform_data.py", line 124, in process_transform
    currencies.process_all()
  File "/opt/airflow/scripts/transform_data.py", line 105, in process_all
    self.process_capitalAndAltSpellings()
  File "/opt/airflow/scripts/transform_data.py", line 46, in process_capitalAndAltSpellings
    capital = self.df['capital'][i]
  File "/home/airflow/.local/lib/python3.10/site-packages/pandas/core/frame.py", line 3893, in __getitem__
    indexer = self.columns.get_loc(key)
  File "/home/airflow/.local/lib/python3.10/site-packages/pandas/core/indexes/base.py", line 3798, in get_loc
    raise KeyError(key) from err
KeyError: 'capital'
[2025-06-04T09:59:40.766+0000] {local_task_job_runner.py:266} INFO - Task exited with return code 1
[2025-06-04T09:59:40.829+0000] {taskinstance.py:3924} INFO - 0 downstream tasks scheduled from follow-on schedule check
[2025-06-04T09:59:40.846+0000] {local_task_job_runner.py:245} INFO - ::endgroup::
