[2025-06-06T03:08:44.537+0000] {local_task_job_runner.py:123} INFO - ::group::Pre task execution logs
[2025-06-06T03:08:44.613+0000] {taskinstance.py:2631} INFO - Dependencies all met for dep_context=non-requeueable deps ti=<TaskInstance: my_dag.job2_structured_data manual__2025-06-06T03:08:33.826819+00:00 [queued]>
[2025-06-06T03:08:44.633+0000] {taskinstance.py:2631} INFO - Dependencies all met for dep_context=requeueable deps ti=<TaskInstance: my_dag.job2_structured_data manual__2025-06-06T03:08:33.826819+00:00 [queued]>
[2025-06-06T03:08:44.635+0000] {taskinstance.py:2884} INFO - Starting attempt 1 of 2
[2025-06-06T03:08:44.667+0000] {taskinstance.py:2907} INFO - Executing <Task(PythonOperator): job2_structured_data> on 2025-06-06 03:08:33.826819+00:00
[2025-06-06T03:08:44.680+0000] {standard_task_runner.py:72} INFO - Started process 6476 to run task
[2025-06-06T03:08:44.685+0000] {standard_task_runner.py:104} INFO - Running: ['***', 'tasks', 'run', 'my_dag', 'job2_structured_data', 'manual__2025-06-06T03:08:33.826819+00:00', '--job-id', '99', '--raw', '--subdir', 'DAGS_FOLDER/main.py', '--cfg-path', '/tmp/tmpd56sharu']
[2025-06-06T03:08:44.688+0000] {standard_task_runner.py:105} INFO - Job 99: Subtask job2_structured_data
[2025-06-06T03:08:44.761+0000] {logging_mixin.py:190} WARNING - /home/***/.local/lib/python3.10/site-packages/***/settings.py:209 DeprecationWarning: The sql_alchemy_conn option in [core] has been moved to the sql_alchemy_conn option in [database] - the old setting has been used, but please update your config.
[2025-06-06T03:08:44.879+0000] {task_command.py:467} INFO - Running <TaskInstance: my_dag.job2_structured_data manual__2025-06-06T03:08:33.826819+00:00 [running]> on host ae7446f54277
[2025-06-06T03:08:45.093+0000] {taskinstance.py:3157} INFO - Exporting env vars: AIRFLOW_CTX_DAG_OWNER='***' AIRFLOW_CTX_DAG_ID='my_dag' AIRFLOW_CTX_TASK_ID='job2_structured_data' AIRFLOW_CTX_EXECUTION_DATE='2025-06-06T03:08:33.826819+00:00' AIRFLOW_CTX_TRY_NUMBER='1' AIRFLOW_CTX_DAG_RUN_ID='manual__2025-06-06T03:08:33.826819+00:00'
[2025-06-06T03:08:45.096+0000] {logging_mixin.py:190} INFO - Task instance is in running state
[2025-06-06T03:08:45.098+0000] {logging_mixin.py:190} INFO -  Previous state of the Task instance: queued
[2025-06-06T03:08:45.099+0000] {logging_mixin.py:190} INFO - Current task name:job2_structured_data state:running start_date:2025-06-06 03:08:44.615901+00:00
[2025-06-06T03:08:45.100+0000] {logging_mixin.py:190} INFO - Dag name:my_dag and current dag run status:running
[2025-06-06T03:08:45.102+0000] {taskinstance.py:740} INFO - ::endgroup::
[2025-06-06T03:08:45.278+0000] {logging_mixin.py:190} INFO -                                                 name  ...                                  postalCode
0  {'common': 'Togo', 'official': 'Togolese Repub...  ...             {'format': None, 'regex': None}
1  {'common': 'Georgia', 'official': 'Georgia', '...  ...    {'format': '####', 'regex': '^(\d{4})$'}
2  {'common': 'Vanuatu', 'official': 'Republic of...  ...             {'format': None, 'regex': None}
3  {'common': 'Kyrgyzstan', 'official': 'Kyrgyz R...  ...  {'format': '######', 'regex': '^(\d{6})$'}
4  {'common': 'Niger', 'official': 'Republic of N...  ...    {'format': '####', 'regex': '^(\d{4})$'}

[5 rows x 35 columns]
[2025-06-06T03:08:45.351+0000] {python.py:240} INFO - Done. Returned value was: Data written to /opt/***/foundation/restcountries.csv
[2025-06-06T03:08:45.449+0000] {taskinstance.py:349} INFO - ::group::Post task execution logs
[2025-06-06T03:08:45.451+0000] {taskinstance.py:361} INFO - Marking task as SUCCESS. dag_id=my_dag, task_id=job2_structured_data, run_id=manual__2025-06-06T03:08:33.826819+00:00, execution_date=20250606T030833, start_date=20250606T030844, end_date=20250606T030845
[2025-06-06T03:08:45.561+0000] {logging_mixin.py:190} INFO - Task instance in success state
[2025-06-06T03:08:45.564+0000] {logging_mixin.py:190} INFO -  Previous state of the Task instance: running
[2025-06-06T03:08:45.565+0000] {logging_mixin.py:190} INFO - Dag name:my_dag queued_at:2025-06-06 03:08:33.922850+00:00
[2025-06-06T03:08:45.567+0000] {logging_mixin.py:190} INFO - Task hostname:ae7446f54277 operator:PythonOperator
[2025-06-06T03:08:45.624+0000] {local_task_job_runner.py:266} INFO - Task exited with return code 0
[2025-06-06T03:08:45.690+0000] {taskinstance.py:3924} INFO - 1 downstream tasks scheduled from follow-on schedule check
[2025-06-06T03:08:45.705+0000] {local_task_job_runner.py:245} INFO - ::endgroup::
