[2025-06-04T10:16:19.725+0000] {local_task_job_runner.py:123} INFO - ::group::Pre task execution logs
[2025-06-04T10:16:20.049+0000] {taskinstance.py:2631} INFO - Dependencies all met for dep_context=non-requeueable deps ti=<TaskInstance: my_dag.job3_rename_columns manual__2025-06-04T10:15:58.074606+00:00 [queued]>
[2025-06-04T10:16:20.070+0000] {taskinstance.py:2631} INFO - Dependencies all met for dep_context=requeueable deps ti=<TaskInstance: my_dag.job3_rename_columns manual__2025-06-04T10:15:58.074606+00:00 [queued]>
[2025-06-04T10:16:20.072+0000] {taskinstance.py:2884} INFO - Starting attempt 1 of 2
[2025-06-04T10:16:20.105+0000] {taskinstance.py:2907} INFO - Executing <Task(PythonOperator): job3_rename_columns> on 2025-06-04 10:15:58.074606+00:00
[2025-06-04T10:16:20.119+0000] {standard_task_runner.py:72} INFO - Started process 38189 to run task
[2025-06-04T10:16:20.126+0000] {standard_task_runner.py:104} INFO - Running: ['***', 'tasks', 'run', 'my_dag', 'job3_rename_columns', 'manual__2025-06-04T10:15:58.074606+00:00', '--job-id', '51', '--raw', '--subdir', 'DAGS_FOLDER/main.py', '--cfg-path', '/tmp/tmpbdbm_c98']
[2025-06-04T10:16:20.131+0000] {standard_task_runner.py:105} INFO - Job 51: Subtask job3_rename_columns
[2025-06-04T10:16:20.215+0000] {logging_mixin.py:190} WARNING - /home/***/.local/lib/python3.10/site-packages/***/settings.py:209 DeprecationWarning: The sql_alchemy_conn option in [core] has been moved to the sql_alchemy_conn option in [database] - the old setting has been used, but please update your config.
[2025-06-04T10:16:20.354+0000] {task_command.py:467} INFO - Running <TaskInstance: my_dag.job3_rename_columns manual__2025-06-04T10:15:58.074606+00:00 [running]> on host 44675f35d09b
[2025-06-04T10:16:20.601+0000] {taskinstance.py:3157} INFO - Exporting env vars: AIRFLOW_CTX_DAG_OWNER='***' AIRFLOW_CTX_DAG_ID='my_dag' AIRFLOW_CTX_TASK_ID='job3_rename_columns' AIRFLOW_CTX_EXECUTION_DATE='2025-06-04T10:15:58.074606+00:00' AIRFLOW_CTX_TRY_NUMBER='1' AIRFLOW_CTX_DAG_RUN_ID='manual__2025-06-04T10:15:58.074606+00:00'
[2025-06-04T10:16:20.605+0000] {logging_mixin.py:190} INFO - Task instance is in running state
[2025-06-04T10:16:20.607+0000] {logging_mixin.py:190} INFO -  Previous state of the Task instance: queued
[2025-06-04T10:16:20.609+0000] {logging_mixin.py:190} INFO - Current task name:job3_rename_columns state:running start_date:2025-06-04 10:16:20.051090+00:00
[2025-06-04T10:16:20.611+0000] {logging_mixin.py:190} INFO - Dag name:my_dag and current dag run status:running
[2025-06-04T10:16:20.613+0000] {taskinstance.py:740} INFO - ::endgroup::
[2025-06-04T10:16:21.055+0000] {python.py:240} INFO - Done. Returned value was: None
[2025-06-04T10:16:21.108+0000] {taskinstance.py:349} INFO - ::group::Post task execution logs
[2025-06-04T10:16:21.110+0000] {taskinstance.py:361} INFO - Marking task as SUCCESS. dag_id=my_dag, task_id=job3_rename_columns, run_id=manual__2025-06-04T10:15:58.074606+00:00, execution_date=20250604T101558, start_date=20250604T101620, end_date=20250604T101621
[2025-06-04T10:16:21.229+0000] {logging_mixin.py:190} INFO - Task instance in success state
[2025-06-04T10:16:21.231+0000] {logging_mixin.py:190} INFO -  Previous state of the Task instance: running
[2025-06-04T10:16:21.233+0000] {logging_mixin.py:190} INFO - Dag name:my_dag queued_at:2025-06-04 10:15:58.106000+00:00
[2025-06-04T10:16:21.234+0000] {logging_mixin.py:190} INFO - Task hostname:44675f35d09b operator:PythonOperator
[2025-06-04T10:16:21.264+0000] {local_task_job_runner.py:266} INFO - Task exited with return code 0
[2025-06-04T10:16:21.359+0000] {taskinstance.py:3924} INFO - 1 downstream tasks scheduled from follow-on schedule check
[2025-06-04T10:16:21.372+0000] {local_task_job_runner.py:245} INFO - ::endgroup::
