[2025-06-04T08:26:45.634+0000] {local_task_job_runner.py:123} INFO - ::group::Pre task execution logs
[2025-06-04T08:26:45.700+0000] {taskinstance.py:2631} INFO - Dependencies all met for dep_context=non-requeueable deps ti=<TaskInstance: my_dag.job1_get_data manual__2025-06-04T08:26:43.529790+00:00 [queued]>
[2025-06-04T08:26:45.714+0000] {taskinstance.py:2631} INFO - Dependencies all met for dep_context=requeueable deps ti=<TaskInstance: my_dag.job1_get_data manual__2025-06-04T08:26:43.529790+00:00 [queued]>
[2025-06-04T08:26:45.715+0000] {taskinstance.py:2884} INFO - Starting attempt 1 of 2
[2025-06-04T08:26:45.777+0000] {taskinstance.py:2907} INFO - Executing <Task(PythonOperator): job1_get_data> on 2025-06-04 08:26:43.529790+00:00
[2025-06-04T08:26:45.790+0000] {standard_task_runner.py:72} INFO - Started process 14219 to run task
[2025-06-04T08:26:45.798+0000] {standard_task_runner.py:104} INFO - Running: ['***', 'tasks', 'run', 'my_dag', 'job1_get_data', 'manual__2025-06-04T08:26:43.529790+00:00', '--job-id', '4', '--raw', '--subdir', 'DAGS_FOLDER/main.py', '--cfg-path', '/tmp/tmpl6nih3d9']
[2025-06-04T08:26:45.801+0000] {standard_task_runner.py:105} INFO - Job 4: Subtask job1_get_data
[2025-06-04T08:26:45.889+0000] {logging_mixin.py:190} WARNING - /home/***/.local/lib/python3.10/site-packages/***/settings.py:209 DeprecationWarning: The sql_alchemy_conn option in [core] has been moved to the sql_alchemy_conn option in [database] - the old setting has been used, but please update your config.
[2025-06-04T08:26:46.009+0000] {task_command.py:467} INFO - Running <TaskInstance: my_dag.job1_get_data manual__2025-06-04T08:26:43.529790+00:00 [running]> on host 44675f35d09b
[2025-06-04T08:26:46.228+0000] {taskinstance.py:3157} INFO - Exporting env vars: AIRFLOW_CTX_DAG_OWNER='***' AIRFLOW_CTX_DAG_ID='my_dag' AIRFLOW_CTX_TASK_ID='job1_get_data' AIRFLOW_CTX_EXECUTION_DATE='2025-06-04T08:26:43.529790+00:00' AIRFLOW_CTX_TRY_NUMBER='1' AIRFLOW_CTX_DAG_RUN_ID='manual__2025-06-04T08:26:43.529790+00:00'
[2025-06-04T08:26:46.231+0000] {logging_mixin.py:190} INFO - Task instance is in running state
[2025-06-04T08:26:46.232+0000] {logging_mixin.py:190} INFO -  Previous state of the Task instance: queued
[2025-06-04T08:26:46.234+0000] {logging_mixin.py:190} INFO - Current task name:job1_get_data state:running start_date:2025-06-04 08:26:45.702438+00:00
[2025-06-04T08:26:46.235+0000] {logging_mixin.py:190} INFO - Dag name:my_dag and current dag run status:running
[2025-06-04T08:26:46.236+0000] {taskinstance.py:740} INFO - ::endgroup::
[2025-06-04T08:26:46.239+0000] {taskinstance.py:3336} ERROR - Task failed with exception
Traceback (most recent call last):
  File "/home/airflow/.local/lib/python3.10/site-packages/airflow/models/taskinstance.py", line 776, in _execute_task
    result = _execute_callable(context=context, **execute_callable_kwargs)
  File "/home/airflow/.local/lib/python3.10/site-packages/airflow/models/taskinstance.py", line 742, in _execute_callable
    return ExecutionCallableRunner(
  File "/home/airflow/.local/lib/python3.10/site-packages/airflow/utils/operator_helpers.py", line 252, in run
    return self.func(*args, **kwargs)
  File "/home/airflow/.local/lib/python3.10/site-packages/airflow/models/baseoperator.py", line 424, in wrapper
    return func(self, *args, **kwargs)
  File "/home/airflow/.local/lib/python3.10/site-packages/airflow/operators/python.py", line 238, in execute
    return_value = self.execute_callable()
  File "/home/airflow/.local/lib/python3.10/site-packages/airflow/operators/python.py", line 256, in execute_callable
    return runner.run(*self.op_args, **self.op_kwargs)
  File "/home/airflow/.local/lib/python3.10/site-packages/airflow/utils/operator_helpers.py", line 252, in run
    return self.func(*args, **kwargs)
TypeError: get_data() missing 1 required positional argument: 'path'
[2025-06-04T08:26:46.285+0000] {logging_mixin.py:190} INFO - Task instance in failure state
[2025-06-04T08:26:46.287+0000] {logging_mixin.py:190} INFO - Task start:2025-06-04 08:26:45.702438+00:00 end:2025-06-04 08:26:46.284673+00:00 duration:0.582235
[2025-06-04T08:26:46.288+0000] {logging_mixin.py:190} INFO - Task:<Task(PythonOperator): job1_get_data> dag:<DAG: my_dag> dagrun:<DagRun my_dag @ 2025-06-04 08:26:43.529790+00:00: manual__2025-06-04T08:26:43.529790+00:00, state:running, queued_at: 2025-06-04 08:26:43.573074+00:00. externally triggered: True>
[2025-06-04T08:26:46.289+0000] {logging_mixin.py:190} INFO - Failure caused by get_data() missing 1 required positional argument: 'path'
[2025-06-04T08:26:46.291+0000] {taskinstance.py:1242} INFO - Marking task as UP_FOR_RETRY. dag_id=my_dag, task_id=job1_get_data, run_id=manual__2025-06-04T08:26:43.529790+00:00, execution_date=20250604T082643, start_date=20250604T082645, end_date=20250604T082646
[2025-06-04T08:26:46.401+0000] {taskinstance.py:349} INFO - ::group::Post task execution logs
[2025-06-04T08:26:46.403+0000] {standard_task_runner.py:124} ERROR - Failed to execute job 4 for task job1_get_data (get_data() missing 1 required positional argument: 'path'; 14219)
Traceback (most recent call last):
  File "/home/airflow/.local/lib/python3.10/site-packages/airflow/task/task_runner/standard_task_runner.py", line 117, in _start_by_fork
    ret = args.func(args, dag=self.dag)
  File "/home/airflow/.local/lib/python3.10/site-packages/airflow/cli/cli_config.py", line 49, in command
    return func(*args, **kwargs)
  File "/home/airflow/.local/lib/python3.10/site-packages/airflow/utils/cli.py", line 116, in wrapper
    return f(*args, **kwargs)
  File "/home/airflow/.local/lib/python3.10/site-packages/airflow/cli/commands/task_command.py", line 483, in task_run
    task_return_code = _run_task_by_selected_method(args, _dag, ti)
  File "/home/airflow/.local/lib/python3.10/site-packages/airflow/cli/commands/task_command.py", line 256, in _run_task_by_selected_method
    return _run_raw_task(args, ti)
  File "/home/airflow/.local/lib/python3.10/site-packages/airflow/cli/commands/task_command.py", line 341, in _run_raw_task
    return ti._run_raw_task(
  File "/home/airflow/.local/lib/python3.10/site-packages/airflow/utils/session.py", line 97, in wrapper
    return func(*args, session=session, **kwargs)
  File "/home/airflow/.local/lib/python3.10/site-packages/airflow/models/taskinstance.py", line 3029, in _run_raw_task
    return _run_raw_task(
  File "/home/airflow/.local/lib/python3.10/site-packages/airflow/models/taskinstance.py", line 282, in _run_raw_task
    TaskInstance._execute_task_with_callbacks(
  File "/home/airflow/.local/lib/python3.10/site-packages/airflow/models/taskinstance.py", line 3184, in _execute_task_with_callbacks
    result = self._execute_task(context, task_orig)
  File "/home/airflow/.local/lib/python3.10/site-packages/airflow/models/taskinstance.py", line 3208, in _execute_task
    return _execute_task(self, context, task_orig)
  File "/home/airflow/.local/lib/python3.10/site-packages/airflow/models/taskinstance.py", line 776, in _execute_task
    result = _execute_callable(context=context, **execute_callable_kwargs)
  File "/home/airflow/.local/lib/python3.10/site-packages/airflow/models/taskinstance.py", line 742, in _execute_callable
    return ExecutionCallableRunner(
  File "/home/airflow/.local/lib/python3.10/site-packages/airflow/utils/operator_helpers.py", line 252, in run
    return self.func(*args, **kwargs)
  File "/home/airflow/.local/lib/python3.10/site-packages/airflow/models/baseoperator.py", line 424, in wrapper
    return func(self, *args, **kwargs)
  File "/home/airflow/.local/lib/python3.10/site-packages/airflow/operators/python.py", line 238, in execute
    return_value = self.execute_callable()
  File "/home/airflow/.local/lib/python3.10/site-packages/airflow/operators/python.py", line 256, in execute_callable
    return runner.run(*self.op_args, **self.op_kwargs)
  File "/home/airflow/.local/lib/python3.10/site-packages/airflow/utils/operator_helpers.py", line 252, in run
    return self.func(*args, **kwargs)
TypeError: get_data() missing 1 required positional argument: 'path'
[2025-06-04T08:26:46.453+0000] {local_task_job_runner.py:266} INFO - Task exited with return code 1
[2025-06-04T08:26:46.513+0000] {taskinstance.py:3924} INFO - 0 downstream tasks scheduled from follow-on schedule check
[2025-06-04T08:26:46.517+0000] {local_task_job_runner.py:245} INFO - ::endgroup::
