[2025-06-11T09:15:36.706+0000] {local_task_job_runner.py:123} INFO - ::group::Pre task execution logs
[2025-06-11T09:15:36.736+0000] {taskinstance.py:2631} INFO - Dependencies all met for dep_context=non-requeueable deps ti=<TaskInstance: my_dag.process_data manual__2025-06-11T09:15:16.417761+00:00 [queued]>
[2025-06-11T09:15:36.757+0000] {taskinstance.py:2631} INFO - Dependencies all met for dep_context=requeueable deps ti=<TaskInstance: my_dag.process_data manual__2025-06-11T09:15:16.417761+00:00 [queued]>
[2025-06-11T09:15:36.760+0000] {taskinstance.py:2884} INFO - Starting attempt 1 of 2
[2025-06-11T09:15:36.817+0000] {taskinstance.py:2907} INFO - Executing <Task(PythonOperator): process_data> on 2025-06-11 09:15:16.417761+00:00
[2025-06-11T09:15:36.861+0000] {standard_task_runner.py:72} INFO - Started process 88 to run task
[2025-06-11T09:15:36.878+0000] {standard_task_runner.py:104} INFO - Running: ['airflow', 'tasks', 'run', 'my_dag', 'process_data', 'manual__2025-06-11T09:15:16.417761+00:00', '--job-id', '30', '--raw', '--subdir', 'DAGS_FOLDER/dag.py', '--cfg-path', '/tmp/tmptu03qbdf']
[2025-06-11T09:15:36.887+0000] {standard_task_runner.py:105} INFO - Job 30: Subtask process_data
[2025-06-11T09:15:36.972+0000] {task_command.py:467} INFO - Running <TaskInstance: my_dag.process_data manual__2025-06-11T09:15:16.417761+00:00 [running]> on host 075782e48128
[2025-06-11T09:15:37.113+0000] {taskinstance.py:3157} INFO - Exporting env vars: AIRFLOW_CTX_DAG_OWNER='airflow' AIRFLOW_CTX_DAG_ID='my_dag' AIRFLOW_CTX_TASK_ID='process_data' AIRFLOW_CTX_EXECUTION_DATE='2025-06-11T09:15:16.417761+00:00' AIRFLOW_CTX_TRY_NUMBER='1' AIRFLOW_CTX_DAG_RUN_ID='manual__2025-06-11T09:15:16.417761+00:00'
[2025-06-11T09:15:37.116+0000] {taskinstance.py:740} INFO - ::endgroup::
[2025-06-11T09:15:37.366+0000] {logging_mixin.py:190} INFO - <class 'pandas.core.series.Series'>
[2025-06-11T09:15:37.442+0000] {logging_mixin.py:190} INFO - <class 'pandas.core.frame.DataFrame'>
[2025-06-11T09:15:37.566+0000] {logging_mixin.py:190} INFO - Data successfully written to /opt/airflow/trusted/cleaned_data.csv
[2025-06-11T09:15:37.570+0000] {python.py:240} INFO - Done. Returned value was: None
[2025-06-11T09:15:37.578+0000] {taskinstance.py:349} INFO - ::group::Post task execution logs
[2025-06-11T09:15:37.580+0000] {taskinstance.py:361} INFO - Marking task as SUCCESS. dag_id=my_dag, task_id=process_data, run_id=manual__2025-06-11T09:15:16.417761+00:00, execution_date=20250611T091516, start_date=20250611T091536, end_date=20250611T091537
[2025-06-11T09:15:37.664+0000] {local_task_job_runner.py:266} INFO - Task exited with return code 0
[2025-06-11T09:15:37.687+0000] {taskinstance.py:3924} INFO - 1 downstream tasks scheduled from follow-on schedule check
[2025-06-11T09:15:37.700+0000] {local_task_job_runner.py:245} INFO - ::endgroup::
