[2025-06-05T04:58:21.374+0000] {processor.py:186} INFO - Started process (PID=99582) to work on /home/airflow/.local/lib/python3.10/site-packages/airflow/example_dags/example_bash_decorator.py
[2025-06-05T04:58:21.377+0000] {processor.py:914} INFO - Processing file /home/airflow/.local/lib/python3.10/site-packages/airflow/example_dags/example_bash_decorator.py for tasks to queue
[2025-06-05T04:58:21.381+0000] {logging_mixin.py:190} INFO - [2025-06-05T04:58:21.380+0000] {dagbag.py:588} INFO - Filling up the DagBag from /home/airflow/.local/lib/python3.10/site-packages/airflow/example_dags/example_bash_decorator.py
[2025-06-05T04:58:21.422+0000] {processor.py:925} INFO - DAG(s) 'example_bash_decorator' retrieved from /home/airflow/.local/lib/python3.10/site-packages/airflow/example_dags/example_bash_decorator.py
[2025-06-05T04:58:21.544+0000] {logging_mixin.py:190} INFO - [2025-06-05T04:58:21.543+0000] {dag.py:3239} INFO - Sync 1 DAGs
[2025-06-05T04:58:21.577+0000] {logging_mixin.py:190} INFO - [2025-06-05T04:58:21.576+0000] {dag.py:4180} INFO - Setting next_dagrun for example_bash_decorator to None, run_after=None
[2025-06-05T04:58:21.656+0000] {processor.py:208} INFO - Processing /home/airflow/.local/lib/python3.10/site-packages/airflow/example_dags/example_bash_decorator.py took 0.301 seconds
[2025-06-05T04:58:52.508+0000] {processor.py:186} INFO - Started process (PID=99872) to work on /home/airflow/.local/lib/python3.10/site-packages/airflow/example_dags/example_bash_decorator.py
[2025-06-05T04:58:52.510+0000] {processor.py:914} INFO - Processing file /home/airflow/.local/lib/python3.10/site-packages/airflow/example_dags/example_bash_decorator.py for tasks to queue
[2025-06-05T04:58:52.513+0000] {logging_mixin.py:190} INFO - [2025-06-05T04:58:52.512+0000] {dagbag.py:588} INFO - Filling up the DagBag from /home/airflow/.local/lib/python3.10/site-packages/airflow/example_dags/example_bash_decorator.py
[2025-06-05T04:58:52.533+0000] {processor.py:925} INFO - DAG(s) 'example_bash_decorator' retrieved from /home/airflow/.local/lib/python3.10/site-packages/airflow/example_dags/example_bash_decorator.py
[2025-06-05T04:58:52.620+0000] {logging_mixin.py:190} INFO - [2025-06-05T04:58:52.620+0000] {dag.py:3239} INFO - Sync 1 DAGs
[2025-06-05T04:58:52.641+0000] {logging_mixin.py:190} INFO - [2025-06-05T04:58:52.641+0000] {dag.py:4180} INFO - Setting next_dagrun for example_bash_decorator to None, run_after=None
[2025-06-05T04:58:52.686+0000] {processor.py:208} INFO - Processing /home/airflow/.local/lib/python3.10/site-packages/airflow/example_dags/example_bash_decorator.py took 0.191 seconds
[2025-06-05T04:59:23.763+0000] {processor.py:186} INFO - Started process (PID=473) to work on /home/airflow/.local/lib/python3.10/site-packages/airflow/example_dags/example_bash_decorator.py
[2025-06-05T04:59:23.765+0000] {processor.py:914} INFO - Processing file /home/airflow/.local/lib/python3.10/site-packages/airflow/example_dags/example_bash_decorator.py for tasks to queue
[2025-06-05T04:59:23.767+0000] {logging_mixin.py:190} INFO - [2025-06-05T04:59:23.767+0000] {dagbag.py:588} INFO - Filling up the DagBag from /home/airflow/.local/lib/python3.10/site-packages/airflow/example_dags/example_bash_decorator.py
[2025-06-05T04:59:23.787+0000] {processor.py:925} INFO - DAG(s) 'example_bash_decorator' retrieved from /home/airflow/.local/lib/python3.10/site-packages/airflow/example_dags/example_bash_decorator.py
[2025-06-05T04:59:23.870+0000] {logging_mixin.py:190} INFO - [2025-06-05T04:59:23.870+0000] {dag.py:3239} INFO - Sync 1 DAGs
[2025-06-05T04:59:23.890+0000] {logging_mixin.py:190} INFO - [2025-06-05T04:59:23.890+0000] {dag.py:4180} INFO - Setting next_dagrun for example_bash_decorator to None, run_after=None
[2025-06-05T04:59:23.938+0000] {processor.py:208} INFO - Processing /home/airflow/.local/lib/python3.10/site-packages/airflow/example_dags/example_bash_decorator.py took 0.185 seconds
[2025-06-05T04:59:55.184+0000] {processor.py:186} INFO - Started process (PID=773) to work on /home/airflow/.local/lib/python3.10/site-packages/airflow/example_dags/example_bash_decorator.py
[2025-06-05T04:59:55.186+0000] {processor.py:914} INFO - Processing file /home/airflow/.local/lib/python3.10/site-packages/airflow/example_dags/example_bash_decorator.py for tasks to queue
[2025-06-05T04:59:55.189+0000] {logging_mixin.py:190} INFO - [2025-06-05T04:59:55.188+0000] {dagbag.py:588} INFO - Filling up the DagBag from /home/airflow/.local/lib/python3.10/site-packages/airflow/example_dags/example_bash_decorator.py
[2025-06-05T04:59:55.208+0000] {processor.py:925} INFO - DAG(s) 'example_bash_decorator' retrieved from /home/airflow/.local/lib/python3.10/site-packages/airflow/example_dags/example_bash_decorator.py
[2025-06-05T04:59:55.298+0000] {logging_mixin.py:190} INFO - [2025-06-05T04:59:55.298+0000] {dag.py:3239} INFO - Sync 1 DAGs
[2025-06-05T04:59:55.319+0000] {logging_mixin.py:190} INFO - [2025-06-05T04:59:55.319+0000] {dag.py:4180} INFO - Setting next_dagrun for example_bash_decorator to None, run_after=None
[2025-06-05T04:59:55.369+0000] {processor.py:208} INFO - Processing /home/airflow/.local/lib/python3.10/site-packages/airflow/example_dags/example_bash_decorator.py took 0.198 seconds
[2025-06-05T05:00:26.147+0000] {processor.py:186} INFO - Started process (PID=1063) to work on /home/airflow/.local/lib/python3.10/site-packages/airflow/example_dags/example_bash_decorator.py
[2025-06-05T05:00:26.150+0000] {processor.py:914} INFO - Processing file /home/airflow/.local/lib/python3.10/site-packages/airflow/example_dags/example_bash_decorator.py for tasks to queue
[2025-06-05T05:00:26.153+0000] {logging_mixin.py:190} INFO - [2025-06-05T05:00:26.152+0000] {dagbag.py:588} INFO - Filling up the DagBag from /home/airflow/.local/lib/python3.10/site-packages/airflow/example_dags/example_bash_decorator.py
[2025-06-05T05:00:26.182+0000] {processor.py:925} INFO - DAG(s) 'example_bash_decorator' retrieved from /home/airflow/.local/lib/python3.10/site-packages/airflow/example_dags/example_bash_decorator.py
[2025-06-05T05:00:26.282+0000] {logging_mixin.py:190} INFO - [2025-06-05T05:00:26.281+0000] {dag.py:3239} INFO - Sync 1 DAGs
[2025-06-05T05:00:26.301+0000] {logging_mixin.py:190} INFO - [2025-06-05T05:00:26.300+0000] {dag.py:4180} INFO - Setting next_dagrun for example_bash_decorator to None, run_after=None
[2025-06-05T05:00:26.353+0000] {processor.py:208} INFO - Processing /home/airflow/.local/lib/python3.10/site-packages/airflow/example_dags/example_bash_decorator.py took 0.221 seconds
[2025-06-05T05:00:57.798+0000] {processor.py:186} INFO - Started process (PID=1355) to work on /home/airflow/.local/lib/python3.10/site-packages/airflow/example_dags/example_bash_decorator.py
[2025-06-05T05:00:57.800+0000] {processor.py:914} INFO - Processing file /home/airflow/.local/lib/python3.10/site-packages/airflow/example_dags/example_bash_decorator.py for tasks to queue
[2025-06-05T05:00:57.803+0000] {logging_mixin.py:190} INFO - [2025-06-05T05:00:57.803+0000] {dagbag.py:588} INFO - Filling up the DagBag from /home/airflow/.local/lib/python3.10/site-packages/airflow/example_dags/example_bash_decorator.py
[2025-06-05T05:00:57.823+0000] {processor.py:925} INFO - DAG(s) 'example_bash_decorator' retrieved from /home/airflow/.local/lib/python3.10/site-packages/airflow/example_dags/example_bash_decorator.py
[2025-06-05T05:00:57.918+0000] {logging_mixin.py:190} INFO - [2025-06-05T05:00:57.917+0000] {dag.py:3239} INFO - Sync 1 DAGs
[2025-06-05T05:00:57.938+0000] {logging_mixin.py:190} INFO - [2025-06-05T05:00:57.938+0000] {dag.py:4180} INFO - Setting next_dagrun for example_bash_decorator to None, run_after=None
[2025-06-05T05:00:58.039+0000] {processor.py:208} INFO - Processing /home/airflow/.local/lib/python3.10/site-packages/airflow/example_dags/example_bash_decorator.py took 0.256 seconds
[2025-06-05T05:01:29.798+0000] {processor.py:186} INFO - Started process (PID=1655) to work on /home/airflow/.local/lib/python3.10/site-packages/airflow/example_dags/example_bash_decorator.py
[2025-06-05T05:01:29.801+0000] {processor.py:914} INFO - Processing file /home/airflow/.local/lib/python3.10/site-packages/airflow/example_dags/example_bash_decorator.py for tasks to queue
[2025-06-05T05:01:29.804+0000] {logging_mixin.py:190} INFO - [2025-06-05T05:01:29.804+0000] {dagbag.py:588} INFO - Filling up the DagBag from /home/airflow/.local/lib/python3.10/site-packages/airflow/example_dags/example_bash_decorator.py
[2025-06-05T05:01:29.830+0000] {processor.py:925} INFO - DAG(s) 'example_bash_decorator' retrieved from /home/airflow/.local/lib/python3.10/site-packages/airflow/example_dags/example_bash_decorator.py
[2025-06-05T05:01:29.953+0000] {logging_mixin.py:190} INFO - [2025-06-05T05:01:29.953+0000] {dag.py:3239} INFO - Sync 1 DAGs
[2025-06-05T05:01:29.976+0000] {logging_mixin.py:190} INFO - [2025-06-05T05:01:29.976+0000] {dag.py:4180} INFO - Setting next_dagrun for example_bash_decorator to None, run_after=None
[2025-06-05T05:01:30.028+0000] {processor.py:208} INFO - Processing /home/airflow/.local/lib/python3.10/site-packages/airflow/example_dags/example_bash_decorator.py took 0.243 seconds
[2025-06-05T05:02:10.563+0000] {processor.py:186} INFO - Started process (PID=2110) to work on /home/airflow/.local/lib/python3.10/site-packages/airflow/example_dags/example_bash_decorator.py
[2025-06-05T05:02:10.566+0000] {processor.py:914} INFO - Processing file /home/airflow/.local/lib/python3.10/site-packages/airflow/example_dags/example_bash_decorator.py for tasks to queue
[2025-06-05T05:02:10.569+0000] {logging_mixin.py:190} INFO - [2025-06-05T05:02:10.568+0000] {dagbag.py:588} INFO - Filling up the DagBag from /home/airflow/.local/lib/python3.10/site-packages/airflow/example_dags/example_bash_decorator.py
[2025-06-05T05:02:10.599+0000] {processor.py:925} INFO - DAG(s) 'example_bash_decorator' retrieved from /home/airflow/.local/lib/python3.10/site-packages/airflow/example_dags/example_bash_decorator.py
[2025-06-05T05:02:10.713+0000] {logging_mixin.py:190} INFO - [2025-06-05T05:02:10.713+0000] {dag.py:3239} INFO - Sync 1 DAGs
[2025-06-05T05:02:10.741+0000] {logging_mixin.py:190} INFO - [2025-06-05T05:02:10.740+0000] {dag.py:4180} INFO - Setting next_dagrun for example_bash_decorator to None, run_after=None
[2025-06-05T05:02:10.804+0000] {processor.py:208} INFO - Processing /home/airflow/.local/lib/python3.10/site-packages/airflow/example_dags/example_bash_decorator.py took 0.259 seconds
[2025-06-05T05:02:42.857+0000] {processor.py:186} INFO - Started process (PID=2398) to work on /home/airflow/.local/lib/python3.10/site-packages/airflow/example_dags/example_bash_decorator.py
[2025-06-05T05:02:42.859+0000] {processor.py:914} INFO - Processing file /home/airflow/.local/lib/python3.10/site-packages/airflow/example_dags/example_bash_decorator.py for tasks to queue
[2025-06-05T05:02:42.861+0000] {logging_mixin.py:190} INFO - [2025-06-05T05:02:42.861+0000] {dagbag.py:588} INFO - Filling up the DagBag from /home/airflow/.local/lib/python3.10/site-packages/airflow/example_dags/example_bash_decorator.py
[2025-06-05T05:02:42.883+0000] {processor.py:925} INFO - DAG(s) 'example_bash_decorator' retrieved from /home/airflow/.local/lib/python3.10/site-packages/airflow/example_dags/example_bash_decorator.py
[2025-06-05T05:02:42.978+0000] {logging_mixin.py:190} INFO - [2025-06-05T05:02:42.977+0000] {dag.py:3239} INFO - Sync 1 DAGs
[2025-06-05T05:02:42.998+0000] {logging_mixin.py:190} INFO - [2025-06-05T05:02:42.997+0000] {dag.py:4180} INFO - Setting next_dagrun for example_bash_decorator to None, run_after=None
[2025-06-05T05:02:43.047+0000] {processor.py:208} INFO - Processing /home/airflow/.local/lib/python3.10/site-packages/airflow/example_dags/example_bash_decorator.py took 0.202 seconds
[2025-06-05T05:03:14.649+0000] {processor.py:186} INFO - Started process (PID=2688) to work on /home/airflow/.local/lib/python3.10/site-packages/airflow/example_dags/example_bash_decorator.py
[2025-06-05T05:03:14.652+0000] {processor.py:914} INFO - Processing file /home/airflow/.local/lib/python3.10/site-packages/airflow/example_dags/example_bash_decorator.py for tasks to queue
[2025-06-05T05:03:14.655+0000] {logging_mixin.py:190} INFO - [2025-06-05T05:03:14.654+0000] {dagbag.py:588} INFO - Filling up the DagBag from /home/airflow/.local/lib/python3.10/site-packages/airflow/example_dags/example_bash_decorator.py
[2025-06-05T05:03:14.677+0000] {processor.py:925} INFO - DAG(s) 'example_bash_decorator' retrieved from /home/airflow/.local/lib/python3.10/site-packages/airflow/example_dags/example_bash_decorator.py
[2025-06-05T05:03:14.757+0000] {logging_mixin.py:190} INFO - [2025-06-05T05:03:14.757+0000] {dag.py:3239} INFO - Sync 1 DAGs
[2025-06-05T05:03:14.774+0000] {logging_mixin.py:190} INFO - [2025-06-05T05:03:14.774+0000] {dag.py:4180} INFO - Setting next_dagrun for example_bash_decorator to None, run_after=None
[2025-06-05T05:03:14.816+0000] {processor.py:208} INFO - Processing /home/airflow/.local/lib/python3.10/site-packages/airflow/example_dags/example_bash_decorator.py took 0.181 seconds
[2025-06-05T05:03:45.007+0000] {processor.py:186} INFO - Started process (PID=2978) to work on /home/airflow/.local/lib/python3.10/site-packages/airflow/example_dags/example_bash_decorator.py
[2025-06-05T05:03:45.009+0000] {processor.py:914} INFO - Processing file /home/airflow/.local/lib/python3.10/site-packages/airflow/example_dags/example_bash_decorator.py for tasks to queue
[2025-06-05T05:03:45.011+0000] {logging_mixin.py:190} INFO - [2025-06-05T05:03:45.011+0000] {dagbag.py:588} INFO - Filling up the DagBag from /home/airflow/.local/lib/python3.10/site-packages/airflow/example_dags/example_bash_decorator.py
[2025-06-05T05:03:45.033+0000] {processor.py:925} INFO - DAG(s) 'example_bash_decorator' retrieved from /home/airflow/.local/lib/python3.10/site-packages/airflow/example_dags/example_bash_decorator.py
[2025-06-05T05:03:45.130+0000] {logging_mixin.py:190} INFO - [2025-06-05T05:03:45.130+0000] {dag.py:3239} INFO - Sync 1 DAGs
[2025-06-05T05:03:45.148+0000] {logging_mixin.py:190} INFO - [2025-06-05T05:03:45.147+0000] {dag.py:4180} INFO - Setting next_dagrun for example_bash_decorator to None, run_after=None
[2025-06-05T05:03:45.188+0000] {processor.py:208} INFO - Processing /home/airflow/.local/lib/python3.10/site-packages/airflow/example_dags/example_bash_decorator.py took 0.195 seconds
[2025-06-05T05:04:15.907+0000] {processor.py:186} INFO - Started process (PID=3265) to work on /home/airflow/.local/lib/python3.10/site-packages/airflow/example_dags/example_bash_decorator.py
[2025-06-05T05:04:15.909+0000] {processor.py:914} INFO - Processing file /home/airflow/.local/lib/python3.10/site-packages/airflow/example_dags/example_bash_decorator.py for tasks to queue
[2025-06-05T05:04:15.911+0000] {logging_mixin.py:190} INFO - [2025-06-05T05:04:15.911+0000] {dagbag.py:588} INFO - Filling up the DagBag from /home/airflow/.local/lib/python3.10/site-packages/airflow/example_dags/example_bash_decorator.py
[2025-06-05T05:04:15.936+0000] {processor.py:925} INFO - DAG(s) 'example_bash_decorator' retrieved from /home/airflow/.local/lib/python3.10/site-packages/airflow/example_dags/example_bash_decorator.py
[2025-06-05T05:04:16.018+0000] {logging_mixin.py:190} INFO - [2025-06-05T05:04:16.018+0000] {dag.py:3239} INFO - Sync 1 DAGs
[2025-06-05T05:04:16.036+0000] {logging_mixin.py:190} INFO - [2025-06-05T05:04:16.036+0000] {dag.py:4180} INFO - Setting next_dagrun for example_bash_decorator to None, run_after=None
[2025-06-05T05:04:16.086+0000] {processor.py:208} INFO - Processing /home/airflow/.local/lib/python3.10/site-packages/airflow/example_dags/example_bash_decorator.py took 0.194 seconds
[2025-06-05T05:04:46.772+0000] {processor.py:186} INFO - Started process (PID=3553) to work on /home/airflow/.local/lib/python3.10/site-packages/airflow/example_dags/example_bash_decorator.py
[2025-06-05T05:04:46.774+0000] {processor.py:914} INFO - Processing file /home/airflow/.local/lib/python3.10/site-packages/airflow/example_dags/example_bash_decorator.py for tasks to queue
[2025-06-05T05:04:46.776+0000] {logging_mixin.py:190} INFO - [2025-06-05T05:04:46.776+0000] {dagbag.py:588} INFO - Filling up the DagBag from /home/airflow/.local/lib/python3.10/site-packages/airflow/example_dags/example_bash_decorator.py
[2025-06-05T05:04:46.798+0000] {processor.py:925} INFO - DAG(s) 'example_bash_decorator' retrieved from /home/airflow/.local/lib/python3.10/site-packages/airflow/example_dags/example_bash_decorator.py
[2025-06-05T05:04:46.895+0000] {logging_mixin.py:190} INFO - [2025-06-05T05:04:46.894+0000] {dag.py:3239} INFO - Sync 1 DAGs
[2025-06-05T05:04:46.916+0000] {logging_mixin.py:190} INFO - [2025-06-05T05:04:46.916+0000] {dag.py:4180} INFO - Setting next_dagrun for example_bash_decorator to None, run_after=None
[2025-06-05T05:04:46.971+0000] {processor.py:208} INFO - Processing /home/airflow/.local/lib/python3.10/site-packages/airflow/example_dags/example_bash_decorator.py took 0.212 seconds
