[2025-06-05T04:58:12.673+0000] {processor.py:186} INFO - Started process (PID=99457) to work on /home/airflow/.local/lib/python3.10/site-packages/airflow/example_dags/example_dynamic_task_mapping.py
[2025-06-05T04:58:12.678+0000] {processor.py:914} INFO - Processing file /home/airflow/.local/lib/python3.10/site-packages/airflow/example_dags/example_dynamic_task_mapping.py for tasks to queue
[2025-06-05T04:58:12.691+0000] {logging_mixin.py:190} INFO - [2025-06-05T04:58:12.690+0000] {dagbag.py:588} INFO - Filling up the DagBag from /home/airflow/.local/lib/python3.10/site-packages/airflow/example_dags/example_dynamic_task_mapping.py
[2025-06-05T04:58:12.733+0000] {processor.py:925} INFO - DAG(s) 'example_dynamic_task_mapping' retrieved from /home/airflow/.local/lib/python3.10/site-packages/airflow/example_dags/example_dynamic_task_mapping.py
[2025-06-05T04:58:13.043+0000] {logging_mixin.py:190} INFO - [2025-06-05T04:58:13.042+0000] {dag.py:3239} INFO - Sync 1 DAGs
[2025-06-05T04:58:13.119+0000] {logging_mixin.py:190} INFO - [2025-06-05T04:58:13.118+0000] {dag.py:4180} INFO - Setting next_dagrun for example_dynamic_task_mapping to None, run_after=None
[2025-06-05T04:58:13.238+0000] {processor.py:208} INFO - Processing /home/airflow/.local/lib/python3.10/site-packages/airflow/example_dags/example_dynamic_task_mapping.py took 0.604 seconds
[2025-06-05T04:58:43.538+0000] {processor.py:186} INFO - Started process (PID=99749) to work on /home/airflow/.local/lib/python3.10/site-packages/airflow/example_dags/example_dynamic_task_mapping.py
[2025-06-05T04:58:43.541+0000] {processor.py:914} INFO - Processing file /home/airflow/.local/lib/python3.10/site-packages/airflow/example_dags/example_dynamic_task_mapping.py for tasks to queue
[2025-06-05T04:58:43.544+0000] {logging_mixin.py:190} INFO - [2025-06-05T04:58:43.543+0000] {dagbag.py:588} INFO - Filling up the DagBag from /home/airflow/.local/lib/python3.10/site-packages/airflow/example_dags/example_dynamic_task_mapping.py
[2025-06-05T04:58:43.562+0000] {processor.py:925} INFO - DAG(s) 'example_dynamic_task_mapping' retrieved from /home/airflow/.local/lib/python3.10/site-packages/airflow/example_dags/example_dynamic_task_mapping.py
[2025-06-05T04:58:43.646+0000] {logging_mixin.py:190} INFO - [2025-06-05T04:58:43.645+0000] {dag.py:3239} INFO - Sync 1 DAGs
[2025-06-05T04:58:43.663+0000] {logging_mixin.py:190} INFO - [2025-06-05T04:58:43.663+0000] {dag.py:4180} INFO - Setting next_dagrun for example_dynamic_task_mapping to None, run_after=None
[2025-06-05T04:58:43.708+0000] {processor.py:208} INFO - Processing /home/airflow/.local/lib/python3.10/site-packages/airflow/example_dags/example_dynamic_task_mapping.py took 0.193 seconds
[2025-06-05T04:59:13.855+0000] {processor.py:186} INFO - Started process (PID=338) to work on /home/airflow/.local/lib/python3.10/site-packages/airflow/example_dags/example_dynamic_task_mapping.py
[2025-06-05T04:59:13.858+0000] {processor.py:914} INFO - Processing file /home/airflow/.local/lib/python3.10/site-packages/airflow/example_dags/example_dynamic_task_mapping.py for tasks to queue
[2025-06-05T04:59:13.861+0000] {logging_mixin.py:190} INFO - [2025-06-05T04:59:13.860+0000] {dagbag.py:588} INFO - Filling up the DagBag from /home/airflow/.local/lib/python3.10/site-packages/airflow/example_dags/example_dynamic_task_mapping.py
[2025-06-05T04:59:13.875+0000] {processor.py:925} INFO - DAG(s) 'example_dynamic_task_mapping' retrieved from /home/airflow/.local/lib/python3.10/site-packages/airflow/example_dags/example_dynamic_task_mapping.py
[2025-06-05T04:59:13.983+0000] {logging_mixin.py:190} INFO - [2025-06-05T04:59:13.983+0000] {dag.py:3239} INFO - Sync 1 DAGs
[2025-06-05T04:59:14.014+0000] {logging_mixin.py:190} INFO - [2025-06-05T04:59:14.013+0000] {dag.py:4180} INFO - Setting next_dagrun for example_dynamic_task_mapping to None, run_after=None
[2025-06-05T04:59:14.073+0000] {processor.py:208} INFO - Processing /home/airflow/.local/lib/python3.10/site-packages/airflow/example_dags/example_dynamic_task_mapping.py took 0.232 seconds
[2025-06-05T04:59:44.864+0000] {processor.py:186} INFO - Started process (PID=628) to work on /home/airflow/.local/lib/python3.10/site-packages/airflow/example_dags/example_dynamic_task_mapping.py
[2025-06-05T04:59:44.868+0000] {processor.py:914} INFO - Processing file /home/airflow/.local/lib/python3.10/site-packages/airflow/example_dags/example_dynamic_task_mapping.py for tasks to queue
[2025-06-05T04:59:44.870+0000] {logging_mixin.py:190} INFO - [2025-06-05T04:59:44.870+0000] {dagbag.py:588} INFO - Filling up the DagBag from /home/airflow/.local/lib/python3.10/site-packages/airflow/example_dags/example_dynamic_task_mapping.py
[2025-06-05T04:59:44.883+0000] {processor.py:925} INFO - DAG(s) 'example_dynamic_task_mapping' retrieved from /home/airflow/.local/lib/python3.10/site-packages/airflow/example_dags/example_dynamic_task_mapping.py
[2025-06-05T04:59:44.969+0000] {logging_mixin.py:190} INFO - [2025-06-05T04:59:44.969+0000] {dag.py:3239} INFO - Sync 1 DAGs
[2025-06-05T04:59:44.994+0000] {logging_mixin.py:190} INFO - [2025-06-05T04:59:44.993+0000] {dag.py:4180} INFO - Setting next_dagrun for example_dynamic_task_mapping to None, run_after=None
[2025-06-05T04:59:45.043+0000] {processor.py:208} INFO - Processing /home/airflow/.local/lib/python3.10/site-packages/airflow/example_dags/example_dynamic_task_mapping.py took 0.192 seconds
[2025-06-05T05:00:15.430+0000] {processor.py:186} INFO - Started process (PID=918) to work on /home/airflow/.local/lib/python3.10/site-packages/airflow/example_dags/example_dynamic_task_mapping.py
[2025-06-05T05:00:15.432+0000] {processor.py:914} INFO - Processing file /home/airflow/.local/lib/python3.10/site-packages/airflow/example_dags/example_dynamic_task_mapping.py for tasks to queue
[2025-06-05T05:00:15.435+0000] {logging_mixin.py:190} INFO - [2025-06-05T05:00:15.434+0000] {dagbag.py:588} INFO - Filling up the DagBag from /home/airflow/.local/lib/python3.10/site-packages/airflow/example_dags/example_dynamic_task_mapping.py
[2025-06-05T05:00:15.447+0000] {processor.py:925} INFO - DAG(s) 'example_dynamic_task_mapping' retrieved from /home/airflow/.local/lib/python3.10/site-packages/airflow/example_dags/example_dynamic_task_mapping.py
[2025-06-05T05:00:15.539+0000] {logging_mixin.py:190} INFO - [2025-06-05T05:00:15.539+0000] {dag.py:3239} INFO - Sync 1 DAGs
[2025-06-05T05:00:15.562+0000] {logging_mixin.py:190} INFO - [2025-06-05T05:00:15.561+0000] {dag.py:4180} INFO - Setting next_dagrun for example_dynamic_task_mapping to None, run_after=None
[2025-06-05T05:00:15.620+0000] {processor.py:208} INFO - Processing /home/airflow/.local/lib/python3.10/site-packages/airflow/example_dags/example_dynamic_task_mapping.py took 0.202 seconds
[2025-06-05T05:00:46.469+0000] {processor.py:186} INFO - Started process (PID=1208) to work on /home/airflow/.local/lib/python3.10/site-packages/airflow/example_dags/example_dynamic_task_mapping.py
[2025-06-05T05:00:46.472+0000] {processor.py:914} INFO - Processing file /home/airflow/.local/lib/python3.10/site-packages/airflow/example_dags/example_dynamic_task_mapping.py for tasks to queue
[2025-06-05T05:00:46.476+0000] {logging_mixin.py:190} INFO - [2025-06-05T05:00:46.475+0000] {dagbag.py:588} INFO - Filling up the DagBag from /home/airflow/.local/lib/python3.10/site-packages/airflow/example_dags/example_dynamic_task_mapping.py
[2025-06-05T05:00:46.494+0000] {processor.py:925} INFO - DAG(s) 'example_dynamic_task_mapping' retrieved from /home/airflow/.local/lib/python3.10/site-packages/airflow/example_dags/example_dynamic_task_mapping.py
[2025-06-05T05:00:46.598+0000] {logging_mixin.py:190} INFO - [2025-06-05T05:00:46.597+0000] {dag.py:3239} INFO - Sync 1 DAGs
[2025-06-05T05:00:46.619+0000] {logging_mixin.py:190} INFO - [2025-06-05T05:00:46.619+0000] {dag.py:4180} INFO - Setting next_dagrun for example_dynamic_task_mapping to None, run_after=None
[2025-06-05T05:00:46.674+0000] {processor.py:208} INFO - Processing /home/airflow/.local/lib/python3.10/site-packages/airflow/example_dags/example_dynamic_task_mapping.py took 0.222 seconds
[2025-06-05T05:01:19.710+0000] {processor.py:186} INFO - Started process (PID=1498) to work on /home/airflow/.local/lib/python3.10/site-packages/airflow/example_dags/example_dynamic_task_mapping.py
[2025-06-05T05:01:19.712+0000] {processor.py:914} INFO - Processing file /home/airflow/.local/lib/python3.10/site-packages/airflow/example_dags/example_dynamic_task_mapping.py for tasks to queue
[2025-06-05T05:01:19.716+0000] {logging_mixin.py:190} INFO - [2025-06-05T05:01:19.715+0000] {dagbag.py:588} INFO - Filling up the DagBag from /home/airflow/.local/lib/python3.10/site-packages/airflow/example_dags/example_dynamic_task_mapping.py
[2025-06-05T05:01:19.729+0000] {processor.py:925} INFO - DAG(s) 'example_dynamic_task_mapping' retrieved from /home/airflow/.local/lib/python3.10/site-packages/airflow/example_dags/example_dynamic_task_mapping.py
[2025-06-05T05:01:19.811+0000] {logging_mixin.py:190} INFO - [2025-06-05T05:01:19.810+0000] {dag.py:3239} INFO - Sync 1 DAGs
[2025-06-05T05:01:19.832+0000] {logging_mixin.py:190} INFO - [2025-06-05T05:01:19.832+0000] {dag.py:4180} INFO - Setting next_dagrun for example_dynamic_task_mapping to None, run_after=None
[2025-06-05T05:01:19.879+0000] {processor.py:208} INFO - Processing /home/airflow/.local/lib/python3.10/site-packages/airflow/example_dags/example_dynamic_task_mapping.py took 0.184 seconds
[2025-06-05T05:01:52.202+0000] {processor.py:186} INFO - Started process (PID=1788) to work on /home/airflow/.local/lib/python3.10/site-packages/airflow/example_dags/example_dynamic_task_mapping.py
[2025-06-05T05:01:52.205+0000] {processor.py:914} INFO - Processing file /home/airflow/.local/lib/python3.10/site-packages/airflow/example_dags/example_dynamic_task_mapping.py for tasks to queue
[2025-06-05T05:01:52.210+0000] {logging_mixin.py:190} INFO - [2025-06-05T05:01:52.209+0000] {dagbag.py:588} INFO - Filling up the DagBag from /home/airflow/.local/lib/python3.10/site-packages/airflow/example_dags/example_dynamic_task_mapping.py
[2025-06-05T05:01:52.237+0000] {processor.py:925} INFO - DAG(s) 'example_dynamic_task_mapping' retrieved from /home/airflow/.local/lib/python3.10/site-packages/airflow/example_dags/example_dynamic_task_mapping.py
[2025-06-05T05:01:52.401+0000] {logging_mixin.py:190} INFO - [2025-06-05T05:01:52.401+0000] {dag.py:3239} INFO - Sync 1 DAGs
[2025-06-05T05:01:52.426+0000] {logging_mixin.py:190} INFO - [2025-06-05T05:01:52.426+0000] {dag.py:4180} INFO - Setting next_dagrun for example_dynamic_task_mapping to None, run_after=None
[2025-06-05T05:01:52.538+0000] {processor.py:208} INFO - Processing /home/airflow/.local/lib/python3.10/site-packages/airflow/example_dags/example_dynamic_task_mapping.py took 0.355 seconds
[2025-06-05T05:02:08.182+0000] {processor.py:186} INFO - Started process (PID=2058) to work on /home/airflow/.local/lib/python3.10/site-packages/airflow/example_dags/example_dynamic_task_mapping.py
[2025-06-05T05:02:08.185+0000] {processor.py:914} INFO - Processing file /home/airflow/.local/lib/python3.10/site-packages/airflow/example_dags/example_dynamic_task_mapping.py for tasks to queue
[2025-06-05T05:02:08.187+0000] {logging_mixin.py:190} INFO - [2025-06-05T05:02:08.187+0000] {dagbag.py:588} INFO - Filling up the DagBag from /home/airflow/.local/lib/python3.10/site-packages/airflow/example_dags/example_dynamic_task_mapping.py
[2025-06-05T05:02:08.199+0000] {processor.py:925} INFO - DAG(s) 'example_dynamic_task_mapping' retrieved from /home/airflow/.local/lib/python3.10/site-packages/airflow/example_dags/example_dynamic_task_mapping.py
[2025-06-05T05:02:08.273+0000] {logging_mixin.py:190} INFO - [2025-06-05T05:02:08.273+0000] {dag.py:3239} INFO - Sync 1 DAGs
[2025-06-05T05:02:08.289+0000] {logging_mixin.py:190} INFO - [2025-06-05T05:02:08.289+0000] {dag.py:4180} INFO - Setting next_dagrun for example_dynamic_task_mapping to None, run_after=None
[2025-06-05T05:02:08.336+0000] {processor.py:208} INFO - Processing /home/airflow/.local/lib/python3.10/site-packages/airflow/example_dags/example_dynamic_task_mapping.py took 0.167 seconds
[2025-06-05T05:02:40.298+0000] {processor.py:186} INFO - Started process (PID=2348) to work on /home/airflow/.local/lib/python3.10/site-packages/airflow/example_dags/example_dynamic_task_mapping.py
[2025-06-05T05:02:40.301+0000] {processor.py:914} INFO - Processing file /home/airflow/.local/lib/python3.10/site-packages/airflow/example_dags/example_dynamic_task_mapping.py for tasks to queue
[2025-06-05T05:02:40.303+0000] {logging_mixin.py:190} INFO - [2025-06-05T05:02:40.303+0000] {dagbag.py:588} INFO - Filling up the DagBag from /home/airflow/.local/lib/python3.10/site-packages/airflow/example_dags/example_dynamic_task_mapping.py
[2025-06-05T05:02:40.318+0000] {processor.py:925} INFO - DAG(s) 'example_dynamic_task_mapping' retrieved from /home/airflow/.local/lib/python3.10/site-packages/airflow/example_dags/example_dynamic_task_mapping.py
[2025-06-05T05:02:40.425+0000] {logging_mixin.py:190} INFO - [2025-06-05T05:02:40.424+0000] {dag.py:3239} INFO - Sync 1 DAGs
[2025-06-05T05:02:40.468+0000] {logging_mixin.py:190} INFO - [2025-06-05T05:02:40.467+0000] {dag.py:4180} INFO - Setting next_dagrun for example_dynamic_task_mapping to None, run_after=None
[2025-06-05T05:02:40.581+0000] {processor.py:208} INFO - Processing /home/airflow/.local/lib/python3.10/site-packages/airflow/example_dags/example_dynamic_task_mapping.py took 0.300 seconds
[2025-06-05T05:03:11.908+0000] {processor.py:186} INFO - Started process (PID=2640) to work on /home/airflow/.local/lib/python3.10/site-packages/airflow/example_dags/example_dynamic_task_mapping.py
[2025-06-05T05:03:11.911+0000] {processor.py:914} INFO - Processing file /home/airflow/.local/lib/python3.10/site-packages/airflow/example_dags/example_dynamic_task_mapping.py for tasks to queue
[2025-06-05T05:03:11.913+0000] {logging_mixin.py:190} INFO - [2025-06-05T05:03:11.913+0000] {dagbag.py:588} INFO - Filling up the DagBag from /home/airflow/.local/lib/python3.10/site-packages/airflow/example_dags/example_dynamic_task_mapping.py
[2025-06-05T05:03:11.923+0000] {processor.py:925} INFO - DAG(s) 'example_dynamic_task_mapping' retrieved from /home/airflow/.local/lib/python3.10/site-packages/airflow/example_dags/example_dynamic_task_mapping.py
[2025-06-05T05:03:12.000+0000] {logging_mixin.py:190} INFO - [2025-06-05T05:03:11.999+0000] {dag.py:3239} INFO - Sync 1 DAGs
[2025-06-05T05:03:12.017+0000] {logging_mixin.py:190} INFO - [2025-06-05T05:03:12.017+0000] {dag.py:4180} INFO - Setting next_dagrun for example_dynamic_task_mapping to None, run_after=None
[2025-06-05T05:03:12.062+0000] {processor.py:208} INFO - Processing /home/airflow/.local/lib/python3.10/site-packages/airflow/example_dags/example_dynamic_task_mapping.py took 0.165 seconds
[2025-06-05T05:03:42.935+0000] {processor.py:186} INFO - Started process (PID=2930) to work on /home/airflow/.local/lib/python3.10/site-packages/airflow/example_dags/example_dynamic_task_mapping.py
[2025-06-05T05:03:42.937+0000] {processor.py:914} INFO - Processing file /home/airflow/.local/lib/python3.10/site-packages/airflow/example_dags/example_dynamic_task_mapping.py for tasks to queue
[2025-06-05T05:03:42.939+0000] {logging_mixin.py:190} INFO - [2025-06-05T05:03:42.939+0000] {dagbag.py:588} INFO - Filling up the DagBag from /home/airflow/.local/lib/python3.10/site-packages/airflow/example_dags/example_dynamic_task_mapping.py
[2025-06-05T05:03:42.952+0000] {processor.py:925} INFO - DAG(s) 'example_dynamic_task_mapping' retrieved from /home/airflow/.local/lib/python3.10/site-packages/airflow/example_dags/example_dynamic_task_mapping.py
[2025-06-05T05:03:43.033+0000] {logging_mixin.py:190} INFO - [2025-06-05T05:03:43.033+0000] {dag.py:3239} INFO - Sync 1 DAGs
[2025-06-05T05:03:43.050+0000] {logging_mixin.py:190} INFO - [2025-06-05T05:03:43.049+0000] {dag.py:4180} INFO - Setting next_dagrun for example_dynamic_task_mapping to None, run_after=None
[2025-06-05T05:03:43.099+0000] {processor.py:208} INFO - Processing /home/airflow/.local/lib/python3.10/site-packages/airflow/example_dags/example_dynamic_task_mapping.py took 0.179 seconds
[2025-06-05T05:04:13.469+0000] {processor.py:186} INFO - Started process (PID=3218) to work on /home/airflow/.local/lib/python3.10/site-packages/airflow/example_dags/example_dynamic_task_mapping.py
[2025-06-05T05:04:13.471+0000] {processor.py:914} INFO - Processing file /home/airflow/.local/lib/python3.10/site-packages/airflow/example_dags/example_dynamic_task_mapping.py for tasks to queue
[2025-06-05T05:04:13.474+0000] {logging_mixin.py:190} INFO - [2025-06-05T05:04:13.473+0000] {dagbag.py:588} INFO - Filling up the DagBag from /home/airflow/.local/lib/python3.10/site-packages/airflow/example_dags/example_dynamic_task_mapping.py
[2025-06-05T05:04:13.486+0000] {processor.py:925} INFO - DAG(s) 'example_dynamic_task_mapping' retrieved from /home/airflow/.local/lib/python3.10/site-packages/airflow/example_dags/example_dynamic_task_mapping.py
[2025-06-05T05:04:13.561+0000] {logging_mixin.py:190} INFO - [2025-06-05T05:04:13.561+0000] {dag.py:3239} INFO - Sync 1 DAGs
[2025-06-05T05:04:13.580+0000] {logging_mixin.py:190} INFO - [2025-06-05T05:04:13.579+0000] {dag.py:4180} INFO - Setting next_dagrun for example_dynamic_task_mapping to None, run_after=None
[2025-06-05T05:04:13.624+0000] {processor.py:208} INFO - Processing /home/airflow/.local/lib/python3.10/site-packages/airflow/example_dags/example_dynamic_task_mapping.py took 0.172 seconds
[2025-06-05T05:04:45.324+0000] {processor.py:186} INFO - Started process (PID=3508) to work on /home/airflow/.local/lib/python3.10/site-packages/airflow/example_dags/example_dynamic_task_mapping.py
[2025-06-05T05:04:45.327+0000] {processor.py:914} INFO - Processing file /home/airflow/.local/lib/python3.10/site-packages/airflow/example_dags/example_dynamic_task_mapping.py for tasks to queue
[2025-06-05T05:04:45.330+0000] {logging_mixin.py:190} INFO - [2025-06-05T05:04:45.329+0000] {dagbag.py:588} INFO - Filling up the DagBag from /home/airflow/.local/lib/python3.10/site-packages/airflow/example_dags/example_dynamic_task_mapping.py
[2025-06-05T05:04:45.341+0000] {processor.py:925} INFO - DAG(s) 'example_dynamic_task_mapping' retrieved from /home/airflow/.local/lib/python3.10/site-packages/airflow/example_dags/example_dynamic_task_mapping.py
[2025-06-05T05:04:45.422+0000] {logging_mixin.py:190} INFO - [2025-06-05T05:04:45.421+0000] {dag.py:3239} INFO - Sync 1 DAGs
[2025-06-05T05:04:45.441+0000] {logging_mixin.py:190} INFO - [2025-06-05T05:04:45.441+0000] {dag.py:4180} INFO - Setting next_dagrun for example_dynamic_task_mapping to None, run_after=None
[2025-06-05T05:04:45.487+0000] {processor.py:208} INFO - Processing /home/airflow/.local/lib/python3.10/site-packages/airflow/example_dags/example_dynamic_task_mapping.py took 0.174 seconds
