[2025-06-05T04:57:44.780+0000] {processor.py:186} INFO - Started process (PID=99274) to work on /home/airflow/.local/lib/python3.10/site-packages/airflow/example_dags/example_task_group.py
[2025-06-05T04:57:44.786+0000] {processor.py:914} INFO - Processing file /home/airflow/.local/lib/python3.10/site-packages/airflow/example_dags/example_task_group.py for tasks to queue
[2025-06-05T04:57:44.791+0000] {logging_mixin.py:190} INFO - [2025-06-05T04:57:44.790+0000] {dagbag.py:588} INFO - Filling up the DagBag from /home/airflow/.local/lib/python3.10/site-packages/airflow/example_dags/example_task_group.py
[2025-06-05T04:57:44.838+0000] {processor.py:925} INFO - DAG(s) 'example_task_group' retrieved from /home/airflow/.local/lib/python3.10/site-packages/airflow/example_dags/example_task_group.py
[2025-06-05T04:57:45.223+0000] {logging_mixin.py:190} INFO - [2025-06-05T04:57:45.222+0000] {dag.py:3239} INFO - Sync 1 DAGs
[2025-06-05T04:57:45.312+0000] {logging_mixin.py:190} INFO - [2025-06-05T04:57:45.311+0000] {dag.py:4180} INFO - Setting next_dagrun for example_task_group to None, run_after=None
[2025-06-05T04:57:45.543+0000] {processor.py:208} INFO - Processing /home/airflow/.local/lib/python3.10/site-packages/airflow/example_dags/example_task_group.py took 0.805 seconds
[2025-06-05T04:58:19.735+0000] {processor.py:186} INFO - Started process (PID=99552) to work on /home/airflow/.local/lib/python3.10/site-packages/airflow/example_dags/example_task_group.py
[2025-06-05T04:58:19.738+0000] {processor.py:914} INFO - Processing file /home/airflow/.local/lib/python3.10/site-packages/airflow/example_dags/example_task_group.py for tasks to queue
[2025-06-05T04:58:19.742+0000] {logging_mixin.py:190} INFO - [2025-06-05T04:58:19.741+0000] {dagbag.py:588} INFO - Filling up the DagBag from /home/airflow/.local/lib/python3.10/site-packages/airflow/example_dags/example_task_group.py
[2025-06-05T04:58:19.755+0000] {processor.py:925} INFO - DAG(s) 'example_task_group' retrieved from /home/airflow/.local/lib/python3.10/site-packages/airflow/example_dags/example_task_group.py
[2025-06-05T04:58:19.877+0000] {logging_mixin.py:190} INFO - [2025-06-05T04:58:19.876+0000] {dag.py:3239} INFO - Sync 1 DAGs
[2025-06-05T04:58:19.900+0000] {logging_mixin.py:190} INFO - [2025-06-05T04:58:19.900+0000] {dag.py:4180} INFO - Setting next_dagrun for example_task_group to None, run_after=None
[2025-06-05T04:58:19.986+0000] {processor.py:208} INFO - Processing /home/airflow/.local/lib/python3.10/site-packages/airflow/example_dags/example_task_group.py took 0.268 seconds
[2025-06-05T04:58:50.364+0000] {processor.py:186} INFO - Started process (PID=99842) to work on /home/airflow/.local/lib/python3.10/site-packages/airflow/example_dags/example_task_group.py
[2025-06-05T04:58:50.367+0000] {processor.py:914} INFO - Processing file /home/airflow/.local/lib/python3.10/site-packages/airflow/example_dags/example_task_group.py for tasks to queue
[2025-06-05T04:58:50.371+0000] {logging_mixin.py:190} INFO - [2025-06-05T04:58:50.371+0000] {dagbag.py:588} INFO - Filling up the DagBag from /home/airflow/.local/lib/python3.10/site-packages/airflow/example_dags/example_task_group.py
[2025-06-05T04:58:50.390+0000] {processor.py:925} INFO - DAG(s) 'example_task_group' retrieved from /home/airflow/.local/lib/python3.10/site-packages/airflow/example_dags/example_task_group.py
[2025-06-05T04:58:50.486+0000] {logging_mixin.py:190} INFO - [2025-06-05T04:58:50.486+0000] {dag.py:3239} INFO - Sync 1 DAGs
[2025-06-05T04:58:50.506+0000] {logging_mixin.py:190} INFO - [2025-06-05T04:58:50.505+0000] {dag.py:4180} INFO - Setting next_dagrun for example_task_group to None, run_after=None
[2025-06-05T04:58:50.555+0000] {processor.py:208} INFO - Processing /home/airflow/.local/lib/python3.10/site-packages/airflow/example_dags/example_task_group.py took 0.209 seconds
[2025-06-05T04:59:21.403+0000] {processor.py:186} INFO - Started process (PID=433) to work on /home/airflow/.local/lib/python3.10/site-packages/airflow/example_dags/example_task_group.py
[2025-06-05T04:59:21.406+0000] {processor.py:914} INFO - Processing file /home/airflow/.local/lib/python3.10/site-packages/airflow/example_dags/example_task_group.py for tasks to queue
[2025-06-05T04:59:21.409+0000] {logging_mixin.py:190} INFO - [2025-06-05T04:59:21.409+0000] {dagbag.py:588} INFO - Filling up the DagBag from /home/airflow/.local/lib/python3.10/site-packages/airflow/example_dags/example_task_group.py
[2025-06-05T04:59:21.424+0000] {processor.py:925} INFO - DAG(s) 'example_task_group' retrieved from /home/airflow/.local/lib/python3.10/site-packages/airflow/example_dags/example_task_group.py
[2025-06-05T04:59:21.513+0000] {logging_mixin.py:190} INFO - [2025-06-05T04:59:21.512+0000] {dag.py:3239} INFO - Sync 1 DAGs
[2025-06-05T04:59:21.532+0000] {logging_mixin.py:190} INFO - [2025-06-05T04:59:21.531+0000] {dag.py:4180} INFO - Setting next_dagrun for example_task_group to None, run_after=None
[2025-06-05T04:59:21.579+0000] {processor.py:208} INFO - Processing /home/airflow/.local/lib/python3.10/site-packages/airflow/example_dags/example_task_group.py took 0.191 seconds
[2025-06-05T04:59:52.788+0000] {processor.py:186} INFO - Started process (PID=723) to work on /home/airflow/.local/lib/python3.10/site-packages/airflow/example_dags/example_task_group.py
[2025-06-05T04:59:52.791+0000] {processor.py:914} INFO - Processing file /home/airflow/.local/lib/python3.10/site-packages/airflow/example_dags/example_task_group.py for tasks to queue
[2025-06-05T04:59:52.794+0000] {logging_mixin.py:190} INFO - [2025-06-05T04:59:52.794+0000] {dagbag.py:588} INFO - Filling up the DagBag from /home/airflow/.local/lib/python3.10/site-packages/airflow/example_dags/example_task_group.py
[2025-06-05T04:59:52.809+0000] {processor.py:925} INFO - DAG(s) 'example_task_group' retrieved from /home/airflow/.local/lib/python3.10/site-packages/airflow/example_dags/example_task_group.py
[2025-06-05T04:59:52.921+0000] {logging_mixin.py:190} INFO - [2025-06-05T04:59:52.920+0000] {dag.py:3239} INFO - Sync 1 DAGs
[2025-06-05T04:59:52.946+0000] {logging_mixin.py:190} INFO - [2025-06-05T04:59:52.946+0000] {dag.py:4180} INFO - Setting next_dagrun for example_task_group to None, run_after=None
[2025-06-05T04:59:53.008+0000] {processor.py:208} INFO - Processing /home/airflow/.local/lib/python3.10/site-packages/airflow/example_dags/example_task_group.py took 0.232 seconds
[2025-06-05T05:00:23.942+0000] {processor.py:186} INFO - Started process (PID=1013) to work on /home/airflow/.local/lib/python3.10/site-packages/airflow/example_dags/example_task_group.py
[2025-06-05T05:00:23.944+0000] {processor.py:914} INFO - Processing file /home/airflow/.local/lib/python3.10/site-packages/airflow/example_dags/example_task_group.py for tasks to queue
[2025-06-05T05:00:23.946+0000] {logging_mixin.py:190} INFO - [2025-06-05T05:00:23.946+0000] {dagbag.py:588} INFO - Filling up the DagBag from /home/airflow/.local/lib/python3.10/site-packages/airflow/example_dags/example_task_group.py
[2025-06-05T05:00:23.958+0000] {processor.py:925} INFO - DAG(s) 'example_task_group' retrieved from /home/airflow/.local/lib/python3.10/site-packages/airflow/example_dags/example_task_group.py
[2025-06-05T05:00:24.075+0000] {logging_mixin.py:190} INFO - [2025-06-05T05:00:24.074+0000] {dag.py:3239} INFO - Sync 1 DAGs
[2025-06-05T05:00:24.098+0000] {logging_mixin.py:190} INFO - [2025-06-05T05:00:24.097+0000] {dag.py:4180} INFO - Setting next_dagrun for example_task_group to None, run_after=None
[2025-06-05T05:00:24.146+0000] {processor.py:208} INFO - Processing /home/airflow/.local/lib/python3.10/site-packages/airflow/example_dags/example_task_group.py took 0.217 seconds
[2025-06-05T05:00:54.791+0000] {processor.py:186} INFO - Started process (PID=1280) to work on /home/airflow/.local/lib/python3.10/site-packages/airflow/example_dags/example_task_group.py
[2025-06-05T05:00:54.793+0000] {processor.py:914} INFO - Processing file /home/airflow/.local/lib/python3.10/site-packages/airflow/example_dags/example_task_group.py for tasks to queue
[2025-06-05T05:00:54.798+0000] {logging_mixin.py:190} INFO - [2025-06-05T05:00:54.797+0000] {dagbag.py:588} INFO - Filling up the DagBag from /home/airflow/.local/lib/python3.10/site-packages/airflow/example_dags/example_task_group.py
[2025-06-05T05:00:54.814+0000] {processor.py:925} INFO - DAG(s) 'example_task_group' retrieved from /home/airflow/.local/lib/python3.10/site-packages/airflow/example_dags/example_task_group.py
[2025-06-05T05:00:54.923+0000] {logging_mixin.py:190} INFO - [2025-06-05T05:00:54.923+0000] {dag.py:3239} INFO - Sync 1 DAGs
[2025-06-05T05:00:54.949+0000] {logging_mixin.py:190} INFO - [2025-06-05T05:00:54.949+0000] {dag.py:4180} INFO - Setting next_dagrun for example_task_group to None, run_after=None
[2025-06-05T05:00:55.002+0000] {processor.py:208} INFO - Processing /home/airflow/.local/lib/python3.10/site-packages/airflow/example_dags/example_task_group.py took 0.230 seconds
[2025-06-05T05:01:25.894+0000] {processor.py:186} INFO - Started process (PID=1568) to work on /home/airflow/.local/lib/python3.10/site-packages/airflow/example_dags/example_task_group.py
[2025-06-05T05:01:25.897+0000] {processor.py:914} INFO - Processing file /home/airflow/.local/lib/python3.10/site-packages/airflow/example_dags/example_task_group.py for tasks to queue
[2025-06-05T05:01:25.901+0000] {logging_mixin.py:190} INFO - [2025-06-05T05:01:25.900+0000] {dagbag.py:588} INFO - Filling up the DagBag from /home/airflow/.local/lib/python3.10/site-packages/airflow/example_dags/example_task_group.py
[2025-06-05T05:01:25.914+0000] {processor.py:925} INFO - DAG(s) 'example_task_group' retrieved from /home/airflow/.local/lib/python3.10/site-packages/airflow/example_dags/example_task_group.py
[2025-06-05T05:01:26.008+0000] {logging_mixin.py:190} INFO - [2025-06-05T05:01:26.007+0000] {dag.py:3239} INFO - Sync 1 DAGs
[2025-06-05T05:01:26.049+0000] {logging_mixin.py:190} INFO - [2025-06-05T05:01:26.049+0000] {dag.py:4180} INFO - Setting next_dagrun for example_task_group to None, run_after=None
[2025-06-05T05:01:26.107+0000] {processor.py:208} INFO - Processing /home/airflow/.local/lib/python3.10/site-packages/airflow/example_dags/example_task_group.py took 0.226 seconds
[2025-06-05T05:01:59.209+0000] {processor.py:186} INFO - Started process (PID=1875) to work on /home/airflow/.local/lib/python3.10/site-packages/airflow/example_dags/example_task_group.py
[2025-06-05T05:01:59.212+0000] {processor.py:914} INFO - Processing file /home/airflow/.local/lib/python3.10/site-packages/airflow/example_dags/example_task_group.py for tasks to queue
[2025-06-05T05:01:59.215+0000] {logging_mixin.py:190} INFO - [2025-06-05T05:01:59.214+0000] {dagbag.py:588} INFO - Filling up the DagBag from /home/airflow/.local/lib/python3.10/site-packages/airflow/example_dags/example_task_group.py
[2025-06-05T05:01:59.231+0000] {processor.py:925} INFO - DAG(s) 'example_task_group' retrieved from /home/airflow/.local/lib/python3.10/site-packages/airflow/example_dags/example_task_group.py
[2025-06-05T05:01:59.358+0000] {logging_mixin.py:190} INFO - [2025-06-05T05:01:59.358+0000] {dag.py:3239} INFO - Sync 1 DAGs
[2025-06-05T05:01:59.386+0000] {logging_mixin.py:190} INFO - [2025-06-05T05:01:59.386+0000] {dag.py:4180} INFO - Setting next_dagrun for example_task_group to None, run_after=None
[2025-06-05T05:01:59.499+0000] {processor.py:208} INFO - Processing /home/airflow/.local/lib/python3.10/site-packages/airflow/example_dags/example_task_group.py took 0.303 seconds
[2025-06-05T05:02:30.279+0000] {processor.py:186} INFO - Started process (PID=2163) to work on /home/airflow/.local/lib/python3.10/site-packages/airflow/example_dags/example_task_group.py
[2025-06-05T05:02:30.282+0000] {processor.py:914} INFO - Processing file /home/airflow/.local/lib/python3.10/site-packages/airflow/example_dags/example_task_group.py for tasks to queue
[2025-06-05T05:02:30.284+0000] {logging_mixin.py:190} INFO - [2025-06-05T05:02:30.284+0000] {dagbag.py:588} INFO - Filling up the DagBag from /home/airflow/.local/lib/python3.10/site-packages/airflow/example_dags/example_task_group.py
[2025-06-05T05:02:30.304+0000] {processor.py:925} INFO - DAG(s) 'example_task_group' retrieved from /home/airflow/.local/lib/python3.10/site-packages/airflow/example_dags/example_task_group.py
[2025-06-05T05:02:30.411+0000] {logging_mixin.py:190} INFO - [2025-06-05T05:02:30.411+0000] {dag.py:3239} INFO - Sync 1 DAGs
[2025-06-05T05:02:30.433+0000] {logging_mixin.py:190} INFO - [2025-06-05T05:02:30.433+0000] {dag.py:4180} INFO - Setting next_dagrun for example_task_group to None, run_after=None
[2025-06-05T05:02:30.482+0000] {processor.py:208} INFO - Processing /home/airflow/.local/lib/python3.10/site-packages/airflow/example_dags/example_task_group.py took 0.217 seconds
[2025-06-05T05:03:01.189+0000] {processor.py:186} INFO - Started process (PID=2453) to work on /home/airflow/.local/lib/python3.10/site-packages/airflow/example_dags/example_task_group.py
[2025-06-05T05:03:01.192+0000] {processor.py:914} INFO - Processing file /home/airflow/.local/lib/python3.10/site-packages/airflow/example_dags/example_task_group.py for tasks to queue
[2025-06-05T05:03:01.195+0000] {logging_mixin.py:190} INFO - [2025-06-05T05:03:01.194+0000] {dagbag.py:588} INFO - Filling up the DagBag from /home/airflow/.local/lib/python3.10/site-packages/airflow/example_dags/example_task_group.py
[2025-06-05T05:03:01.213+0000] {processor.py:925} INFO - DAG(s) 'example_task_group' retrieved from /home/airflow/.local/lib/python3.10/site-packages/airflow/example_dags/example_task_group.py
[2025-06-05T05:03:01.313+0000] {logging_mixin.py:190} INFO - [2025-06-05T05:03:01.313+0000] {dag.py:3239} INFO - Sync 1 DAGs
[2025-06-05T05:03:01.334+0000] {logging_mixin.py:190} INFO - [2025-06-05T05:03:01.334+0000] {dag.py:4180} INFO - Setting next_dagrun for example_task_group to None, run_after=None
[2025-06-05T05:03:01.384+0000] {processor.py:208} INFO - Processing /home/airflow/.local/lib/python3.10/site-packages/airflow/example_dags/example_task_group.py took 0.211 seconds
[2025-06-05T05:03:31.866+0000] {processor.py:186} INFO - Started process (PID=2745) to work on /home/airflow/.local/lib/python3.10/site-packages/airflow/example_dags/example_task_group.py
[2025-06-05T05:03:31.869+0000] {processor.py:914} INFO - Processing file /home/airflow/.local/lib/python3.10/site-packages/airflow/example_dags/example_task_group.py for tasks to queue
[2025-06-05T05:03:31.872+0000] {logging_mixin.py:190} INFO - [2025-06-05T05:03:31.871+0000] {dagbag.py:588} INFO - Filling up the DagBag from /home/airflow/.local/lib/python3.10/site-packages/airflow/example_dags/example_task_group.py
[2025-06-05T05:03:31.886+0000] {processor.py:925} INFO - DAG(s) 'example_task_group' retrieved from /home/airflow/.local/lib/python3.10/site-packages/airflow/example_dags/example_task_group.py
[2025-06-05T05:03:31.997+0000] {logging_mixin.py:190} INFO - [2025-06-05T05:03:31.997+0000] {dag.py:3239} INFO - Sync 1 DAGs
[2025-06-05T05:03:32.029+0000] {logging_mixin.py:190} INFO - [2025-06-05T05:03:32.029+0000] {dag.py:4180} INFO - Setting next_dagrun for example_task_group to None, run_after=None
[2025-06-05T05:03:32.172+0000] {processor.py:208} INFO - Processing /home/airflow/.local/lib/python3.10/site-packages/airflow/example_dags/example_task_group.py took 0.320 seconds
[2025-06-05T05:04:02.619+0000] {processor.py:186} INFO - Started process (PID=3033) to work on /home/airflow/.local/lib/python3.10/site-packages/airflow/example_dags/example_task_group.py
[2025-06-05T05:04:02.621+0000] {processor.py:914} INFO - Processing file /home/airflow/.local/lib/python3.10/site-packages/airflow/example_dags/example_task_group.py for tasks to queue
[2025-06-05T05:04:02.623+0000] {logging_mixin.py:190} INFO - [2025-06-05T05:04:02.623+0000] {dagbag.py:588} INFO - Filling up the DagBag from /home/airflow/.local/lib/python3.10/site-packages/airflow/example_dags/example_task_group.py
[2025-06-05T05:04:02.633+0000] {processor.py:925} INFO - DAG(s) 'example_task_group' retrieved from /home/airflow/.local/lib/python3.10/site-packages/airflow/example_dags/example_task_group.py
[2025-06-05T05:04:02.728+0000] {logging_mixin.py:190} INFO - [2025-06-05T05:04:02.728+0000] {dag.py:3239} INFO - Sync 1 DAGs
[2025-06-05T05:04:02.759+0000] {logging_mixin.py:190} INFO - [2025-06-05T05:04:02.759+0000] {dag.py:4180} INFO - Setting next_dagrun for example_task_group to None, run_after=None
[2025-06-05T05:04:02.820+0000] {processor.py:208} INFO - Processing /home/airflow/.local/lib/python3.10/site-packages/airflow/example_dags/example_task_group.py took 0.211 seconds
[2025-06-05T05:04:32.982+0000] {processor.py:186} INFO - Started process (PID=3323) to work on /home/airflow/.local/lib/python3.10/site-packages/airflow/example_dags/example_task_group.py
[2025-06-05T05:04:32.985+0000] {processor.py:914} INFO - Processing file /home/airflow/.local/lib/python3.10/site-packages/airflow/example_dags/example_task_group.py for tasks to queue
[2025-06-05T05:04:32.988+0000] {logging_mixin.py:190} INFO - [2025-06-05T05:04:32.987+0000] {dagbag.py:588} INFO - Filling up the DagBag from /home/airflow/.local/lib/python3.10/site-packages/airflow/example_dags/example_task_group.py
[2025-06-05T05:04:32.999+0000] {processor.py:925} INFO - DAG(s) 'example_task_group' retrieved from /home/airflow/.local/lib/python3.10/site-packages/airflow/example_dags/example_task_group.py
[2025-06-05T05:04:33.078+0000] {logging_mixin.py:190} INFO - [2025-06-05T05:04:33.078+0000] {dag.py:3239} INFO - Sync 1 DAGs
[2025-06-05T05:04:33.095+0000] {logging_mixin.py:190} INFO - [2025-06-05T05:04:33.095+0000] {dag.py:4180} INFO - Setting next_dagrun for example_task_group to None, run_after=None
[2025-06-05T05:04:33.136+0000] {processor.py:208} INFO - Processing /home/airflow/.local/lib/python3.10/site-packages/airflow/example_dags/example_task_group.py took 0.165 seconds
[2025-06-05T05:05:03.980+0000] {processor.py:186} INFO - Started process (PID=3615) to work on /home/airflow/.local/lib/python3.10/site-packages/airflow/example_dags/example_task_group.py
[2025-06-05T05:05:03.983+0000] {processor.py:914} INFO - Processing file /home/airflow/.local/lib/python3.10/site-packages/airflow/example_dags/example_task_group.py for tasks to queue
[2025-06-05T05:05:03.987+0000] {logging_mixin.py:190} INFO - [2025-06-05T05:05:03.986+0000] {dagbag.py:588} INFO - Filling up the DagBag from /home/airflow/.local/lib/python3.10/site-packages/airflow/example_dags/example_task_group.py
[2025-06-05T05:05:04.001+0000] {processor.py:925} INFO - DAG(s) 'example_task_group' retrieved from /home/airflow/.local/lib/python3.10/site-packages/airflow/example_dags/example_task_group.py
[2025-06-05T05:05:04.097+0000] {logging_mixin.py:190} INFO - [2025-06-05T05:05:04.097+0000] {dag.py:3239} INFO - Sync 1 DAGs
[2025-06-05T05:05:04.118+0000] {logging_mixin.py:190} INFO - [2025-06-05T05:05:04.118+0000] {dag.py:4180} INFO - Setting next_dagrun for example_task_group to None, run_after=None
[2025-06-05T05:05:04.231+0000] {processor.py:208} INFO - Processing /home/airflow/.local/lib/python3.10/site-packages/airflow/example_dags/example_task_group.py took 0.264 seconds
