[2025-06-05T04:57:58.378+0000] {processor.py:186} INFO - Started process (PID=99362) to work on /home/airflow/.local/lib/python3.10/site-packages/airflow/example_dags/example_datasets.py
[2025-06-05T04:57:58.395+0000] {processor.py:914} INFO - Processing file /home/airflow/.local/lib/python3.10/site-packages/airflow/example_dags/example_datasets.py for tasks to queue
[2025-06-05T04:57:58.420+0000] {logging_mixin.py:190} INFO - [2025-06-05T04:57:58.419+0000] {dagbag.py:588} INFO - Filling up the DagBag from /home/airflow/.local/lib/python3.10/site-packages/airflow/example_dags/example_datasets.py
[2025-06-05T04:58:01.948+0000] {processor.py:925} INFO - DAG(s) 'dataset_consumes_unknown_never_scheduled', 'consume_1_or_both_2_and_3_with_dataset_expressions', 'dataset_consumes_1_never_scheduled', 'consume_1_or_2_with_dataset_expressions', 'dataset_produces_2', 'consume_1_and_2_with_dataset_expressions', 'conditional_dataset_and_time_based_timetable', 'dataset_consumes_1_and_2', 'dataset_consumes_1', 'dataset_produces_1' retrieved from /home/airflow/.local/lib/python3.10/site-packages/airflow/example_dags/example_datasets.py
[2025-06-05T04:58:02.644+0000] {logging_mixin.py:190} INFO - [2025-06-05T04:58:02.644+0000] {dag.py:3239} INFO - Sync 10 DAGs
[2025-06-05T04:58:02.781+0000] {logging_mixin.py:190} INFO - [2025-06-05T04:58:02.780+0000] {dag.py:4180} INFO - Setting next_dagrun for conditional_dataset_and_time_based_timetable to 2025-06-11 01:00:00+00:00, run_after=2025-06-11 01:00:00+00:00
[2025-06-05T04:58:02.809+0000] {logging_mixin.py:190} INFO - [2025-06-05T04:58:02.801+0000] {dag.py:4180} INFO - Setting next_dagrun for consume_1_and_2_with_dataset_expressions to None, run_after=None
[2025-06-05T04:58:02.824+0000] {logging_mixin.py:190} INFO - [2025-06-05T04:58:02.819+0000] {dag.py:4180} INFO - Setting next_dagrun for consume_1_or_2_with_dataset_expressions to None, run_after=None
[2025-06-05T04:58:02.833+0000] {logging_mixin.py:190} INFO - [2025-06-05T04:58:02.832+0000] {dag.py:4180} INFO - Setting next_dagrun for consume_1_or_both_2_and_3_with_dataset_expressions to None, run_after=None
[2025-06-05T04:58:02.845+0000] {logging_mixin.py:190} INFO - [2025-06-05T04:58:02.845+0000] {dag.py:4180} INFO - Setting next_dagrun for dataset_consumes_1 to None, run_after=None
[2025-06-05T04:58:02.853+0000] {logging_mixin.py:190} INFO - [2025-06-05T04:58:02.852+0000] {dag.py:4180} INFO - Setting next_dagrun for dataset_consumes_1_and_2 to None, run_after=None
[2025-06-05T04:58:02.868+0000] {logging_mixin.py:190} INFO - [2025-06-05T04:58:02.867+0000] {dag.py:4180} INFO - Setting next_dagrun for dataset_consumes_1_never_scheduled to None, run_after=None
[2025-06-05T04:58:02.879+0000] {logging_mixin.py:190} INFO - [2025-06-05T04:58:02.878+0000] {dag.py:4180} INFO - Setting next_dagrun for dataset_consumes_unknown_never_scheduled to None, run_after=None
[2025-06-05T04:58:02.892+0000] {logging_mixin.py:190} INFO - [2025-06-05T04:58:02.892+0000] {dag.py:4180} INFO - Setting next_dagrun for dataset_produces_1 to 2025-06-04 00:00:00+00:00, run_after=2025-06-05 00:00:00+00:00
[2025-06-05T04:58:02.910+0000] {logging_mixin.py:190} INFO - [2025-06-05T04:58:02.910+0000] {dag.py:4180} INFO - Setting next_dagrun for dataset_produces_2 to None, run_after=None
[2025-06-05T04:58:03.181+0000] {processor.py:208} INFO - Processing /home/airflow/.local/lib/python3.10/site-packages/airflow/example_dags/example_datasets.py took 4.846 seconds
[2025-06-05T04:58:34.226+0000] {processor.py:186} INFO - Started process (PID=99669) to work on /home/airflow/.local/lib/python3.10/site-packages/airflow/example_dags/example_datasets.py
[2025-06-05T04:58:34.229+0000] {processor.py:914} INFO - Processing file /home/airflow/.local/lib/python3.10/site-packages/airflow/example_dags/example_datasets.py for tasks to queue
[2025-06-05T04:58:34.232+0000] {logging_mixin.py:190} INFO - [2025-06-05T04:58:34.231+0000] {dagbag.py:588} INFO - Filling up the DagBag from /home/airflow/.local/lib/python3.10/site-packages/airflow/example_dags/example_datasets.py
[2025-06-05T04:58:34.799+0000] {processor.py:925} INFO - DAG(s) 'dataset_consumes_1_never_scheduled', 'dataset_produces_1', 'consume_1_or_both_2_and_3_with_dataset_expressions', 'conditional_dataset_and_time_based_timetable', 'dataset_consumes_unknown_never_scheduled', 'consume_1_and_2_with_dataset_expressions', 'dataset_consumes_1_and_2', 'consume_1_or_2_with_dataset_expressions', 'dataset_produces_2', 'dataset_consumes_1' retrieved from /home/airflow/.local/lib/python3.10/site-packages/airflow/example_dags/example_datasets.py
[2025-06-05T04:58:34.955+0000] {logging_mixin.py:190} INFO - [2025-06-05T04:58:34.955+0000] {dag.py:3239} INFO - Sync 10 DAGs
[2025-06-05T04:58:35.381+0000] {logging_mixin.py:190} INFO - [2025-06-05T04:58:35.381+0000] {dag.py:4180} INFO - Setting next_dagrun for conditional_dataset_and_time_based_timetable to 2025-06-11 01:00:00+00:00, run_after=2025-06-11 01:00:00+00:00
[2025-06-05T04:58:35.388+0000] {logging_mixin.py:190} INFO - [2025-06-05T04:58:35.387+0000] {dag.py:4180} INFO - Setting next_dagrun for consume_1_and_2_with_dataset_expressions to None, run_after=None
[2025-06-05T04:58:35.391+0000] {logging_mixin.py:190} INFO - [2025-06-05T04:58:35.391+0000] {dag.py:4180} INFO - Setting next_dagrun for consume_1_or_2_with_dataset_expressions to None, run_after=None
[2025-06-05T04:58:35.395+0000] {logging_mixin.py:190} INFO - [2025-06-05T04:58:35.395+0000] {dag.py:4180} INFO - Setting next_dagrun for consume_1_or_both_2_and_3_with_dataset_expressions to None, run_after=None
[2025-06-05T04:58:35.400+0000] {logging_mixin.py:190} INFO - [2025-06-05T04:58:35.399+0000] {dag.py:4180} INFO - Setting next_dagrun for dataset_consumes_1 to None, run_after=None
[2025-06-05T04:58:35.404+0000] {logging_mixin.py:190} INFO - [2025-06-05T04:58:35.404+0000] {dag.py:4180} INFO - Setting next_dagrun for dataset_consumes_1_and_2 to None, run_after=None
[2025-06-05T04:58:35.409+0000] {logging_mixin.py:190} INFO - [2025-06-05T04:58:35.408+0000] {dag.py:4180} INFO - Setting next_dagrun for dataset_consumes_1_never_scheduled to None, run_after=None
[2025-06-05T04:58:35.414+0000] {logging_mixin.py:190} INFO - [2025-06-05T04:58:35.414+0000] {dag.py:4180} INFO - Setting next_dagrun for dataset_consumes_unknown_never_scheduled to None, run_after=None
[2025-06-05T04:58:35.421+0000] {logging_mixin.py:190} INFO - [2025-06-05T04:58:35.420+0000] {dag.py:4180} INFO - Setting next_dagrun for dataset_produces_1 to 2025-06-04 00:00:00+00:00, run_after=2025-06-05 00:00:00+00:00
[2025-06-05T04:58:35.426+0000] {logging_mixin.py:190} INFO - [2025-06-05T04:58:35.425+0000] {dag.py:4180} INFO - Setting next_dagrun for dataset_produces_2 to None, run_after=None
[2025-06-05T04:58:35.548+0000] {processor.py:208} INFO - Processing /home/airflow/.local/lib/python3.10/site-packages/airflow/example_dags/example_datasets.py took 1.332 seconds
[2025-06-05T04:59:05.866+0000] {processor.py:186} INFO - Started process (PID=99967) to work on /home/airflow/.local/lib/python3.10/site-packages/airflow/example_dags/example_datasets.py
[2025-06-05T04:59:05.868+0000] {processor.py:914} INFO - Processing file /home/airflow/.local/lib/python3.10/site-packages/airflow/example_dags/example_datasets.py for tasks to queue
[2025-06-05T04:59:05.872+0000] {logging_mixin.py:190} INFO - [2025-06-05T04:59:05.871+0000] {dagbag.py:588} INFO - Filling up the DagBag from /home/airflow/.local/lib/python3.10/site-packages/airflow/example_dags/example_datasets.py
[2025-06-05T04:59:06.787+0000] {processor.py:925} INFO - DAG(s) 'dataset_produces_1', 'dataset_consumes_1_and_2', 'consume_1_or_2_with_dataset_expressions', 'consume_1_and_2_with_dataset_expressions', 'dataset_consumes_1_never_scheduled', 'dataset_consumes_unknown_never_scheduled', 'dataset_produces_2', 'consume_1_or_both_2_and_3_with_dataset_expressions', 'conditional_dataset_and_time_based_timetable', 'dataset_consumes_1' retrieved from /home/airflow/.local/lib/python3.10/site-packages/airflow/example_dags/example_datasets.py
[2025-06-05T04:59:06.988+0000] {logging_mixin.py:190} INFO - [2025-06-05T04:59:06.987+0000] {dag.py:3239} INFO - Sync 10 DAGs
[2025-06-05T04:59:07.377+0000] {logging_mixin.py:190} INFO - [2025-06-05T04:59:07.376+0000] {dag.py:4180} INFO - Setting next_dagrun for conditional_dataset_and_time_based_timetable to 2025-06-11 01:00:00+00:00, run_after=2025-06-11 01:00:00+00:00
[2025-06-05T04:59:07.383+0000] {logging_mixin.py:190} INFO - [2025-06-05T04:59:07.382+0000] {dag.py:4180} INFO - Setting next_dagrun for consume_1_and_2_with_dataset_expressions to None, run_after=None
[2025-06-05T04:59:07.386+0000] {logging_mixin.py:190} INFO - [2025-06-05T04:59:07.386+0000] {dag.py:4180} INFO - Setting next_dagrun for consume_1_or_2_with_dataset_expressions to None, run_after=None
[2025-06-05T04:59:07.389+0000] {logging_mixin.py:190} INFO - [2025-06-05T04:59:07.389+0000] {dag.py:4180} INFO - Setting next_dagrun for consume_1_or_both_2_and_3_with_dataset_expressions to None, run_after=None
[2025-06-05T04:59:07.393+0000] {logging_mixin.py:190} INFO - [2025-06-05T04:59:07.393+0000] {dag.py:4180} INFO - Setting next_dagrun for dataset_consumes_1 to None, run_after=None
[2025-06-05T04:59:07.397+0000] {logging_mixin.py:190} INFO - [2025-06-05T04:59:07.397+0000] {dag.py:4180} INFO - Setting next_dagrun for dataset_consumes_1_and_2 to None, run_after=None
[2025-06-05T04:59:07.400+0000] {logging_mixin.py:190} INFO - [2025-06-05T04:59:07.400+0000] {dag.py:4180} INFO - Setting next_dagrun for dataset_consumes_1_never_scheduled to None, run_after=None
[2025-06-05T04:59:07.404+0000] {logging_mixin.py:190} INFO - [2025-06-05T04:59:07.404+0000] {dag.py:4180} INFO - Setting next_dagrun for dataset_consumes_unknown_never_scheduled to None, run_after=None
[2025-06-05T04:59:07.414+0000] {logging_mixin.py:190} INFO - [2025-06-05T04:59:07.414+0000] {dag.py:4180} INFO - Setting next_dagrun for dataset_produces_1 to 2025-06-04 00:00:00+00:00, run_after=2025-06-05 00:00:00+00:00
[2025-06-05T04:59:07.418+0000] {logging_mixin.py:190} INFO - [2025-06-05T04:59:07.418+0000] {dag.py:4180} INFO - Setting next_dagrun for dataset_produces_2 to None, run_after=None
[2025-06-05T04:59:07.524+0000] {processor.py:208} INFO - Processing /home/airflow/.local/lib/python3.10/site-packages/airflow/example_dags/example_datasets.py took 1.678 seconds
[2025-06-05T04:59:38.010+0000] {processor.py:186} INFO - Started process (PID=563) to work on /home/airflow/.local/lib/python3.10/site-packages/airflow/example_dags/example_datasets.py
[2025-06-05T04:59:38.013+0000] {processor.py:914} INFO - Processing file /home/airflow/.local/lib/python3.10/site-packages/airflow/example_dags/example_datasets.py for tasks to queue
[2025-06-05T04:59:38.016+0000] {logging_mixin.py:190} INFO - [2025-06-05T04:59:38.015+0000] {dagbag.py:588} INFO - Filling up the DagBag from /home/airflow/.local/lib/python3.10/site-packages/airflow/example_dags/example_datasets.py
[2025-06-05T04:59:38.890+0000] {processor.py:925} INFO - DAG(s) 'dataset_consumes_unknown_never_scheduled', 'dataset_consumes_1_and_2', 'dataset_consumes_1', 'consume_1_and_2_with_dataset_expressions', 'dataset_produces_1', 'dataset_produces_2', 'consume_1_or_2_with_dataset_expressions', 'dataset_consumes_1_never_scheduled', 'conditional_dataset_and_time_based_timetable', 'consume_1_or_both_2_and_3_with_dataset_expressions' retrieved from /home/airflow/.local/lib/python3.10/site-packages/airflow/example_dags/example_datasets.py
[2025-06-05T04:59:39.030+0000] {logging_mixin.py:190} INFO - [2025-06-05T04:59:39.030+0000] {dag.py:3239} INFO - Sync 10 DAGs
[2025-06-05T04:59:39.073+0000] {logging_mixin.py:190} INFO - [2025-06-05T04:59:39.073+0000] {dag.py:4180} INFO - Setting next_dagrun for conditional_dataset_and_time_based_timetable to 2025-06-11 01:00:00+00:00, run_after=2025-06-11 01:00:00+00:00
[2025-06-05T04:59:39.080+0000] {logging_mixin.py:190} INFO - [2025-06-05T04:59:39.080+0000] {dag.py:4180} INFO - Setting next_dagrun for consume_1_and_2_with_dataset_expressions to None, run_after=None
[2025-06-05T04:59:39.084+0000] {logging_mixin.py:190} INFO - [2025-06-05T04:59:39.084+0000] {dag.py:4180} INFO - Setting next_dagrun for consume_1_or_2_with_dataset_expressions to None, run_after=None
[2025-06-05T04:59:39.090+0000] {logging_mixin.py:190} INFO - [2025-06-05T04:59:39.090+0000] {dag.py:4180} INFO - Setting next_dagrun for consume_1_or_both_2_and_3_with_dataset_expressions to None, run_after=None
[2025-06-05T04:59:39.095+0000] {logging_mixin.py:190} INFO - [2025-06-05T04:59:39.095+0000] {dag.py:4180} INFO - Setting next_dagrun for dataset_consumes_1 to None, run_after=None
[2025-06-05T04:59:39.099+0000] {logging_mixin.py:190} INFO - [2025-06-05T04:59:39.099+0000] {dag.py:4180} INFO - Setting next_dagrun for dataset_consumes_1_and_2 to None, run_after=None
[2025-06-05T04:59:39.103+0000] {logging_mixin.py:190} INFO - [2025-06-05T04:59:39.103+0000] {dag.py:4180} INFO - Setting next_dagrun for dataset_consumes_1_never_scheduled to None, run_after=None
[2025-06-05T04:59:39.108+0000] {logging_mixin.py:190} INFO - [2025-06-05T04:59:39.107+0000] {dag.py:4180} INFO - Setting next_dagrun for dataset_consumes_unknown_never_scheduled to None, run_after=None
[2025-06-05T04:59:39.113+0000] {logging_mixin.py:190} INFO - [2025-06-05T04:59:39.113+0000] {dag.py:4180} INFO - Setting next_dagrun for dataset_produces_1 to 2025-06-04 00:00:00+00:00, run_after=2025-06-05 00:00:00+00:00
[2025-06-05T04:59:39.118+0000] {logging_mixin.py:190} INFO - [2025-06-05T04:59:39.117+0000] {dag.py:4180} INFO - Setting next_dagrun for dataset_produces_2 to None, run_after=None
[2025-06-05T04:59:39.245+0000] {processor.py:208} INFO - Processing /home/airflow/.local/lib/python3.10/site-packages/airflow/example_dags/example_datasets.py took 1.251 seconds
[2025-06-05T05:00:11.476+0000] {processor.py:186} INFO - Started process (PID=855) to work on /home/airflow/.local/lib/python3.10/site-packages/airflow/example_dags/example_datasets.py
[2025-06-05T05:00:11.478+0000] {processor.py:914} INFO - Processing file /home/airflow/.local/lib/python3.10/site-packages/airflow/example_dags/example_datasets.py for tasks to queue
[2025-06-05T05:00:11.482+0000] {logging_mixin.py:190} INFO - [2025-06-05T05:00:11.481+0000] {dagbag.py:588} INFO - Filling up the DagBag from /home/airflow/.local/lib/python3.10/site-packages/airflow/example_dags/example_datasets.py
[2025-06-05T05:00:12.146+0000] {processor.py:925} INFO - DAG(s) 'dataset_produces_1', 'dataset_produces_2', 'dataset_consumes_1', 'consume_1_or_2_with_dataset_expressions', 'consume_1_or_both_2_and_3_with_dataset_expressions', 'dataset_consumes_1_and_2', 'dataset_consumes_1_never_scheduled', 'conditional_dataset_and_time_based_timetable', 'consume_1_and_2_with_dataset_expressions', 'dataset_consumes_unknown_never_scheduled' retrieved from /home/airflow/.local/lib/python3.10/site-packages/airflow/example_dags/example_datasets.py
[2025-06-05T05:00:12.278+0000] {logging_mixin.py:190} INFO - [2025-06-05T05:00:12.278+0000] {dag.py:3239} INFO - Sync 10 DAGs
[2025-06-05T05:00:12.320+0000] {logging_mixin.py:190} INFO - [2025-06-05T05:00:12.319+0000] {dag.py:4180} INFO - Setting next_dagrun for conditional_dataset_and_time_based_timetable to 2025-06-11 01:00:00+00:00, run_after=2025-06-11 01:00:00+00:00
[2025-06-05T05:00:12.327+0000] {logging_mixin.py:190} INFO - [2025-06-05T05:00:12.326+0000] {dag.py:4180} INFO - Setting next_dagrun for consume_1_and_2_with_dataset_expressions to None, run_after=None
[2025-06-05T05:00:12.332+0000] {logging_mixin.py:190} INFO - [2025-06-05T05:00:12.331+0000] {dag.py:4180} INFO - Setting next_dagrun for consume_1_or_2_with_dataset_expressions to None, run_after=None
[2025-06-05T05:00:12.338+0000] {logging_mixin.py:190} INFO - [2025-06-05T05:00:12.338+0000] {dag.py:4180} INFO - Setting next_dagrun for consume_1_or_both_2_and_3_with_dataset_expressions to None, run_after=None
[2025-06-05T05:00:12.344+0000] {logging_mixin.py:190} INFO - [2025-06-05T05:00:12.343+0000] {dag.py:4180} INFO - Setting next_dagrun for dataset_consumes_1 to None, run_after=None
[2025-06-05T05:00:12.350+0000] {logging_mixin.py:190} INFO - [2025-06-05T05:00:12.349+0000] {dag.py:4180} INFO - Setting next_dagrun for dataset_consumes_1_and_2 to None, run_after=None
[2025-06-05T05:00:12.355+0000] {logging_mixin.py:190} INFO - [2025-06-05T05:00:12.355+0000] {dag.py:4180} INFO - Setting next_dagrun for dataset_consumes_1_never_scheduled to None, run_after=None
[2025-06-05T05:00:12.361+0000] {logging_mixin.py:190} INFO - [2025-06-05T05:00:12.360+0000] {dag.py:4180} INFO - Setting next_dagrun for dataset_consumes_unknown_never_scheduled to None, run_after=None
[2025-06-05T05:00:12.370+0000] {logging_mixin.py:190} INFO - [2025-06-05T05:00:12.369+0000] {dag.py:4180} INFO - Setting next_dagrun for dataset_produces_1 to 2025-06-04 00:00:00+00:00, run_after=2025-06-05 00:00:00+00:00
[2025-06-05T05:00:12.376+0000] {logging_mixin.py:190} INFO - [2025-06-05T05:00:12.375+0000] {dag.py:4180} INFO - Setting next_dagrun for dataset_produces_2 to None, run_after=None
[2025-06-05T05:00:12.498+0000] {processor.py:208} INFO - Processing /home/airflow/.local/lib/python3.10/site-packages/airflow/example_dags/example_datasets.py took 1.034 seconds
[2025-06-05T05:00:43.480+0000] {processor.py:186} INFO - Started process (PID=1148) to work on /home/airflow/.local/lib/python3.10/site-packages/airflow/example_dags/example_datasets.py
[2025-06-05T05:00:43.498+0000] {processor.py:914} INFO - Processing file /home/airflow/.local/lib/python3.10/site-packages/airflow/example_dags/example_datasets.py for tasks to queue
[2025-06-05T05:00:43.506+0000] {logging_mixin.py:190} INFO - [2025-06-05T05:00:43.502+0000] {dagbag.py:588} INFO - Filling up the DagBag from /home/airflow/.local/lib/python3.10/site-packages/airflow/example_dags/example_datasets.py
[2025-06-05T05:00:44.427+0000] {processor.py:925} INFO - DAG(s) 'dataset_consumes_1', 'dataset_produces_1', 'dataset_produces_2', 'dataset_consumes_1_never_scheduled', 'consume_1_or_2_with_dataset_expressions', 'dataset_consumes_1_and_2', 'consume_1_or_both_2_and_3_with_dataset_expressions', 'conditional_dataset_and_time_based_timetable', 'consume_1_and_2_with_dataset_expressions', 'dataset_consumes_unknown_never_scheduled' retrieved from /home/airflow/.local/lib/python3.10/site-packages/airflow/example_dags/example_datasets.py
[2025-06-05T05:00:44.553+0000] {logging_mixin.py:190} INFO - [2025-06-05T05:00:44.552+0000] {dag.py:3239} INFO - Sync 10 DAGs
[2025-06-05T05:00:44.588+0000] {logging_mixin.py:190} INFO - [2025-06-05T05:00:44.588+0000] {dag.py:4180} INFO - Setting next_dagrun for conditional_dataset_and_time_based_timetable to 2025-06-11 01:00:00+00:00, run_after=2025-06-11 01:00:00+00:00
[2025-06-05T05:00:44.595+0000] {logging_mixin.py:190} INFO - [2025-06-05T05:00:44.595+0000] {dag.py:4180} INFO - Setting next_dagrun for consume_1_and_2_with_dataset_expressions to None, run_after=None
[2025-06-05T05:00:44.599+0000] {logging_mixin.py:190} INFO - [2025-06-05T05:00:44.599+0000] {dag.py:4180} INFO - Setting next_dagrun for consume_1_or_2_with_dataset_expressions to None, run_after=None
[2025-06-05T05:00:44.603+0000] {logging_mixin.py:190} INFO - [2025-06-05T05:00:44.603+0000] {dag.py:4180} INFO - Setting next_dagrun for consume_1_or_both_2_and_3_with_dataset_expressions to None, run_after=None
[2025-06-05T05:00:44.608+0000] {logging_mixin.py:190} INFO - [2025-06-05T05:00:44.608+0000] {dag.py:4180} INFO - Setting next_dagrun for dataset_consumes_1 to None, run_after=None
[2025-06-05T05:00:44.611+0000] {logging_mixin.py:190} INFO - [2025-06-05T05:00:44.611+0000] {dag.py:4180} INFO - Setting next_dagrun for dataset_consumes_1_and_2 to None, run_after=None
[2025-06-05T05:00:44.616+0000] {logging_mixin.py:190} INFO - [2025-06-05T05:00:44.616+0000] {dag.py:4180} INFO - Setting next_dagrun for dataset_consumes_1_never_scheduled to None, run_after=None
[2025-06-05T05:00:44.619+0000] {logging_mixin.py:190} INFO - [2025-06-05T05:00:44.618+0000] {dag.py:4180} INFO - Setting next_dagrun for dataset_consumes_unknown_never_scheduled to None, run_after=None
[2025-06-05T05:00:44.627+0000] {logging_mixin.py:190} INFO - [2025-06-05T05:00:44.626+0000] {dag.py:4180} INFO - Setting next_dagrun for dataset_produces_1 to 2025-06-04 00:00:00+00:00, run_after=2025-06-05 00:00:00+00:00
[2025-06-05T05:00:44.630+0000] {logging_mixin.py:190} INFO - [2025-06-05T05:00:44.630+0000] {dag.py:4180} INFO - Setting next_dagrun for dataset_produces_2 to None, run_after=None
[2025-06-05T05:00:44.732+0000] {processor.py:208} INFO - Processing /home/airflow/.local/lib/python3.10/site-packages/airflow/example_dags/example_datasets.py took 1.274 seconds
[2025-06-05T05:01:16.129+0000] {processor.py:186} INFO - Started process (PID=1430) to work on /home/airflow/.local/lib/python3.10/site-packages/airflow/example_dags/example_datasets.py
[2025-06-05T05:01:16.132+0000] {processor.py:914} INFO - Processing file /home/airflow/.local/lib/python3.10/site-packages/airflow/example_dags/example_datasets.py for tasks to queue
[2025-06-05T05:01:16.136+0000] {logging_mixin.py:190} INFO - [2025-06-05T05:01:16.135+0000] {dagbag.py:588} INFO - Filling up the DagBag from /home/airflow/.local/lib/python3.10/site-packages/airflow/example_dags/example_datasets.py
[2025-06-05T05:01:17.566+0000] {processor.py:925} INFO - DAG(s) 'dataset_consumes_1', 'consume_1_or_both_2_and_3_with_dataset_expressions', 'dataset_produces_2', 'dataset_consumes_unknown_never_scheduled', 'dataset_consumes_1_never_scheduled', 'dataset_consumes_1_and_2', 'dataset_produces_1', 'consume_1_or_2_with_dataset_expressions', 'conditional_dataset_and_time_based_timetable', 'consume_1_and_2_with_dataset_expressions' retrieved from /home/airflow/.local/lib/python3.10/site-packages/airflow/example_dags/example_datasets.py
[2025-06-05T05:01:17.740+0000] {logging_mixin.py:190} INFO - [2025-06-05T05:01:17.739+0000] {dag.py:3239} INFO - Sync 10 DAGs
[2025-06-05T05:01:17.778+0000] {logging_mixin.py:190} INFO - [2025-06-05T05:01:17.777+0000] {dag.py:4180} INFO - Setting next_dagrun for conditional_dataset_and_time_based_timetable to 2025-06-11 01:00:00+00:00, run_after=2025-06-11 01:00:00+00:00
[2025-06-05T05:01:17.783+0000] {logging_mixin.py:190} INFO - [2025-06-05T05:01:17.783+0000] {dag.py:4180} INFO - Setting next_dagrun for consume_1_and_2_with_dataset_expressions to None, run_after=None
[2025-06-05T05:01:17.788+0000] {logging_mixin.py:190} INFO - [2025-06-05T05:01:17.787+0000] {dag.py:4180} INFO - Setting next_dagrun for consume_1_or_2_with_dataset_expressions to None, run_after=None
[2025-06-05T05:01:17.792+0000] {logging_mixin.py:190} INFO - [2025-06-05T05:01:17.792+0000] {dag.py:4180} INFO - Setting next_dagrun for consume_1_or_both_2_and_3_with_dataset_expressions to None, run_after=None
[2025-06-05T05:01:17.797+0000] {logging_mixin.py:190} INFO - [2025-06-05T05:01:17.796+0000] {dag.py:4180} INFO - Setting next_dagrun for dataset_consumes_1 to None, run_after=None
[2025-06-05T05:01:17.800+0000] {logging_mixin.py:190} INFO - [2025-06-05T05:01:17.800+0000] {dag.py:4180} INFO - Setting next_dagrun for dataset_consumes_1_and_2 to None, run_after=None
[2025-06-05T05:01:17.805+0000] {logging_mixin.py:190} INFO - [2025-06-05T05:01:17.805+0000] {dag.py:4180} INFO - Setting next_dagrun for dataset_consumes_1_never_scheduled to None, run_after=None
[2025-06-05T05:01:17.809+0000] {logging_mixin.py:190} INFO - [2025-06-05T05:01:17.809+0000] {dag.py:4180} INFO - Setting next_dagrun for dataset_consumes_unknown_never_scheduled to None, run_after=None
[2025-06-05T05:01:17.814+0000] {logging_mixin.py:190} INFO - [2025-06-05T05:01:17.813+0000] {dag.py:4180} INFO - Setting next_dagrun for dataset_produces_1 to 2025-06-04 00:00:00+00:00, run_after=2025-06-05 00:00:00+00:00
[2025-06-05T05:01:17.818+0000] {logging_mixin.py:190} INFO - [2025-06-05T05:01:17.818+0000] {dag.py:4180} INFO - Setting next_dagrun for dataset_produces_2 to None, run_after=None
[2025-06-05T05:01:17.923+0000] {processor.py:208} INFO - Processing /home/airflow/.local/lib/python3.10/site-packages/airflow/example_dags/example_datasets.py took 1.811 seconds
[2025-06-05T05:01:48.528+0000] {processor.py:186} INFO - Started process (PID=1728) to work on /home/airflow/.local/lib/python3.10/site-packages/airflow/example_dags/example_datasets.py
[2025-06-05T05:01:48.530+0000] {processor.py:914} INFO - Processing file /home/airflow/.local/lib/python3.10/site-packages/airflow/example_dags/example_datasets.py for tasks to queue
[2025-06-05T05:01:48.534+0000] {logging_mixin.py:190} INFO - [2025-06-05T05:01:48.533+0000] {dagbag.py:588} INFO - Filling up the DagBag from /home/airflow/.local/lib/python3.10/site-packages/airflow/example_dags/example_datasets.py
[2025-06-05T05:01:49.501+0000] {processor.py:925} INFO - DAG(s) 'consume_1_or_both_2_and_3_with_dataset_expressions', 'dataset_consumes_unknown_never_scheduled', 'consume_1_or_2_with_dataset_expressions', 'conditional_dataset_and_time_based_timetable', 'dataset_consumes_1', 'dataset_consumes_1_and_2', 'dataset_consumes_1_never_scheduled', 'consume_1_and_2_with_dataset_expressions', 'dataset_produces_2', 'dataset_produces_1' retrieved from /home/airflow/.local/lib/python3.10/site-packages/airflow/example_dags/example_datasets.py
[2025-06-05T05:01:49.729+0000] {logging_mixin.py:190} INFO - [2025-06-05T05:01:49.728+0000] {dag.py:3239} INFO - Sync 10 DAGs
[2025-06-05T05:01:49.782+0000] {logging_mixin.py:190} INFO - [2025-06-05T05:01:49.782+0000] {dag.py:4180} INFO - Setting next_dagrun for conditional_dataset_and_time_based_timetable to 2025-06-11 01:00:00+00:00, run_after=2025-06-11 01:00:00+00:00
[2025-06-05T05:01:49.792+0000] {logging_mixin.py:190} INFO - [2025-06-05T05:01:49.791+0000] {dag.py:4180} INFO - Setting next_dagrun for consume_1_and_2_with_dataset_expressions to None, run_after=None
[2025-06-05T05:01:49.797+0000] {logging_mixin.py:190} INFO - [2025-06-05T05:01:49.796+0000] {dag.py:4180} INFO - Setting next_dagrun for consume_1_or_2_with_dataset_expressions to None, run_after=None
[2025-06-05T05:01:49.801+0000] {logging_mixin.py:190} INFO - [2025-06-05T05:01:49.800+0000] {dag.py:4180} INFO - Setting next_dagrun for consume_1_or_both_2_and_3_with_dataset_expressions to None, run_after=None
[2025-06-05T05:01:49.807+0000] {logging_mixin.py:190} INFO - [2025-06-05T05:01:49.806+0000] {dag.py:4180} INFO - Setting next_dagrun for dataset_consumes_1 to None, run_after=None
[2025-06-05T05:01:49.811+0000] {logging_mixin.py:190} INFO - [2025-06-05T05:01:49.811+0000] {dag.py:4180} INFO - Setting next_dagrun for dataset_consumes_1_and_2 to None, run_after=None
[2025-06-05T05:01:49.816+0000] {logging_mixin.py:190} INFO - [2025-06-05T05:01:49.816+0000] {dag.py:4180} INFO - Setting next_dagrun for dataset_consumes_1_never_scheduled to None, run_after=None
[2025-06-05T05:01:49.822+0000] {logging_mixin.py:190} INFO - [2025-06-05T05:01:49.821+0000] {dag.py:4180} INFO - Setting next_dagrun for dataset_consumes_unknown_never_scheduled to None, run_after=None
[2025-06-05T05:01:49.828+0000] {logging_mixin.py:190} INFO - [2025-06-05T05:01:49.827+0000] {dag.py:4180} INFO - Setting next_dagrun for dataset_produces_1 to 2025-06-04 00:00:00+00:00, run_after=2025-06-05 00:00:00+00:00
[2025-06-05T05:01:49.832+0000] {logging_mixin.py:190} INFO - [2025-06-05T05:01:49.832+0000] {dag.py:4180} INFO - Setting next_dagrun for dataset_produces_2 to None, run_after=None
[2025-06-05T05:01:49.960+0000] {processor.py:208} INFO - Processing /home/airflow/.local/lib/python3.10/site-packages/airflow/example_dags/example_datasets.py took 1.447 seconds
[2025-06-05T05:02:04.285+0000] {processor.py:186} INFO - Started process (PID=1963) to work on /home/airflow/.local/lib/python3.10/site-packages/airflow/example_dags/example_datasets.py
[2025-06-05T05:02:04.287+0000] {processor.py:914} INFO - Processing file /home/airflow/.local/lib/python3.10/site-packages/airflow/example_dags/example_datasets.py for tasks to queue
[2025-06-05T05:02:04.290+0000] {logging_mixin.py:190} INFO - [2025-06-05T05:02:04.289+0000] {dagbag.py:588} INFO - Filling up the DagBag from /home/airflow/.local/lib/python3.10/site-packages/airflow/example_dags/example_datasets.py
[2025-06-05T05:02:04.980+0000] {processor.py:925} INFO - DAG(s) 'dataset_produces_1', 'dataset_consumes_1_never_scheduled', 'dataset_consumes_1', 'dataset_consumes_unknown_never_scheduled', 'conditional_dataset_and_time_based_timetable', 'consume_1_and_2_with_dataset_expressions', 'consume_1_or_both_2_and_3_with_dataset_expressions', 'dataset_produces_2', 'consume_1_or_2_with_dataset_expressions', 'dataset_consumes_1_and_2' retrieved from /home/airflow/.local/lib/python3.10/site-packages/airflow/example_dags/example_datasets.py
[2025-06-05T05:02:05.172+0000] {logging_mixin.py:190} INFO - [2025-06-05T05:02:05.171+0000] {dag.py:3239} INFO - Sync 10 DAGs
[2025-06-05T05:02:05.223+0000] {logging_mixin.py:190} INFO - [2025-06-05T05:02:05.223+0000] {dag.py:4180} INFO - Setting next_dagrun for conditional_dataset_and_time_based_timetable to 2025-06-11 01:00:00+00:00, run_after=2025-06-11 01:00:00+00:00
[2025-06-05T05:02:05.233+0000] {logging_mixin.py:190} INFO - [2025-06-05T05:02:05.232+0000] {dag.py:4180} INFO - Setting next_dagrun for consume_1_and_2_with_dataset_expressions to None, run_after=None
[2025-06-05T05:02:05.241+0000] {logging_mixin.py:190} INFO - [2025-06-05T05:02:05.240+0000] {dag.py:4180} INFO - Setting next_dagrun for consume_1_or_2_with_dataset_expressions to None, run_after=None
[2025-06-05T05:02:05.248+0000] {logging_mixin.py:190} INFO - [2025-06-05T05:02:05.247+0000] {dag.py:4180} INFO - Setting next_dagrun for consume_1_or_both_2_and_3_with_dataset_expressions to None, run_after=None
[2025-06-05T05:02:05.255+0000] {logging_mixin.py:190} INFO - [2025-06-05T05:02:05.254+0000] {dag.py:4180} INFO - Setting next_dagrun for dataset_consumes_1 to None, run_after=None
[2025-06-05T05:02:05.260+0000] {logging_mixin.py:190} INFO - [2025-06-05T05:02:05.260+0000] {dag.py:4180} INFO - Setting next_dagrun for dataset_consumes_1_and_2 to None, run_after=None
[2025-06-05T05:02:05.266+0000] {logging_mixin.py:190} INFO - [2025-06-05T05:02:05.265+0000] {dag.py:4180} INFO - Setting next_dagrun for dataset_consumes_1_never_scheduled to None, run_after=None
[2025-06-05T05:02:05.273+0000] {logging_mixin.py:190} INFO - [2025-06-05T05:02:05.273+0000] {dag.py:4180} INFO - Setting next_dagrun for dataset_consumes_unknown_never_scheduled to None, run_after=None
[2025-06-05T05:02:05.282+0000] {logging_mixin.py:190} INFO - [2025-06-05T05:02:05.281+0000] {dag.py:4180} INFO - Setting next_dagrun for dataset_produces_1 to 2025-06-04 00:00:00+00:00, run_after=2025-06-05 00:00:00+00:00
[2025-06-05T05:02:05.287+0000] {logging_mixin.py:190} INFO - [2025-06-05T05:02:05.286+0000] {dag.py:4180} INFO - Setting next_dagrun for dataset_produces_2 to None, run_after=None
[2025-06-05T05:02:05.447+0000] {processor.py:208} INFO - Processing /home/airflow/.local/lib/python3.10/site-packages/airflow/example_dags/example_datasets.py took 1.172 seconds
[2025-06-05T05:02:36.171+0000] {processor.py:186} INFO - Started process (PID=2255) to work on /home/airflow/.local/lib/python3.10/site-packages/airflow/example_dags/example_datasets.py
[2025-06-05T05:02:36.174+0000] {processor.py:914} INFO - Processing file /home/airflow/.local/lib/python3.10/site-packages/airflow/example_dags/example_datasets.py for tasks to queue
[2025-06-05T05:02:36.177+0000] {logging_mixin.py:190} INFO - [2025-06-05T05:02:36.176+0000] {dagbag.py:588} INFO - Filling up the DagBag from /home/airflow/.local/lib/python3.10/site-packages/airflow/example_dags/example_datasets.py
[2025-06-05T05:02:36.968+0000] {processor.py:925} INFO - DAG(s) 'dataset_consumes_unknown_never_scheduled', 'dataset_produces_1', 'consume_1_or_both_2_and_3_with_dataset_expressions', 'dataset_consumes_1_never_scheduled', 'dataset_produces_2', 'consume_1_or_2_with_dataset_expressions', 'dataset_consumes_1', 'consume_1_and_2_with_dataset_expressions', 'conditional_dataset_and_time_based_timetable', 'dataset_consumes_1_and_2' retrieved from /home/airflow/.local/lib/python3.10/site-packages/airflow/example_dags/example_datasets.py
[2025-06-05T05:02:37.138+0000] {logging_mixin.py:190} INFO - [2025-06-05T05:02:37.138+0000] {dag.py:3239} INFO - Sync 10 DAGs
[2025-06-05T05:02:37.178+0000] {logging_mixin.py:190} INFO - [2025-06-05T05:02:37.177+0000] {dag.py:4180} INFO - Setting next_dagrun for conditional_dataset_and_time_based_timetable to 2025-06-11 01:00:00+00:00, run_after=2025-06-11 01:00:00+00:00
[2025-06-05T05:02:37.183+0000] {logging_mixin.py:190} INFO - [2025-06-05T05:02:37.183+0000] {dag.py:4180} INFO - Setting next_dagrun for consume_1_and_2_with_dataset_expressions to None, run_after=None
[2025-06-05T05:02:37.187+0000] {logging_mixin.py:190} INFO - [2025-06-05T05:02:37.186+0000] {dag.py:4180} INFO - Setting next_dagrun for consume_1_or_2_with_dataset_expressions to None, run_after=None
[2025-06-05T05:02:37.191+0000] {logging_mixin.py:190} INFO - [2025-06-05T05:02:37.191+0000] {dag.py:4180} INFO - Setting next_dagrun for consume_1_or_both_2_and_3_with_dataset_expressions to None, run_after=None
[2025-06-05T05:02:37.195+0000] {logging_mixin.py:190} INFO - [2025-06-05T05:02:37.195+0000] {dag.py:4180} INFO - Setting next_dagrun for dataset_consumes_1 to None, run_after=None
[2025-06-05T05:02:37.200+0000] {logging_mixin.py:190} INFO - [2025-06-05T05:02:37.200+0000] {dag.py:4180} INFO - Setting next_dagrun for dataset_consumes_1_and_2 to None, run_after=None
[2025-06-05T05:02:37.204+0000] {logging_mixin.py:190} INFO - [2025-06-05T05:02:37.203+0000] {dag.py:4180} INFO - Setting next_dagrun for dataset_consumes_1_never_scheduled to None, run_after=None
[2025-06-05T05:02:37.207+0000] {logging_mixin.py:190} INFO - [2025-06-05T05:02:37.207+0000] {dag.py:4180} INFO - Setting next_dagrun for dataset_consumes_unknown_never_scheduled to None, run_after=None
[2025-06-05T05:02:37.213+0000] {logging_mixin.py:190} INFO - [2025-06-05T05:02:37.213+0000] {dag.py:4180} INFO - Setting next_dagrun for dataset_produces_1 to 2025-06-04 00:00:00+00:00, run_after=2025-06-05 00:00:00+00:00
[2025-06-05T05:02:37.217+0000] {logging_mixin.py:190} INFO - [2025-06-05T05:02:37.216+0000] {dag.py:4180} INFO - Setting next_dagrun for dataset_produces_2 to None, run_after=None
[2025-06-05T05:02:37.363+0000] {processor.py:208} INFO - Processing /home/airflow/.local/lib/python3.10/site-packages/airflow/example_dags/example_datasets.py took 1.209 seconds
[2025-06-05T05:03:07.633+0000] {processor.py:186} INFO - Started process (PID=2560) to work on /home/airflow/.local/lib/python3.10/site-packages/airflow/example_dags/example_datasets.py
[2025-06-05T05:03:07.636+0000] {processor.py:914} INFO - Processing file /home/airflow/.local/lib/python3.10/site-packages/airflow/example_dags/example_datasets.py for tasks to queue
[2025-06-05T05:03:07.641+0000] {logging_mixin.py:190} INFO - [2025-06-05T05:03:07.640+0000] {dagbag.py:588} INFO - Filling up the DagBag from /home/airflow/.local/lib/python3.10/site-packages/airflow/example_dags/example_datasets.py
[2025-06-05T05:03:08.456+0000] {processor.py:925} INFO - DAG(s) 'dataset_consumes_1_and_2', 'dataset_consumes_1', 'dataset_produces_2', 'consume_1_or_both_2_and_3_with_dataset_expressions', 'dataset_consumes_1_never_scheduled', 'consume_1_and_2_with_dataset_expressions', 'dataset_produces_1', 'conditional_dataset_and_time_based_timetable', 'consume_1_or_2_with_dataset_expressions', 'dataset_consumes_unknown_never_scheduled' retrieved from /home/airflow/.local/lib/python3.10/site-packages/airflow/example_dags/example_datasets.py
[2025-06-05T05:03:08.599+0000] {logging_mixin.py:190} INFO - [2025-06-05T05:03:08.598+0000] {dag.py:3239} INFO - Sync 10 DAGs
[2025-06-05T05:03:08.637+0000] {logging_mixin.py:190} INFO - [2025-06-05T05:03:08.637+0000] {dag.py:4180} INFO - Setting next_dagrun for conditional_dataset_and_time_based_timetable to 2025-06-11 01:00:00+00:00, run_after=2025-06-11 01:00:00+00:00
[2025-06-05T05:03:08.643+0000] {logging_mixin.py:190} INFO - [2025-06-05T05:03:08.643+0000] {dag.py:4180} INFO - Setting next_dagrun for consume_1_and_2_with_dataset_expressions to None, run_after=None
[2025-06-05T05:03:08.647+0000] {logging_mixin.py:190} INFO - [2025-06-05T05:03:08.647+0000] {dag.py:4180} INFO - Setting next_dagrun for consume_1_or_2_with_dataset_expressions to None, run_after=None
[2025-06-05T05:03:08.652+0000] {logging_mixin.py:190} INFO - [2025-06-05T05:03:08.651+0000] {dag.py:4180} INFO - Setting next_dagrun for consume_1_or_both_2_and_3_with_dataset_expressions to None, run_after=None
[2025-06-05T05:03:08.655+0000] {logging_mixin.py:190} INFO - [2025-06-05T05:03:08.655+0000] {dag.py:4180} INFO - Setting next_dagrun for dataset_consumes_1 to None, run_after=None
[2025-06-05T05:03:08.659+0000] {logging_mixin.py:190} INFO - [2025-06-05T05:03:08.659+0000] {dag.py:4180} INFO - Setting next_dagrun for dataset_consumes_1_and_2 to None, run_after=None
[2025-06-05T05:03:08.662+0000] {logging_mixin.py:190} INFO - [2025-06-05T05:03:08.662+0000] {dag.py:4180} INFO - Setting next_dagrun for dataset_consumes_1_never_scheduled to None, run_after=None
[2025-06-05T05:03:08.666+0000] {logging_mixin.py:190} INFO - [2025-06-05T05:03:08.665+0000] {dag.py:4180} INFO - Setting next_dagrun for dataset_consumes_unknown_never_scheduled to None, run_after=None
[2025-06-05T05:03:08.671+0000] {logging_mixin.py:190} INFO - [2025-06-05T05:03:08.671+0000] {dag.py:4180} INFO - Setting next_dagrun for dataset_produces_1 to 2025-06-04 00:00:00+00:00, run_after=2025-06-05 00:00:00+00:00
[2025-06-05T05:03:08.676+0000] {logging_mixin.py:190} INFO - [2025-06-05T05:03:08.676+0000] {dag.py:4180} INFO - Setting next_dagrun for dataset_produces_2 to None, run_after=None
[2025-06-05T05:03:08.782+0000] {processor.py:208} INFO - Processing /home/airflow/.local/lib/python3.10/site-packages/airflow/example_dags/example_datasets.py took 1.164 seconds
[2025-06-05T05:03:39.048+0000] {processor.py:186} INFO - Started process (PID=2858) to work on /home/airflow/.local/lib/python3.10/site-packages/airflow/example_dags/example_datasets.py
[2025-06-05T05:03:39.051+0000] {processor.py:914} INFO - Processing file /home/airflow/.local/lib/python3.10/site-packages/airflow/example_dags/example_datasets.py for tasks to queue
[2025-06-05T05:03:39.054+0000] {logging_mixin.py:190} INFO - [2025-06-05T05:03:39.053+0000] {dagbag.py:588} INFO - Filling up the DagBag from /home/airflow/.local/lib/python3.10/site-packages/airflow/example_dags/example_datasets.py
[2025-06-05T05:03:39.866+0000] {processor.py:925} INFO - DAG(s) 'dataset_produces_2', 'dataset_consumes_1_and_2', 'dataset_consumes_unknown_never_scheduled', 'conditional_dataset_and_time_based_timetable', 'consume_1_and_2_with_dataset_expressions', 'consume_1_or_2_with_dataset_expressions', 'dataset_consumes_1_never_scheduled', 'consume_1_or_both_2_and_3_with_dataset_expressions', 'dataset_consumes_1', 'dataset_produces_1' retrieved from /home/airflow/.local/lib/python3.10/site-packages/airflow/example_dags/example_datasets.py
[2025-06-05T05:03:40.026+0000] {logging_mixin.py:190} INFO - [2025-06-05T05:03:40.026+0000] {dag.py:3239} INFO - Sync 10 DAGs
[2025-06-05T05:03:40.071+0000] {logging_mixin.py:190} INFO - [2025-06-05T05:03:40.070+0000] {dag.py:4180} INFO - Setting next_dagrun for conditional_dataset_and_time_based_timetable to 2025-06-11 01:00:00+00:00, run_after=2025-06-11 01:00:00+00:00
[2025-06-05T05:03:40.077+0000] {logging_mixin.py:190} INFO - [2025-06-05T05:03:40.077+0000] {dag.py:4180} INFO - Setting next_dagrun for consume_1_and_2_with_dataset_expressions to None, run_after=None
[2025-06-05T05:03:40.081+0000] {logging_mixin.py:190} INFO - [2025-06-05T05:03:40.081+0000] {dag.py:4180} INFO - Setting next_dagrun for consume_1_or_2_with_dataset_expressions to None, run_after=None
[2025-06-05T05:03:40.085+0000] {logging_mixin.py:190} INFO - [2025-06-05T05:03:40.085+0000] {dag.py:4180} INFO - Setting next_dagrun for consume_1_or_both_2_and_3_with_dataset_expressions to None, run_after=None
[2025-06-05T05:03:40.089+0000] {logging_mixin.py:190} INFO - [2025-06-05T05:03:40.088+0000] {dag.py:4180} INFO - Setting next_dagrun for dataset_consumes_1 to None, run_after=None
[2025-06-05T05:03:40.092+0000] {logging_mixin.py:190} INFO - [2025-06-05T05:03:40.092+0000] {dag.py:4180} INFO - Setting next_dagrun for dataset_consumes_1_and_2 to None, run_after=None
[2025-06-05T05:03:40.096+0000] {logging_mixin.py:190} INFO - [2025-06-05T05:03:40.096+0000] {dag.py:4180} INFO - Setting next_dagrun for dataset_consumes_1_never_scheduled to None, run_after=None
[2025-06-05T05:03:40.101+0000] {logging_mixin.py:190} INFO - [2025-06-05T05:03:40.101+0000] {dag.py:4180} INFO - Setting next_dagrun for dataset_consumes_unknown_never_scheduled to None, run_after=None
[2025-06-05T05:03:40.108+0000] {logging_mixin.py:190} INFO - [2025-06-05T05:03:40.107+0000] {dag.py:4180} INFO - Setting next_dagrun for dataset_produces_1 to 2025-06-04 00:00:00+00:00, run_after=2025-06-05 00:00:00+00:00
[2025-06-05T05:03:40.112+0000] {logging_mixin.py:190} INFO - [2025-06-05T05:03:40.111+0000] {dag.py:4180} INFO - Setting next_dagrun for dataset_produces_2 to None, run_after=None
[2025-06-05T05:03:40.244+0000] {processor.py:208} INFO - Processing /home/airflow/.local/lib/python3.10/site-packages/airflow/example_dags/example_datasets.py took 1.212 seconds
[2025-06-05T05:04:10.487+0000] {processor.py:186} INFO - Started process (PID=3160) to work on /home/airflow/.local/lib/python3.10/site-packages/airflow/example_dags/example_datasets.py
[2025-06-05T05:04:10.489+0000] {processor.py:914} INFO - Processing file /home/airflow/.local/lib/python3.10/site-packages/airflow/example_dags/example_datasets.py for tasks to queue
[2025-06-05T05:04:10.491+0000] {logging_mixin.py:190} INFO - [2025-06-05T05:04:10.491+0000] {dagbag.py:588} INFO - Filling up the DagBag from /home/airflow/.local/lib/python3.10/site-packages/airflow/example_dags/example_datasets.py
[2025-06-05T05:04:11.096+0000] {processor.py:925} INFO - DAG(s) 'dataset_consumes_1_and_2', 'dataset_consumes_1_never_scheduled', 'consume_1_and_2_with_dataset_expressions', 'consume_1_or_both_2_and_3_with_dataset_expressions', 'dataset_consumes_unknown_never_scheduled', 'dataset_consumes_1', 'dataset_produces_2', 'conditional_dataset_and_time_based_timetable', 'dataset_produces_1', 'consume_1_or_2_with_dataset_expressions' retrieved from /home/airflow/.local/lib/python3.10/site-packages/airflow/example_dags/example_datasets.py
[2025-06-05T05:04:11.218+0000] {logging_mixin.py:190} INFO - [2025-06-05T05:04:11.218+0000] {dag.py:3239} INFO - Sync 10 DAGs
[2025-06-05T05:04:11.253+0000] {logging_mixin.py:190} INFO - [2025-06-05T05:04:11.252+0000] {dag.py:4180} INFO - Setting next_dagrun for conditional_dataset_and_time_based_timetable to 2025-06-11 01:00:00+00:00, run_after=2025-06-11 01:00:00+00:00
[2025-06-05T05:04:11.260+0000] {logging_mixin.py:190} INFO - [2025-06-05T05:04:11.260+0000] {dag.py:4180} INFO - Setting next_dagrun for consume_1_and_2_with_dataset_expressions to None, run_after=None
[2025-06-05T05:04:11.264+0000] {logging_mixin.py:190} INFO - [2025-06-05T05:04:11.264+0000] {dag.py:4180} INFO - Setting next_dagrun for consume_1_or_2_with_dataset_expressions to None, run_after=None
[2025-06-05T05:04:11.268+0000] {logging_mixin.py:190} INFO - [2025-06-05T05:04:11.267+0000] {dag.py:4180} INFO - Setting next_dagrun for consume_1_or_both_2_and_3_with_dataset_expressions to None, run_after=None
[2025-06-05T05:04:11.270+0000] {logging_mixin.py:190} INFO - [2025-06-05T05:04:11.270+0000] {dag.py:4180} INFO - Setting next_dagrun for dataset_consumes_1 to None, run_after=None
[2025-06-05T05:04:11.273+0000] {logging_mixin.py:190} INFO - [2025-06-05T05:04:11.273+0000] {dag.py:4180} INFO - Setting next_dagrun for dataset_consumes_1_and_2 to None, run_after=None
[2025-06-05T05:04:11.278+0000] {logging_mixin.py:190} INFO - [2025-06-05T05:04:11.278+0000] {dag.py:4180} INFO - Setting next_dagrun for dataset_consumes_1_never_scheduled to None, run_after=None
[2025-06-05T05:04:11.281+0000] {logging_mixin.py:190} INFO - [2025-06-05T05:04:11.281+0000] {dag.py:4180} INFO - Setting next_dagrun for dataset_consumes_unknown_never_scheduled to None, run_after=None
[2025-06-05T05:04:11.286+0000] {logging_mixin.py:190} INFO - [2025-06-05T05:04:11.286+0000] {dag.py:4180} INFO - Setting next_dagrun for dataset_produces_1 to 2025-06-04 00:00:00+00:00, run_after=2025-06-05 00:00:00+00:00
[2025-06-05T05:04:11.290+0000] {logging_mixin.py:190} INFO - [2025-06-05T05:04:11.290+0000] {dag.py:4180} INFO - Setting next_dagrun for dataset_produces_2 to None, run_after=None
[2025-06-05T05:04:11.455+0000] {processor.py:208} INFO - Processing /home/airflow/.local/lib/python3.10/site-packages/airflow/example_dags/example_datasets.py took 0.980 seconds
[2025-06-05T05:04:41.602+0000] {processor.py:186} INFO - Started process (PID=3445) to work on /home/airflow/.local/lib/python3.10/site-packages/airflow/example_dags/example_datasets.py
[2025-06-05T05:04:41.604+0000] {processor.py:914} INFO - Processing file /home/airflow/.local/lib/python3.10/site-packages/airflow/example_dags/example_datasets.py for tasks to queue
[2025-06-05T05:04:41.608+0000] {logging_mixin.py:190} INFO - [2025-06-05T05:04:41.607+0000] {dagbag.py:588} INFO - Filling up the DagBag from /home/airflow/.local/lib/python3.10/site-packages/airflow/example_dags/example_datasets.py
[2025-06-05T05:04:42.290+0000] {processor.py:925} INFO - DAG(s) 'consume_1_and_2_with_dataset_expressions', 'dataset_consumes_1_and_2', 'consume_1_or_both_2_and_3_with_dataset_expressions', 'dataset_consumes_unknown_never_scheduled', 'dataset_consumes_1', 'dataset_consumes_1_never_scheduled', 'dataset_produces_2', 'consume_1_or_2_with_dataset_expressions', 'dataset_produces_1', 'conditional_dataset_and_time_based_timetable' retrieved from /home/airflow/.local/lib/python3.10/site-packages/airflow/example_dags/example_datasets.py
[2025-06-05T05:04:42.439+0000] {logging_mixin.py:190} INFO - [2025-06-05T05:04:42.438+0000] {dag.py:3239} INFO - Sync 10 DAGs
[2025-06-05T05:04:42.470+0000] {logging_mixin.py:190} INFO - [2025-06-05T05:04:42.470+0000] {dag.py:4180} INFO - Setting next_dagrun for conditional_dataset_and_time_based_timetable to 2025-06-11 01:00:00+00:00, run_after=2025-06-11 01:00:00+00:00
[2025-06-05T05:04:42.476+0000] {logging_mixin.py:190} INFO - [2025-06-05T05:04:42.475+0000] {dag.py:4180} INFO - Setting next_dagrun for consume_1_and_2_with_dataset_expressions to None, run_after=None
[2025-06-05T05:04:42.480+0000] {logging_mixin.py:190} INFO - [2025-06-05T05:04:42.480+0000] {dag.py:4180} INFO - Setting next_dagrun for consume_1_or_2_with_dataset_expressions to None, run_after=None
[2025-06-05T05:04:42.484+0000] {logging_mixin.py:190} INFO - [2025-06-05T05:04:42.484+0000] {dag.py:4180} INFO - Setting next_dagrun for consume_1_or_both_2_and_3_with_dataset_expressions to None, run_after=None
[2025-06-05T05:04:42.488+0000] {logging_mixin.py:190} INFO - [2025-06-05T05:04:42.488+0000] {dag.py:4180} INFO - Setting next_dagrun for dataset_consumes_1 to None, run_after=None
[2025-06-05T05:04:42.492+0000] {logging_mixin.py:190} INFO - [2025-06-05T05:04:42.491+0000] {dag.py:4180} INFO - Setting next_dagrun for dataset_consumes_1_and_2 to None, run_after=None
[2025-06-05T05:04:42.497+0000] {logging_mixin.py:190} INFO - [2025-06-05T05:04:42.496+0000] {dag.py:4180} INFO - Setting next_dagrun for dataset_consumes_1_never_scheduled to None, run_after=None
[2025-06-05T05:04:42.501+0000] {logging_mixin.py:190} INFO - [2025-06-05T05:04:42.500+0000] {dag.py:4180} INFO - Setting next_dagrun for dataset_consumes_unknown_never_scheduled to None, run_after=None
[2025-06-05T05:04:42.506+0000] {logging_mixin.py:190} INFO - [2025-06-05T05:04:42.506+0000] {dag.py:4180} INFO - Setting next_dagrun for dataset_produces_1 to 2025-06-04 00:00:00+00:00, run_after=2025-06-05 00:00:00+00:00
[2025-06-05T05:04:42.510+0000] {logging_mixin.py:190} INFO - [2025-06-05T05:04:42.509+0000] {dag.py:4180} INFO - Setting next_dagrun for dataset_produces_2 to None, run_after=None
[2025-06-05T05:04:42.635+0000] {processor.py:208} INFO - Processing /home/airflow/.local/lib/python3.10/site-packages/airflow/example_dags/example_datasets.py took 1.050 seconds
[2025-06-05T05:05:12.777+0000] {processor.py:186} INFO - Started process (PID=3743) to work on /home/airflow/.local/lib/python3.10/site-packages/airflow/example_dags/example_datasets.py
[2025-06-05T05:05:12.779+0000] {processor.py:914} INFO - Processing file /home/airflow/.local/lib/python3.10/site-packages/airflow/example_dags/example_datasets.py for tasks to queue
[2025-06-05T05:05:12.782+0000] {logging_mixin.py:190} INFO - [2025-06-05T05:05:12.781+0000] {dagbag.py:588} INFO - Filling up the DagBag from /home/airflow/.local/lib/python3.10/site-packages/airflow/example_dags/example_datasets.py
[2025-06-05T05:05:13.591+0000] {processor.py:925} INFO - DAG(s) 'consume_1_or_2_with_dataset_expressions', 'dataset_consumes_1_never_scheduled', 'conditional_dataset_and_time_based_timetable', 'consume_1_or_both_2_and_3_with_dataset_expressions', 'dataset_consumes_unknown_never_scheduled', 'dataset_produces_2', 'dataset_produces_1', 'dataset_consumes_1', 'consume_1_and_2_with_dataset_expressions', 'dataset_consumes_1_and_2' retrieved from /home/airflow/.local/lib/python3.10/site-packages/airflow/example_dags/example_datasets.py
[2025-06-05T05:05:13.780+0000] {logging_mixin.py:190} INFO - [2025-06-05T05:05:13.780+0000] {dag.py:3239} INFO - Sync 10 DAGs
[2025-06-05T05:05:13.832+0000] {logging_mixin.py:190} INFO - [2025-06-05T05:05:13.831+0000] {dag.py:4180} INFO - Setting next_dagrun for conditional_dataset_and_time_based_timetable to 2025-06-11 01:00:00+00:00, run_after=2025-06-11 01:00:00+00:00
[2025-06-05T05:05:13.838+0000] {logging_mixin.py:190} INFO - [2025-06-05T05:05:13.838+0000] {dag.py:4180} INFO - Setting next_dagrun for consume_1_and_2_with_dataset_expressions to None, run_after=None
[2025-06-05T05:05:13.843+0000] {logging_mixin.py:190} INFO - [2025-06-05T05:05:13.843+0000] {dag.py:4180} INFO - Setting next_dagrun for consume_1_or_2_with_dataset_expressions to None, run_after=None
[2025-06-05T05:05:13.849+0000] {logging_mixin.py:190} INFO - [2025-06-05T05:05:13.848+0000] {dag.py:4180} INFO - Setting next_dagrun for consume_1_or_both_2_and_3_with_dataset_expressions to None, run_after=None
[2025-06-05T05:05:13.853+0000] {logging_mixin.py:190} INFO - [2025-06-05T05:05:13.852+0000] {dag.py:4180} INFO - Setting next_dagrun for dataset_consumes_1 to None, run_after=None
[2025-06-05T05:05:13.856+0000] {logging_mixin.py:190} INFO - [2025-06-05T05:05:13.856+0000] {dag.py:4180} INFO - Setting next_dagrun for dataset_consumes_1_and_2 to None, run_after=None
[2025-06-05T05:05:13.861+0000] {logging_mixin.py:190} INFO - [2025-06-05T05:05:13.860+0000] {dag.py:4180} INFO - Setting next_dagrun for dataset_consumes_1_never_scheduled to None, run_after=None
[2025-06-05T05:05:13.865+0000] {logging_mixin.py:190} INFO - [2025-06-05T05:05:13.865+0000] {dag.py:4180} INFO - Setting next_dagrun for dataset_consumes_unknown_never_scheduled to None, run_after=None
[2025-06-05T05:05:13.872+0000] {logging_mixin.py:190} INFO - [2025-06-05T05:05:13.872+0000] {dag.py:4180} INFO - Setting next_dagrun for dataset_produces_1 to 2025-06-04 00:00:00+00:00, run_after=2025-06-05 00:00:00+00:00
[2025-06-05T05:05:13.880+0000] {logging_mixin.py:190} INFO - [2025-06-05T05:05:13.879+0000] {dag.py:4180} INFO - Setting next_dagrun for dataset_produces_2 to None, run_after=None
[2025-06-05T05:05:14.004+0000] {processor.py:208} INFO - Processing /home/airflow/.local/lib/python3.10/site-packages/airflow/example_dags/example_datasets.py took 1.241 seconds
