[2025-06-05T04:58:05.216+0000] {processor.py:186} INFO - Started process (PID=99407) to work on /home/airflow/.local/lib/python3.10/site-packages/airflow/example_dags/example_dataset_alias_with_no_taskflow.py
[2025-06-05T04:58:05.226+0000] {processor.py:914} INFO - Processing file /home/airflow/.local/lib/python3.10/site-packages/airflow/example_dags/example_dataset_alias_with_no_taskflow.py for tasks to queue
[2025-06-05T04:58:05.231+0000] {logging_mixin.py:190} INFO - [2025-06-05T04:58:05.230+0000] {dagbag.py:588} INFO - Filling up the DagBag from /home/airflow/.local/lib/python3.10/site-packages/airflow/example_dags/example_dataset_alias_with_no_taskflow.py
[2025-06-05T04:58:09.706+0000] {processor.py:925} INFO - DAG(s) 'dataset_s3_bucket_consumer_with_no_taskflow', 'dataset_alias_example_alias_producer_with_no_taskflow', 'dataset_s3_bucket_producer_with_no_taskflow', 'dataset_alias_example_alias_consumer_with_no_taskflow' retrieved from /home/airflow/.local/lib/python3.10/site-packages/airflow/example_dags/example_dataset_alias_with_no_taskflow.py
[2025-06-05T04:58:09.807+0000] {logging_mixin.py:190} INFO - [2025-06-05T04:58:09.804+0000] {dag.py:3239} INFO - Sync 4 DAGs
[2025-06-05T04:58:09.890+0000] {logging_mixin.py:190} INFO - [2025-06-05T04:58:09.889+0000] {dag.py:4180} INFO - Setting next_dagrun for dataset_alias_example_alias_consumer_with_no_taskflow to None, run_after=None
[2025-06-05T04:58:09.904+0000] {logging_mixin.py:190} INFO - [2025-06-05T04:58:09.903+0000] {dag.py:4180} INFO - Setting next_dagrun for dataset_alias_example_alias_producer_with_no_taskflow to None, run_after=None
[2025-06-05T04:58:09.916+0000] {logging_mixin.py:190} INFO - [2025-06-05T04:58:09.916+0000] {dag.py:4180} INFO - Setting next_dagrun for dataset_s3_bucket_consumer_with_no_taskflow to None, run_after=None
[2025-06-05T04:58:09.927+0000] {logging_mixin.py:190} INFO - [2025-06-05T04:58:09.925+0000] {dag.py:4180} INFO - Setting next_dagrun for dataset_s3_bucket_producer_with_no_taskflow to None, run_after=None
[2025-06-05T04:58:10.040+0000] {processor.py:208} INFO - Processing /home/airflow/.local/lib/python3.10/site-packages/airflow/example_dags/example_dataset_alias_with_no_taskflow.py took 2.624 seconds
[2025-06-05T04:58:40.462+0000] {processor.py:186} INFO - Started process (PID=99709) to work on /home/airflow/.local/lib/python3.10/site-packages/airflow/example_dags/example_dataset_alias_with_no_taskflow.py
[2025-06-05T04:58:40.464+0000] {processor.py:914} INFO - Processing file /home/airflow/.local/lib/python3.10/site-packages/airflow/example_dags/example_dataset_alias_with_no_taskflow.py for tasks to queue
[2025-06-05T04:58:40.467+0000] {logging_mixin.py:190} INFO - [2025-06-05T04:58:40.467+0000] {dagbag.py:588} INFO - Filling up the DagBag from /home/airflow/.local/lib/python3.10/site-packages/airflow/example_dags/example_dataset_alias_with_no_taskflow.py
[2025-06-05T04:58:41.168+0000] {processor.py:925} INFO - DAG(s) 'dataset_alias_example_alias_producer_with_no_taskflow', 'dataset_alias_example_alias_consumer_with_no_taskflow', 'dataset_s3_bucket_consumer_with_no_taskflow', 'dataset_s3_bucket_producer_with_no_taskflow' retrieved from /home/airflow/.local/lib/python3.10/site-packages/airflow/example_dags/example_dataset_alias_with_no_taskflow.py
[2025-06-05T04:58:41.649+0000] {logging_mixin.py:190} INFO - [2025-06-05T04:58:41.648+0000] {dag.py:3239} INFO - Sync 4 DAGs
[2025-06-05T04:58:41.684+0000] {logging_mixin.py:190} INFO - [2025-06-05T04:58:41.684+0000] {dag.py:4180} INFO - Setting next_dagrun for dataset_alias_example_alias_consumer_with_no_taskflow to None, run_after=None
[2025-06-05T04:58:41.692+0000] {logging_mixin.py:190} INFO - [2025-06-05T04:58:41.691+0000] {dag.py:4180} INFO - Setting next_dagrun for dataset_alias_example_alias_producer_with_no_taskflow to None, run_after=None
[2025-06-05T04:58:41.696+0000] {logging_mixin.py:190} INFO - [2025-06-05T04:58:41.696+0000] {dag.py:4180} INFO - Setting next_dagrun for dataset_s3_bucket_consumer_with_no_taskflow to None, run_after=None
[2025-06-05T04:58:41.701+0000] {logging_mixin.py:190} INFO - [2025-06-05T04:58:41.700+0000] {dag.py:4180} INFO - Setting next_dagrun for dataset_s3_bucket_producer_with_no_taskflow to None, run_after=None
[2025-06-05T04:58:41.762+0000] {processor.py:208} INFO - Processing /home/airflow/.local/lib/python3.10/site-packages/airflow/example_dags/example_dataset_alias_with_no_taskflow.py took 1.323 seconds
[2025-06-05T04:59:12.051+0000] {processor.py:186} INFO - Started process (PID=305) to work on /home/airflow/.local/lib/python3.10/site-packages/airflow/example_dags/example_dataset_alias_with_no_taskflow.py
[2025-06-05T04:59:12.054+0000] {processor.py:914} INFO - Processing file /home/airflow/.local/lib/python3.10/site-packages/airflow/example_dags/example_dataset_alias_with_no_taskflow.py for tasks to queue
[2025-06-05T04:59:12.058+0000] {logging_mixin.py:190} INFO - [2025-06-05T04:59:12.057+0000] {dagbag.py:588} INFO - Filling up the DagBag from /home/airflow/.local/lib/python3.10/site-packages/airflow/example_dags/example_dataset_alias_with_no_taskflow.py
[2025-06-05T04:59:12.791+0000] {processor.py:925} INFO - DAG(s) 'dataset_s3_bucket_producer_with_no_taskflow', 'dataset_s3_bucket_consumer_with_no_taskflow', 'dataset_alias_example_alias_consumer_with_no_taskflow', 'dataset_alias_example_alias_producer_with_no_taskflow' retrieved from /home/airflow/.local/lib/python3.10/site-packages/airflow/example_dags/example_dataset_alias_with_no_taskflow.py
[2025-06-05T04:59:12.869+0000] {logging_mixin.py:190} INFO - [2025-06-05T04:59:12.868+0000] {dag.py:3239} INFO - Sync 4 DAGs
[2025-06-05T04:59:13.220+0000] {logging_mixin.py:190} INFO - [2025-06-05T04:59:13.219+0000] {dag.py:4180} INFO - Setting next_dagrun for dataset_alias_example_alias_consumer_with_no_taskflow to None, run_after=None
[2025-06-05T04:59:13.228+0000] {logging_mixin.py:190} INFO - [2025-06-05T04:59:13.227+0000] {dag.py:4180} INFO - Setting next_dagrun for dataset_alias_example_alias_producer_with_no_taskflow to None, run_after=None
[2025-06-05T04:59:13.233+0000] {logging_mixin.py:190} INFO - [2025-06-05T04:59:13.232+0000] {dag.py:4180} INFO - Setting next_dagrun for dataset_s3_bucket_consumer_with_no_taskflow to None, run_after=None
[2025-06-05T04:59:13.238+0000] {logging_mixin.py:190} INFO - [2025-06-05T04:59:13.238+0000] {dag.py:4180} INFO - Setting next_dagrun for dataset_s3_bucket_producer_with_no_taskflow to None, run_after=None
[2025-06-05T04:59:13.328+0000] {processor.py:208} INFO - Processing /home/airflow/.local/lib/python3.10/site-packages/airflow/example_dags/example_dataset_alias_with_no_taskflow.py took 1.295 seconds
[2025-06-05T04:59:43.586+0000] {processor.py:186} INFO - Started process (PID=605) to work on /home/airflow/.local/lib/python3.10/site-packages/airflow/example_dags/example_dataset_alias_with_no_taskflow.py
[2025-06-05T04:59:43.588+0000] {processor.py:914} INFO - Processing file /home/airflow/.local/lib/python3.10/site-packages/airflow/example_dags/example_dataset_alias_with_no_taskflow.py for tasks to queue
[2025-06-05T04:59:43.592+0000] {logging_mixin.py:190} INFO - [2025-06-05T04:59:43.591+0000] {dagbag.py:588} INFO - Filling up the DagBag from /home/airflow/.local/lib/python3.10/site-packages/airflow/example_dags/example_dataset_alias_with_no_taskflow.py
[2025-06-05T04:59:44.228+0000] {processor.py:925} INFO - DAG(s) 'dataset_s3_bucket_producer_with_no_taskflow', 'dataset_s3_bucket_consumer_with_no_taskflow', 'dataset_alias_example_alias_consumer_with_no_taskflow', 'dataset_alias_example_alias_producer_with_no_taskflow' retrieved from /home/airflow/.local/lib/python3.10/site-packages/airflow/example_dags/example_dataset_alias_with_no_taskflow.py
[2025-06-05T04:59:44.280+0000] {logging_mixin.py:190} INFO - [2025-06-05T04:59:44.279+0000] {dag.py:3239} INFO - Sync 4 DAGs
[2025-06-05T04:59:44.598+0000] {logging_mixin.py:190} INFO - [2025-06-05T04:59:44.598+0000] {dag.py:4180} INFO - Setting next_dagrun for dataset_alias_example_alias_consumer_with_no_taskflow to None, run_after=None
[2025-06-05T04:59:44.606+0000] {logging_mixin.py:190} INFO - [2025-06-05T04:59:44.605+0000] {dag.py:4180} INFO - Setting next_dagrun for dataset_alias_example_alias_producer_with_no_taskflow to None, run_after=None
[2025-06-05T04:59:44.611+0000] {logging_mixin.py:190} INFO - [2025-06-05T04:59:44.610+0000] {dag.py:4180} INFO - Setting next_dagrun for dataset_s3_bucket_consumer_with_no_taskflow to None, run_after=None
[2025-06-05T04:59:44.614+0000] {logging_mixin.py:190} INFO - [2025-06-05T04:59:44.614+0000] {dag.py:4180} INFO - Setting next_dagrun for dataset_s3_bucket_producer_with_no_taskflow to None, run_after=None
[2025-06-05T04:59:44.673+0000] {processor.py:208} INFO - Processing /home/airflow/.local/lib/python3.10/site-packages/airflow/example_dags/example_dataset_alias_with_no_taskflow.py took 1.101 seconds
[2025-06-05T05:00:14.877+0000] {processor.py:186} INFO - Started process (PID=905) to work on /home/airflow/.local/lib/python3.10/site-packages/airflow/example_dags/example_dataset_alias_with_no_taskflow.py
[2025-06-05T05:00:14.879+0000] {processor.py:914} INFO - Processing file /home/airflow/.local/lib/python3.10/site-packages/airflow/example_dags/example_dataset_alias_with_no_taskflow.py for tasks to queue
[2025-06-05T05:00:14.882+0000] {logging_mixin.py:190} INFO - [2025-06-05T05:00:14.881+0000] {dagbag.py:588} INFO - Filling up the DagBag from /home/airflow/.local/lib/python3.10/site-packages/airflow/example_dags/example_dataset_alias_with_no_taskflow.py
[2025-06-05T05:00:15.619+0000] {processor.py:925} INFO - DAG(s) 'dataset_alias_example_alias_producer_with_no_taskflow', 'dataset_alias_example_alias_consumer_with_no_taskflow', 'dataset_s3_bucket_consumer_with_no_taskflow', 'dataset_s3_bucket_producer_with_no_taskflow' retrieved from /home/airflow/.local/lib/python3.10/site-packages/airflow/example_dags/example_dataset_alias_with_no_taskflow.py
[2025-06-05T05:00:15.684+0000] {logging_mixin.py:190} INFO - [2025-06-05T05:00:15.683+0000] {dag.py:3239} INFO - Sync 4 DAGs
[2025-06-05T05:00:15.721+0000] {logging_mixin.py:190} INFO - [2025-06-05T05:00:15.720+0000] {dag.py:4180} INFO - Setting next_dagrun for dataset_alias_example_alias_consumer_with_no_taskflow to None, run_after=None
[2025-06-05T05:00:15.727+0000] {logging_mixin.py:190} INFO - [2025-06-05T05:00:15.726+0000] {dag.py:4180} INFO - Setting next_dagrun for dataset_alias_example_alias_producer_with_no_taskflow to None, run_after=None
[2025-06-05T05:00:15.730+0000] {logging_mixin.py:190} INFO - [2025-06-05T05:00:15.730+0000] {dag.py:4180} INFO - Setting next_dagrun for dataset_s3_bucket_consumer_with_no_taskflow to None, run_after=None
[2025-06-05T05:00:15.734+0000] {logging_mixin.py:190} INFO - [2025-06-05T05:00:15.734+0000] {dag.py:4180} INFO - Setting next_dagrun for dataset_s3_bucket_producer_with_no_taskflow to None, run_after=None
[2025-06-05T05:00:15.791+0000] {processor.py:208} INFO - Processing /home/airflow/.local/lib/python3.10/site-packages/airflow/example_dags/example_dataset_alias_with_no_taskflow.py took 0.924 seconds
[2025-06-05T05:00:45.933+0000] {processor.py:186} INFO - Started process (PID=1195) to work on /home/airflow/.local/lib/python3.10/site-packages/airflow/example_dags/example_dataset_alias_with_no_taskflow.py
[2025-06-05T05:00:45.936+0000] {processor.py:914} INFO - Processing file /home/airflow/.local/lib/python3.10/site-packages/airflow/example_dags/example_dataset_alias_with_no_taskflow.py for tasks to queue
[2025-06-05T05:00:45.939+0000] {logging_mixin.py:190} INFO - [2025-06-05T05:00:45.939+0000] {dagbag.py:588} INFO - Filling up the DagBag from /home/airflow/.local/lib/python3.10/site-packages/airflow/example_dags/example_dataset_alias_with_no_taskflow.py
[2025-06-05T05:00:46.717+0000] {processor.py:925} INFO - DAG(s) 'dataset_alias_example_alias_producer_with_no_taskflow', 'dataset_s3_bucket_producer_with_no_taskflow', 'dataset_s3_bucket_consumer_with_no_taskflow', 'dataset_alias_example_alias_consumer_with_no_taskflow' retrieved from /home/airflow/.local/lib/python3.10/site-packages/airflow/example_dags/example_dataset_alias_with_no_taskflow.py
[2025-06-05T05:00:46.759+0000] {logging_mixin.py:190} INFO - [2025-06-05T05:00:46.759+0000] {dag.py:3239} INFO - Sync 4 DAGs
[2025-06-05T05:00:46.794+0000] {logging_mixin.py:190} INFO - [2025-06-05T05:00:46.794+0000] {dag.py:4180} INFO - Setting next_dagrun for dataset_alias_example_alias_consumer_with_no_taskflow to None, run_after=None
[2025-06-05T05:00:46.811+0000] {logging_mixin.py:190} INFO - [2025-06-05T05:00:46.810+0000] {dag.py:4180} INFO - Setting next_dagrun for dataset_alias_example_alias_producer_with_no_taskflow to None, run_after=None
[2025-06-05T05:00:46.815+0000] {logging_mixin.py:190} INFO - [2025-06-05T05:00:46.815+0000] {dag.py:4180} INFO - Setting next_dagrun for dataset_s3_bucket_consumer_with_no_taskflow to None, run_after=None
[2025-06-05T05:00:46.820+0000] {logging_mixin.py:190} INFO - [2025-06-05T05:00:46.820+0000] {dag.py:4180} INFO - Setting next_dagrun for dataset_s3_bucket_producer_with_no_taskflow to None, run_after=None
[2025-06-05T05:00:46.893+0000] {processor.py:208} INFO - Processing /home/airflow/.local/lib/python3.10/site-packages/airflow/example_dags/example_dataset_alias_with_no_taskflow.py took 0.994 seconds
[2025-06-05T05:01:19.035+0000] {processor.py:186} INFO - Started process (PID=1483) to work on /home/airflow/.local/lib/python3.10/site-packages/airflow/example_dags/example_dataset_alias_with_no_taskflow.py
[2025-06-05T05:01:19.037+0000] {processor.py:914} INFO - Processing file /home/airflow/.local/lib/python3.10/site-packages/airflow/example_dags/example_dataset_alias_with_no_taskflow.py for tasks to queue
[2025-06-05T05:01:19.039+0000] {logging_mixin.py:190} INFO - [2025-06-05T05:01:19.039+0000] {dagbag.py:588} INFO - Filling up the DagBag from /home/airflow/.local/lib/python3.10/site-packages/airflow/example_dags/example_dataset_alias_with_no_taskflow.py
[2025-06-05T05:01:19.806+0000] {processor.py:925} INFO - DAG(s) 'dataset_alias_example_alias_consumer_with_no_taskflow', 'dataset_s3_bucket_producer_with_no_taskflow', 'dataset_alias_example_alias_producer_with_no_taskflow', 'dataset_s3_bucket_consumer_with_no_taskflow' retrieved from /home/airflow/.local/lib/python3.10/site-packages/airflow/example_dags/example_dataset_alias_with_no_taskflow.py
[2025-06-05T05:01:19.849+0000] {logging_mixin.py:190} INFO - [2025-06-05T05:01:19.849+0000] {dag.py:3239} INFO - Sync 4 DAGs
[2025-06-05T05:01:19.878+0000] {logging_mixin.py:190} INFO - [2025-06-05T05:01:19.878+0000] {dag.py:4180} INFO - Setting next_dagrun for dataset_alias_example_alias_consumer_with_no_taskflow to None, run_after=None
[2025-06-05T05:01:19.885+0000] {logging_mixin.py:190} INFO - [2025-06-05T05:01:19.885+0000] {dag.py:4180} INFO - Setting next_dagrun for dataset_alias_example_alias_producer_with_no_taskflow to None, run_after=None
[2025-06-05T05:01:19.890+0000] {logging_mixin.py:190} INFO - [2025-06-05T05:01:19.889+0000] {dag.py:4180} INFO - Setting next_dagrun for dataset_s3_bucket_consumer_with_no_taskflow to None, run_after=None
[2025-06-05T05:01:19.894+0000] {logging_mixin.py:190} INFO - [2025-06-05T05:01:19.894+0000] {dag.py:4180} INFO - Setting next_dagrun for dataset_s3_bucket_producer_with_no_taskflow to None, run_after=None
[2025-06-05T05:01:19.956+0000] {processor.py:208} INFO - Processing /home/airflow/.local/lib/python3.10/site-packages/airflow/example_dags/example_dataset_alias_with_no_taskflow.py took 0.932 seconds
[2025-06-05T05:01:51.459+0000] {processor.py:186} INFO - Started process (PID=1785) to work on /home/airflow/.local/lib/python3.10/site-packages/airflow/example_dags/example_dataset_alias_with_no_taskflow.py
[2025-06-05T05:01:51.462+0000] {processor.py:914} INFO - Processing file /home/airflow/.local/lib/python3.10/site-packages/airflow/example_dags/example_dataset_alias_with_no_taskflow.py for tasks to queue
[2025-06-05T05:01:51.465+0000] {logging_mixin.py:190} INFO - [2025-06-05T05:01:51.464+0000] {dagbag.py:588} INFO - Filling up the DagBag from /home/airflow/.local/lib/python3.10/site-packages/airflow/example_dags/example_dataset_alias_with_no_taskflow.py
[2025-06-05T05:01:52.405+0000] {processor.py:925} INFO - DAG(s) 'dataset_alias_example_alias_consumer_with_no_taskflow', 'dataset_alias_example_alias_producer_with_no_taskflow', 'dataset_s3_bucket_consumer_with_no_taskflow', 'dataset_s3_bucket_producer_with_no_taskflow' retrieved from /home/airflow/.local/lib/python3.10/site-packages/airflow/example_dags/example_dataset_alias_with_no_taskflow.py
[2025-06-05T05:01:52.447+0000] {logging_mixin.py:190} INFO - [2025-06-05T05:01:52.447+0000] {dag.py:3239} INFO - Sync 4 DAGs
[2025-06-05T05:01:52.476+0000] {logging_mixin.py:190} INFO - [2025-06-05T05:01:52.476+0000] {dag.py:4180} INFO - Setting next_dagrun for dataset_alias_example_alias_consumer_with_no_taskflow to None, run_after=None
[2025-06-05T05:01:52.483+0000] {logging_mixin.py:190} INFO - [2025-06-05T05:01:52.483+0000] {dag.py:4180} INFO - Setting next_dagrun for dataset_alias_example_alias_producer_with_no_taskflow to None, run_after=None
[2025-06-05T05:01:52.487+0000] {logging_mixin.py:190} INFO - [2025-06-05T05:01:52.487+0000] {dag.py:4180} INFO - Setting next_dagrun for dataset_s3_bucket_consumer_with_no_taskflow to None, run_after=None
[2025-06-05T05:01:52.492+0000] {logging_mixin.py:190} INFO - [2025-06-05T05:01:52.491+0000] {dag.py:4180} INFO - Setting next_dagrun for dataset_s3_bucket_producer_with_no_taskflow to None, run_after=None
[2025-06-05T05:01:52.557+0000] {processor.py:208} INFO - Processing /home/airflow/.local/lib/python3.10/site-packages/airflow/example_dags/example_dataset_alias_with_no_taskflow.py took 1.112 seconds
[2025-06-05T05:02:06.239+0000] {processor.py:186} INFO - Started process (PID=2008) to work on /home/airflow/.local/lib/python3.10/site-packages/airflow/example_dags/example_dataset_alias_with_no_taskflow.py
[2025-06-05T05:02:06.242+0000] {processor.py:914} INFO - Processing file /home/airflow/.local/lib/python3.10/site-packages/airflow/example_dags/example_dataset_alias_with_no_taskflow.py for tasks to queue
[2025-06-05T05:02:06.245+0000] {logging_mixin.py:190} INFO - [2025-06-05T05:02:06.244+0000] {dagbag.py:588} INFO - Filling up the DagBag from /home/airflow/.local/lib/python3.10/site-packages/airflow/example_dags/example_dataset_alias_with_no_taskflow.py
[2025-06-05T05:02:07.040+0000] {processor.py:925} INFO - DAG(s) 'dataset_alias_example_alias_consumer_with_no_taskflow', 'dataset_s3_bucket_consumer_with_no_taskflow', 'dataset_alias_example_alias_producer_with_no_taskflow', 'dataset_s3_bucket_producer_with_no_taskflow' retrieved from /home/airflow/.local/lib/python3.10/site-packages/airflow/example_dags/example_dataset_alias_with_no_taskflow.py
[2025-06-05T05:02:07.084+0000] {logging_mixin.py:190} INFO - [2025-06-05T05:02:07.083+0000] {dag.py:3239} INFO - Sync 4 DAGs
[2025-06-05T05:02:07.111+0000] {logging_mixin.py:190} INFO - [2025-06-05T05:02:07.110+0000] {dag.py:4180} INFO - Setting next_dagrun for dataset_alias_example_alias_consumer_with_no_taskflow to None, run_after=None
[2025-06-05T05:02:07.121+0000] {logging_mixin.py:190} INFO - [2025-06-05T05:02:07.120+0000] {dag.py:4180} INFO - Setting next_dagrun for dataset_alias_example_alias_producer_with_no_taskflow to None, run_after=None
[2025-06-05T05:02:07.125+0000] {logging_mixin.py:190} INFO - [2025-06-05T05:02:07.125+0000] {dag.py:4180} INFO - Setting next_dagrun for dataset_s3_bucket_consumer_with_no_taskflow to None, run_after=None
[2025-06-05T05:02:07.129+0000] {logging_mixin.py:190} INFO - [2025-06-05T05:02:07.129+0000] {dag.py:4180} INFO - Setting next_dagrun for dataset_s3_bucket_producer_with_no_taskflow to None, run_after=None
[2025-06-05T05:02:07.188+0000] {processor.py:208} INFO - Processing /home/airflow/.local/lib/python3.10/site-packages/airflow/example_dags/example_dataset_alias_with_no_taskflow.py took 0.962 seconds
[2025-06-05T05:02:38.271+0000] {processor.py:186} INFO - Started process (PID=2298) to work on /home/airflow/.local/lib/python3.10/site-packages/airflow/example_dags/example_dataset_alias_with_no_taskflow.py
[2025-06-05T05:02:38.274+0000] {processor.py:914} INFO - Processing file /home/airflow/.local/lib/python3.10/site-packages/airflow/example_dags/example_dataset_alias_with_no_taskflow.py for tasks to queue
[2025-06-05T05:02:38.277+0000] {logging_mixin.py:190} INFO - [2025-06-05T05:02:38.276+0000] {dagbag.py:588} INFO - Filling up the DagBag from /home/airflow/.local/lib/python3.10/site-packages/airflow/example_dags/example_dataset_alias_with_no_taskflow.py
[2025-06-05T05:02:39.027+0000] {processor.py:925} INFO - DAG(s) 'dataset_s3_bucket_producer_with_no_taskflow', 'dataset_alias_example_alias_consumer_with_no_taskflow', 'dataset_s3_bucket_consumer_with_no_taskflow', 'dataset_alias_example_alias_producer_with_no_taskflow' retrieved from /home/airflow/.local/lib/python3.10/site-packages/airflow/example_dags/example_dataset_alias_with_no_taskflow.py
[2025-06-05T05:02:39.067+0000] {logging_mixin.py:190} INFO - [2025-06-05T05:02:39.066+0000] {dag.py:3239} INFO - Sync 4 DAGs
[2025-06-05T05:02:39.091+0000] {logging_mixin.py:190} INFO - [2025-06-05T05:02:39.090+0000] {dag.py:4180} INFO - Setting next_dagrun for dataset_alias_example_alias_consumer_with_no_taskflow to None, run_after=None
[2025-06-05T05:02:39.096+0000] {logging_mixin.py:190} INFO - [2025-06-05T05:02:39.095+0000] {dag.py:4180} INFO - Setting next_dagrun for dataset_alias_example_alias_producer_with_no_taskflow to None, run_after=None
[2025-06-05T05:02:39.099+0000] {logging_mixin.py:190} INFO - [2025-06-05T05:02:39.099+0000] {dag.py:4180} INFO - Setting next_dagrun for dataset_s3_bucket_consumer_with_no_taskflow to None, run_after=None
[2025-06-05T05:02:39.102+0000] {logging_mixin.py:190} INFO - [2025-06-05T05:02:39.102+0000] {dag.py:4180} INFO - Setting next_dagrun for dataset_s3_bucket_producer_with_no_taskflow to None, run_after=None
[2025-06-05T05:02:39.161+0000] {processor.py:208} INFO - Processing /home/airflow/.local/lib/python3.10/site-packages/airflow/example_dags/example_dataset_alias_with_no_taskflow.py took 0.902 seconds
[2025-06-05T05:03:09.996+0000] {processor.py:186} INFO - Started process (PID=2603) to work on /home/airflow/.local/lib/python3.10/site-packages/airflow/example_dags/example_dataset_alias_with_no_taskflow.py
[2025-06-05T05:03:09.998+0000] {processor.py:914} INFO - Processing file /home/airflow/.local/lib/python3.10/site-packages/airflow/example_dags/example_dataset_alias_with_no_taskflow.py for tasks to queue
[2025-06-05T05:03:10.002+0000] {logging_mixin.py:190} INFO - [2025-06-05T05:03:10.001+0000] {dagbag.py:588} INFO - Filling up the DagBag from /home/airflow/.local/lib/python3.10/site-packages/airflow/example_dags/example_dataset_alias_with_no_taskflow.py
[2025-06-05T05:03:10.804+0000] {processor.py:925} INFO - DAG(s) 'dataset_s3_bucket_producer_with_no_taskflow', 'dataset_alias_example_alias_consumer_with_no_taskflow', 'dataset_alias_example_alias_producer_with_no_taskflow', 'dataset_s3_bucket_consumer_with_no_taskflow' retrieved from /home/airflow/.local/lib/python3.10/site-packages/airflow/example_dags/example_dataset_alias_with_no_taskflow.py
[2025-06-05T05:03:10.845+0000] {logging_mixin.py:190} INFO - [2025-06-05T05:03:10.845+0000] {dag.py:3239} INFO - Sync 4 DAGs
[2025-06-05T05:03:10.876+0000] {logging_mixin.py:190} INFO - [2025-06-05T05:03:10.875+0000] {dag.py:4180} INFO - Setting next_dagrun for dataset_alias_example_alias_consumer_with_no_taskflow to None, run_after=None
[2025-06-05T05:03:10.881+0000] {logging_mixin.py:190} INFO - [2025-06-05T05:03:10.880+0000] {dag.py:4180} INFO - Setting next_dagrun for dataset_alias_example_alias_producer_with_no_taskflow to None, run_after=None
[2025-06-05T05:03:10.884+0000] {logging_mixin.py:190} INFO - [2025-06-05T05:03:10.884+0000] {dag.py:4180} INFO - Setting next_dagrun for dataset_s3_bucket_consumer_with_no_taskflow to None, run_after=None
[2025-06-05T05:03:10.888+0000] {logging_mixin.py:190} INFO - [2025-06-05T05:03:10.888+0000] {dag.py:4180} INFO - Setting next_dagrun for dataset_s3_bucket_producer_with_no_taskflow to None, run_after=None
[2025-06-05T05:03:11.011+0000] {processor.py:208} INFO - Processing /home/airflow/.local/lib/python3.10/site-packages/airflow/example_dags/example_dataset_alias_with_no_taskflow.py took 1.029 seconds
[2025-06-05T05:03:41.277+0000] {processor.py:186} INFO - Started process (PID=2898) to work on /home/airflow/.local/lib/python3.10/site-packages/airflow/example_dags/example_dataset_alias_with_no_taskflow.py
[2025-06-05T05:03:41.281+0000] {processor.py:914} INFO - Processing file /home/airflow/.local/lib/python3.10/site-packages/airflow/example_dags/example_dataset_alias_with_no_taskflow.py for tasks to queue
[2025-06-05T05:03:41.293+0000] {logging_mixin.py:190} INFO - [2025-06-05T05:03:41.290+0000] {dagbag.py:588} INFO - Filling up the DagBag from /home/airflow/.local/lib/python3.10/site-packages/airflow/example_dags/example_dataset_alias_with_no_taskflow.py
[2025-06-05T05:03:42.152+0000] {processor.py:925} INFO - DAG(s) 'dataset_s3_bucket_consumer_with_no_taskflow', 'dataset_s3_bucket_producer_with_no_taskflow', 'dataset_alias_example_alias_consumer_with_no_taskflow', 'dataset_alias_example_alias_producer_with_no_taskflow' retrieved from /home/airflow/.local/lib/python3.10/site-packages/airflow/example_dags/example_dataset_alias_with_no_taskflow.py
[2025-06-05T05:03:42.216+0000] {logging_mixin.py:190} INFO - [2025-06-05T05:03:42.215+0000] {dag.py:3239} INFO - Sync 4 DAGs
[2025-06-05T05:03:42.254+0000] {logging_mixin.py:190} INFO - [2025-06-05T05:03:42.254+0000] {dag.py:4180} INFO - Setting next_dagrun for dataset_alias_example_alias_consumer_with_no_taskflow to None, run_after=None
[2025-06-05T05:03:42.261+0000] {logging_mixin.py:190} INFO - [2025-06-05T05:03:42.260+0000] {dag.py:4180} INFO - Setting next_dagrun for dataset_alias_example_alias_producer_with_no_taskflow to None, run_after=None
[2025-06-05T05:03:42.264+0000] {logging_mixin.py:190} INFO - [2025-06-05T05:03:42.264+0000] {dag.py:4180} INFO - Setting next_dagrun for dataset_s3_bucket_consumer_with_no_taskflow to None, run_after=None
[2025-06-05T05:03:42.268+0000] {logging_mixin.py:190} INFO - [2025-06-05T05:03:42.268+0000] {dag.py:4180} INFO - Setting next_dagrun for dataset_s3_bucket_producer_with_no_taskflow to None, run_after=None
[2025-06-05T05:03:42.334+0000] {processor.py:208} INFO - Processing /home/airflow/.local/lib/python3.10/site-packages/airflow/example_dags/example_dataset_alias_with_no_taskflow.py took 1.085 seconds
[2025-06-05T05:04:12.483+0000] {processor.py:186} INFO - Started process (PID=3203) to work on /home/airflow/.local/lib/python3.10/site-packages/airflow/example_dags/example_dataset_alias_with_no_taskflow.py
[2025-06-05T05:04:12.485+0000] {processor.py:914} INFO - Processing file /home/airflow/.local/lib/python3.10/site-packages/airflow/example_dags/example_dataset_alias_with_no_taskflow.py for tasks to queue
[2025-06-05T05:04:12.487+0000] {logging_mixin.py:190} INFO - [2025-06-05T05:04:12.487+0000] {dagbag.py:588} INFO - Filling up the DagBag from /home/airflow/.local/lib/python3.10/site-packages/airflow/example_dags/example_dataset_alias_with_no_taskflow.py
[2025-06-05T05:04:13.319+0000] {processor.py:925} INFO - DAG(s) 'dataset_alias_example_alias_consumer_with_no_taskflow', 'dataset_s3_bucket_producer_with_no_taskflow', 'dataset_s3_bucket_consumer_with_no_taskflow', 'dataset_alias_example_alias_producer_with_no_taskflow' retrieved from /home/airflow/.local/lib/python3.10/site-packages/airflow/example_dags/example_dataset_alias_with_no_taskflow.py
[2025-06-05T05:04:13.360+0000] {logging_mixin.py:190} INFO - [2025-06-05T05:04:13.359+0000] {dag.py:3239} INFO - Sync 4 DAGs
[2025-06-05T05:04:13.382+0000] {logging_mixin.py:190} INFO - [2025-06-05T05:04:13.382+0000] {dag.py:4180} INFO - Setting next_dagrun for dataset_alias_example_alias_consumer_with_no_taskflow to None, run_after=None
[2025-06-05T05:04:13.388+0000] {logging_mixin.py:190} INFO - [2025-06-05T05:04:13.388+0000] {dag.py:4180} INFO - Setting next_dagrun for dataset_alias_example_alias_producer_with_no_taskflow to None, run_after=None
[2025-06-05T05:04:13.392+0000] {logging_mixin.py:190} INFO - [2025-06-05T05:04:13.391+0000] {dag.py:4180} INFO - Setting next_dagrun for dataset_s3_bucket_consumer_with_no_taskflow to None, run_after=None
[2025-06-05T05:04:13.395+0000] {logging_mixin.py:190} INFO - [2025-06-05T05:04:13.394+0000] {dag.py:4180} INFO - Setting next_dagrun for dataset_s3_bucket_producer_with_no_taskflow to None, run_after=None
[2025-06-05T05:04:13.453+0000] {processor.py:208} INFO - Processing /home/airflow/.local/lib/python3.10/site-packages/airflow/example_dags/example_dataset_alias_with_no_taskflow.py took 0.980 seconds
[2025-06-05T05:04:44.164+0000] {processor.py:186} INFO - Started process (PID=3490) to work on /home/airflow/.local/lib/python3.10/site-packages/airflow/example_dags/example_dataset_alias_with_no_taskflow.py
[2025-06-05T05:04:44.166+0000] {processor.py:914} INFO - Processing file /home/airflow/.local/lib/python3.10/site-packages/airflow/example_dags/example_dataset_alias_with_no_taskflow.py for tasks to queue
[2025-06-05T05:04:44.169+0000] {logging_mixin.py:190} INFO - [2025-06-05T05:04:44.169+0000] {dagbag.py:588} INFO - Filling up the DagBag from /home/airflow/.local/lib/python3.10/site-packages/airflow/example_dags/example_dataset_alias_with_no_taskflow.py
[2025-06-05T05:04:45.257+0000] {processor.py:925} INFO - DAG(s) 'dataset_alias_example_alias_producer_with_no_taskflow', 'dataset_s3_bucket_producer_with_no_taskflow', 'dataset_s3_bucket_consumer_with_no_taskflow', 'dataset_alias_example_alias_consumer_with_no_taskflow' retrieved from /home/airflow/.local/lib/python3.10/site-packages/airflow/example_dags/example_dataset_alias_with_no_taskflow.py
[2025-06-05T05:04:45.300+0000] {logging_mixin.py:190} INFO - [2025-06-05T05:04:45.299+0000] {dag.py:3239} INFO - Sync 4 DAGs
[2025-06-05T05:04:45.328+0000] {logging_mixin.py:190} INFO - [2025-06-05T05:04:45.328+0000] {dag.py:4180} INFO - Setting next_dagrun for dataset_alias_example_alias_consumer_with_no_taskflow to None, run_after=None
[2025-06-05T05:04:45.335+0000] {logging_mixin.py:190} INFO - [2025-06-05T05:04:45.335+0000] {dag.py:4180} INFO - Setting next_dagrun for dataset_alias_example_alias_producer_with_no_taskflow to None, run_after=None
[2025-06-05T05:04:45.339+0000] {logging_mixin.py:190} INFO - [2025-06-05T05:04:45.339+0000] {dag.py:4180} INFO - Setting next_dagrun for dataset_s3_bucket_consumer_with_no_taskflow to None, run_after=None
[2025-06-05T05:04:45.344+0000] {logging_mixin.py:190} INFO - [2025-06-05T05:04:45.343+0000] {dag.py:4180} INFO - Setting next_dagrun for dataset_s3_bucket_producer_with_no_taskflow to None, run_after=None
[2025-06-05T05:04:45.405+0000] {processor.py:208} INFO - Processing /home/airflow/.local/lib/python3.10/site-packages/airflow/example_dags/example_dataset_alias_with_no_taskflow.py took 1.253 seconds
[2025-06-05T05:05:16.423+0000] {processor.py:186} INFO - Started process (PID=3795) to work on /home/airflow/.local/lib/python3.10/site-packages/airflow/example_dags/example_dataset_alias_with_no_taskflow.py
[2025-06-05T05:05:16.452+0000] {processor.py:914} INFO - Processing file /home/airflow/.local/lib/python3.10/site-packages/airflow/example_dags/example_dataset_alias_with_no_taskflow.py for tasks to queue
[2025-06-05T05:05:16.468+0000] {logging_mixin.py:190} INFO - [2025-06-05T05:05:16.463+0000] {dagbag.py:588} INFO - Filling up the DagBag from /home/airflow/.local/lib/python3.10/site-packages/airflow/example_dags/example_dataset_alias_with_no_taskflow.py
