[2025-06-05T04:58:04.696+0000] {processor.py:186} INFO - Started process (PID=99402) to work on /home/airflow/.local/lib/python3.10/site-packages/airflow/example_dags/example_params_ui_tutorial.py
[2025-06-05T04:58:04.745+0000] {processor.py:914} INFO - Processing file /home/airflow/.local/lib/python3.10/site-packages/airflow/example_dags/example_params_ui_tutorial.py for tasks to queue
[2025-06-05T04:58:04.760+0000] {logging_mixin.py:190} INFO - [2025-06-05T04:58:04.759+0000] {dagbag.py:588} INFO - Filling up the DagBag from /home/airflow/.local/lib/python3.10/site-packages/airflow/example_dags/example_params_ui_tutorial.py
[2025-06-05T04:58:04.808+0000] {processor.py:925} INFO - DAG(s) 'example_params_ui_tutorial' retrieved from /home/airflow/.local/lib/python3.10/site-packages/airflow/example_dags/example_params_ui_tutorial.py
[2025-06-05T04:58:05.726+0000] {logging_mixin.py:190} INFO - [2025-06-05T04:58:05.725+0000] {dag.py:3239} INFO - Sync 1 DAGs
[2025-06-05T04:58:05.770+0000] {logging_mixin.py:190} INFO - [2025-06-05T04:58:05.769+0000] {dag.py:4180} INFO - Setting next_dagrun for example_params_ui_tutorial to None, run_after=None
[2025-06-05T04:58:05.903+0000] {processor.py:208} INFO - Processing /home/airflow/.local/lib/python3.10/site-packages/airflow/example_dags/example_params_ui_tutorial.py took 1.256 seconds
[2025-06-05T04:58:36.713+0000] {processor.py:186} INFO - Started process (PID=99694) to work on /home/airflow/.local/lib/python3.10/site-packages/airflow/example_dags/example_params_ui_tutorial.py
[2025-06-05T04:58:36.715+0000] {processor.py:914} INFO - Processing file /home/airflow/.local/lib/python3.10/site-packages/airflow/example_dags/example_params_ui_tutorial.py for tasks to queue
[2025-06-05T04:58:36.718+0000] {logging_mixin.py:190} INFO - [2025-06-05T04:58:36.717+0000] {dagbag.py:588} INFO - Filling up the DagBag from /home/airflow/.local/lib/python3.10/site-packages/airflow/example_dags/example_params_ui_tutorial.py
[2025-06-05T04:58:36.730+0000] {processor.py:925} INFO - DAG(s) 'example_params_ui_tutorial' retrieved from /home/airflow/.local/lib/python3.10/site-packages/airflow/example_dags/example_params_ui_tutorial.py
[2025-06-05T04:58:36.842+0000] {logging_mixin.py:190} INFO - [2025-06-05T04:58:36.842+0000] {dag.py:3239} INFO - Sync 1 DAGs
[2025-06-05T04:58:36.870+0000] {logging_mixin.py:190} INFO - [2025-06-05T04:58:36.869+0000] {dag.py:4180} INFO - Setting next_dagrun for example_params_ui_tutorial to None, run_after=None
[2025-06-05T04:58:36.937+0000] {processor.py:208} INFO - Processing /home/airflow/.local/lib/python3.10/site-packages/airflow/example_dags/example_params_ui_tutorial.py took 0.237 seconds
[2025-06-05T04:59:07.193+0000] {processor.py:186} INFO - Started process (PID=99982) to work on /home/airflow/.local/lib/python3.10/site-packages/airflow/example_dags/example_params_ui_tutorial.py
[2025-06-05T04:59:07.196+0000] {processor.py:914} INFO - Processing file /home/airflow/.local/lib/python3.10/site-packages/airflow/example_dags/example_params_ui_tutorial.py for tasks to queue
[2025-06-05T04:59:07.199+0000] {logging_mixin.py:190} INFO - [2025-06-05T04:59:07.199+0000] {dagbag.py:588} INFO - Filling up the DagBag from /home/airflow/.local/lib/python3.10/site-packages/airflow/example_dags/example_params_ui_tutorial.py
[2025-06-05T04:59:07.217+0000] {processor.py:925} INFO - DAG(s) 'example_params_ui_tutorial' retrieved from /home/airflow/.local/lib/python3.10/site-packages/airflow/example_dags/example_params_ui_tutorial.py
[2025-06-05T04:59:07.332+0000] {logging_mixin.py:190} INFO - [2025-06-05T04:59:07.332+0000] {dag.py:3239} INFO - Sync 1 DAGs
[2025-06-05T04:59:07.353+0000] {logging_mixin.py:190} INFO - [2025-06-05T04:59:07.352+0000] {dag.py:4180} INFO - Setting next_dagrun for example_params_ui_tutorial to None, run_after=None
[2025-06-05T04:59:07.397+0000] {processor.py:208} INFO - Processing /home/airflow/.local/lib/python3.10/site-packages/airflow/example_dags/example_params_ui_tutorial.py took 0.227 seconds
[2025-06-05T04:59:38.498+0000] {processor.py:186} INFO - Started process (PID=573) to work on /home/airflow/.local/lib/python3.10/site-packages/airflow/example_dags/example_params_ui_tutorial.py
[2025-06-05T04:59:38.501+0000] {processor.py:914} INFO - Processing file /home/airflow/.local/lib/python3.10/site-packages/airflow/example_dags/example_params_ui_tutorial.py for tasks to queue
[2025-06-05T04:59:38.504+0000] {logging_mixin.py:190} INFO - [2025-06-05T04:59:38.503+0000] {dagbag.py:588} INFO - Filling up the DagBag from /home/airflow/.local/lib/python3.10/site-packages/airflow/example_dags/example_params_ui_tutorial.py
[2025-06-05T04:59:38.516+0000] {processor.py:925} INFO - DAG(s) 'example_params_ui_tutorial' retrieved from /home/airflow/.local/lib/python3.10/site-packages/airflow/example_dags/example_params_ui_tutorial.py
[2025-06-05T04:59:38.704+0000] {logging_mixin.py:190} INFO - [2025-06-05T04:59:38.703+0000] {dag.py:3239} INFO - Sync 1 DAGs
[2025-06-05T04:59:38.760+0000] {logging_mixin.py:190} INFO - [2025-06-05T04:59:38.759+0000] {dag.py:4180} INFO - Setting next_dagrun for example_params_ui_tutorial to None, run_after=None
[2025-06-05T04:59:38.816+0000] {processor.py:208} INFO - Processing /home/airflow/.local/lib/python3.10/site-packages/airflow/example_dags/example_params_ui_tutorial.py took 0.332 seconds
[2025-06-05T05:00:12.530+0000] {processor.py:186} INFO - Started process (PID=863) to work on /home/airflow/.local/lib/python3.10/site-packages/airflow/example_dags/example_params_ui_tutorial.py
[2025-06-05T05:00:12.533+0000] {processor.py:914} INFO - Processing file /home/airflow/.local/lib/python3.10/site-packages/airflow/example_dags/example_params_ui_tutorial.py for tasks to queue
[2025-06-05T05:00:12.535+0000] {logging_mixin.py:190} INFO - [2025-06-05T05:00:12.535+0000] {dagbag.py:588} INFO - Filling up the DagBag from /home/airflow/.local/lib/python3.10/site-packages/airflow/example_dags/example_params_ui_tutorial.py
[2025-06-05T05:00:12.546+0000] {processor.py:925} INFO - DAG(s) 'example_params_ui_tutorial' retrieved from /home/airflow/.local/lib/python3.10/site-packages/airflow/example_dags/example_params_ui_tutorial.py
[2025-06-05T05:00:12.645+0000] {logging_mixin.py:190} INFO - [2025-06-05T05:00:12.645+0000] {dag.py:3239} INFO - Sync 1 DAGs
[2025-06-05T05:00:12.662+0000] {logging_mixin.py:190} INFO - [2025-06-05T05:00:12.662+0000] {dag.py:4180} INFO - Setting next_dagrun for example_params_ui_tutorial to None, run_after=None
[2025-06-05T05:00:12.724+0000] {processor.py:208} INFO - Processing /home/airflow/.local/lib/python3.10/site-packages/airflow/example_dags/example_params_ui_tutorial.py took 0.208 seconds
[2025-06-05T05:00:43.857+0000] {processor.py:186} INFO - Started process (PID=1153) to work on /home/airflow/.local/lib/python3.10/site-packages/airflow/example_dags/example_params_ui_tutorial.py
[2025-06-05T05:00:43.860+0000] {processor.py:914} INFO - Processing file /home/airflow/.local/lib/python3.10/site-packages/airflow/example_dags/example_params_ui_tutorial.py for tasks to queue
[2025-06-05T05:00:43.863+0000] {logging_mixin.py:190} INFO - [2025-06-05T05:00:43.862+0000] {dagbag.py:588} INFO - Filling up the DagBag from /home/airflow/.local/lib/python3.10/site-packages/airflow/example_dags/example_params_ui_tutorial.py
[2025-06-05T05:00:43.884+0000] {processor.py:925} INFO - DAG(s) 'example_params_ui_tutorial' retrieved from /home/airflow/.local/lib/python3.10/site-packages/airflow/example_dags/example_params_ui_tutorial.py
[2025-06-05T05:00:44.035+0000] {logging_mixin.py:190} INFO - [2025-06-05T05:00:44.035+0000] {dag.py:3239} INFO - Sync 1 DAGs
[2025-06-05T05:00:44.056+0000] {logging_mixin.py:190} INFO - [2025-06-05T05:00:44.055+0000] {dag.py:4180} INFO - Setting next_dagrun for example_params_ui_tutorial to None, run_after=None
[2025-06-05T05:00:44.156+0000] {processor.py:208} INFO - Processing /home/airflow/.local/lib/python3.10/site-packages/airflow/example_dags/example_params_ui_tutorial.py took 0.316 seconds
[2025-06-05T05:01:17.575+0000] {processor.py:186} INFO - Started process (PID=1443) to work on /home/airflow/.local/lib/python3.10/site-packages/airflow/example_dags/example_params_ui_tutorial.py
[2025-06-05T05:01:17.578+0000] {processor.py:914} INFO - Processing file /home/airflow/.local/lib/python3.10/site-packages/airflow/example_dags/example_params_ui_tutorial.py for tasks to queue
[2025-06-05T05:01:17.582+0000] {logging_mixin.py:190} INFO - [2025-06-05T05:01:17.581+0000] {dagbag.py:588} INFO - Filling up the DagBag from /home/airflow/.local/lib/python3.10/site-packages/airflow/example_dags/example_params_ui_tutorial.py
[2025-06-05T05:01:17.600+0000] {processor.py:925} INFO - DAG(s) 'example_params_ui_tutorial' retrieved from /home/airflow/.local/lib/python3.10/site-packages/airflow/example_dags/example_params_ui_tutorial.py
[2025-06-05T05:01:17.741+0000] {logging_mixin.py:190} INFO - [2025-06-05T05:01:17.741+0000] {dag.py:3239} INFO - Sync 1 DAGs
[2025-06-05T05:01:17.764+0000] {logging_mixin.py:190} INFO - [2025-06-05T05:01:17.763+0000] {dag.py:4180} INFO - Setting next_dagrun for example_params_ui_tutorial to None, run_after=None
[2025-06-05T05:01:17.820+0000] {processor.py:208} INFO - Processing /home/airflow/.local/lib/python3.10/site-packages/airflow/example_dags/example_params_ui_tutorial.py took 0.263 seconds
[2025-06-05T05:01:48.706+0000] {processor.py:186} INFO - Started process (PID=1733) to work on /home/airflow/.local/lib/python3.10/site-packages/airflow/example_dags/example_params_ui_tutorial.py
[2025-06-05T05:01:48.710+0000] {processor.py:914} INFO - Processing file /home/airflow/.local/lib/python3.10/site-packages/airflow/example_dags/example_params_ui_tutorial.py for tasks to queue
[2025-06-05T05:01:48.715+0000] {logging_mixin.py:190} INFO - [2025-06-05T05:01:48.714+0000] {dagbag.py:588} INFO - Filling up the DagBag from /home/airflow/.local/lib/python3.10/site-packages/airflow/example_dags/example_params_ui_tutorial.py
[2025-06-05T05:01:48.732+0000] {processor.py:925} INFO - DAG(s) 'example_params_ui_tutorial' retrieved from /home/airflow/.local/lib/python3.10/site-packages/airflow/example_dags/example_params_ui_tutorial.py
[2025-06-05T05:01:48.899+0000] {logging_mixin.py:190} INFO - [2025-06-05T05:01:48.899+0000] {dag.py:3239} INFO - Sync 1 DAGs
[2025-06-05T05:01:48.937+0000] {logging_mixin.py:190} INFO - [2025-06-05T05:01:48.936+0000] {dag.py:4180} INFO - Setting next_dagrun for example_params_ui_tutorial to None, run_after=None
[2025-06-05T05:01:49.010+0000] {processor.py:208} INFO - Processing /home/airflow/.local/lib/python3.10/site-packages/airflow/example_dags/example_params_ui_tutorial.py took 0.325 seconds
[2025-06-05T05:02:06.114+0000] {processor.py:186} INFO - Started process (PID=2003) to work on /home/airflow/.local/lib/python3.10/site-packages/airflow/example_dags/example_params_ui_tutorial.py
[2025-06-05T05:02:06.116+0000] {processor.py:914} INFO - Processing file /home/airflow/.local/lib/python3.10/site-packages/airflow/example_dags/example_params_ui_tutorial.py for tasks to queue
[2025-06-05T05:02:06.119+0000] {logging_mixin.py:190} INFO - [2025-06-05T05:02:06.118+0000] {dagbag.py:588} INFO - Filling up the DagBag from /home/airflow/.local/lib/python3.10/site-packages/airflow/example_dags/example_params_ui_tutorial.py
[2025-06-05T05:02:06.135+0000] {processor.py:925} INFO - DAG(s) 'example_params_ui_tutorial' retrieved from /home/airflow/.local/lib/python3.10/site-packages/airflow/example_dags/example_params_ui_tutorial.py
[2025-06-05T05:02:06.270+0000] {logging_mixin.py:190} INFO - [2025-06-05T05:02:06.270+0000] {dag.py:3239} INFO - Sync 1 DAGs
[2025-06-05T05:02:06.290+0000] {logging_mixin.py:190} INFO - [2025-06-05T05:02:06.290+0000] {dag.py:4180} INFO - Setting next_dagrun for example_params_ui_tutorial to None, run_after=None
[2025-06-05T05:02:06.340+0000] {processor.py:208} INFO - Processing /home/airflow/.local/lib/python3.10/site-packages/airflow/example_dags/example_params_ui_tutorial.py took 0.241 seconds
[2025-06-05T05:02:38.093+0000] {processor.py:186} INFO - Started process (PID=2293) to work on /home/airflow/.local/lib/python3.10/site-packages/airflow/example_dags/example_params_ui_tutorial.py
[2025-06-05T05:02:38.095+0000] {processor.py:914} INFO - Processing file /home/airflow/.local/lib/python3.10/site-packages/airflow/example_dags/example_params_ui_tutorial.py for tasks to queue
[2025-06-05T05:02:38.098+0000] {logging_mixin.py:190} INFO - [2025-06-05T05:02:38.098+0000] {dagbag.py:588} INFO - Filling up the DagBag from /home/airflow/.local/lib/python3.10/site-packages/airflow/example_dags/example_params_ui_tutorial.py
[2025-06-05T05:02:38.111+0000] {processor.py:925} INFO - DAG(s) 'example_params_ui_tutorial' retrieved from /home/airflow/.local/lib/python3.10/site-packages/airflow/example_dags/example_params_ui_tutorial.py
[2025-06-05T05:02:38.239+0000] {logging_mixin.py:190} INFO - [2025-06-05T05:02:38.239+0000] {dag.py:3239} INFO - Sync 1 DAGs
[2025-06-05T05:02:38.259+0000] {logging_mixin.py:190} INFO - [2025-06-05T05:02:38.259+0000] {dag.py:4180} INFO - Setting next_dagrun for example_params_ui_tutorial to None, run_after=None
[2025-06-05T05:02:38.303+0000] {processor.py:208} INFO - Processing /home/airflow/.local/lib/python3.10/site-packages/airflow/example_dags/example_params_ui_tutorial.py took 0.223 seconds
[2025-06-05T05:03:09.289+0000] {processor.py:186} INFO - Started process (PID=2585) to work on /home/airflow/.local/lib/python3.10/site-packages/airflow/example_dags/example_params_ui_tutorial.py
[2025-06-05T05:03:09.292+0000] {processor.py:914} INFO - Processing file /home/airflow/.local/lib/python3.10/site-packages/airflow/example_dags/example_params_ui_tutorial.py for tasks to queue
[2025-06-05T05:03:09.296+0000] {logging_mixin.py:190} INFO - [2025-06-05T05:03:09.296+0000] {dagbag.py:588} INFO - Filling up the DagBag from /home/airflow/.local/lib/python3.10/site-packages/airflow/example_dags/example_params_ui_tutorial.py
[2025-06-05T05:03:09.315+0000] {processor.py:925} INFO - DAG(s) 'example_params_ui_tutorial' retrieved from /home/airflow/.local/lib/python3.10/site-packages/airflow/example_dags/example_params_ui_tutorial.py
[2025-06-05T05:03:09.493+0000] {logging_mixin.py:190} INFO - [2025-06-05T05:03:09.492+0000] {dag.py:3239} INFO - Sync 1 DAGs
[2025-06-05T05:03:09.523+0000] {logging_mixin.py:190} INFO - [2025-06-05T05:03:09.522+0000] {dag.py:4180} INFO - Setting next_dagrun for example_params_ui_tutorial to None, run_after=None
[2025-06-05T05:03:09.576+0000] {processor.py:208} INFO - Processing /home/airflow/.local/lib/python3.10/site-packages/airflow/example_dags/example_params_ui_tutorial.py took 0.302 seconds
[2025-06-05T05:03:40.097+0000] {processor.py:186} INFO - Started process (PID=2873) to work on /home/airflow/.local/lib/python3.10/site-packages/airflow/example_dags/example_params_ui_tutorial.py
[2025-06-05T05:03:40.100+0000] {processor.py:914} INFO - Processing file /home/airflow/.local/lib/python3.10/site-packages/airflow/example_dags/example_params_ui_tutorial.py for tasks to queue
[2025-06-05T05:03:40.103+0000] {logging_mixin.py:190} INFO - [2025-06-05T05:03:40.103+0000] {dagbag.py:588} INFO - Filling up the DagBag from /home/airflow/.local/lib/python3.10/site-packages/airflow/example_dags/example_params_ui_tutorial.py
[2025-06-05T05:03:40.119+0000] {processor.py:925} INFO - DAG(s) 'example_params_ui_tutorial' retrieved from /home/airflow/.local/lib/python3.10/site-packages/airflow/example_dags/example_params_ui_tutorial.py
[2025-06-05T05:03:40.300+0000] {logging_mixin.py:190} INFO - [2025-06-05T05:03:40.299+0000] {dag.py:3239} INFO - Sync 1 DAGs
[2025-06-05T05:03:40.364+0000] {logging_mixin.py:190} INFO - [2025-06-05T05:03:40.363+0000] {dag.py:4180} INFO - Setting next_dagrun for example_params_ui_tutorial to None, run_after=None
[2025-06-05T05:03:40.451+0000] {processor.py:208} INFO - Processing /home/airflow/.local/lib/python3.10/site-packages/airflow/example_dags/example_params_ui_tutorial.py took 0.366 seconds
[2025-06-05T05:04:11.222+0000] {processor.py:186} INFO - Started process (PID=3163) to work on /home/airflow/.local/lib/python3.10/site-packages/airflow/example_dags/example_params_ui_tutorial.py
[2025-06-05T05:04:11.224+0000] {processor.py:914} INFO - Processing file /home/airflow/.local/lib/python3.10/site-packages/airflow/example_dags/example_params_ui_tutorial.py for tasks to queue
[2025-06-05T05:04:11.227+0000] {logging_mixin.py:190} INFO - [2025-06-05T05:04:11.226+0000] {dagbag.py:588} INFO - Filling up the DagBag from /home/airflow/.local/lib/python3.10/site-packages/airflow/example_dags/example_params_ui_tutorial.py
[2025-06-05T05:04:11.244+0000] {processor.py:925} INFO - DAG(s) 'example_params_ui_tutorial' retrieved from /home/airflow/.local/lib/python3.10/site-packages/airflow/example_dags/example_params_ui_tutorial.py
[2025-06-05T05:04:11.436+0000] {logging_mixin.py:190} INFO - [2025-06-05T05:04:11.435+0000] {dag.py:3239} INFO - Sync 1 DAGs
[2025-06-05T05:04:11.472+0000] {logging_mixin.py:190} INFO - [2025-06-05T05:04:11.472+0000] {dag.py:4180} INFO - Setting next_dagrun for example_params_ui_tutorial to None, run_after=None
[2025-06-05T05:04:11.510+0000] {processor.py:208} INFO - Processing /home/airflow/.local/lib/python3.10/site-packages/airflow/example_dags/example_params_ui_tutorial.py took 0.300 seconds
[2025-06-05T05:04:42.682+0000] {processor.py:186} INFO - Started process (PID=3455) to work on /home/airflow/.local/lib/python3.10/site-packages/airflow/example_dags/example_params_ui_tutorial.py
[2025-06-05T05:04:42.684+0000] {processor.py:914} INFO - Processing file /home/airflow/.local/lib/python3.10/site-packages/airflow/example_dags/example_params_ui_tutorial.py for tasks to queue
[2025-06-05T05:04:42.687+0000] {logging_mixin.py:190} INFO - [2025-06-05T05:04:42.686+0000] {dagbag.py:588} INFO - Filling up the DagBag from /home/airflow/.local/lib/python3.10/site-packages/airflow/example_dags/example_params_ui_tutorial.py
[2025-06-05T05:04:42.699+0000] {processor.py:925} INFO - DAG(s) 'example_params_ui_tutorial' retrieved from /home/airflow/.local/lib/python3.10/site-packages/airflow/example_dags/example_params_ui_tutorial.py
[2025-06-05T05:04:42.801+0000] {logging_mixin.py:190} INFO - [2025-06-05T05:04:42.801+0000] {dag.py:3239} INFO - Sync 1 DAGs
[2025-06-05T05:04:42.819+0000] {logging_mixin.py:190} INFO - [2025-06-05T05:04:42.818+0000] {dag.py:4180} INFO - Setting next_dagrun for example_params_ui_tutorial to None, run_after=None
[2025-06-05T05:04:42.920+0000] {processor.py:208} INFO - Processing /home/airflow/.local/lib/python3.10/site-packages/airflow/example_dags/example_params_ui_tutorial.py took 0.248 seconds
[2025-06-05T05:05:13.036+0000] {processor.py:186} INFO - Started process (PID=3748) to work on /home/airflow/.local/lib/python3.10/site-packages/airflow/example_dags/example_params_ui_tutorial.py
[2025-06-05T05:05:13.038+0000] {processor.py:914} INFO - Processing file /home/airflow/.local/lib/python3.10/site-packages/airflow/example_dags/example_params_ui_tutorial.py for tasks to queue
[2025-06-05T05:05:13.041+0000] {logging_mixin.py:190} INFO - [2025-06-05T05:05:13.040+0000] {dagbag.py:588} INFO - Filling up the DagBag from /home/airflow/.local/lib/python3.10/site-packages/airflow/example_dags/example_params_ui_tutorial.py
[2025-06-05T05:05:13.058+0000] {processor.py:925} INFO - DAG(s) 'example_params_ui_tutorial' retrieved from /home/airflow/.local/lib/python3.10/site-packages/airflow/example_dags/example_params_ui_tutorial.py
[2025-06-05T05:05:13.206+0000] {logging_mixin.py:190} INFO - [2025-06-05T05:05:13.206+0000] {dag.py:3239} INFO - Sync 1 DAGs
[2025-06-05T05:05:13.232+0000] {logging_mixin.py:190} INFO - [2025-06-05T05:05:13.231+0000] {dag.py:4180} INFO - Setting next_dagrun for example_params_ui_tutorial to None, run_after=None
[2025-06-05T05:05:13.347+0000] {processor.py:208} INFO - Processing /home/airflow/.local/lib/python3.10/site-packages/airflow/example_dags/example_params_ui_tutorial.py took 0.326 seconds
