[2025-06-05T04:57:43.346+0000] {processor.py:186} INFO - Started process (PID=99267) to work on /home/airflow/.local/lib/python3.10/site-packages/airflow/example_dags/example_short_circuit_operator.py
[2025-06-05T04:57:43.360+0000] {processor.py:914} INFO - Processing file /home/airflow/.local/lib/python3.10/site-packages/airflow/example_dags/example_short_circuit_operator.py for tasks to queue
[2025-06-05T04:57:43.366+0000] {logging_mixin.py:190} INFO - [2025-06-05T04:57:43.365+0000] {dagbag.py:588} INFO - Filling up the DagBag from /home/airflow/.local/lib/python3.10/site-packages/airflow/example_dags/example_short_circuit_operator.py
[2025-06-05T04:57:43.415+0000] {processor.py:925} INFO - DAG(s) 'example_short_circuit_operator' retrieved from /home/airflow/.local/lib/python3.10/site-packages/airflow/example_dags/example_short_circuit_operator.py
[2025-06-05T04:57:43.807+0000] {logging_mixin.py:190} INFO - [2025-06-05T04:57:43.797+0000] {dag.py:3239} INFO - Sync 1 DAGs
[2025-06-05T04:57:44.004+0000] {logging_mixin.py:190} INFO - [2025-06-05T04:57:44.003+0000] {dag.py:4180} INFO - Setting next_dagrun for example_short_circuit_operator to None, run_after=None
[2025-06-05T04:57:44.318+0000] {processor.py:208} INFO - Processing /home/airflow/.local/lib/python3.10/site-packages/airflow/example_dags/example_short_circuit_operator.py took 1.014 seconds
[2025-06-05T04:58:19.731+0000] {processor.py:186} INFO - Started process (PID=99549) to work on /home/airflow/.local/lib/python3.10/site-packages/airflow/example_dags/example_short_circuit_operator.py
[2025-06-05T04:58:19.734+0000] {processor.py:914} INFO - Processing file /home/airflow/.local/lib/python3.10/site-packages/airflow/example_dags/example_short_circuit_operator.py for tasks to queue
[2025-06-05T04:58:19.738+0000] {logging_mixin.py:190} INFO - [2025-06-05T04:58:19.737+0000] {dagbag.py:588} INFO - Filling up the DagBag from /home/airflow/.local/lib/python3.10/site-packages/airflow/example_dags/example_short_circuit_operator.py
[2025-06-05T04:58:19.749+0000] {processor.py:925} INFO - DAG(s) 'example_short_circuit_operator' retrieved from /home/airflow/.local/lib/python3.10/site-packages/airflow/example_dags/example_short_circuit_operator.py
[2025-06-05T04:58:19.867+0000] {logging_mixin.py:190} INFO - [2025-06-05T04:58:19.867+0000] {dag.py:3239} INFO - Sync 1 DAGs
[2025-06-05T04:58:19.892+0000] {logging_mixin.py:190} INFO - [2025-06-05T04:58:19.892+0000] {dag.py:4180} INFO - Setting next_dagrun for example_short_circuit_operator to None, run_after=None
[2025-06-05T04:58:19.978+0000] {processor.py:208} INFO - Processing /home/airflow/.local/lib/python3.10/site-packages/airflow/example_dags/example_short_circuit_operator.py took 0.264 seconds
[2025-06-05T04:58:50.358+0000] {processor.py:186} INFO - Started process (PID=99839) to work on /home/airflow/.local/lib/python3.10/site-packages/airflow/example_dags/example_short_circuit_operator.py
[2025-06-05T04:58:50.362+0000] {processor.py:914} INFO - Processing file /home/airflow/.local/lib/python3.10/site-packages/airflow/example_dags/example_short_circuit_operator.py for tasks to queue
[2025-06-05T04:58:50.365+0000] {logging_mixin.py:190} INFO - [2025-06-05T04:58:50.364+0000] {dagbag.py:588} INFO - Filling up the DagBag from /home/airflow/.local/lib/python3.10/site-packages/airflow/example_dags/example_short_circuit_operator.py
[2025-06-05T04:58:50.382+0000] {processor.py:925} INFO - DAG(s) 'example_short_circuit_operator' retrieved from /home/airflow/.local/lib/python3.10/site-packages/airflow/example_dags/example_short_circuit_operator.py
[2025-06-05T04:58:50.483+0000] {logging_mixin.py:190} INFO - [2025-06-05T04:58:50.482+0000] {dag.py:3239} INFO - Sync 1 DAGs
[2025-06-05T04:58:50.503+0000] {logging_mixin.py:190} INFO - [2025-06-05T04:58:50.502+0000] {dag.py:4180} INFO - Setting next_dagrun for example_short_circuit_operator to None, run_after=None
[2025-06-05T04:58:50.550+0000] {processor.py:208} INFO - Processing /home/airflow/.local/lib/python3.10/site-packages/airflow/example_dags/example_short_circuit_operator.py took 0.210 seconds
[2025-06-05T04:59:21.395+0000] {processor.py:186} INFO - Started process (PID=430) to work on /home/airflow/.local/lib/python3.10/site-packages/airflow/example_dags/example_short_circuit_operator.py
[2025-06-05T04:59:21.398+0000] {processor.py:914} INFO - Processing file /home/airflow/.local/lib/python3.10/site-packages/airflow/example_dags/example_short_circuit_operator.py for tasks to queue
[2025-06-05T04:59:21.400+0000] {logging_mixin.py:190} INFO - [2025-06-05T04:59:21.399+0000] {dagbag.py:588} INFO - Filling up the DagBag from /home/airflow/.local/lib/python3.10/site-packages/airflow/example_dags/example_short_circuit_operator.py
[2025-06-05T04:59:21.412+0000] {processor.py:925} INFO - DAG(s) 'example_short_circuit_operator' retrieved from /home/airflow/.local/lib/python3.10/site-packages/airflow/example_dags/example_short_circuit_operator.py
[2025-06-05T04:59:21.507+0000] {logging_mixin.py:190} INFO - [2025-06-05T04:59:21.507+0000] {dag.py:3239} INFO - Sync 1 DAGs
[2025-06-05T04:59:21.529+0000] {logging_mixin.py:190} INFO - [2025-06-05T04:59:21.528+0000] {dag.py:4180} INFO - Setting next_dagrun for example_short_circuit_operator to None, run_after=None
[2025-06-05T04:59:21.572+0000] {processor.py:208} INFO - Processing /home/airflow/.local/lib/python3.10/site-packages/airflow/example_dags/example_short_circuit_operator.py took 0.191 seconds
[2025-06-05T04:59:52.657+0000] {processor.py:186} INFO - Started process (PID=718) to work on /home/airflow/.local/lib/python3.10/site-packages/airflow/example_dags/example_short_circuit_operator.py
[2025-06-05T04:59:52.659+0000] {processor.py:914} INFO - Processing file /home/airflow/.local/lib/python3.10/site-packages/airflow/example_dags/example_short_circuit_operator.py for tasks to queue
[2025-06-05T04:59:52.662+0000] {logging_mixin.py:190} INFO - [2025-06-05T04:59:52.661+0000] {dagbag.py:588} INFO - Filling up the DagBag from /home/airflow/.local/lib/python3.10/site-packages/airflow/example_dags/example_short_circuit_operator.py
[2025-06-05T04:59:52.675+0000] {processor.py:925} INFO - DAG(s) 'example_short_circuit_operator' retrieved from /home/airflow/.local/lib/python3.10/site-packages/airflow/example_dags/example_short_circuit_operator.py
[2025-06-05T04:59:52.781+0000] {logging_mixin.py:190} INFO - [2025-06-05T04:59:52.780+0000] {dag.py:3239} INFO - Sync 1 DAGs
[2025-06-05T04:59:52.810+0000] {logging_mixin.py:190} INFO - [2025-06-05T04:59:52.809+0000] {dag.py:4180} INFO - Setting next_dagrun for example_short_circuit_operator to None, run_after=None
[2025-06-05T04:59:52.866+0000] {processor.py:208} INFO - Processing /home/airflow/.local/lib/python3.10/site-packages/airflow/example_dags/example_short_circuit_operator.py took 0.224 seconds
[2025-06-05T05:00:23.878+0000] {processor.py:186} INFO - Started process (PID=1008) to work on /home/airflow/.local/lib/python3.10/site-packages/airflow/example_dags/example_short_circuit_operator.py
[2025-06-05T05:00:23.881+0000] {processor.py:914} INFO - Processing file /home/airflow/.local/lib/python3.10/site-packages/airflow/example_dags/example_short_circuit_operator.py for tasks to queue
[2025-06-05T05:00:23.884+0000] {logging_mixin.py:190} INFO - [2025-06-05T05:00:23.884+0000] {dagbag.py:588} INFO - Filling up the DagBag from /home/airflow/.local/lib/python3.10/site-packages/airflow/example_dags/example_short_circuit_operator.py
[2025-06-05T05:00:23.897+0000] {processor.py:925} INFO - DAG(s) 'example_short_circuit_operator' retrieved from /home/airflow/.local/lib/python3.10/site-packages/airflow/example_dags/example_short_circuit_operator.py
[2025-06-05T05:00:24.002+0000] {logging_mixin.py:190} INFO - [2025-06-05T05:00:24.002+0000] {dag.py:3239} INFO - Sync 1 DAGs
[2025-06-05T05:00:24.024+0000] {logging_mixin.py:190} INFO - [2025-06-05T05:00:24.024+0000] {dag.py:4180} INFO - Setting next_dagrun for example_short_circuit_operator to None, run_after=None
[2025-06-05T05:00:24.087+0000] {processor.py:208} INFO - Processing /home/airflow/.local/lib/python3.10/site-packages/airflow/example_dags/example_short_circuit_operator.py took 0.223 seconds
[2025-06-05T05:00:54.485+0000] {processor.py:186} INFO - Started process (PID=1273) to work on /home/airflow/.local/lib/python3.10/site-packages/airflow/example_dags/example_short_circuit_operator.py
[2025-06-05T05:00:54.488+0000] {processor.py:914} INFO - Processing file /home/airflow/.local/lib/python3.10/site-packages/airflow/example_dags/example_short_circuit_operator.py for tasks to queue
[2025-06-05T05:00:54.490+0000] {logging_mixin.py:190} INFO - [2025-06-05T05:00:54.490+0000] {dagbag.py:588} INFO - Filling up the DagBag from /home/airflow/.local/lib/python3.10/site-packages/airflow/example_dags/example_short_circuit_operator.py
[2025-06-05T05:00:54.502+0000] {processor.py:925} INFO - DAG(s) 'example_short_circuit_operator' retrieved from /home/airflow/.local/lib/python3.10/site-packages/airflow/example_dags/example_short_circuit_operator.py
[2025-06-05T05:00:54.605+0000] {logging_mixin.py:190} INFO - [2025-06-05T05:00:54.605+0000] {dag.py:3239} INFO - Sync 1 DAGs
[2025-06-05T05:00:54.626+0000] {logging_mixin.py:190} INFO - [2025-06-05T05:00:54.625+0000] {dag.py:4180} INFO - Setting next_dagrun for example_short_circuit_operator to None, run_after=None
[2025-06-05T05:00:54.692+0000] {processor.py:208} INFO - Processing /home/airflow/.local/lib/python3.10/site-packages/airflow/example_dags/example_short_circuit_operator.py took 0.222 seconds
[2025-06-05T05:01:25.841+0000] {processor.py:186} INFO - Started process (PID=1565) to work on /home/airflow/.local/lib/python3.10/site-packages/airflow/example_dags/example_short_circuit_operator.py
[2025-06-05T05:01:25.843+0000] {processor.py:914} INFO - Processing file /home/airflow/.local/lib/python3.10/site-packages/airflow/example_dags/example_short_circuit_operator.py for tasks to queue
[2025-06-05T05:01:25.845+0000] {logging_mixin.py:190} INFO - [2025-06-05T05:01:25.845+0000] {dagbag.py:588} INFO - Filling up the DagBag from /home/airflow/.local/lib/python3.10/site-packages/airflow/example_dags/example_short_circuit_operator.py
[2025-06-05T05:01:25.856+0000] {processor.py:925} INFO - DAG(s) 'example_short_circuit_operator' retrieved from /home/airflow/.local/lib/python3.10/site-packages/airflow/example_dags/example_short_circuit_operator.py
[2025-06-05T05:01:25.950+0000] {logging_mixin.py:190} INFO - [2025-06-05T05:01:25.950+0000] {dag.py:3239} INFO - Sync 1 DAGs
[2025-06-05T05:01:25.970+0000] {logging_mixin.py:190} INFO - [2025-06-05T05:01:25.970+0000] {dag.py:4180} INFO - Setting next_dagrun for example_short_circuit_operator to None, run_after=None
[2025-06-05T05:01:26.085+0000] {processor.py:208} INFO - Processing /home/airflow/.local/lib/python3.10/site-packages/airflow/example_dags/example_short_circuit_operator.py took 0.257 seconds
[2025-06-05T05:01:56.489+0000] {processor.py:186} INFO - Started process (PID=1853) to work on /home/airflow/.local/lib/python3.10/site-packages/airflow/example_dags/example_short_circuit_operator.py
[2025-06-05T05:01:56.491+0000] {processor.py:914} INFO - Processing file /home/airflow/.local/lib/python3.10/site-packages/airflow/example_dags/example_short_circuit_operator.py for tasks to queue
[2025-06-05T05:01:56.493+0000] {logging_mixin.py:190} INFO - [2025-06-05T05:01:56.493+0000] {dagbag.py:588} INFO - Filling up the DagBag from /home/airflow/.local/lib/python3.10/site-packages/airflow/example_dags/example_short_circuit_operator.py
[2025-06-05T05:01:56.503+0000] {processor.py:925} INFO - DAG(s) 'example_short_circuit_operator' retrieved from /home/airflow/.local/lib/python3.10/site-packages/airflow/example_dags/example_short_circuit_operator.py
[2025-06-05T05:01:56.602+0000] {logging_mixin.py:190} INFO - [2025-06-05T05:01:56.601+0000] {dag.py:3239} INFO - Sync 1 DAGs
[2025-06-05T05:01:56.621+0000] {logging_mixin.py:190} INFO - [2025-06-05T05:01:56.621+0000] {dag.py:4180} INFO - Setting next_dagrun for example_short_circuit_operator to None, run_after=None
[2025-06-05T05:01:56.665+0000] {processor.py:208} INFO - Processing /home/airflow/.local/lib/python3.10/site-packages/airflow/example_dags/example_short_circuit_operator.py took 0.187 seconds
[2025-06-05T05:01:58.662+0000] {processor.py:186} INFO - Started process (PID=1868) to work on /home/airflow/.local/lib/python3.10/site-packages/airflow/example_dags/example_short_circuit_operator.py
[2025-06-05T05:01:58.665+0000] {processor.py:914} INFO - Processing file /home/airflow/.local/lib/python3.10/site-packages/airflow/example_dags/example_short_circuit_operator.py for tasks to queue
[2025-06-05T05:01:58.668+0000] {logging_mixin.py:190} INFO - [2025-06-05T05:01:58.667+0000] {dagbag.py:588} INFO - Filling up the DagBag from /home/airflow/.local/lib/python3.10/site-packages/airflow/example_dags/example_short_circuit_operator.py
[2025-06-05T05:01:58.690+0000] {processor.py:925} INFO - DAG(s) 'example_short_circuit_operator' retrieved from /home/airflow/.local/lib/python3.10/site-packages/airflow/example_dags/example_short_circuit_operator.py
[2025-06-05T05:01:58.854+0000] {logging_mixin.py:190} INFO - [2025-06-05T05:01:58.854+0000] {dag.py:3239} INFO - Sync 1 DAGs
[2025-06-05T05:01:58.906+0000] {logging_mixin.py:190} INFO - [2025-06-05T05:01:58.905+0000] {dag.py:4180} INFO - Setting next_dagrun for example_short_circuit_operator to None, run_after=None
[2025-06-05T05:01:59.032+0000] {processor.py:208} INFO - Processing /home/airflow/.local/lib/python3.10/site-packages/airflow/example_dags/example_short_circuit_operator.py took 0.389 seconds
[2025-06-05T05:02:29.800+0000] {processor.py:186} INFO - Started process (PID=2156) to work on /home/airflow/.local/lib/python3.10/site-packages/airflow/example_dags/example_short_circuit_operator.py
[2025-06-05T05:02:29.803+0000] {processor.py:914} INFO - Processing file /home/airflow/.local/lib/python3.10/site-packages/airflow/example_dags/example_short_circuit_operator.py for tasks to queue
[2025-06-05T05:02:29.808+0000] {logging_mixin.py:190} INFO - [2025-06-05T05:02:29.806+0000] {dagbag.py:588} INFO - Filling up the DagBag from /home/airflow/.local/lib/python3.10/site-packages/airflow/example_dags/example_short_circuit_operator.py
[2025-06-05T05:02:29.828+0000] {processor.py:925} INFO - DAG(s) 'example_short_circuit_operator' retrieved from /home/airflow/.local/lib/python3.10/site-packages/airflow/example_dags/example_short_circuit_operator.py
[2025-06-05T05:02:29.998+0000] {logging_mixin.py:190} INFO - [2025-06-05T05:02:29.998+0000] {dag.py:3239} INFO - Sync 1 DAGs
[2025-06-05T05:02:30.032+0000] {logging_mixin.py:190} INFO - [2025-06-05T05:02:30.031+0000] {dag.py:4180} INFO - Setting next_dagrun for example_short_circuit_operator to None, run_after=None
[2025-06-05T05:02:30.161+0000] {processor.py:208} INFO - Processing /home/airflow/.local/lib/python3.10/site-packages/airflow/example_dags/example_short_circuit_operator.py took 0.380 seconds
[2025-06-05T05:03:00.847+0000] {processor.py:186} INFO - Started process (PID=2448) to work on /home/airflow/.local/lib/python3.10/site-packages/airflow/example_dags/example_short_circuit_operator.py
[2025-06-05T05:03:00.850+0000] {processor.py:914} INFO - Processing file /home/airflow/.local/lib/python3.10/site-packages/airflow/example_dags/example_short_circuit_operator.py for tasks to queue
[2025-06-05T05:03:00.852+0000] {logging_mixin.py:190} INFO - [2025-06-05T05:03:00.852+0000] {dagbag.py:588} INFO - Filling up the DagBag from /home/airflow/.local/lib/python3.10/site-packages/airflow/example_dags/example_short_circuit_operator.py
[2025-06-05T05:03:00.864+0000] {processor.py:925} INFO - DAG(s) 'example_short_circuit_operator' retrieved from /home/airflow/.local/lib/python3.10/site-packages/airflow/example_dags/example_short_circuit_operator.py
[2025-06-05T05:03:00.989+0000] {logging_mixin.py:190} INFO - [2025-06-05T05:03:00.989+0000] {dag.py:3239} INFO - Sync 1 DAGs
[2025-06-05T05:03:01.018+0000] {logging_mixin.py:190} INFO - [2025-06-05T05:03:01.018+0000] {dag.py:4180} INFO - Setting next_dagrun for example_short_circuit_operator to None, run_after=None
[2025-06-05T05:03:01.069+0000] {processor.py:208} INFO - Processing /home/airflow/.local/lib/python3.10/site-packages/airflow/example_dags/example_short_circuit_operator.py took 0.235 seconds
[2025-06-05T05:03:31.398+0000] {processor.py:186} INFO - Started process (PID=2738) to work on /home/airflow/.local/lib/python3.10/site-packages/airflow/example_dags/example_short_circuit_operator.py
[2025-06-05T05:03:31.402+0000] {processor.py:914} INFO - Processing file /home/airflow/.local/lib/python3.10/site-packages/airflow/example_dags/example_short_circuit_operator.py for tasks to queue
[2025-06-05T05:03:31.406+0000] {logging_mixin.py:190} INFO - [2025-06-05T05:03:31.405+0000] {dagbag.py:588} INFO - Filling up the DagBag from /home/airflow/.local/lib/python3.10/site-packages/airflow/example_dags/example_short_circuit_operator.py
[2025-06-05T05:03:31.432+0000] {processor.py:925} INFO - DAG(s) 'example_short_circuit_operator' retrieved from /home/airflow/.local/lib/python3.10/site-packages/airflow/example_dags/example_short_circuit_operator.py
[2025-06-05T05:03:31.566+0000] {logging_mixin.py:190} INFO - [2025-06-05T05:03:31.566+0000] {dag.py:3239} INFO - Sync 1 DAGs
[2025-06-05T05:03:31.599+0000] {logging_mixin.py:190} INFO - [2025-06-05T05:03:31.598+0000] {dag.py:4180} INFO - Setting next_dagrun for example_short_circuit_operator to None, run_after=None
[2025-06-05T05:03:31.732+0000] {processor.py:208} INFO - Processing /home/airflow/.local/lib/python3.10/site-packages/airflow/example_dags/example_short_circuit_operator.py took 0.353 seconds
[2025-06-05T05:04:02.281+0000] {processor.py:186} INFO - Started process (PID=3028) to work on /home/airflow/.local/lib/python3.10/site-packages/airflow/example_dags/example_short_circuit_operator.py
[2025-06-05T05:04:02.284+0000] {processor.py:914} INFO - Processing file /home/airflow/.local/lib/python3.10/site-packages/airflow/example_dags/example_short_circuit_operator.py for tasks to queue
[2025-06-05T05:04:02.292+0000] {logging_mixin.py:190} INFO - [2025-06-05T05:04:02.290+0000] {dagbag.py:588} INFO - Filling up the DagBag from /home/airflow/.local/lib/python3.10/site-packages/airflow/example_dags/example_short_circuit_operator.py
[2025-06-05T05:04:02.313+0000] {processor.py:925} INFO - DAG(s) 'example_short_circuit_operator' retrieved from /home/airflow/.local/lib/python3.10/site-packages/airflow/example_dags/example_short_circuit_operator.py
[2025-06-05T05:04:02.445+0000] {logging_mixin.py:190} INFO - [2025-06-05T05:04:02.445+0000] {dag.py:3239} INFO - Sync 1 DAGs
[2025-06-05T05:04:02.470+0000] {logging_mixin.py:190} INFO - [2025-06-05T05:04:02.470+0000] {dag.py:4180} INFO - Setting next_dagrun for example_short_circuit_operator to None, run_after=None
[2025-06-05T05:04:02.526+0000] {processor.py:208} INFO - Processing /home/airflow/.local/lib/python3.10/site-packages/airflow/example_dags/example_short_circuit_operator.py took 0.272 seconds
[2025-06-05T05:04:32.729+0000] {processor.py:186} INFO - Started process (PID=3318) to work on /home/airflow/.local/lib/python3.10/site-packages/airflow/example_dags/example_short_circuit_operator.py
[2025-06-05T05:04:32.731+0000] {processor.py:914} INFO - Processing file /home/airflow/.local/lib/python3.10/site-packages/airflow/example_dags/example_short_circuit_operator.py for tasks to queue
[2025-06-05T05:04:32.733+0000] {logging_mixin.py:190} INFO - [2025-06-05T05:04:32.733+0000] {dagbag.py:588} INFO - Filling up the DagBag from /home/airflow/.local/lib/python3.10/site-packages/airflow/example_dags/example_short_circuit_operator.py
[2025-06-05T05:04:32.742+0000] {processor.py:925} INFO - DAG(s) 'example_short_circuit_operator' retrieved from /home/airflow/.local/lib/python3.10/site-packages/airflow/example_dags/example_short_circuit_operator.py
[2025-06-05T05:04:32.822+0000] {logging_mixin.py:190} INFO - [2025-06-05T05:04:32.821+0000] {dag.py:3239} INFO - Sync 1 DAGs
[2025-06-05T05:04:32.846+0000] {logging_mixin.py:190} INFO - [2025-06-05T05:04:32.845+0000] {dag.py:4180} INFO - Setting next_dagrun for example_short_circuit_operator to None, run_after=None
[2025-06-05T05:04:32.895+0000] {processor.py:208} INFO - Processing /home/airflow/.local/lib/python3.10/site-packages/airflow/example_dags/example_short_circuit_operator.py took 0.176 seconds
[2025-06-05T05:05:03.568+0000] {processor.py:186} INFO - Started process (PID=3608) to work on /home/airflow/.local/lib/python3.10/site-packages/airflow/example_dags/example_short_circuit_operator.py
[2025-06-05T05:05:03.571+0000] {processor.py:914} INFO - Processing file /home/airflow/.local/lib/python3.10/site-packages/airflow/example_dags/example_short_circuit_operator.py for tasks to queue
[2025-06-05T05:05:03.575+0000] {logging_mixin.py:190} INFO - [2025-06-05T05:05:03.574+0000] {dagbag.py:588} INFO - Filling up the DagBag from /home/airflow/.local/lib/python3.10/site-packages/airflow/example_dags/example_short_circuit_operator.py
[2025-06-05T05:05:03.590+0000] {processor.py:925} INFO - DAG(s) 'example_short_circuit_operator' retrieved from /home/airflow/.local/lib/python3.10/site-packages/airflow/example_dags/example_short_circuit_operator.py
[2025-06-05T05:05:03.716+0000] {logging_mixin.py:190} INFO - [2025-06-05T05:05:03.716+0000] {dag.py:3239} INFO - Sync 1 DAGs
[2025-06-05T05:05:03.751+0000] {logging_mixin.py:190} INFO - [2025-06-05T05:05:03.750+0000] {dag.py:4180} INFO - Setting next_dagrun for example_short_circuit_operator to None, run_after=None
[2025-06-05T05:05:03.870+0000] {processor.py:208} INFO - Processing /home/airflow/.local/lib/python3.10/site-packages/airflow/example_dags/example_short_circuit_operator.py took 0.320 seconds
