[2025-06-05T04:58:12.953+0000] {processor.py:186} INFO - Started process (PID=99462) to work on /home/airflow/.local/lib/python3.10/site-packages/airflow/example_dags/example_trigger_controller_dag.py
[2025-06-05T04:58:12.967+0000] {processor.py:914} INFO - Processing file /home/airflow/.local/lib/python3.10/site-packages/airflow/example_dags/example_trigger_controller_dag.py for tasks to queue
[2025-06-05T04:58:12.972+0000] {logging_mixin.py:190} INFO - [2025-06-05T04:58:12.971+0000] {dagbag.py:588} INFO - Filling up the DagBag from /home/airflow/.local/lib/python3.10/site-packages/airflow/example_dags/example_trigger_controller_dag.py
[2025-06-05T04:58:12.999+0000] {processor.py:925} INFO - DAG(s) 'example_trigger_controller_dag' retrieved from /home/airflow/.local/lib/python3.10/site-packages/airflow/example_dags/example_trigger_controller_dag.py
[2025-06-05T04:58:13.271+0000] {logging_mixin.py:190} INFO - [2025-06-05T04:58:13.270+0000] {dag.py:3239} INFO - Sync 1 DAGs
[2025-06-05T04:58:13.349+0000] {logging_mixin.py:190} INFO - [2025-06-05T04:58:13.349+0000] {dag.py:4180} INFO - Setting next_dagrun for example_trigger_controller_dag to 2021-01-01 00:00:00+00:00, run_after=2021-01-01 00:00:00+00:00
[2025-06-05T04:58:13.461+0000] {processor.py:208} INFO - Processing /home/airflow/.local/lib/python3.10/site-packages/airflow/example_dags/example_trigger_controller_dag.py took 0.543 seconds
[2025-06-05T04:58:43.796+0000] {processor.py:186} INFO - Started process (PID=99754) to work on /home/airflow/.local/lib/python3.10/site-packages/airflow/example_dags/example_trigger_controller_dag.py
[2025-06-05T04:58:43.798+0000] {processor.py:914} INFO - Processing file /home/airflow/.local/lib/python3.10/site-packages/airflow/example_dags/example_trigger_controller_dag.py for tasks to queue
[2025-06-05T04:58:43.800+0000] {logging_mixin.py:190} INFO - [2025-06-05T04:58:43.800+0000] {dagbag.py:588} INFO - Filling up the DagBag from /home/airflow/.local/lib/python3.10/site-packages/airflow/example_dags/example_trigger_controller_dag.py
[2025-06-05T04:58:43.808+0000] {processor.py:925} INFO - DAG(s) 'example_trigger_controller_dag' retrieved from /home/airflow/.local/lib/python3.10/site-packages/airflow/example_dags/example_trigger_controller_dag.py
[2025-06-05T04:58:43.880+0000] {logging_mixin.py:190} INFO - [2025-06-05T04:58:43.880+0000] {dag.py:3239} INFO - Sync 1 DAGs
[2025-06-05T04:58:43.911+0000] {logging_mixin.py:190} INFO - [2025-06-05T04:58:43.910+0000] {dag.py:4180} INFO - Setting next_dagrun for example_trigger_controller_dag to 2021-01-01 00:00:00+00:00, run_after=2021-01-01 00:00:00+00:00
[2025-06-05T04:58:43.962+0000] {processor.py:208} INFO - Processing /home/airflow/.local/lib/python3.10/site-packages/airflow/example_dags/example_trigger_controller_dag.py took 0.178 seconds
[2025-06-05T04:59:14.151+0000] {processor.py:186} INFO - Started process (PID=345) to work on /home/airflow/.local/lib/python3.10/site-packages/airflow/example_dags/example_trigger_controller_dag.py
[2025-06-05T04:59:14.154+0000] {processor.py:914} INFO - Processing file /home/airflow/.local/lib/python3.10/site-packages/airflow/example_dags/example_trigger_controller_dag.py for tasks to queue
[2025-06-05T04:59:14.157+0000] {logging_mixin.py:190} INFO - [2025-06-05T04:59:14.156+0000] {dagbag.py:588} INFO - Filling up the DagBag from /home/airflow/.local/lib/python3.10/site-packages/airflow/example_dags/example_trigger_controller_dag.py
[2025-06-05T04:59:14.171+0000] {processor.py:925} INFO - DAG(s) 'example_trigger_controller_dag' retrieved from /home/airflow/.local/lib/python3.10/site-packages/airflow/example_dags/example_trigger_controller_dag.py
[2025-06-05T04:59:14.286+0000] {logging_mixin.py:190} INFO - [2025-06-05T04:59:14.285+0000] {dag.py:3239} INFO - Sync 1 DAGs
[2025-06-05T04:59:14.324+0000] {logging_mixin.py:190} INFO - [2025-06-05T04:59:14.324+0000] {dag.py:4180} INFO - Setting next_dagrun for example_trigger_controller_dag to 2021-01-01 00:00:00+00:00, run_after=2021-01-01 00:00:00+00:00
[2025-06-05T04:59:14.379+0000] {processor.py:208} INFO - Processing /home/airflow/.local/lib/python3.10/site-packages/airflow/example_dags/example_trigger_controller_dag.py took 0.242 seconds
[2025-06-05T04:59:44.924+0000] {processor.py:186} INFO - Started process (PID=633) to work on /home/airflow/.local/lib/python3.10/site-packages/airflow/example_dags/example_trigger_controller_dag.py
[2025-06-05T04:59:44.926+0000] {processor.py:914} INFO - Processing file /home/airflow/.local/lib/python3.10/site-packages/airflow/example_dags/example_trigger_controller_dag.py for tasks to queue
[2025-06-05T04:59:44.929+0000] {logging_mixin.py:190} INFO - [2025-06-05T04:59:44.928+0000] {dagbag.py:588} INFO - Filling up the DagBag from /home/airflow/.local/lib/python3.10/site-packages/airflow/example_dags/example_trigger_controller_dag.py
[2025-06-05T04:59:44.938+0000] {processor.py:925} INFO - DAG(s) 'example_trigger_controller_dag' retrieved from /home/airflow/.local/lib/python3.10/site-packages/airflow/example_dags/example_trigger_controller_dag.py
[2025-06-05T04:59:45.034+0000] {logging_mixin.py:190} INFO - [2025-06-05T04:59:45.034+0000] {dag.py:3239} INFO - Sync 1 DAGs
[2025-06-05T04:59:45.078+0000] {logging_mixin.py:190} INFO - [2025-06-05T04:59:45.078+0000] {dag.py:4180} INFO - Setting next_dagrun for example_trigger_controller_dag to 2021-01-01 00:00:00+00:00, run_after=2021-01-01 00:00:00+00:00
[2025-06-05T04:59:45.124+0000] {processor.py:208} INFO - Processing /home/airflow/.local/lib/python3.10/site-packages/airflow/example_dags/example_trigger_controller_dag.py took 0.213 seconds
[2025-06-05T05:00:15.784+0000] {processor.py:186} INFO - Started process (PID=923) to work on /home/airflow/.local/lib/python3.10/site-packages/airflow/example_dags/example_trigger_controller_dag.py
[2025-06-05T05:00:15.786+0000] {processor.py:914} INFO - Processing file /home/airflow/.local/lib/python3.10/site-packages/airflow/example_dags/example_trigger_controller_dag.py for tasks to queue
[2025-06-05T05:00:15.789+0000] {logging_mixin.py:190} INFO - [2025-06-05T05:00:15.788+0000] {dagbag.py:588} INFO - Filling up the DagBag from /home/airflow/.local/lib/python3.10/site-packages/airflow/example_dags/example_trigger_controller_dag.py
[2025-06-05T05:00:15.799+0000] {processor.py:925} INFO - DAG(s) 'example_trigger_controller_dag' retrieved from /home/airflow/.local/lib/python3.10/site-packages/airflow/example_dags/example_trigger_controller_dag.py
[2025-06-05T05:00:15.879+0000] {logging_mixin.py:190} INFO - [2025-06-05T05:00:15.879+0000] {dag.py:3239} INFO - Sync 1 DAGs
[2025-06-05T05:00:15.911+0000] {logging_mixin.py:190} INFO - [2025-06-05T05:00:15.911+0000] {dag.py:4180} INFO - Setting next_dagrun for example_trigger_controller_dag to 2021-01-01 00:00:00+00:00, run_after=2021-01-01 00:00:00+00:00
[2025-06-05T05:00:15.965+0000] {processor.py:208} INFO - Processing /home/airflow/.local/lib/python3.10/site-packages/airflow/example_dags/example_trigger_controller_dag.py took 0.193 seconds
[2025-06-05T05:00:46.818+0000] {processor.py:186} INFO - Started process (PID=1213) to work on /home/airflow/.local/lib/python3.10/site-packages/airflow/example_dags/example_trigger_controller_dag.py
[2025-06-05T05:00:46.821+0000] {processor.py:914} INFO - Processing file /home/airflow/.local/lib/python3.10/site-packages/airflow/example_dags/example_trigger_controller_dag.py for tasks to queue
[2025-06-05T05:00:46.824+0000] {logging_mixin.py:190} INFO - [2025-06-05T05:00:46.823+0000] {dagbag.py:588} INFO - Filling up the DagBag from /home/airflow/.local/lib/python3.10/site-packages/airflow/example_dags/example_trigger_controller_dag.py
[2025-06-05T05:00:46.835+0000] {processor.py:925} INFO - DAG(s) 'example_trigger_controller_dag' retrieved from /home/airflow/.local/lib/python3.10/site-packages/airflow/example_dags/example_trigger_controller_dag.py
[2025-06-05T05:00:46.922+0000] {logging_mixin.py:190} INFO - [2025-06-05T05:00:46.922+0000] {dag.py:3239} INFO - Sync 1 DAGs
[2025-06-05T05:00:46.959+0000] {logging_mixin.py:190} INFO - [2025-06-05T05:00:46.958+0000] {dag.py:4180} INFO - Setting next_dagrun for example_trigger_controller_dag to 2021-01-01 00:00:00+00:00, run_after=2021-01-01 00:00:00+00:00
[2025-06-05T05:00:47.013+0000] {processor.py:208} INFO - Processing /home/airflow/.local/lib/python3.10/site-packages/airflow/example_dags/example_trigger_controller_dag.py took 0.211 seconds
[2025-06-05T05:01:20.017+0000] {processor.py:186} INFO - Started process (PID=1505) to work on /home/airflow/.local/lib/python3.10/site-packages/airflow/example_dags/example_trigger_controller_dag.py
[2025-06-05T05:01:20.019+0000] {processor.py:914} INFO - Processing file /home/airflow/.local/lib/python3.10/site-packages/airflow/example_dags/example_trigger_controller_dag.py for tasks to queue
[2025-06-05T05:01:20.021+0000] {logging_mixin.py:190} INFO - [2025-06-05T05:01:20.021+0000] {dagbag.py:588} INFO - Filling up the DagBag from /home/airflow/.local/lib/python3.10/site-packages/airflow/example_dags/example_trigger_controller_dag.py
[2025-06-05T05:01:20.030+0000] {processor.py:925} INFO - DAG(s) 'example_trigger_controller_dag' retrieved from /home/airflow/.local/lib/python3.10/site-packages/airflow/example_dags/example_trigger_controller_dag.py
[2025-06-05T05:01:20.115+0000] {logging_mixin.py:190} INFO - [2025-06-05T05:01:20.115+0000] {dag.py:3239} INFO - Sync 1 DAGs
[2025-06-05T05:01:20.142+0000] {logging_mixin.py:190} INFO - [2025-06-05T05:01:20.142+0000] {dag.py:4180} INFO - Setting next_dagrun for example_trigger_controller_dag to 2021-01-01 00:00:00+00:00, run_after=2021-01-01 00:00:00+00:00
[2025-06-05T05:01:20.186+0000] {processor.py:208} INFO - Processing /home/airflow/.local/lib/python3.10/site-packages/airflow/example_dags/example_trigger_controller_dag.py took 0.183 seconds
[2025-06-05T05:01:52.625+0000] {processor.py:186} INFO - Started process (PID=1795) to work on /home/airflow/.local/lib/python3.10/site-packages/airflow/example_dags/example_trigger_controller_dag.py
[2025-06-05T05:01:52.627+0000] {processor.py:914} INFO - Processing file /home/airflow/.local/lib/python3.10/site-packages/airflow/example_dags/example_trigger_controller_dag.py for tasks to queue
[2025-06-05T05:01:52.630+0000] {logging_mixin.py:190} INFO - [2025-06-05T05:01:52.629+0000] {dagbag.py:588} INFO - Filling up the DagBag from /home/airflow/.local/lib/python3.10/site-packages/airflow/example_dags/example_trigger_controller_dag.py
[2025-06-05T05:01:52.639+0000] {processor.py:925} INFO - DAG(s) 'example_trigger_controller_dag' retrieved from /home/airflow/.local/lib/python3.10/site-packages/airflow/example_dags/example_trigger_controller_dag.py
[2025-06-05T05:01:52.734+0000] {logging_mixin.py:190} INFO - [2025-06-05T05:01:52.734+0000] {dag.py:3239} INFO - Sync 1 DAGs
[2025-06-05T05:01:52.766+0000] {logging_mixin.py:190} INFO - [2025-06-05T05:01:52.765+0000] {dag.py:4180} INFO - Setting next_dagrun for example_trigger_controller_dag to 2021-01-01 00:00:00+00:00, run_after=2021-01-01 00:00:00+00:00
[2025-06-05T05:01:52.818+0000] {processor.py:208} INFO - Processing /home/airflow/.local/lib/python3.10/site-packages/airflow/example_dags/example_trigger_controller_dag.py took 0.205 seconds
[2025-06-05T05:02:08.378+0000] {processor.py:186} INFO - Started process (PID=2065) to work on /home/airflow/.local/lib/python3.10/site-packages/airflow/example_dags/example_trigger_controller_dag.py
[2025-06-05T05:02:08.379+0000] {processor.py:914} INFO - Processing file /home/airflow/.local/lib/python3.10/site-packages/airflow/example_dags/example_trigger_controller_dag.py for tasks to queue
[2025-06-05T05:02:08.381+0000] {logging_mixin.py:190} INFO - [2025-06-05T05:02:08.381+0000] {dagbag.py:588} INFO - Filling up the DagBag from /home/airflow/.local/lib/python3.10/site-packages/airflow/example_dags/example_trigger_controller_dag.py
[2025-06-05T05:02:08.389+0000] {processor.py:925} INFO - DAG(s) 'example_trigger_controller_dag' retrieved from /home/airflow/.local/lib/python3.10/site-packages/airflow/example_dags/example_trigger_controller_dag.py
[2025-06-05T05:02:08.457+0000] {logging_mixin.py:190} INFO - [2025-06-05T05:02:08.456+0000] {dag.py:3239} INFO - Sync 1 DAGs
[2025-06-05T05:02:08.484+0000] {logging_mixin.py:190} INFO - [2025-06-05T05:02:08.483+0000] {dag.py:4180} INFO - Setting next_dagrun for example_trigger_controller_dag to 2021-01-01 00:00:00+00:00, run_after=2021-01-01 00:00:00+00:00
[2025-06-05T05:02:08.528+0000] {processor.py:208} INFO - Processing /home/airflow/.local/lib/python3.10/site-packages/airflow/example_dags/example_trigger_controller_dag.py took 0.158 seconds
[2025-06-05T05:02:40.687+0000] {processor.py:186} INFO - Started process (PID=2355) to work on /home/airflow/.local/lib/python3.10/site-packages/airflow/example_dags/example_trigger_controller_dag.py
[2025-06-05T05:02:40.689+0000] {processor.py:914} INFO - Processing file /home/airflow/.local/lib/python3.10/site-packages/airflow/example_dags/example_trigger_controller_dag.py for tasks to queue
[2025-06-05T05:02:40.693+0000] {logging_mixin.py:190} INFO - [2025-06-05T05:02:40.692+0000] {dagbag.py:588} INFO - Filling up the DagBag from /home/airflow/.local/lib/python3.10/site-packages/airflow/example_dags/example_trigger_controller_dag.py
[2025-06-05T05:02:40.702+0000] {processor.py:925} INFO - DAG(s) 'example_trigger_controller_dag' retrieved from /home/airflow/.local/lib/python3.10/site-packages/airflow/example_dags/example_trigger_controller_dag.py
[2025-06-05T05:02:40.822+0000] {logging_mixin.py:190} INFO - [2025-06-05T05:02:40.822+0000] {dag.py:3239} INFO - Sync 1 DAGs
[2025-06-05T05:02:40.889+0000] {logging_mixin.py:190} INFO - [2025-06-05T05:02:40.888+0000] {dag.py:4180} INFO - Setting next_dagrun for example_trigger_controller_dag to 2021-01-01 00:00:00+00:00, run_after=2021-01-01 00:00:00+00:00
[2025-06-05T05:02:40.944+0000] {processor.py:208} INFO - Processing /home/airflow/.local/lib/python3.10/site-packages/airflow/example_dags/example_trigger_controller_dag.py took 0.271 seconds
[2025-06-05T05:03:12.151+0000] {processor.py:186} INFO - Started process (PID=2645) to work on /home/airflow/.local/lib/python3.10/site-packages/airflow/example_dags/example_trigger_controller_dag.py
[2025-06-05T05:03:12.153+0000] {processor.py:914} INFO - Processing file /home/airflow/.local/lib/python3.10/site-packages/airflow/example_dags/example_trigger_controller_dag.py for tasks to queue
[2025-06-05T05:03:12.155+0000] {logging_mixin.py:190} INFO - [2025-06-05T05:03:12.154+0000] {dagbag.py:588} INFO - Filling up the DagBag from /home/airflow/.local/lib/python3.10/site-packages/airflow/example_dags/example_trigger_controller_dag.py
[2025-06-05T05:03:12.164+0000] {processor.py:925} INFO - DAG(s) 'example_trigger_controller_dag' retrieved from /home/airflow/.local/lib/python3.10/site-packages/airflow/example_dags/example_trigger_controller_dag.py
[2025-06-05T05:03:12.239+0000] {logging_mixin.py:190} INFO - [2025-06-05T05:03:12.238+0000] {dag.py:3239} INFO - Sync 1 DAGs
[2025-06-05T05:03:12.268+0000] {logging_mixin.py:190} INFO - [2025-06-05T05:03:12.267+0000] {dag.py:4180} INFO - Setting next_dagrun for example_trigger_controller_dag to 2021-01-01 00:00:00+00:00, run_after=2021-01-01 00:00:00+00:00
[2025-06-05T05:03:12.307+0000] {processor.py:208} INFO - Processing /home/airflow/.local/lib/python3.10/site-packages/airflow/example_dags/example_trigger_controller_dag.py took 0.166 seconds
[2025-06-05T05:03:42.936+0000] {processor.py:186} INFO - Started process (PID=2933) to work on /home/airflow/.local/lib/python3.10/site-packages/airflow/example_dags/example_trigger_controller_dag.py
[2025-06-05T05:03:42.937+0000] {processor.py:914} INFO - Processing file /home/airflow/.local/lib/python3.10/site-packages/airflow/example_dags/example_trigger_controller_dag.py for tasks to queue
[2025-06-05T05:03:42.939+0000] {logging_mixin.py:190} INFO - [2025-06-05T05:03:42.939+0000] {dagbag.py:588} INFO - Filling up the DagBag from /home/airflow/.local/lib/python3.10/site-packages/airflow/example_dags/example_trigger_controller_dag.py
[2025-06-05T05:03:42.948+0000] {processor.py:925} INFO - DAG(s) 'example_trigger_controller_dag' retrieved from /home/airflow/.local/lib/python3.10/site-packages/airflow/example_dags/example_trigger_controller_dag.py
[2025-06-05T05:03:43.029+0000] {logging_mixin.py:190} INFO - [2025-06-05T05:03:43.028+0000] {dag.py:3239} INFO - Sync 1 DAGs
[2025-06-05T05:03:43.062+0000] {logging_mixin.py:190} INFO - [2025-06-05T05:03:43.062+0000] {dag.py:4180} INFO - Setting next_dagrun for example_trigger_controller_dag to 2021-01-01 00:00:00+00:00, run_after=2021-01-01 00:00:00+00:00
[2025-06-05T05:03:43.114+0000] {processor.py:208} INFO - Processing /home/airflow/.local/lib/python3.10/site-packages/airflow/example_dags/example_trigger_controller_dag.py took 0.191 seconds
[2025-06-05T05:04:13.555+0000] {processor.py:186} INFO - Started process (PID=3223) to work on /home/airflow/.local/lib/python3.10/site-packages/airflow/example_dags/example_trigger_controller_dag.py
[2025-06-05T05:04:13.557+0000] {processor.py:914} INFO - Processing file /home/airflow/.local/lib/python3.10/site-packages/airflow/example_dags/example_trigger_controller_dag.py for tasks to queue
[2025-06-05T05:04:13.559+0000] {logging_mixin.py:190} INFO - [2025-06-05T05:04:13.559+0000] {dagbag.py:588} INFO - Filling up the DagBag from /home/airflow/.local/lib/python3.10/site-packages/airflow/example_dags/example_trigger_controller_dag.py
[2025-06-05T05:04:13.567+0000] {processor.py:925} INFO - DAG(s) 'example_trigger_controller_dag' retrieved from /home/airflow/.local/lib/python3.10/site-packages/airflow/example_dags/example_trigger_controller_dag.py
[2025-06-05T05:04:13.649+0000] {logging_mixin.py:190} INFO - [2025-06-05T05:04:13.649+0000] {dag.py:3239} INFO - Sync 1 DAGs
[2025-06-05T05:04:13.683+0000] {logging_mixin.py:190} INFO - [2025-06-05T05:04:13.682+0000] {dag.py:4180} INFO - Setting next_dagrun for example_trigger_controller_dag to 2021-01-01 00:00:00+00:00, run_after=2021-01-01 00:00:00+00:00
[2025-06-05T05:04:13.728+0000] {processor.py:208} INFO - Processing /home/airflow/.local/lib/python3.10/site-packages/airflow/example_dags/example_trigger_controller_dag.py took 0.183 seconds
[2025-06-05T05:04:45.504+0000] {processor.py:186} INFO - Started process (PID=3513) to work on /home/airflow/.local/lib/python3.10/site-packages/airflow/example_dags/example_trigger_controller_dag.py
[2025-06-05T05:04:45.506+0000] {processor.py:914} INFO - Processing file /home/airflow/.local/lib/python3.10/site-packages/airflow/example_dags/example_trigger_controller_dag.py for tasks to queue
[2025-06-05T05:04:45.508+0000] {logging_mixin.py:190} INFO - [2025-06-05T05:04:45.508+0000] {dagbag.py:588} INFO - Filling up the DagBag from /home/airflow/.local/lib/python3.10/site-packages/airflow/example_dags/example_trigger_controller_dag.py
[2025-06-05T05:04:45.516+0000] {processor.py:925} INFO - DAG(s) 'example_trigger_controller_dag' retrieved from /home/airflow/.local/lib/python3.10/site-packages/airflow/example_dags/example_trigger_controller_dag.py
[2025-06-05T05:04:45.591+0000] {logging_mixin.py:190} INFO - [2025-06-05T05:04:45.591+0000] {dag.py:3239} INFO - Sync 1 DAGs
[2025-06-05T05:04:45.623+0000] {logging_mixin.py:190} INFO - [2025-06-05T05:04:45.623+0000] {dag.py:4180} INFO - Setting next_dagrun for example_trigger_controller_dag to 2021-01-01 00:00:00+00:00, run_after=2021-01-01 00:00:00+00:00
[2025-06-05T05:04:45.669+0000] {processor.py:208} INFO - Processing /home/airflow/.local/lib/python3.10/site-packages/airflow/example_dags/example_trigger_controller_dag.py took 0.176 seconds
