[2025-06-05T04:57:56.288+0000] {processor.py:186} INFO - Started process (PID=99337) to work on /home/airflow/.local/lib/python3.10/site-packages/airflow/example_dags/example_skip_dag.py
[2025-06-05T04:57:56.318+0000] {processor.py:914} INFO - Processing file /home/airflow/.local/lib/python3.10/site-packages/airflow/example_dags/example_skip_dag.py for tasks to queue
[2025-06-05T04:57:56.344+0000] {logging_mixin.py:190} INFO - [2025-06-05T04:57:56.343+0000] {dagbag.py:588} INFO - Filling up the DagBag from /home/airflow/.local/lib/python3.10/site-packages/airflow/example_dags/example_skip_dag.py
[2025-06-05T04:57:56.382+0000] {processor.py:925} INFO - DAG(s) 'example_skip_dag' retrieved from /home/airflow/.local/lib/python3.10/site-packages/airflow/example_dags/example_skip_dag.py
[2025-06-05T04:57:56.661+0000] {logging_mixin.py:190} INFO - [2025-06-05T04:57:56.660+0000] {dag.py:3239} INFO - Sync 1 DAGs
[2025-06-05T04:57:56.772+0000] {logging_mixin.py:190} INFO - [2025-06-05T04:57:56.772+0000] {dag.py:4180} INFO - Setting next_dagrun for example_skip_dag to 2025-06-04 00:00:00+00:00, run_after=2025-06-05 00:00:00+00:00
[2025-06-05T04:57:56.929+0000] {processor.py:208} INFO - Processing /home/airflow/.local/lib/python3.10/site-packages/airflow/example_dags/example_skip_dag.py took 0.688 seconds
[2025-06-05T04:58:27.349+0000] {processor.py:186} INFO - Started process (PID=99627) to work on /home/airflow/.local/lib/python3.10/site-packages/airflow/example_dags/example_skip_dag.py
[2025-06-05T04:58:27.353+0000] {processor.py:914} INFO - Processing file /home/airflow/.local/lib/python3.10/site-packages/airflow/example_dags/example_skip_dag.py for tasks to queue
[2025-06-05T04:58:27.356+0000] {logging_mixin.py:190} INFO - [2025-06-05T04:58:27.356+0000] {dagbag.py:588} INFO - Filling up the DagBag from /home/airflow/.local/lib/python3.10/site-packages/airflow/example_dags/example_skip_dag.py
[2025-06-05T04:58:27.375+0000] {processor.py:925} INFO - DAG(s) 'example_skip_dag' retrieved from /home/airflow/.local/lib/python3.10/site-packages/airflow/example_dags/example_skip_dag.py
[2025-06-05T04:58:27.497+0000] {logging_mixin.py:190} INFO - [2025-06-05T04:58:27.496+0000] {dag.py:3239} INFO - Sync 1 DAGs
[2025-06-05T04:58:27.551+0000] {logging_mixin.py:190} INFO - [2025-06-05T04:58:27.551+0000] {dag.py:4180} INFO - Setting next_dagrun for example_skip_dag to 2025-06-04 00:00:00+00:00, run_after=2025-06-05 00:00:00+00:00
[2025-06-05T04:58:27.637+0000] {processor.py:208} INFO - Processing /home/airflow/.local/lib/python3.10/site-packages/airflow/example_dags/example_skip_dag.py took 0.305 seconds
[2025-06-05T04:58:58.492+0000] {processor.py:186} INFO - Started process (PID=99917) to work on /home/airflow/.local/lib/python3.10/site-packages/airflow/example_dags/example_skip_dag.py
[2025-06-05T04:58:58.501+0000] {processor.py:914} INFO - Processing file /home/airflow/.local/lib/python3.10/site-packages/airflow/example_dags/example_skip_dag.py for tasks to queue
[2025-06-05T04:58:58.509+0000] {logging_mixin.py:190} INFO - [2025-06-05T04:58:58.508+0000] {dagbag.py:588} INFO - Filling up the DagBag from /home/airflow/.local/lib/python3.10/site-packages/airflow/example_dags/example_skip_dag.py
[2025-06-05T04:58:58.571+0000] {processor.py:925} INFO - DAG(s) 'example_skip_dag' retrieved from /home/airflow/.local/lib/python3.10/site-packages/airflow/example_dags/example_skip_dag.py
[2025-06-05T04:58:58.842+0000] {logging_mixin.py:190} INFO - [2025-06-05T04:58:58.841+0000] {dag.py:3239} INFO - Sync 1 DAGs
[2025-06-05T04:58:58.904+0000] {logging_mixin.py:190} INFO - [2025-06-05T04:58:58.904+0000] {dag.py:4180} INFO - Setting next_dagrun for example_skip_dag to 2025-06-04 00:00:00+00:00, run_after=2025-06-05 00:00:00+00:00
[2025-06-05T04:58:59.038+0000] {processor.py:208} INFO - Processing /home/airflow/.local/lib/python3.10/site-packages/airflow/example_dags/example_skip_dag.py took 0.595 seconds
[2025-06-05T04:59:29.290+0000] {processor.py:186} INFO - Started process (PID=505) to work on /home/airflow/.local/lib/python3.10/site-packages/airflow/example_dags/example_skip_dag.py
[2025-06-05T04:59:29.293+0000] {processor.py:914} INFO - Processing file /home/airflow/.local/lib/python3.10/site-packages/airflow/example_dags/example_skip_dag.py for tasks to queue
[2025-06-05T04:59:29.296+0000] {logging_mixin.py:190} INFO - [2025-06-05T04:59:29.295+0000] {dagbag.py:588} INFO - Filling up the DagBag from /home/airflow/.local/lib/python3.10/site-packages/airflow/example_dags/example_skip_dag.py
[2025-06-05T04:59:29.316+0000] {processor.py:925} INFO - DAG(s) 'example_skip_dag' retrieved from /home/airflow/.local/lib/python3.10/site-packages/airflow/example_dags/example_skip_dag.py
[2025-06-05T04:59:29.428+0000] {logging_mixin.py:190} INFO - [2025-06-05T04:59:29.428+0000] {dag.py:3239} INFO - Sync 1 DAGs
[2025-06-05T04:59:29.468+0000] {logging_mixin.py:190} INFO - [2025-06-05T04:59:29.467+0000] {dag.py:4180} INFO - Setting next_dagrun for example_skip_dag to 2025-06-04 00:00:00+00:00, run_after=2025-06-05 00:00:00+00:00
[2025-06-05T04:59:29.516+0000] {processor.py:208} INFO - Processing /home/airflow/.local/lib/python3.10/site-packages/airflow/example_dags/example_skip_dag.py took 0.239 seconds
[2025-06-05T04:59:59.809+0000] {processor.py:186} INFO - Started process (PID=795) to work on /home/airflow/.local/lib/python3.10/site-packages/airflow/example_dags/example_skip_dag.py
[2025-06-05T04:59:59.812+0000] {processor.py:914} INFO - Processing file /home/airflow/.local/lib/python3.10/site-packages/airflow/example_dags/example_skip_dag.py for tasks to queue
[2025-06-05T04:59:59.816+0000] {logging_mixin.py:190} INFO - [2025-06-05T04:59:59.816+0000] {dagbag.py:588} INFO - Filling up the DagBag from /home/airflow/.local/lib/python3.10/site-packages/airflow/example_dags/example_skip_dag.py
[2025-06-05T04:59:59.835+0000] {processor.py:925} INFO - DAG(s) 'example_skip_dag' retrieved from /home/airflow/.local/lib/python3.10/site-packages/airflow/example_dags/example_skip_dag.py
[2025-06-05T04:59:59.940+0000] {logging_mixin.py:190} INFO - [2025-06-05T04:59:59.939+0000] {dag.py:3239} INFO - Sync 1 DAGs
[2025-06-05T04:59:59.973+0000] {logging_mixin.py:190} INFO - [2025-06-05T04:59:59.972+0000] {dag.py:4180} INFO - Setting next_dagrun for example_skip_dag to 2025-06-04 00:00:00+00:00, run_after=2025-06-05 00:00:00+00:00
[2025-06-05T05:00:00.039+0000] {processor.py:208} INFO - Processing /home/airflow/.local/lib/python3.10/site-packages/airflow/example_dags/example_skip_dag.py took 0.246 seconds
[2025-06-05T05:00:30.843+0000] {processor.py:186} INFO - Started process (PID=1085) to work on /home/airflow/.local/lib/python3.10/site-packages/airflow/example_dags/example_skip_dag.py
[2025-06-05T05:00:30.847+0000] {processor.py:914} INFO - Processing file /home/airflow/.local/lib/python3.10/site-packages/airflow/example_dags/example_skip_dag.py for tasks to queue
[2025-06-05T05:00:30.853+0000] {logging_mixin.py:190} INFO - [2025-06-05T05:00:30.852+0000] {dagbag.py:588} INFO - Filling up the DagBag from /home/airflow/.local/lib/python3.10/site-packages/airflow/example_dags/example_skip_dag.py
[2025-06-05T05:00:30.881+0000] {processor.py:925} INFO - DAG(s) 'example_skip_dag' retrieved from /home/airflow/.local/lib/python3.10/site-packages/airflow/example_dags/example_skip_dag.py
[2025-06-05T05:00:31.005+0000] {logging_mixin.py:190} INFO - [2025-06-05T05:00:31.005+0000] {dag.py:3239} INFO - Sync 1 DAGs
[2025-06-05T05:00:31.054+0000] {logging_mixin.py:190} INFO - [2025-06-05T05:00:31.054+0000] {dag.py:4180} INFO - Setting next_dagrun for example_skip_dag to 2025-06-04 00:00:00+00:00, run_after=2025-06-05 00:00:00+00:00
[2025-06-05T05:00:31.118+0000] {processor.py:208} INFO - Processing /home/airflow/.local/lib/python3.10/site-packages/airflow/example_dags/example_skip_dag.py took 0.295 seconds
[2025-06-05T05:01:01.364+0000] {processor.py:186} INFO - Started process (PID=1375) to work on /home/airflow/.local/lib/python3.10/site-packages/airflow/example_dags/example_skip_dag.py
[2025-06-05T05:01:01.366+0000] {processor.py:914} INFO - Processing file /home/airflow/.local/lib/python3.10/site-packages/airflow/example_dags/example_skip_dag.py for tasks to queue
[2025-06-05T05:01:01.370+0000] {logging_mixin.py:190} INFO - [2025-06-05T05:01:01.369+0000] {dagbag.py:588} INFO - Filling up the DagBag from /home/airflow/.local/lib/python3.10/site-packages/airflow/example_dags/example_skip_dag.py
[2025-06-05T05:01:01.384+0000] {processor.py:925} INFO - DAG(s) 'example_skip_dag' retrieved from /home/airflow/.local/lib/python3.10/site-packages/airflow/example_dags/example_skip_dag.py
[2025-06-05T05:01:01.490+0000] {logging_mixin.py:190} INFO - [2025-06-05T05:01:01.490+0000] {dag.py:3239} INFO - Sync 1 DAGs
[2025-06-05T05:01:01.534+0000] {logging_mixin.py:190} INFO - [2025-06-05T05:01:01.533+0000] {dag.py:4180} INFO - Setting next_dagrun for example_skip_dag to 2025-06-04 00:00:00+00:00, run_after=2025-06-05 00:00:00+00:00
[2025-06-05T05:01:01.644+0000] {processor.py:208} INFO - Processing /home/airflow/.local/lib/python3.10/site-packages/airflow/example_dags/example_skip_dag.py took 0.292 seconds
[2025-06-05T05:01:32.185+0000] {processor.py:186} INFO - Started process (PID=1665) to work on /home/airflow/.local/lib/python3.10/site-packages/airflow/example_dags/example_skip_dag.py
[2025-06-05T05:01:32.187+0000] {processor.py:914} INFO - Processing file /home/airflow/.local/lib/python3.10/site-packages/airflow/example_dags/example_skip_dag.py for tasks to queue
[2025-06-05T05:01:32.190+0000] {logging_mixin.py:190} INFO - [2025-06-05T05:01:32.189+0000] {dagbag.py:588} INFO - Filling up the DagBag from /home/airflow/.local/lib/python3.10/site-packages/airflow/example_dags/example_skip_dag.py
[2025-06-05T05:01:32.204+0000] {processor.py:925} INFO - DAG(s) 'example_skip_dag' retrieved from /home/airflow/.local/lib/python3.10/site-packages/airflow/example_dags/example_skip_dag.py
[2025-06-05T05:01:32.305+0000] {logging_mixin.py:190} INFO - [2025-06-05T05:01:32.304+0000] {dag.py:3239} INFO - Sync 1 DAGs
[2025-06-05T05:01:32.346+0000] {logging_mixin.py:190} INFO - [2025-06-05T05:01:32.345+0000] {dag.py:4180} INFO - Setting next_dagrun for example_skip_dag to 2025-06-04 00:00:00+00:00, run_after=2025-06-05 00:00:00+00:00
[2025-06-05T05:01:32.443+0000] {processor.py:208} INFO - Processing /home/airflow/.local/lib/python3.10/site-packages/airflow/example_dags/example_skip_dag.py took 0.273 seconds
[2025-06-05T05:02:03.596+0000] {processor.py:186} INFO - Started process (PID=1938) to work on /home/airflow/.local/lib/python3.10/site-packages/airflow/example_dags/example_skip_dag.py
[2025-06-05T05:02:03.599+0000] {processor.py:914} INFO - Processing file /home/airflow/.local/lib/python3.10/site-packages/airflow/example_dags/example_skip_dag.py for tasks to queue
[2025-06-05T05:02:03.601+0000] {logging_mixin.py:190} INFO - [2025-06-05T05:02:03.601+0000] {dagbag.py:588} INFO - Filling up the DagBag from /home/airflow/.local/lib/python3.10/site-packages/airflow/example_dags/example_skip_dag.py
[2025-06-05T05:02:03.614+0000] {processor.py:925} INFO - DAG(s) 'example_skip_dag' retrieved from /home/airflow/.local/lib/python3.10/site-packages/airflow/example_dags/example_skip_dag.py
[2025-06-05T05:02:03.709+0000] {logging_mixin.py:190} INFO - [2025-06-05T05:02:03.708+0000] {dag.py:3239} INFO - Sync 1 DAGs
[2025-06-05T05:02:03.743+0000] {logging_mixin.py:190} INFO - [2025-06-05T05:02:03.742+0000] {dag.py:4180} INFO - Setting next_dagrun for example_skip_dag to 2025-06-04 00:00:00+00:00, run_after=2025-06-05 00:00:00+00:00
[2025-06-05T05:02:03.789+0000] {processor.py:208} INFO - Processing /home/airflow/.local/lib/python3.10/site-packages/airflow/example_dags/example_skip_dag.py took 0.204 seconds
[2025-06-05T05:02:34.590+0000] {processor.py:186} INFO - Started process (PID=2228) to work on /home/airflow/.local/lib/python3.10/site-packages/airflow/example_dags/example_skip_dag.py
[2025-06-05T05:02:34.593+0000] {processor.py:914} INFO - Processing file /home/airflow/.local/lib/python3.10/site-packages/airflow/example_dags/example_skip_dag.py for tasks to queue
[2025-06-05T05:02:34.596+0000] {logging_mixin.py:190} INFO - [2025-06-05T05:02:34.596+0000] {dagbag.py:588} INFO - Filling up the DagBag from /home/airflow/.local/lib/python3.10/site-packages/airflow/example_dags/example_skip_dag.py
[2025-06-05T05:02:34.613+0000] {processor.py:925} INFO - DAG(s) 'example_skip_dag' retrieved from /home/airflow/.local/lib/python3.10/site-packages/airflow/example_dags/example_skip_dag.py
[2025-06-05T05:02:34.747+0000] {logging_mixin.py:190} INFO - [2025-06-05T05:02:34.746+0000] {dag.py:3239} INFO - Sync 1 DAGs
[2025-06-05T05:02:34.799+0000] {logging_mixin.py:190} INFO - [2025-06-05T05:02:34.799+0000] {dag.py:4180} INFO - Setting next_dagrun for example_skip_dag to 2025-06-04 00:00:00+00:00, run_after=2025-06-05 00:00:00+00:00
[2025-06-05T05:02:34.863+0000] {processor.py:208} INFO - Processing /home/airflow/.local/lib/python3.10/site-packages/airflow/example_dags/example_skip_dag.py took 0.291 seconds
[2025-06-05T05:03:05.108+0000] {processor.py:186} INFO - Started process (PID=2518) to work on /home/airflow/.local/lib/python3.10/site-packages/airflow/example_dags/example_skip_dag.py
[2025-06-05T05:03:05.110+0000] {processor.py:914} INFO - Processing file /home/airflow/.local/lib/python3.10/site-packages/airflow/example_dags/example_skip_dag.py for tasks to queue
[2025-06-05T05:03:05.113+0000] {logging_mixin.py:190} INFO - [2025-06-05T05:03:05.113+0000] {dagbag.py:588} INFO - Filling up the DagBag from /home/airflow/.local/lib/python3.10/site-packages/airflow/example_dags/example_skip_dag.py
[2025-06-05T05:03:05.127+0000] {processor.py:925} INFO - DAG(s) 'example_skip_dag' retrieved from /home/airflow/.local/lib/python3.10/site-packages/airflow/example_dags/example_skip_dag.py
[2025-06-05T05:03:05.246+0000] {logging_mixin.py:190} INFO - [2025-06-05T05:03:05.246+0000] {dag.py:3239} INFO - Sync 1 DAGs
[2025-06-05T05:03:05.278+0000] {logging_mixin.py:190} INFO - [2025-06-05T05:03:05.278+0000] {dag.py:4180} INFO - Setting next_dagrun for example_skip_dag to 2025-06-04 00:00:00+00:00, run_after=2025-06-05 00:00:00+00:00
[2025-06-05T05:03:05.332+0000] {processor.py:208} INFO - Processing /home/airflow/.local/lib/python3.10/site-packages/airflow/example_dags/example_skip_dag.py took 0.238 seconds
[2025-06-05T05:03:36.077+0000] {processor.py:186} INFO - Started process (PID=2805) to work on /home/airflow/.local/lib/python3.10/site-packages/airflow/example_dags/example_skip_dag.py
[2025-06-05T05:03:36.080+0000] {processor.py:914} INFO - Processing file /home/airflow/.local/lib/python3.10/site-packages/airflow/example_dags/example_skip_dag.py for tasks to queue
[2025-06-05T05:03:36.091+0000] {logging_mixin.py:190} INFO - [2025-06-05T05:03:36.090+0000] {dagbag.py:588} INFO - Filling up the DagBag from /home/airflow/.local/lib/python3.10/site-packages/airflow/example_dags/example_skip_dag.py
[2025-06-05T05:03:36.111+0000] {processor.py:925} INFO - DAG(s) 'example_skip_dag' retrieved from /home/airflow/.local/lib/python3.10/site-packages/airflow/example_dags/example_skip_dag.py
[2025-06-05T05:03:36.252+0000] {logging_mixin.py:190} INFO - [2025-06-05T05:03:36.251+0000] {dag.py:3239} INFO - Sync 1 DAGs
[2025-06-05T05:03:36.362+0000] {logging_mixin.py:190} INFO - [2025-06-05T05:03:36.361+0000] {dag.py:4180} INFO - Setting next_dagrun for example_skip_dag to 2025-06-04 00:00:00+00:00, run_after=2025-06-05 00:00:00+00:00
[2025-06-05T05:03:36.461+0000] {processor.py:208} INFO - Processing /home/airflow/.local/lib/python3.10/site-packages/airflow/example_dags/example_skip_dag.py took 0.420 seconds
[2025-06-05T05:04:06.755+0000] {processor.py:186} INFO - Started process (PID=3095) to work on /home/airflow/.local/lib/python3.10/site-packages/airflow/example_dags/example_skip_dag.py
[2025-06-05T05:04:06.757+0000] {processor.py:914} INFO - Processing file /home/airflow/.local/lib/python3.10/site-packages/airflow/example_dags/example_skip_dag.py for tasks to queue
[2025-06-05T05:04:06.759+0000] {logging_mixin.py:190} INFO - [2025-06-05T05:04:06.759+0000] {dagbag.py:588} INFO - Filling up the DagBag from /home/airflow/.local/lib/python3.10/site-packages/airflow/example_dags/example_skip_dag.py
[2025-06-05T05:04:06.771+0000] {processor.py:925} INFO - DAG(s) 'example_skip_dag' retrieved from /home/airflow/.local/lib/python3.10/site-packages/airflow/example_dags/example_skip_dag.py
[2025-06-05T05:04:06.845+0000] {logging_mixin.py:190} INFO - [2025-06-05T05:04:06.845+0000] {dag.py:3239} INFO - Sync 1 DAGs
[2025-06-05T05:04:06.872+0000] {logging_mixin.py:190} INFO - [2025-06-05T05:04:06.871+0000] {dag.py:4180} INFO - Setting next_dagrun for example_skip_dag to 2025-06-04 00:00:00+00:00, run_after=2025-06-05 00:00:00+00:00
[2025-06-05T05:04:06.910+0000] {processor.py:208} INFO - Processing /home/airflow/.local/lib/python3.10/site-packages/airflow/example_dags/example_skip_dag.py took 0.167 seconds
[2025-06-05T05:04:37.049+0000] {processor.py:186} INFO - Started process (PID=3383) to work on /home/airflow/.local/lib/python3.10/site-packages/airflow/example_dags/example_skip_dag.py
[2025-06-05T05:04:37.052+0000] {processor.py:914} INFO - Processing file /home/airflow/.local/lib/python3.10/site-packages/airflow/example_dags/example_skip_dag.py for tasks to queue
[2025-06-05T05:04:37.056+0000] {logging_mixin.py:190} INFO - [2025-06-05T05:04:37.055+0000] {dagbag.py:588} INFO - Filling up the DagBag from /home/airflow/.local/lib/python3.10/site-packages/airflow/example_dags/example_skip_dag.py
[2025-06-05T05:04:37.074+0000] {processor.py:925} INFO - DAG(s) 'example_skip_dag' retrieved from /home/airflow/.local/lib/python3.10/site-packages/airflow/example_dags/example_skip_dag.py
[2025-06-05T05:04:37.189+0000] {logging_mixin.py:190} INFO - [2025-06-05T05:04:37.189+0000] {dag.py:3239} INFO - Sync 1 DAGs
[2025-06-05T05:04:37.232+0000] {logging_mixin.py:190} INFO - [2025-06-05T05:04:37.232+0000] {dag.py:4180} INFO - Setting next_dagrun for example_skip_dag to 2025-06-04 00:00:00+00:00, run_after=2025-06-05 00:00:00+00:00
[2025-06-05T05:04:37.333+0000] {processor.py:208} INFO - Processing /home/airflow/.local/lib/python3.10/site-packages/airflow/example_dags/example_skip_dag.py took 0.302 seconds
[2025-06-05T05:05:08.016+0000] {processor.py:186} INFO - Started process (PID=3675) to work on /home/airflow/.local/lib/python3.10/site-packages/airflow/example_dags/example_skip_dag.py
[2025-06-05T05:05:08.018+0000] {processor.py:914} INFO - Processing file /home/airflow/.local/lib/python3.10/site-packages/airflow/example_dags/example_skip_dag.py for tasks to queue
[2025-06-05T05:05:08.022+0000] {logging_mixin.py:190} INFO - [2025-06-05T05:05:08.021+0000] {dagbag.py:588} INFO - Filling up the DagBag from /home/airflow/.local/lib/python3.10/site-packages/airflow/example_dags/example_skip_dag.py
[2025-06-05T05:05:08.042+0000] {processor.py:925} INFO - DAG(s) 'example_skip_dag' retrieved from /home/airflow/.local/lib/python3.10/site-packages/airflow/example_dags/example_skip_dag.py
[2025-06-05T05:05:08.157+0000] {logging_mixin.py:190} INFO - [2025-06-05T05:05:08.157+0000] {dag.py:3239} INFO - Sync 1 DAGs
[2025-06-05T05:05:08.201+0000] {logging_mixin.py:190} INFO - [2025-06-05T05:05:08.200+0000] {dag.py:4180} INFO - Setting next_dagrun for example_skip_dag to 2025-06-04 00:00:00+00:00, run_after=2025-06-05 00:00:00+00:00
[2025-06-05T05:05:08.263+0000] {processor.py:208} INFO - Processing /home/airflow/.local/lib/python3.10/site-packages/airflow/example_dags/example_skip_dag.py took 0.263 seconds
