[2025-06-05T04:57:59.198+0000] {processor.py:186} INFO - Started process (PID=99367) to work on /home/airflow/.local/lib/python3.10/site-packages/airflow/example_dags/example_external_task_marker_dag.py
[2025-06-05T04:57:59.239+0000] {processor.py:914} INFO - Processing file /home/airflow/.local/lib/python3.10/site-packages/airflow/example_dags/example_external_task_marker_dag.py for tasks to queue
[2025-06-05T04:57:59.271+0000] {logging_mixin.py:190} INFO - [2025-06-05T04:57:59.270+0000] {dagbag.py:588} INFO - Filling up the DagBag from /home/airflow/.local/lib/python3.10/site-packages/airflow/example_dags/example_external_task_marker_dag.py
[2025-06-05T04:57:59.358+0000] {processor.py:925} INFO - DAG(s) 'example_external_task_marker_parent', 'example_external_task_marker_child' retrieved from /home/airflow/.local/lib/python3.10/site-packages/airflow/example_dags/example_external_task_marker_dag.py
[2025-06-05T04:57:59.692+0000] {logging_mixin.py:190} INFO - [2025-06-05T04:57:59.691+0000] {dag.py:3239} INFO - Sync 2 DAGs
[2025-06-05T04:57:59.774+0000] {logging_mixin.py:190} INFO - [2025-06-05T04:57:59.773+0000] {dag.py:4180} INFO - Setting next_dagrun for example_external_task_marker_child to None, run_after=None
[2025-06-05T04:57:59.798+0000] {logging_mixin.py:190} INFO - [2025-06-05T04:57:59.798+0000] {dag.py:4180} INFO - Setting next_dagrun for example_external_task_marker_parent to None, run_after=None
[2025-06-05T04:58:00.018+0000] {processor.py:208} INFO - Processing /home/airflow/.local/lib/python3.10/site-packages/airflow/example_dags/example_external_task_marker_dag.py took 0.890 seconds
[2025-06-05T04:58:30.865+0000] {processor.py:186} INFO - Started process (PID=99654) to work on /home/airflow/.local/lib/python3.10/site-packages/airflow/example_dags/example_external_task_marker_dag.py
[2025-06-05T04:58:30.867+0000] {processor.py:914} INFO - Processing file /home/airflow/.local/lib/python3.10/site-packages/airflow/example_dags/example_external_task_marker_dag.py for tasks to queue
[2025-06-05T04:58:30.869+0000] {logging_mixin.py:190} INFO - [2025-06-05T04:58:30.869+0000] {dagbag.py:588} INFO - Filling up the DagBag from /home/airflow/.local/lib/python3.10/site-packages/airflow/example_dags/example_external_task_marker_dag.py
[2025-06-05T04:58:30.879+0000] {processor.py:925} INFO - DAG(s) 'example_external_task_marker_parent', 'example_external_task_marker_child' retrieved from /home/airflow/.local/lib/python3.10/site-packages/airflow/example_dags/example_external_task_marker_dag.py
[2025-06-05T04:58:30.960+0000] {logging_mixin.py:190} INFO - [2025-06-05T04:58:30.959+0000] {dag.py:3239} INFO - Sync 2 DAGs
[2025-06-05T04:58:30.980+0000] {logging_mixin.py:190} INFO - [2025-06-05T04:58:30.980+0000] {dag.py:4180} INFO - Setting next_dagrun for example_external_task_marker_child to None, run_after=None
[2025-06-05T04:58:30.986+0000] {logging_mixin.py:190} INFO - [2025-06-05T04:58:30.986+0000] {dag.py:4180} INFO - Setting next_dagrun for example_external_task_marker_parent to None, run_after=None
[2025-06-05T04:58:31.036+0000] {processor.py:208} INFO - Processing /home/airflow/.local/lib/python3.10/site-packages/airflow/example_dags/example_external_task_marker_dag.py took 0.181 seconds
[2025-06-05T04:59:04.508+0000] {processor.py:186} INFO - Started process (PID=99944) to work on /home/airflow/.local/lib/python3.10/site-packages/airflow/example_dags/example_external_task_marker_dag.py
[2025-06-05T04:59:04.512+0000] {processor.py:914} INFO - Processing file /home/airflow/.local/lib/python3.10/site-packages/airflow/example_dags/example_external_task_marker_dag.py for tasks to queue
[2025-06-05T04:59:04.519+0000] {logging_mixin.py:190} INFO - [2025-06-05T04:59:04.518+0000] {dagbag.py:588} INFO - Filling up the DagBag from /home/airflow/.local/lib/python3.10/site-packages/airflow/example_dags/example_external_task_marker_dag.py
[2025-06-05T04:59:04.555+0000] {processor.py:925} INFO - DAG(s) 'example_external_task_marker_parent', 'example_external_task_marker_child' retrieved from /home/airflow/.local/lib/python3.10/site-packages/airflow/example_dags/example_external_task_marker_dag.py
[2025-06-05T04:59:04.775+0000] {logging_mixin.py:190} INFO - [2025-06-05T04:59:04.774+0000] {dag.py:3239} INFO - Sync 2 DAGs
[2025-06-05T04:59:04.826+0000] {logging_mixin.py:190} INFO - [2025-06-05T04:59:04.826+0000] {dag.py:4180} INFO - Setting next_dagrun for example_external_task_marker_child to None, run_after=None
[2025-06-05T04:59:04.839+0000] {logging_mixin.py:190} INFO - [2025-06-05T04:59:04.838+0000] {dag.py:4180} INFO - Setting next_dagrun for example_external_task_marker_parent to None, run_after=None
[2025-06-05T04:59:04.928+0000] {processor.py:208} INFO - Processing /home/airflow/.local/lib/python3.10/site-packages/airflow/example_dags/example_external_task_marker_dag.py took 0.444 seconds
[2025-06-05T04:59:36.683+0000] {processor.py:186} INFO - Started process (PID=533) to work on /home/airflow/.local/lib/python3.10/site-packages/airflow/example_dags/example_external_task_marker_dag.py
[2025-06-05T04:59:36.686+0000] {processor.py:914} INFO - Processing file /home/airflow/.local/lib/python3.10/site-packages/airflow/example_dags/example_external_task_marker_dag.py for tasks to queue
[2025-06-05T04:59:36.692+0000] {logging_mixin.py:190} INFO - [2025-06-05T04:59:36.691+0000] {dagbag.py:588} INFO - Filling up the DagBag from /home/airflow/.local/lib/python3.10/site-packages/airflow/example_dags/example_external_task_marker_dag.py
[2025-06-05T04:59:36.707+0000] {processor.py:925} INFO - DAG(s) 'example_external_task_marker_child', 'example_external_task_marker_parent' retrieved from /home/airflow/.local/lib/python3.10/site-packages/airflow/example_dags/example_external_task_marker_dag.py
[2025-06-05T04:59:36.845+0000] {logging_mixin.py:190} INFO - [2025-06-05T04:59:36.844+0000] {dag.py:3239} INFO - Sync 2 DAGs
[2025-06-05T04:59:36.879+0000] {logging_mixin.py:190} INFO - [2025-06-05T04:59:36.879+0000] {dag.py:4180} INFO - Setting next_dagrun for example_external_task_marker_child to None, run_after=None
[2025-06-05T04:59:36.890+0000] {logging_mixin.py:190} INFO - [2025-06-05T04:59:36.889+0000] {dag.py:4180} INFO - Setting next_dagrun for example_external_task_marker_parent to None, run_after=None
[2025-06-05T04:59:36.961+0000] {processor.py:208} INFO - Processing /home/airflow/.local/lib/python3.10/site-packages/airflow/example_dags/example_external_task_marker_dag.py took 0.299 seconds
[2025-06-05T05:00:09.939+0000] {processor.py:186} INFO - Started process (PID=823) to work on /home/airflow/.local/lib/python3.10/site-packages/airflow/example_dags/example_external_task_marker_dag.py
[2025-06-05T05:00:09.944+0000] {processor.py:914} INFO - Processing file /home/airflow/.local/lib/python3.10/site-packages/airflow/example_dags/example_external_task_marker_dag.py for tasks to queue
[2025-06-05T05:00:09.949+0000] {logging_mixin.py:190} INFO - [2025-06-05T05:00:09.948+0000] {dagbag.py:588} INFO - Filling up the DagBag from /home/airflow/.local/lib/python3.10/site-packages/airflow/example_dags/example_external_task_marker_dag.py
[2025-06-05T05:00:09.978+0000] {processor.py:925} INFO - DAG(s) 'example_external_task_marker_child', 'example_external_task_marker_parent' retrieved from /home/airflow/.local/lib/python3.10/site-packages/airflow/example_dags/example_external_task_marker_dag.py
[2025-06-05T05:00:10.145+0000] {logging_mixin.py:190} INFO - [2025-06-05T05:00:10.144+0000] {dag.py:3239} INFO - Sync 2 DAGs
[2025-06-05T05:00:10.175+0000] {logging_mixin.py:190} INFO - [2025-06-05T05:00:10.175+0000] {dag.py:4180} INFO - Setting next_dagrun for example_external_task_marker_child to None, run_after=None
[2025-06-05T05:00:10.184+0000] {logging_mixin.py:190} INFO - [2025-06-05T05:00:10.183+0000] {dag.py:4180} INFO - Setting next_dagrun for example_external_task_marker_parent to None, run_after=None
[2025-06-05T05:00:10.307+0000] {processor.py:208} INFO - Processing /home/airflow/.local/lib/python3.10/site-packages/airflow/example_dags/example_external_task_marker_dag.py took 0.389 seconds
[2025-06-05T05:00:42.096+0000] {processor.py:186} INFO - Started process (PID=1114) to work on /home/airflow/.local/lib/python3.10/site-packages/airflow/example_dags/example_external_task_marker_dag.py
[2025-06-05T05:00:42.099+0000] {processor.py:914} INFO - Processing file /home/airflow/.local/lib/python3.10/site-packages/airflow/example_dags/example_external_task_marker_dag.py for tasks to queue
[2025-06-05T05:00:42.101+0000] {logging_mixin.py:190} INFO - [2025-06-05T05:00:42.100+0000] {dagbag.py:588} INFO - Filling up the DagBag from /home/airflow/.local/lib/python3.10/site-packages/airflow/example_dags/example_external_task_marker_dag.py
[2025-06-05T05:00:42.112+0000] {processor.py:925} INFO - DAG(s) 'example_external_task_marker_child', 'example_external_task_marker_parent' retrieved from /home/airflow/.local/lib/python3.10/site-packages/airflow/example_dags/example_external_task_marker_dag.py
[2025-06-05T05:00:42.256+0000] {logging_mixin.py:190} INFO - [2025-06-05T05:00:42.255+0000] {dag.py:3239} INFO - Sync 2 DAGs
[2025-06-05T05:00:42.282+0000] {logging_mixin.py:190} INFO - [2025-06-05T05:00:42.282+0000] {dag.py:4180} INFO - Setting next_dagrun for example_external_task_marker_child to None, run_after=None
[2025-06-05T05:00:42.291+0000] {logging_mixin.py:190} INFO - [2025-06-05T05:00:42.291+0000] {dag.py:4180} INFO - Setting next_dagrun for example_external_task_marker_parent to None, run_after=None
[2025-06-05T05:00:42.348+0000] {processor.py:208} INFO - Processing /home/airflow/.local/lib/python3.10/site-packages/airflow/example_dags/example_external_task_marker_dag.py took 0.266 seconds
[2025-06-05T05:01:14.618+0000] {processor.py:186} INFO - Started process (PID=1405) to work on /home/airflow/.local/lib/python3.10/site-packages/airflow/example_dags/example_external_task_marker_dag.py
[2025-06-05T05:01:14.620+0000] {processor.py:914} INFO - Processing file /home/airflow/.local/lib/python3.10/site-packages/airflow/example_dags/example_external_task_marker_dag.py for tasks to queue
[2025-06-05T05:01:14.624+0000] {logging_mixin.py:190} INFO - [2025-06-05T05:01:14.623+0000] {dagbag.py:588} INFO - Filling up the DagBag from /home/airflow/.local/lib/python3.10/site-packages/airflow/example_dags/example_external_task_marker_dag.py
[2025-06-05T05:01:14.637+0000] {processor.py:925} INFO - DAG(s) 'example_external_task_marker_parent', 'example_external_task_marker_child' retrieved from /home/airflow/.local/lib/python3.10/site-packages/airflow/example_dags/example_external_task_marker_dag.py
[2025-06-05T05:01:14.768+0000] {logging_mixin.py:190} INFO - [2025-06-05T05:01:14.768+0000] {dag.py:3239} INFO - Sync 2 DAGs
[2025-06-05T05:01:14.806+0000] {logging_mixin.py:190} INFO - [2025-06-05T05:01:14.806+0000] {dag.py:4180} INFO - Setting next_dagrun for example_external_task_marker_child to None, run_after=None
[2025-06-05T05:01:14.814+0000] {logging_mixin.py:190} INFO - [2025-06-05T05:01:14.814+0000] {dag.py:4180} INFO - Setting next_dagrun for example_external_task_marker_parent to None, run_after=None
[2025-06-05T05:01:14.878+0000] {processor.py:208} INFO - Processing /home/airflow/.local/lib/python3.10/site-packages/airflow/example_dags/example_external_task_marker_dag.py took 0.274 seconds
[2025-06-05T05:01:46.883+0000] {processor.py:186} INFO - Started process (PID=1695) to work on /home/airflow/.local/lib/python3.10/site-packages/airflow/example_dags/example_external_task_marker_dag.py
[2025-06-05T05:01:46.886+0000] {processor.py:914} INFO - Processing file /home/airflow/.local/lib/python3.10/site-packages/airflow/example_dags/example_external_task_marker_dag.py for tasks to queue
[2025-06-05T05:01:46.889+0000] {logging_mixin.py:190} INFO - [2025-06-05T05:01:46.888+0000] {dagbag.py:588} INFO - Filling up the DagBag from /home/airflow/.local/lib/python3.10/site-packages/airflow/example_dags/example_external_task_marker_dag.py
[2025-06-05T05:01:46.908+0000] {processor.py:925} INFO - DAG(s) 'example_external_task_marker_parent', 'example_external_task_marker_child' retrieved from /home/airflow/.local/lib/python3.10/site-packages/airflow/example_dags/example_external_task_marker_dag.py
[2025-06-05T05:01:47.057+0000] {logging_mixin.py:190} INFO - [2025-06-05T05:01:47.057+0000] {dag.py:3239} INFO - Sync 2 DAGs
[2025-06-05T05:01:47.085+0000] {logging_mixin.py:190} INFO - [2025-06-05T05:01:47.084+0000] {dag.py:4180} INFO - Setting next_dagrun for example_external_task_marker_child to None, run_after=None
[2025-06-05T05:01:47.092+0000] {logging_mixin.py:190} INFO - [2025-06-05T05:01:47.092+0000] {dag.py:4180} INFO - Setting next_dagrun for example_external_task_marker_parent to None, run_after=None
[2025-06-05T05:01:47.142+0000] {processor.py:208} INFO - Processing /home/airflow/.local/lib/python3.10/site-packages/airflow/example_dags/example_external_task_marker_dag.py took 0.275 seconds
[2025-06-05T05:02:04.403+0000] {processor.py:186} INFO - Started process (PID=1968) to work on /home/airflow/.local/lib/python3.10/site-packages/airflow/example_dags/example_external_task_marker_dag.py
[2025-06-05T05:02:04.406+0000] {processor.py:914} INFO - Processing file /home/airflow/.local/lib/python3.10/site-packages/airflow/example_dags/example_external_task_marker_dag.py for tasks to queue
[2025-06-05T05:02:04.408+0000] {logging_mixin.py:190} INFO - [2025-06-05T05:02:04.408+0000] {dagbag.py:588} INFO - Filling up the DagBag from /home/airflow/.local/lib/python3.10/site-packages/airflow/example_dags/example_external_task_marker_dag.py
[2025-06-05T05:02:04.419+0000] {processor.py:925} INFO - DAG(s) 'example_external_task_marker_child', 'example_external_task_marker_parent' retrieved from /home/airflow/.local/lib/python3.10/site-packages/airflow/example_dags/example_external_task_marker_dag.py
[2025-06-05T05:02:04.521+0000] {logging_mixin.py:190} INFO - [2025-06-05T05:02:04.521+0000] {dag.py:3239} INFO - Sync 2 DAGs
[2025-06-05T05:02:04.538+0000] {logging_mixin.py:190} INFO - [2025-06-05T05:02:04.537+0000] {dag.py:4180} INFO - Setting next_dagrun for example_external_task_marker_child to None, run_after=None
[2025-06-05T05:02:04.543+0000] {logging_mixin.py:190} INFO - [2025-06-05T05:02:04.543+0000] {dag.py:4180} INFO - Setting next_dagrun for example_external_task_marker_parent to None, run_after=None
[2025-06-05T05:02:04.588+0000] {processor.py:208} INFO - Processing /home/airflow/.local/lib/python3.10/site-packages/airflow/example_dags/example_external_task_marker_dag.py took 0.196 seconds
[2025-06-05T05:02:36.179+0000] {processor.py:186} INFO - Started process (PID=2258) to work on /home/airflow/.local/lib/python3.10/site-packages/airflow/example_dags/example_external_task_marker_dag.py
[2025-06-05T05:02:36.182+0000] {processor.py:914} INFO - Processing file /home/airflow/.local/lib/python3.10/site-packages/airflow/example_dags/example_external_task_marker_dag.py for tasks to queue
[2025-06-05T05:02:36.185+0000] {logging_mixin.py:190} INFO - [2025-06-05T05:02:36.185+0000] {dagbag.py:588} INFO - Filling up the DagBag from /home/airflow/.local/lib/python3.10/site-packages/airflow/example_dags/example_external_task_marker_dag.py
[2025-06-05T05:02:36.198+0000] {processor.py:925} INFO - DAG(s) 'example_external_task_marker_parent', 'example_external_task_marker_child' retrieved from /home/airflow/.local/lib/python3.10/site-packages/airflow/example_dags/example_external_task_marker_dag.py
[2025-06-05T05:02:36.313+0000] {logging_mixin.py:190} INFO - [2025-06-05T05:02:36.312+0000] {dag.py:3239} INFO - Sync 2 DAGs
[2025-06-05T05:02:36.339+0000] {logging_mixin.py:190} INFO - [2025-06-05T05:02:36.339+0000] {dag.py:4180} INFO - Setting next_dagrun for example_external_task_marker_child to None, run_after=None
[2025-06-05T05:02:36.346+0000] {logging_mixin.py:190} INFO - [2025-06-05T05:02:36.346+0000] {dag.py:4180} INFO - Setting next_dagrun for example_external_task_marker_parent to None, run_after=None
[2025-06-05T05:02:36.398+0000] {processor.py:208} INFO - Processing /home/airflow/.local/lib/python3.10/site-packages/airflow/example_dags/example_external_task_marker_dag.py took 0.239 seconds
[2025-06-05T05:03:06.663+0000] {processor.py:186} INFO - Started process (PID=2543) to work on /home/airflow/.local/lib/python3.10/site-packages/airflow/example_dags/example_external_task_marker_dag.py
[2025-06-05T05:03:06.666+0000] {processor.py:914} INFO - Processing file /home/airflow/.local/lib/python3.10/site-packages/airflow/example_dags/example_external_task_marker_dag.py for tasks to queue
[2025-06-05T05:03:06.669+0000] {logging_mixin.py:190} INFO - [2025-06-05T05:03:06.668+0000] {dagbag.py:588} INFO - Filling up the DagBag from /home/airflow/.local/lib/python3.10/site-packages/airflow/example_dags/example_external_task_marker_dag.py
[2025-06-05T05:03:06.682+0000] {processor.py:925} INFO - DAG(s) 'example_external_task_marker_parent', 'example_external_task_marker_child' retrieved from /home/airflow/.local/lib/python3.10/site-packages/airflow/example_dags/example_external_task_marker_dag.py
[2025-06-05T05:03:06.781+0000] {logging_mixin.py:190} INFO - [2025-06-05T05:03:06.781+0000] {dag.py:3239} INFO - Sync 2 DAGs
[2025-06-05T05:03:06.803+0000] {logging_mixin.py:190} INFO - [2025-06-05T05:03:06.802+0000] {dag.py:4180} INFO - Setting next_dagrun for example_external_task_marker_child to None, run_after=None
[2025-06-05T05:03:06.809+0000] {logging_mixin.py:190} INFO - [2025-06-05T05:03:06.809+0000] {dag.py:4180} INFO - Setting next_dagrun for example_external_task_marker_parent to None, run_after=None
[2025-06-05T05:03:06.855+0000] {processor.py:208} INFO - Processing /home/airflow/.local/lib/python3.10/site-packages/airflow/example_dags/example_external_task_marker_dag.py took 0.208 seconds
[2025-06-05T05:03:38.102+0000] {processor.py:186} INFO - Started process (PID=2833) to work on /home/airflow/.local/lib/python3.10/site-packages/airflow/example_dags/example_external_task_marker_dag.py
[2025-06-05T05:03:38.105+0000] {processor.py:914} INFO - Processing file /home/airflow/.local/lib/python3.10/site-packages/airflow/example_dags/example_external_task_marker_dag.py for tasks to queue
[2025-06-05T05:03:38.109+0000] {logging_mixin.py:190} INFO - [2025-06-05T05:03:38.108+0000] {dagbag.py:588} INFO - Filling up the DagBag from /home/airflow/.local/lib/python3.10/site-packages/airflow/example_dags/example_external_task_marker_dag.py
[2025-06-05T05:03:38.136+0000] {processor.py:925} INFO - DAG(s) 'example_external_task_marker_parent', 'example_external_task_marker_child' retrieved from /home/airflow/.local/lib/python3.10/site-packages/airflow/example_dags/example_external_task_marker_dag.py
[2025-06-05T05:03:38.286+0000] {logging_mixin.py:190} INFO - [2025-06-05T05:03:38.285+0000] {dag.py:3239} INFO - Sync 2 DAGs
[2025-06-05T05:03:38.327+0000] {logging_mixin.py:190} INFO - [2025-06-05T05:03:38.326+0000] {dag.py:4180} INFO - Setting next_dagrun for example_external_task_marker_child to None, run_after=None
[2025-06-05T05:03:38.335+0000] {logging_mixin.py:190} INFO - [2025-06-05T05:03:38.335+0000] {dag.py:4180} INFO - Setting next_dagrun for example_external_task_marker_parent to None, run_after=None
[2025-06-05T05:03:38.393+0000] {processor.py:208} INFO - Processing /home/airflow/.local/lib/python3.10/site-packages/airflow/example_dags/example_external_task_marker_dag.py took 0.310 seconds
[2025-06-05T05:04:09.228+0000] {processor.py:186} INFO - Started process (PID=3123) to work on /home/airflow/.local/lib/python3.10/site-packages/airflow/example_dags/example_external_task_marker_dag.py
[2025-06-05T05:04:09.230+0000] {processor.py:914} INFO - Processing file /home/airflow/.local/lib/python3.10/site-packages/airflow/example_dags/example_external_task_marker_dag.py for tasks to queue
[2025-06-05T05:04:09.232+0000] {logging_mixin.py:190} INFO - [2025-06-05T05:04:09.232+0000] {dagbag.py:588} INFO - Filling up the DagBag from /home/airflow/.local/lib/python3.10/site-packages/airflow/example_dags/example_external_task_marker_dag.py
[2025-06-05T05:04:09.241+0000] {processor.py:925} INFO - DAG(s) 'example_external_task_marker_parent', 'example_external_task_marker_child' retrieved from /home/airflow/.local/lib/python3.10/site-packages/airflow/example_dags/example_external_task_marker_dag.py
[2025-06-05T05:04:09.322+0000] {logging_mixin.py:190} INFO - [2025-06-05T05:04:09.322+0000] {dag.py:3239} INFO - Sync 2 DAGs
[2025-06-05T05:04:09.338+0000] {logging_mixin.py:190} INFO - [2025-06-05T05:04:09.338+0000] {dag.py:4180} INFO - Setting next_dagrun for example_external_task_marker_child to None, run_after=None
[2025-06-05T05:04:09.344+0000] {logging_mixin.py:190} INFO - [2025-06-05T05:04:09.343+0000] {dag.py:4180} INFO - Setting next_dagrun for example_external_task_marker_parent to None, run_after=None
[2025-06-05T05:04:09.382+0000] {processor.py:208} INFO - Processing /home/airflow/.local/lib/python3.10/site-packages/airflow/example_dags/example_external_task_marker_dag.py took 0.164 seconds
[2025-06-05T05:04:39.930+0000] {processor.py:186} INFO - Started process (PID=3413) to work on /home/airflow/.local/lib/python3.10/site-packages/airflow/example_dags/example_external_task_marker_dag.py
[2025-06-05T05:04:39.933+0000] {processor.py:914} INFO - Processing file /home/airflow/.local/lib/python3.10/site-packages/airflow/example_dags/example_external_task_marker_dag.py for tasks to queue
[2025-06-05T05:04:39.936+0000] {logging_mixin.py:190} INFO - [2025-06-05T05:04:39.935+0000] {dagbag.py:588} INFO - Filling up the DagBag from /home/airflow/.local/lib/python3.10/site-packages/airflow/example_dags/example_external_task_marker_dag.py
[2025-06-05T05:04:39.949+0000] {processor.py:925} INFO - DAG(s) 'example_external_task_marker_parent', 'example_external_task_marker_child' retrieved from /home/airflow/.local/lib/python3.10/site-packages/airflow/example_dags/example_external_task_marker_dag.py
[2025-06-05T05:04:40.078+0000] {logging_mixin.py:190} INFO - [2025-06-05T05:04:40.078+0000] {dag.py:3239} INFO - Sync 2 DAGs
[2025-06-05T05:04:40.107+0000] {logging_mixin.py:190} INFO - [2025-06-05T05:04:40.107+0000] {dag.py:4180} INFO - Setting next_dagrun for example_external_task_marker_child to None, run_after=None
[2025-06-05T05:04:40.116+0000] {logging_mixin.py:190} INFO - [2025-06-05T05:04:40.115+0000] {dag.py:4180} INFO - Setting next_dagrun for example_external_task_marker_parent to None, run_after=None
[2025-06-05T05:04:40.218+0000] {processor.py:208} INFO - Processing /home/airflow/.local/lib/python3.10/site-packages/airflow/example_dags/example_external_task_marker_dag.py took 0.302 seconds
[2025-06-05T05:05:10.832+0000] {processor.py:186} INFO - Started process (PID=3703) to work on /home/airflow/.local/lib/python3.10/site-packages/airflow/example_dags/example_external_task_marker_dag.py
[2025-06-05T05:05:10.834+0000] {processor.py:914} INFO - Processing file /home/airflow/.local/lib/python3.10/site-packages/airflow/example_dags/example_external_task_marker_dag.py for tasks to queue
[2025-06-05T05:05:10.836+0000] {logging_mixin.py:190} INFO - [2025-06-05T05:05:10.836+0000] {dagbag.py:588} INFO - Filling up the DagBag from /home/airflow/.local/lib/python3.10/site-packages/airflow/example_dags/example_external_task_marker_dag.py
[2025-06-05T05:05:10.850+0000] {processor.py:925} INFO - DAG(s) 'example_external_task_marker_child', 'example_external_task_marker_parent' retrieved from /home/airflow/.local/lib/python3.10/site-packages/airflow/example_dags/example_external_task_marker_dag.py
[2025-06-05T05:05:10.981+0000] {logging_mixin.py:190} INFO - [2025-06-05T05:05:10.980+0000] {dag.py:3239} INFO - Sync 2 DAGs
[2025-06-05T05:05:11.029+0000] {logging_mixin.py:190} INFO - [2025-06-05T05:05:11.028+0000] {dag.py:4180} INFO - Setting next_dagrun for example_external_task_marker_child to None, run_after=None
[2025-06-05T05:05:11.037+0000] {logging_mixin.py:190} INFO - [2025-06-05T05:05:11.037+0000] {dag.py:4180} INFO - Setting next_dagrun for example_external_task_marker_parent to None, run_after=None
[2025-06-05T05:05:11.098+0000] {processor.py:208} INFO - Processing /home/airflow/.local/lib/python3.10/site-packages/airflow/example_dags/example_external_task_marker_dag.py took 0.279 seconds
