[2025-06-05T04:58:06.072+0000] {processor.py:186} INFO - Started process (PID=99412) to work on /home/airflow/.local/lib/python3.10/site-packages/airflow/example_dags/example_time_delta_sensor_async.py
[2025-06-05T04:58:06.076+0000] {processor.py:914} INFO - Processing file /home/airflow/.local/lib/python3.10/site-packages/airflow/example_dags/example_time_delta_sensor_async.py for tasks to queue
[2025-06-05T04:58:06.080+0000] {logging_mixin.py:190} INFO - [2025-06-05T04:58:06.079+0000] {dagbag.py:588} INFO - Filling up the DagBag from /home/airflow/.local/lib/python3.10/site-packages/airflow/example_dags/example_time_delta_sensor_async.py
[2025-06-05T04:58:06.095+0000] {processor.py:925} INFO - DAG(s) 'example_time_delta_sensor_async' retrieved from /home/airflow/.local/lib/python3.10/site-packages/airflow/example_dags/example_time_delta_sensor_async.py
[2025-06-05T04:58:08.542+0000] {logging_mixin.py:190} INFO - [2025-06-05T04:58:08.541+0000] {dag.py:3239} INFO - Sync 1 DAGs
[2025-06-05T04:58:08.652+0000] {logging_mixin.py:190} INFO - [2025-06-05T04:58:08.651+0000] {dag.py:4180} INFO - Setting next_dagrun for example_time_delta_sensor_async to None, run_after=None
[2025-06-05T04:58:08.791+0000] {processor.py:208} INFO - Processing /home/airflow/.local/lib/python3.10/site-packages/airflow/example_dags/example_time_delta_sensor_async.py took 0.499 seconds
[2025-06-05T04:58:39.118+0000] {processor.py:186} INFO - Started process (PID=99699) to work on /home/airflow/.local/lib/python3.10/site-packages/airflow/example_dags/example_time_delta_sensor_async.py
[2025-06-05T04:58:39.121+0000] {processor.py:914} INFO - Processing file /home/airflow/.local/lib/python3.10/site-packages/airflow/example_dags/example_time_delta_sensor_async.py for tasks to queue
[2025-06-05T04:58:39.125+0000] {logging_mixin.py:190} INFO - [2025-06-05T04:58:39.124+0000] {dagbag.py:588} INFO - Filling up the DagBag from /home/airflow/.local/lib/python3.10/site-packages/airflow/example_dags/example_time_delta_sensor_async.py
[2025-06-05T04:58:39.140+0000] {processor.py:925} INFO - DAG(s) 'example_time_delta_sensor_async' retrieved from /home/airflow/.local/lib/python3.10/site-packages/airflow/example_dags/example_time_delta_sensor_async.py
[2025-06-05T04:58:39.269+0000] {logging_mixin.py:190} INFO - [2025-06-05T04:58:39.268+0000] {dag.py:3239} INFO - Sync 1 DAGs
[2025-06-05T04:58:39.291+0000] {logging_mixin.py:190} INFO - [2025-06-05T04:58:39.290+0000] {dag.py:4180} INFO - Setting next_dagrun for example_time_delta_sensor_async to None, run_after=None
[2025-06-05T04:58:39.347+0000] {processor.py:208} INFO - Processing /home/airflow/.local/lib/python3.10/site-packages/airflow/example_dags/example_time_delta_sensor_async.py took 0.250 seconds
[2025-06-05T04:59:09.602+0000] {processor.py:186} INFO - Started process (PID=99989) to work on /home/airflow/.local/lib/python3.10/site-packages/airflow/example_dags/example_time_delta_sensor_async.py
[2025-06-05T04:59:09.604+0000] {processor.py:914} INFO - Processing file /home/airflow/.local/lib/python3.10/site-packages/airflow/example_dags/example_time_delta_sensor_async.py for tasks to queue
[2025-06-05T04:59:09.606+0000] {logging_mixin.py:190} INFO - [2025-06-05T04:59:09.606+0000] {dagbag.py:588} INFO - Filling up the DagBag from /home/airflow/.local/lib/python3.10/site-packages/airflow/example_dags/example_time_delta_sensor_async.py
[2025-06-05T04:59:09.615+0000] {processor.py:925} INFO - DAG(s) 'example_time_delta_sensor_async' retrieved from /home/airflow/.local/lib/python3.10/site-packages/airflow/example_dags/example_time_delta_sensor_async.py
[2025-06-05T04:59:09.690+0000] {logging_mixin.py:190} INFO - [2025-06-05T04:59:09.689+0000] {dag.py:3239} INFO - Sync 1 DAGs
[2025-06-05T04:59:09.707+0000] {logging_mixin.py:190} INFO - [2025-06-05T04:59:09.707+0000] {dag.py:4180} INFO - Setting next_dagrun for example_time_delta_sensor_async to None, run_after=None
[2025-06-05T04:59:09.747+0000] {processor.py:208} INFO - Processing /home/airflow/.local/lib/python3.10/site-packages/airflow/example_dags/example_time_delta_sensor_async.py took 0.156 seconds
[2025-06-05T04:59:39.976+0000] {processor.py:186} INFO - Started process (PID=580) to work on /home/airflow/.local/lib/python3.10/site-packages/airflow/example_dags/example_time_delta_sensor_async.py
[2025-06-05T04:59:39.978+0000] {processor.py:914} INFO - Processing file /home/airflow/.local/lib/python3.10/site-packages/airflow/example_dags/example_time_delta_sensor_async.py for tasks to queue
[2025-06-05T04:59:39.981+0000] {logging_mixin.py:190} INFO - [2025-06-05T04:59:39.980+0000] {dagbag.py:588} INFO - Filling up the DagBag from /home/airflow/.local/lib/python3.10/site-packages/airflow/example_dags/example_time_delta_sensor_async.py
[2025-06-05T04:59:39.989+0000] {processor.py:925} INFO - DAG(s) 'example_time_delta_sensor_async' retrieved from /home/airflow/.local/lib/python3.10/site-packages/airflow/example_dags/example_time_delta_sensor_async.py
[2025-06-05T04:59:40.066+0000] {logging_mixin.py:190} INFO - [2025-06-05T04:59:40.066+0000] {dag.py:3239} INFO - Sync 1 DAGs
[2025-06-05T04:59:40.090+0000] {logging_mixin.py:190} INFO - [2025-06-05T04:59:40.089+0000] {dag.py:4180} INFO - Setting next_dagrun for example_time_delta_sensor_async to None, run_after=None
[2025-06-05T04:59:40.141+0000] {processor.py:208} INFO - Processing /home/airflow/.local/lib/python3.10/site-packages/airflow/example_dags/example_time_delta_sensor_async.py took 0.177 seconds
[2025-06-05T05:00:12.601+0000] {processor.py:186} INFO - Started process (PID=868) to work on /home/airflow/.local/lib/python3.10/site-packages/airflow/example_dags/example_time_delta_sensor_async.py
[2025-06-05T05:00:12.604+0000] {processor.py:914} INFO - Processing file /home/airflow/.local/lib/python3.10/site-packages/airflow/example_dags/example_time_delta_sensor_async.py for tasks to queue
[2025-06-05T05:00:12.607+0000] {logging_mixin.py:190} INFO - [2025-06-05T05:00:12.606+0000] {dagbag.py:588} INFO - Filling up the DagBag from /home/airflow/.local/lib/python3.10/site-packages/airflow/example_dags/example_time_delta_sensor_async.py
[2025-06-05T05:00:12.615+0000] {processor.py:925} INFO - DAG(s) 'example_time_delta_sensor_async' retrieved from /home/airflow/.local/lib/python3.10/site-packages/airflow/example_dags/example_time_delta_sensor_async.py
[2025-06-05T05:00:12.707+0000] {logging_mixin.py:190} INFO - [2025-06-05T05:00:12.706+0000] {dag.py:3239} INFO - Sync 1 DAGs
[2025-06-05T05:00:12.733+0000] {logging_mixin.py:190} INFO - [2025-06-05T05:00:12.733+0000] {dag.py:4180} INFO - Setting next_dagrun for example_time_delta_sensor_async to None, run_after=None
[2025-06-05T05:00:12.791+0000] {processor.py:208} INFO - Processing /home/airflow/.local/lib/python3.10/site-packages/airflow/example_dags/example_time_delta_sensor_async.py took 0.200 seconds
[2025-06-05T05:00:44.262+0000] {processor.py:186} INFO - Started process (PID=1158) to work on /home/airflow/.local/lib/python3.10/site-packages/airflow/example_dags/example_time_delta_sensor_async.py
[2025-06-05T05:00:44.265+0000] {processor.py:914} INFO - Processing file /home/airflow/.local/lib/python3.10/site-packages/airflow/example_dags/example_time_delta_sensor_async.py for tasks to queue
[2025-06-05T05:00:44.269+0000] {logging_mixin.py:190} INFO - [2025-06-05T05:00:44.269+0000] {dagbag.py:588} INFO - Filling up the DagBag from /home/airflow/.local/lib/python3.10/site-packages/airflow/example_dags/example_time_delta_sensor_async.py
[2025-06-05T05:00:44.280+0000] {processor.py:925} INFO - DAG(s) 'example_time_delta_sensor_async' retrieved from /home/airflow/.local/lib/python3.10/site-packages/airflow/example_dags/example_time_delta_sensor_async.py
[2025-06-05T05:00:44.382+0000] {logging_mixin.py:190} INFO - [2025-06-05T05:00:44.381+0000] {dag.py:3239} INFO - Sync 1 DAGs
[2025-06-05T05:00:44.406+0000] {logging_mixin.py:190} INFO - [2025-06-05T05:00:44.406+0000] {dag.py:4180} INFO - Setting next_dagrun for example_time_delta_sensor_async to None, run_after=None
[2025-06-05T05:00:44.460+0000] {processor.py:208} INFO - Processing /home/airflow/.local/lib/python3.10/site-packages/airflow/example_dags/example_time_delta_sensor_async.py took 0.224 seconds
[2025-06-05T05:01:18.042+0000] {processor.py:186} INFO - Started process (PID=1450) to work on /home/airflow/.local/lib/python3.10/site-packages/airflow/example_dags/example_time_delta_sensor_async.py
[2025-06-05T05:01:18.045+0000] {processor.py:914} INFO - Processing file /home/airflow/.local/lib/python3.10/site-packages/airflow/example_dags/example_time_delta_sensor_async.py for tasks to queue
[2025-06-05T05:01:18.048+0000] {logging_mixin.py:190} INFO - [2025-06-05T05:01:18.047+0000] {dagbag.py:588} INFO - Filling up the DagBag from /home/airflow/.local/lib/python3.10/site-packages/airflow/example_dags/example_time_delta_sensor_async.py
[2025-06-05T05:01:18.057+0000] {processor.py:925} INFO - DAG(s) 'example_time_delta_sensor_async' retrieved from /home/airflow/.local/lib/python3.10/site-packages/airflow/example_dags/example_time_delta_sensor_async.py
[2025-06-05T05:01:18.152+0000] {logging_mixin.py:190} INFO - [2025-06-05T05:01:18.151+0000] {dag.py:3239} INFO - Sync 1 DAGs
[2025-06-05T05:01:18.174+0000] {logging_mixin.py:190} INFO - [2025-06-05T05:01:18.173+0000] {dag.py:4180} INFO - Setting next_dagrun for example_time_delta_sensor_async to None, run_after=None
[2025-06-05T05:01:18.228+0000] {processor.py:208} INFO - Processing /home/airflow/.local/lib/python3.10/site-packages/airflow/example_dags/example_time_delta_sensor_async.py took 0.197 seconds
[2025-06-05T05:01:49.121+0000] {processor.py:186} INFO - Started process (PID=1738) to work on /home/airflow/.local/lib/python3.10/site-packages/airflow/example_dags/example_time_delta_sensor_async.py
[2025-06-05T05:01:49.124+0000] {processor.py:914} INFO - Processing file /home/airflow/.local/lib/python3.10/site-packages/airflow/example_dags/example_time_delta_sensor_async.py for tasks to queue
[2025-06-05T05:01:49.128+0000] {logging_mixin.py:190} INFO - [2025-06-05T05:01:49.127+0000] {dagbag.py:588} INFO - Filling up the DagBag from /home/airflow/.local/lib/python3.10/site-packages/airflow/example_dags/example_time_delta_sensor_async.py
[2025-06-05T05:01:49.144+0000] {processor.py:925} INFO - DAG(s) 'example_time_delta_sensor_async' retrieved from /home/airflow/.local/lib/python3.10/site-packages/airflow/example_dags/example_time_delta_sensor_async.py
[2025-06-05T05:01:49.267+0000] {logging_mixin.py:190} INFO - [2025-06-05T05:01:49.267+0000] {dag.py:3239} INFO - Sync 1 DAGs
[2025-06-05T05:01:49.296+0000] {logging_mixin.py:190} INFO - [2025-06-05T05:01:49.295+0000] {dag.py:4180} INFO - Setting next_dagrun for example_time_delta_sensor_async to None, run_after=None
[2025-06-05T05:01:49.359+0000] {processor.py:208} INFO - Processing /home/airflow/.local/lib/python3.10/site-packages/airflow/example_dags/example_time_delta_sensor_async.py took 0.256 seconds
[2025-06-05T05:02:06.423+0000] {processor.py:186} INFO - Started process (PID=2013) to work on /home/airflow/.local/lib/python3.10/site-packages/airflow/example_dags/example_time_delta_sensor_async.py
[2025-06-05T05:02:06.425+0000] {processor.py:914} INFO - Processing file /home/airflow/.local/lib/python3.10/site-packages/airflow/example_dags/example_time_delta_sensor_async.py for tasks to queue
[2025-06-05T05:02:06.428+0000] {logging_mixin.py:190} INFO - [2025-06-05T05:02:06.427+0000] {dagbag.py:588} INFO - Filling up the DagBag from /home/airflow/.local/lib/python3.10/site-packages/airflow/example_dags/example_time_delta_sensor_async.py
[2025-06-05T05:02:06.436+0000] {processor.py:925} INFO - DAG(s) 'example_time_delta_sensor_async' retrieved from /home/airflow/.local/lib/python3.10/site-packages/airflow/example_dags/example_time_delta_sensor_async.py
[2025-06-05T05:02:06.526+0000] {logging_mixin.py:190} INFO - [2025-06-05T05:02:06.526+0000] {dag.py:3239} INFO - Sync 1 DAGs
[2025-06-05T05:02:06.550+0000] {logging_mixin.py:190} INFO - [2025-06-05T05:02:06.549+0000] {dag.py:4180} INFO - Setting next_dagrun for example_time_delta_sensor_async to None, run_after=None
[2025-06-05T05:02:06.593+0000] {processor.py:208} INFO - Processing /home/airflow/.local/lib/python3.10/site-packages/airflow/example_dags/example_time_delta_sensor_async.py took 0.180 seconds
[2025-06-05T05:02:38.390+0000] {processor.py:186} INFO - Started process (PID=2303) to work on /home/airflow/.local/lib/python3.10/site-packages/airflow/example_dags/example_time_delta_sensor_async.py
[2025-06-05T05:02:38.392+0000] {processor.py:914} INFO - Processing file /home/airflow/.local/lib/python3.10/site-packages/airflow/example_dags/example_time_delta_sensor_async.py for tasks to queue
[2025-06-05T05:02:38.395+0000] {logging_mixin.py:190} INFO - [2025-06-05T05:02:38.394+0000] {dagbag.py:588} INFO - Filling up the DagBag from /home/airflow/.local/lib/python3.10/site-packages/airflow/example_dags/example_time_delta_sensor_async.py
[2025-06-05T05:02:38.403+0000] {processor.py:925} INFO - DAG(s) 'example_time_delta_sensor_async' retrieved from /home/airflow/.local/lib/python3.10/site-packages/airflow/example_dags/example_time_delta_sensor_async.py
[2025-06-05T05:02:38.492+0000] {logging_mixin.py:190} INFO - [2025-06-05T05:02:38.492+0000] {dag.py:3239} INFO - Sync 1 DAGs
[2025-06-05T05:02:38.513+0000] {logging_mixin.py:190} INFO - [2025-06-05T05:02:38.512+0000] {dag.py:4180} INFO - Setting next_dagrun for example_time_delta_sensor_async to None, run_after=None
[2025-06-05T05:02:38.564+0000] {processor.py:208} INFO - Processing /home/airflow/.local/lib/python3.10/site-packages/airflow/example_dags/example_time_delta_sensor_async.py took 0.184 seconds
[2025-06-05T05:03:09.293+0000] {processor.py:186} INFO - Started process (PID=2588) to work on /home/airflow/.local/lib/python3.10/site-packages/airflow/example_dags/example_time_delta_sensor_async.py
[2025-06-05T05:03:09.296+0000] {processor.py:914} INFO - Processing file /home/airflow/.local/lib/python3.10/site-packages/airflow/example_dags/example_time_delta_sensor_async.py for tasks to queue
[2025-06-05T05:03:09.299+0000] {logging_mixin.py:190} INFO - [2025-06-05T05:03:09.298+0000] {dagbag.py:588} INFO - Filling up the DagBag from /home/airflow/.local/lib/python3.10/site-packages/airflow/example_dags/example_time_delta_sensor_async.py
[2025-06-05T05:03:09.308+0000] {processor.py:925} INFO - DAG(s) 'example_time_delta_sensor_async' retrieved from /home/airflow/.local/lib/python3.10/site-packages/airflow/example_dags/example_time_delta_sensor_async.py
[2025-06-05T05:03:09.417+0000] {logging_mixin.py:190} INFO - [2025-06-05T05:03:09.416+0000] {dag.py:3239} INFO - Sync 1 DAGs
[2025-06-05T05:03:09.449+0000] {logging_mixin.py:190} INFO - [2025-06-05T05:03:09.448+0000] {dag.py:4180} INFO - Setting next_dagrun for example_time_delta_sensor_async to None, run_after=None
[2025-06-05T05:03:09.508+0000] {processor.py:208} INFO - Processing /home/airflow/.local/lib/python3.10/site-packages/airflow/example_dags/example_time_delta_sensor_async.py took 0.230 seconds
[2025-06-05T05:03:40.443+0000] {processor.py:186} INFO - Started process (PID=2878) to work on /home/airflow/.local/lib/python3.10/site-packages/airflow/example_dags/example_time_delta_sensor_async.py
[2025-06-05T05:03:40.447+0000] {processor.py:914} INFO - Processing file /home/airflow/.local/lib/python3.10/site-packages/airflow/example_dags/example_time_delta_sensor_async.py for tasks to queue
[2025-06-05T05:03:40.453+0000] {logging_mixin.py:190} INFO - [2025-06-05T05:03:40.452+0000] {dagbag.py:588} INFO - Filling up the DagBag from /home/airflow/.local/lib/python3.10/site-packages/airflow/example_dags/example_time_delta_sensor_async.py
[2025-06-05T05:03:40.473+0000] {processor.py:925} INFO - DAG(s) 'example_time_delta_sensor_async' retrieved from /home/airflow/.local/lib/python3.10/site-packages/airflow/example_dags/example_time_delta_sensor_async.py
[2025-06-05T05:03:40.666+0000] {logging_mixin.py:190} INFO - [2025-06-05T05:03:40.665+0000] {dag.py:3239} INFO - Sync 1 DAGs
[2025-06-05T05:03:40.704+0000] {logging_mixin.py:190} INFO - [2025-06-05T05:03:40.703+0000] {dag.py:4180} INFO - Setting next_dagrun for example_time_delta_sensor_async to None, run_after=None
[2025-06-05T05:03:40.758+0000] {processor.py:208} INFO - Processing /home/airflow/.local/lib/python3.10/site-packages/airflow/example_dags/example_time_delta_sensor_async.py took 0.341 seconds
[2025-06-05T05:04:11.546+0000] {processor.py:186} INFO - Started process (PID=3170) to work on /home/airflow/.local/lib/python3.10/site-packages/airflow/example_dags/example_time_delta_sensor_async.py
[2025-06-05T05:04:11.548+0000] {processor.py:914} INFO - Processing file /home/airflow/.local/lib/python3.10/site-packages/airflow/example_dags/example_time_delta_sensor_async.py for tasks to queue
[2025-06-05T05:04:11.550+0000] {logging_mixin.py:190} INFO - [2025-06-05T05:04:11.550+0000] {dagbag.py:588} INFO - Filling up the DagBag from /home/airflow/.local/lib/python3.10/site-packages/airflow/example_dags/example_time_delta_sensor_async.py
[2025-06-05T05:04:11.562+0000] {processor.py:925} INFO - DAG(s) 'example_time_delta_sensor_async' retrieved from /home/airflow/.local/lib/python3.10/site-packages/airflow/example_dags/example_time_delta_sensor_async.py
[2025-06-05T05:04:11.644+0000] {logging_mixin.py:190} INFO - [2025-06-05T05:04:11.644+0000] {dag.py:3239} INFO - Sync 1 DAGs
[2025-06-05T05:04:11.663+0000] {logging_mixin.py:190} INFO - [2025-06-05T05:04:11.663+0000] {dag.py:4180} INFO - Setting next_dagrun for example_time_delta_sensor_async to None, run_after=None
[2025-06-05T05:04:11.728+0000] {processor.py:208} INFO - Processing /home/airflow/.local/lib/python3.10/site-packages/airflow/example_dags/example_time_delta_sensor_async.py took 0.191 seconds
[2025-06-05T05:04:42.738+0000] {processor.py:186} INFO - Started process (PID=3458) to work on /home/airflow/.local/lib/python3.10/site-packages/airflow/example_dags/example_time_delta_sensor_async.py
[2025-06-05T05:04:42.740+0000] {processor.py:914} INFO - Processing file /home/airflow/.local/lib/python3.10/site-packages/airflow/example_dags/example_time_delta_sensor_async.py for tasks to queue
[2025-06-05T05:04:42.742+0000] {logging_mixin.py:190} INFO - [2025-06-05T05:04:42.742+0000] {dagbag.py:588} INFO - Filling up the DagBag from /home/airflow/.local/lib/python3.10/site-packages/airflow/example_dags/example_time_delta_sensor_async.py
[2025-06-05T05:04:42.754+0000] {processor.py:925} INFO - DAG(s) 'example_time_delta_sensor_async' retrieved from /home/airflow/.local/lib/python3.10/site-packages/airflow/example_dags/example_time_delta_sensor_async.py
[2025-06-05T05:04:42.834+0000] {logging_mixin.py:190} INFO - [2025-06-05T05:04:42.834+0000] {dag.py:3239} INFO - Sync 1 DAGs
[2025-06-05T05:04:42.851+0000] {logging_mixin.py:190} INFO - [2025-06-05T05:04:42.851+0000] {dag.py:4180} INFO - Setting next_dagrun for example_time_delta_sensor_async to None, run_after=None
[2025-06-05T05:04:42.924+0000] {processor.py:208} INFO - Processing /home/airflow/.local/lib/python3.10/site-packages/airflow/example_dags/example_time_delta_sensor_async.py took 0.196 seconds
[2025-06-05T05:05:13.449+0000] {processor.py:186} INFO - Started process (PID=3753) to work on /home/airflow/.local/lib/python3.10/site-packages/airflow/example_dags/example_time_delta_sensor_async.py
[2025-06-05T05:05:13.451+0000] {processor.py:914} INFO - Processing file /home/airflow/.local/lib/python3.10/site-packages/airflow/example_dags/example_time_delta_sensor_async.py for tasks to queue
[2025-06-05T05:05:13.455+0000] {logging_mixin.py:190} INFO - [2025-06-05T05:05:13.454+0000] {dagbag.py:588} INFO - Filling up the DagBag from /home/airflow/.local/lib/python3.10/site-packages/airflow/example_dags/example_time_delta_sensor_async.py
[2025-06-05T05:05:13.466+0000] {processor.py:925} INFO - DAG(s) 'example_time_delta_sensor_async' retrieved from /home/airflow/.local/lib/python3.10/site-packages/airflow/example_dags/example_time_delta_sensor_async.py
[2025-06-05T05:05:13.572+0000] {logging_mixin.py:190} INFO - [2025-06-05T05:05:13.571+0000] {dag.py:3239} INFO - Sync 1 DAGs
[2025-06-05T05:05:13.596+0000] {logging_mixin.py:190} INFO - [2025-06-05T05:05:13.596+0000] {dag.py:4180} INFO - Setting next_dagrun for example_time_delta_sensor_async to None, run_after=None
[2025-06-05T05:05:13.657+0000] {processor.py:208} INFO - Processing /home/airflow/.local/lib/python3.10/site-packages/airflow/example_dags/example_time_delta_sensor_async.py took 0.224 seconds
