[2025-06-05T04:58:12.321+0000] {processor.py:186} INFO - Started process (PID=99454) to work on /home/airflow/.local/lib/python3.10/site-packages/airflow/example_dags/example_local_kubernetes_executor.py
[2025-06-05T04:58:12.327+0000] {processor.py:914} INFO - Processing file /home/airflow/.local/lib/python3.10/site-packages/airflow/example_dags/example_local_kubernetes_executor.py for tasks to queue
[2025-06-05T04:58:12.332+0000] {logging_mixin.py:190} INFO - [2025-06-05T04:58:12.331+0000] {dagbag.py:588} INFO - Filling up the DagBag from /home/airflow/.local/lib/python3.10/site-packages/airflow/example_dags/example_local_kubernetes_executor.py
[2025-06-05T04:58:12.360+0000] {processor.py:925} INFO - DAG(s) 'example_local_kubernetes_executor' retrieved from /home/airflow/.local/lib/python3.10/site-packages/airflow/example_dags/example_local_kubernetes_executor.py
[2025-06-05T04:58:12.521+0000] {logging_mixin.py:190} INFO - [2025-06-05T04:58:12.520+0000] {dag.py:3239} INFO - Sync 1 DAGs
[2025-06-05T04:58:12.566+0000] {logging_mixin.py:190} INFO - [2025-06-05T04:58:12.565+0000] {dag.py:4180} INFO - Setting next_dagrun for example_local_kubernetes_executor to None, run_after=None
[2025-06-05T04:58:12.676+0000] {processor.py:208} INFO - Processing /home/airflow/.local/lib/python3.10/site-packages/airflow/example_dags/example_local_kubernetes_executor.py took 0.380 seconds
[2025-06-05T04:58:43.189+0000] {processor.py:186} INFO - Started process (PID=99744) to work on /home/airflow/.local/lib/python3.10/site-packages/airflow/example_dags/example_local_kubernetes_executor.py
[2025-06-05T04:58:43.191+0000] {processor.py:914} INFO - Processing file /home/airflow/.local/lib/python3.10/site-packages/airflow/example_dags/example_local_kubernetes_executor.py for tasks to queue
[2025-06-05T04:58:43.193+0000] {logging_mixin.py:190} INFO - [2025-06-05T04:58:43.193+0000] {dagbag.py:588} INFO - Filling up the DagBag from /home/airflow/.local/lib/python3.10/site-packages/airflow/example_dags/example_local_kubernetes_executor.py
[2025-06-05T04:58:43.207+0000] {processor.py:925} INFO - DAG(s) 'example_local_kubernetes_executor' retrieved from /home/airflow/.local/lib/python3.10/site-packages/airflow/example_dags/example_local_kubernetes_executor.py
[2025-06-05T04:58:43.296+0000] {logging_mixin.py:190} INFO - [2025-06-05T04:58:43.295+0000] {dag.py:3239} INFO - Sync 1 DAGs
[2025-06-05T04:58:43.321+0000] {logging_mixin.py:190} INFO - [2025-06-05T04:58:43.320+0000] {dag.py:4180} INFO - Setting next_dagrun for example_local_kubernetes_executor to None, run_after=None
[2025-06-05T04:58:43.380+0000] {processor.py:208} INFO - Processing /home/airflow/.local/lib/python3.10/site-packages/airflow/example_dags/example_local_kubernetes_executor.py took 0.201 seconds
[2025-06-05T04:59:13.809+0000] {processor.py:186} INFO - Started process (PID=335) to work on /home/airflow/.local/lib/python3.10/site-packages/airflow/example_dags/example_local_kubernetes_executor.py
[2025-06-05T04:59:13.812+0000] {processor.py:914} INFO - Processing file /home/airflow/.local/lib/python3.10/site-packages/airflow/example_dags/example_local_kubernetes_executor.py for tasks to queue
[2025-06-05T04:59:13.816+0000] {logging_mixin.py:190} INFO - [2025-06-05T04:59:13.816+0000] {dagbag.py:588} INFO - Filling up the DagBag from /home/airflow/.local/lib/python3.10/site-packages/airflow/example_dags/example_local_kubernetes_executor.py
[2025-06-05T04:59:13.833+0000] {processor.py:925} INFO - DAG(s) 'example_local_kubernetes_executor' retrieved from /home/airflow/.local/lib/python3.10/site-packages/airflow/example_dags/example_local_kubernetes_executor.py
[2025-06-05T04:59:13.938+0000] {logging_mixin.py:190} INFO - [2025-06-05T04:59:13.937+0000] {dag.py:3239} INFO - Sync 1 DAGs
[2025-06-05T04:59:13.966+0000] {logging_mixin.py:190} INFO - [2025-06-05T04:59:13.965+0000] {dag.py:4180} INFO - Setting next_dagrun for example_local_kubernetes_executor to None, run_after=None
[2025-06-05T04:59:14.022+0000] {processor.py:208} INFO - Processing /home/airflow/.local/lib/python3.10/site-packages/airflow/example_dags/example_local_kubernetes_executor.py took 0.227 seconds
[2025-06-05T04:59:44.618+0000] {processor.py:186} INFO - Started process (PID=623) to work on /home/airflow/.local/lib/python3.10/site-packages/airflow/example_dags/example_local_kubernetes_executor.py
[2025-06-05T04:59:44.620+0000] {processor.py:914} INFO - Processing file /home/airflow/.local/lib/python3.10/site-packages/airflow/example_dags/example_local_kubernetes_executor.py for tasks to queue
[2025-06-05T04:59:44.623+0000] {logging_mixin.py:190} INFO - [2025-06-05T04:59:44.622+0000] {dagbag.py:588} INFO - Filling up the DagBag from /home/airflow/.local/lib/python3.10/site-packages/airflow/example_dags/example_local_kubernetes_executor.py
[2025-06-05T04:59:44.638+0000] {processor.py:925} INFO - DAG(s) 'example_local_kubernetes_executor' retrieved from /home/airflow/.local/lib/python3.10/site-packages/airflow/example_dags/example_local_kubernetes_executor.py
[2025-06-05T04:59:44.750+0000] {logging_mixin.py:190} INFO - [2025-06-05T04:59:44.750+0000] {dag.py:3239} INFO - Sync 1 DAGs
[2025-06-05T04:59:44.776+0000] {logging_mixin.py:190} INFO - [2025-06-05T04:59:44.775+0000] {dag.py:4180} INFO - Setting next_dagrun for example_local_kubernetes_executor to None, run_after=None
[2025-06-05T04:59:44.827+0000] {processor.py:208} INFO - Processing /home/airflow/.local/lib/python3.10/site-packages/airflow/example_dags/example_local_kubernetes_executor.py took 0.224 seconds
[2025-06-05T05:00:15.163+0000] {processor.py:186} INFO - Started process (PID=913) to work on /home/airflow/.local/lib/python3.10/site-packages/airflow/example_dags/example_local_kubernetes_executor.py
[2025-06-05T05:00:15.166+0000] {processor.py:914} INFO - Processing file /home/airflow/.local/lib/python3.10/site-packages/airflow/example_dags/example_local_kubernetes_executor.py for tasks to queue
[2025-06-05T05:00:15.169+0000] {logging_mixin.py:190} INFO - [2025-06-05T05:00:15.168+0000] {dagbag.py:588} INFO - Filling up the DagBag from /home/airflow/.local/lib/python3.10/site-packages/airflow/example_dags/example_local_kubernetes_executor.py
[2025-06-05T05:00:15.181+0000] {processor.py:925} INFO - DAG(s) 'example_local_kubernetes_executor' retrieved from /home/airflow/.local/lib/python3.10/site-packages/airflow/example_dags/example_local_kubernetes_executor.py
[2025-06-05T05:00:15.271+0000] {logging_mixin.py:190} INFO - [2025-06-05T05:00:15.271+0000] {dag.py:3239} INFO - Sync 1 DAGs
[2025-06-05T05:00:15.295+0000] {logging_mixin.py:190} INFO - [2025-06-05T05:00:15.294+0000] {dag.py:4180} INFO - Setting next_dagrun for example_local_kubernetes_executor to None, run_after=None
[2025-06-05T05:00:15.344+0000] {processor.py:208} INFO - Processing /home/airflow/.local/lib/python3.10/site-packages/airflow/example_dags/example_local_kubernetes_executor.py took 0.192 seconds
[2025-06-05T05:00:46.190+0000] {processor.py:186} INFO - Started process (PID=1203) to work on /home/airflow/.local/lib/python3.10/site-packages/airflow/example_dags/example_local_kubernetes_executor.py
[2025-06-05T05:00:46.192+0000] {processor.py:914} INFO - Processing file /home/airflow/.local/lib/python3.10/site-packages/airflow/example_dags/example_local_kubernetes_executor.py for tasks to queue
[2025-06-05T05:00:46.194+0000] {logging_mixin.py:190} INFO - [2025-06-05T05:00:46.194+0000] {dagbag.py:588} INFO - Filling up the DagBag from /home/airflow/.local/lib/python3.10/site-packages/airflow/example_dags/example_local_kubernetes_executor.py
[2025-06-05T05:00:46.206+0000] {processor.py:925} INFO - DAG(s) 'example_local_kubernetes_executor' retrieved from /home/airflow/.local/lib/python3.10/site-packages/airflow/example_dags/example_local_kubernetes_executor.py
[2025-06-05T05:00:46.296+0000] {logging_mixin.py:190} INFO - [2025-06-05T05:00:46.295+0000] {dag.py:3239} INFO - Sync 1 DAGs
[2025-06-05T05:00:46.316+0000] {logging_mixin.py:190} INFO - [2025-06-05T05:00:46.315+0000] {dag.py:4180} INFO - Setting next_dagrun for example_local_kubernetes_executor to None, run_after=None
[2025-06-05T05:00:46.371+0000] {processor.py:208} INFO - Processing /home/airflow/.local/lib/python3.10/site-packages/airflow/example_dags/example_local_kubernetes_executor.py took 0.195 seconds
[2025-06-05T05:01:19.388+0000] {processor.py:186} INFO - Started process (PID=1493) to work on /home/airflow/.local/lib/python3.10/site-packages/airflow/example_dags/example_local_kubernetes_executor.py
[2025-06-05T05:01:19.390+0000] {processor.py:914} INFO - Processing file /home/airflow/.local/lib/python3.10/site-packages/airflow/example_dags/example_local_kubernetes_executor.py for tasks to queue
[2025-06-05T05:01:19.392+0000] {logging_mixin.py:190} INFO - [2025-06-05T05:01:19.391+0000] {dagbag.py:588} INFO - Filling up the DagBag from /home/airflow/.local/lib/python3.10/site-packages/airflow/example_dags/example_local_kubernetes_executor.py
[2025-06-05T05:01:19.404+0000] {processor.py:925} INFO - DAG(s) 'example_local_kubernetes_executor' retrieved from /home/airflow/.local/lib/python3.10/site-packages/airflow/example_dags/example_local_kubernetes_executor.py
[2025-06-05T05:01:19.493+0000] {logging_mixin.py:190} INFO - [2025-06-05T05:01:19.493+0000] {dag.py:3239} INFO - Sync 1 DAGs
[2025-06-05T05:01:19.517+0000] {logging_mixin.py:190} INFO - [2025-06-05T05:01:19.516+0000] {dag.py:4180} INFO - Setting next_dagrun for example_local_kubernetes_executor to None, run_after=None
[2025-06-05T05:01:19.630+0000] {processor.py:208} INFO - Processing /home/airflow/.local/lib/python3.10/site-packages/airflow/example_dags/example_local_kubernetes_executor.py took 0.253 seconds
[2025-06-05T05:01:51.142+0000] {processor.py:186} INFO - Started process (PID=1778) to work on /home/airflow/.local/lib/python3.10/site-packages/airflow/example_dags/example_local_kubernetes_executor.py
[2025-06-05T05:01:51.144+0000] {processor.py:914} INFO - Processing file /home/airflow/.local/lib/python3.10/site-packages/airflow/example_dags/example_local_kubernetes_executor.py for tasks to queue
[2025-06-05T05:01:51.146+0000] {logging_mixin.py:190} INFO - [2025-06-05T05:01:51.146+0000] {dagbag.py:588} INFO - Filling up the DagBag from /home/airflow/.local/lib/python3.10/site-packages/airflow/example_dags/example_local_kubernetes_executor.py
[2025-06-05T05:01:51.162+0000] {processor.py:925} INFO - DAG(s) 'example_local_kubernetes_executor' retrieved from /home/airflow/.local/lib/python3.10/site-packages/airflow/example_dags/example_local_kubernetes_executor.py
[2025-06-05T05:01:51.263+0000] {logging_mixin.py:190} INFO - [2025-06-05T05:01:51.263+0000] {dag.py:3239} INFO - Sync 1 DAGs
[2025-06-05T05:01:51.285+0000] {logging_mixin.py:190} INFO - [2025-06-05T05:01:51.285+0000] {dag.py:4180} INFO - Setting next_dagrun for example_local_kubernetes_executor to None, run_after=None
[2025-06-05T05:01:51.336+0000] {processor.py:208} INFO - Processing /home/airflow/.local/lib/python3.10/site-packages/airflow/example_dags/example_local_kubernetes_executor.py took 0.207 seconds
[2025-06-05T05:02:08.139+0000] {processor.py:186} INFO - Started process (PID=2055) to work on /home/airflow/.local/lib/python3.10/site-packages/airflow/example_dags/example_local_kubernetes_executor.py
[2025-06-05T05:02:08.142+0000] {processor.py:914} INFO - Processing file /home/airflow/.local/lib/python3.10/site-packages/airflow/example_dags/example_local_kubernetes_executor.py for tasks to queue
[2025-06-05T05:02:08.144+0000] {logging_mixin.py:190} INFO - [2025-06-05T05:02:08.143+0000] {dagbag.py:588} INFO - Filling up the DagBag from /home/airflow/.local/lib/python3.10/site-packages/airflow/example_dags/example_local_kubernetes_executor.py
[2025-06-05T05:02:08.155+0000] {processor.py:925} INFO - DAG(s) 'example_local_kubernetes_executor' retrieved from /home/airflow/.local/lib/python3.10/site-packages/airflow/example_dags/example_local_kubernetes_executor.py
[2025-06-05T05:02:08.236+0000] {logging_mixin.py:190} INFO - [2025-06-05T05:02:08.236+0000] {dag.py:3239} INFO - Sync 1 DAGs
[2025-06-05T05:02:08.257+0000] {logging_mixin.py:190} INFO - [2025-06-05T05:02:08.257+0000] {dag.py:4180} INFO - Setting next_dagrun for example_local_kubernetes_executor to None, run_after=None
[2025-06-05T05:02:08.297+0000] {processor.py:208} INFO - Processing /home/airflow/.local/lib/python3.10/site-packages/airflow/example_dags/example_local_kubernetes_executor.py took 0.167 seconds
[2025-06-05T05:02:40.246+0000] {processor.py:186} INFO - Started process (PID=2345) to work on /home/airflow/.local/lib/python3.10/site-packages/airflow/example_dags/example_local_kubernetes_executor.py
[2025-06-05T05:02:40.248+0000] {processor.py:914} INFO - Processing file /home/airflow/.local/lib/python3.10/site-packages/airflow/example_dags/example_local_kubernetes_executor.py for tasks to queue
[2025-06-05T05:02:40.251+0000] {logging_mixin.py:190} INFO - [2025-06-05T05:02:40.250+0000] {dagbag.py:588} INFO - Filling up the DagBag from /home/airflow/.local/lib/python3.10/site-packages/airflow/example_dags/example_local_kubernetes_executor.py
[2025-06-05T05:02:40.267+0000] {processor.py:925} INFO - DAG(s) 'example_local_kubernetes_executor' retrieved from /home/airflow/.local/lib/python3.10/site-packages/airflow/example_dags/example_local_kubernetes_executor.py
[2025-06-05T05:02:40.372+0000] {logging_mixin.py:190} INFO - [2025-06-05T05:02:40.372+0000] {dag.py:3239} INFO - Sync 1 DAGs
[2025-06-05T05:02:40.401+0000] {logging_mixin.py:190} INFO - [2025-06-05T05:02:40.400+0000] {dag.py:4180} INFO - Setting next_dagrun for example_local_kubernetes_executor to None, run_after=None
[2025-06-05T05:02:40.561+0000] {processor.py:208} INFO - Processing /home/airflow/.local/lib/python3.10/site-packages/airflow/example_dags/example_local_kubernetes_executor.py took 0.326 seconds
[2025-06-05T05:03:11.577+0000] {processor.py:186} INFO - Started process (PID=2633) to work on /home/airflow/.local/lib/python3.10/site-packages/airflow/example_dags/example_local_kubernetes_executor.py
[2025-06-05T05:03:11.580+0000] {processor.py:914} INFO - Processing file /home/airflow/.local/lib/python3.10/site-packages/airflow/example_dags/example_local_kubernetes_executor.py for tasks to queue
[2025-06-05T05:03:11.583+0000] {logging_mixin.py:190} INFO - [2025-06-05T05:03:11.582+0000] {dagbag.py:588} INFO - Filling up the DagBag from /home/airflow/.local/lib/python3.10/site-packages/airflow/example_dags/example_local_kubernetes_executor.py
[2025-06-05T05:03:11.595+0000] {processor.py:925} INFO - DAG(s) 'example_local_kubernetes_executor' retrieved from /home/airflow/.local/lib/python3.10/site-packages/airflow/example_dags/example_local_kubernetes_executor.py
[2025-06-05T05:03:11.675+0000] {logging_mixin.py:190} INFO - [2025-06-05T05:03:11.674+0000] {dag.py:3239} INFO - Sync 1 DAGs
[2025-06-05T05:03:11.690+0000] {logging_mixin.py:190} INFO - [2025-06-05T05:03:11.690+0000] {dag.py:4180} INFO - Setting next_dagrun for example_local_kubernetes_executor to None, run_after=None
[2025-06-05T05:03:11.804+0000] {processor.py:208} INFO - Processing /home/airflow/.local/lib/python3.10/site-packages/airflow/example_dags/example_local_kubernetes_executor.py took 0.244 seconds
[2025-06-05T05:03:42.691+0000] {processor.py:186} INFO - Started process (PID=2925) to work on /home/airflow/.local/lib/python3.10/site-packages/airflow/example_dags/example_local_kubernetes_executor.py
[2025-06-05T05:03:42.693+0000] {processor.py:914} INFO - Processing file /home/airflow/.local/lib/python3.10/site-packages/airflow/example_dags/example_local_kubernetes_executor.py for tasks to queue
[2025-06-05T05:03:42.695+0000] {logging_mixin.py:190} INFO - [2025-06-05T05:03:42.694+0000] {dagbag.py:588} INFO - Filling up the DagBag from /home/airflow/.local/lib/python3.10/site-packages/airflow/example_dags/example_local_kubernetes_executor.py
[2025-06-05T05:03:42.706+0000] {processor.py:925} INFO - DAG(s) 'example_local_kubernetes_executor' retrieved from /home/airflow/.local/lib/python3.10/site-packages/airflow/example_dags/example_local_kubernetes_executor.py
[2025-06-05T05:03:42.782+0000] {logging_mixin.py:190} INFO - [2025-06-05T05:03:42.781+0000] {dag.py:3239} INFO - Sync 1 DAGs
[2025-06-05T05:03:42.796+0000] {logging_mixin.py:190} INFO - [2025-06-05T05:03:42.796+0000] {dag.py:4180} INFO - Setting next_dagrun for example_local_kubernetes_executor to None, run_after=None
[2025-06-05T05:03:42.836+0000] {processor.py:208} INFO - Processing /home/airflow/.local/lib/python3.10/site-packages/airflow/example_dags/example_local_kubernetes_executor.py took 0.154 seconds
[2025-06-05T05:04:13.155+0000] {processor.py:186} INFO - Started process (PID=3213) to work on /home/airflow/.local/lib/python3.10/site-packages/airflow/example_dags/example_local_kubernetes_executor.py
[2025-06-05T05:04:13.158+0000] {processor.py:914} INFO - Processing file /home/airflow/.local/lib/python3.10/site-packages/airflow/example_dags/example_local_kubernetes_executor.py for tasks to queue
[2025-06-05T05:04:13.162+0000] {logging_mixin.py:190} INFO - [2025-06-05T05:04:13.162+0000] {dagbag.py:588} INFO - Filling up the DagBag from /home/airflow/.local/lib/python3.10/site-packages/airflow/example_dags/example_local_kubernetes_executor.py
[2025-06-05T05:04:13.178+0000] {processor.py:925} INFO - DAG(s) 'example_local_kubernetes_executor' retrieved from /home/airflow/.local/lib/python3.10/site-packages/airflow/example_dags/example_local_kubernetes_executor.py
[2025-06-05T05:04:13.270+0000] {logging_mixin.py:190} INFO - [2025-06-05T05:04:13.270+0000] {dag.py:3239} INFO - Sync 1 DAGs
[2025-06-05T05:04:13.287+0000] {logging_mixin.py:190} INFO - [2025-06-05T05:04:13.287+0000] {dag.py:4180} INFO - Setting next_dagrun for example_local_kubernetes_executor to None, run_after=None
[2025-06-05T05:04:13.334+0000] {processor.py:208} INFO - Processing /home/airflow/.local/lib/python3.10/site-packages/airflow/example_dags/example_local_kubernetes_executor.py took 0.194 seconds
[2025-06-05T05:04:44.925+0000] {processor.py:186} INFO - Started process (PID=3503) to work on /home/airflow/.local/lib/python3.10/site-packages/airflow/example_dags/example_local_kubernetes_executor.py
[2025-06-05T05:04:44.927+0000] {processor.py:914} INFO - Processing file /home/airflow/.local/lib/python3.10/site-packages/airflow/example_dags/example_local_kubernetes_executor.py for tasks to queue
[2025-06-05T05:04:44.929+0000] {logging_mixin.py:190} INFO - [2025-06-05T05:04:44.929+0000] {dagbag.py:588} INFO - Filling up the DagBag from /home/airflow/.local/lib/python3.10/site-packages/airflow/example_dags/example_local_kubernetes_executor.py
[2025-06-05T05:04:44.942+0000] {processor.py:925} INFO - DAG(s) 'example_local_kubernetes_executor' retrieved from /home/airflow/.local/lib/python3.10/site-packages/airflow/example_dags/example_local_kubernetes_executor.py
[2025-06-05T05:04:45.036+0000] {logging_mixin.py:190} INFO - [2025-06-05T05:04:45.035+0000] {dag.py:3239} INFO - Sync 1 DAGs
[2025-06-05T05:04:45.086+0000] {logging_mixin.py:190} INFO - [2025-06-05T05:04:45.085+0000] {dag.py:4180} INFO - Setting next_dagrun for example_local_kubernetes_executor to None, run_after=None
[2025-06-05T05:04:45.167+0000] {processor.py:208} INFO - Processing /home/airflow/.local/lib/python3.10/site-packages/airflow/example_dags/example_local_kubernetes_executor.py took 0.255 seconds
[2025-06-05T05:05:16.422+0000] {processor.py:186} INFO - Started process (PID=3796) to work on /home/airflow/.local/lib/python3.10/site-packages/airflow/example_dags/example_local_kubernetes_executor.py
[2025-06-05T05:05:16.448+0000] {processor.py:914} INFO - Processing file /home/airflow/.local/lib/python3.10/site-packages/airflow/example_dags/example_local_kubernetes_executor.py for tasks to queue
[2025-06-05T05:05:16.469+0000] {logging_mixin.py:190} INFO - [2025-06-05T05:05:16.464+0000] {dagbag.py:588} INFO - Filling up the DagBag from /home/airflow/.local/lib/python3.10/site-packages/airflow/example_dags/example_local_kubernetes_executor.py
[2025-06-05T05:05:16.661+0000] {processor.py:925} INFO - DAG(s) 'example_local_kubernetes_executor' retrieved from /home/airflow/.local/lib/python3.10/site-packages/airflow/example_dags/example_local_kubernetes_executor.py
[2025-06-05T05:05:19.207+0000] {logging_mixin.py:190} INFO - [2025-06-05T05:05:19.207+0000] {process_utils.py:266} INFO - Waiting up to 5 seconds for processes to exit...
