[2025-06-05T04:58:02.661+0000] {processor.py:186} INFO - Started process (PID=99382) to work on /home/airflow/.local/lib/python3.10/site-packages/airflow/example_dags/example_branch_day_of_week_operator.py
[2025-06-05T04:58:02.682+0000] {processor.py:914} INFO - Processing file /home/airflow/.local/lib/python3.10/site-packages/airflow/example_dags/example_branch_day_of_week_operator.py for tasks to queue
[2025-06-05T04:58:02.691+0000] {logging_mixin.py:190} INFO - [2025-06-05T04:58:02.690+0000] {dagbag.py:588} INFO - Filling up the DagBag from /home/airflow/.local/lib/python3.10/site-packages/airflow/example_dags/example_branch_day_of_week_operator.py
[2025-06-05T04:58:02.729+0000] {processor.py:925} INFO - DAG(s) 'example_weekday_branch_operator' retrieved from /home/airflow/.local/lib/python3.10/site-packages/airflow/example_dags/example_branch_day_of_week_operator.py
[2025-06-05T04:58:03.017+0000] {logging_mixin.py:190} INFO - [2025-06-05T04:58:03.016+0000] {dag.py:3239} INFO - Sync 1 DAGs
[2025-06-05T04:58:03.114+0000] {logging_mixin.py:190} INFO - [2025-06-05T04:58:03.113+0000] {dag.py:4180} INFO - Setting next_dagrun for example_weekday_branch_operator to 2025-06-04 00:00:00+00:00, run_after=2025-06-05 00:00:00+00:00
[2025-06-05T04:58:03.236+0000] {processor.py:208} INFO - Processing /home/airflow/.local/lib/python3.10/site-packages/airflow/example_dags/example_branch_day_of_week_operator.py took 0.611 seconds
[2025-06-05T04:58:34.227+0000] {processor.py:186} INFO - Started process (PID=99672) to work on /home/airflow/.local/lib/python3.10/site-packages/airflow/example_dags/example_branch_day_of_week_operator.py
[2025-06-05T04:58:34.229+0000] {processor.py:914} INFO - Processing file /home/airflow/.local/lib/python3.10/site-packages/airflow/example_dags/example_branch_day_of_week_operator.py for tasks to queue
[2025-06-05T04:58:34.232+0000] {logging_mixin.py:190} INFO - [2025-06-05T04:58:34.231+0000] {dagbag.py:588} INFO - Filling up the DagBag from /home/airflow/.local/lib/python3.10/site-packages/airflow/example_dags/example_branch_day_of_week_operator.py
[2025-06-05T04:58:34.243+0000] {processor.py:925} INFO - DAG(s) 'example_weekday_branch_operator' retrieved from /home/airflow/.local/lib/python3.10/site-packages/airflow/example_dags/example_branch_day_of_week_operator.py
[2025-06-05T04:58:34.358+0000] {logging_mixin.py:190} INFO - [2025-06-05T04:58:34.357+0000] {dag.py:3239} INFO - Sync 1 DAGs
[2025-06-05T04:58:34.399+0000] {logging_mixin.py:190} INFO - [2025-06-05T04:58:34.399+0000] {dag.py:4180} INFO - Setting next_dagrun for example_weekday_branch_operator to 2025-06-04 00:00:00+00:00, run_after=2025-06-05 00:00:00+00:00
[2025-06-05T04:58:34.444+0000] {processor.py:208} INFO - Processing /home/airflow/.local/lib/python3.10/site-packages/airflow/example_dags/example_branch_day_of_week_operator.py took 0.228 seconds
[2025-06-05T04:59:05.409+0000] {processor.py:186} INFO - Started process (PID=99957) to work on /home/airflow/.local/lib/python3.10/site-packages/airflow/example_dags/example_branch_day_of_week_operator.py
[2025-06-05T04:59:05.414+0000] {processor.py:914} INFO - Processing file /home/airflow/.local/lib/python3.10/site-packages/airflow/example_dags/example_branch_day_of_week_operator.py for tasks to queue
[2025-06-05T04:59:05.418+0000] {logging_mixin.py:190} INFO - [2025-06-05T04:59:05.417+0000] {dagbag.py:588} INFO - Filling up the DagBag from /home/airflow/.local/lib/python3.10/site-packages/airflow/example_dags/example_branch_day_of_week_operator.py
[2025-06-05T04:59:05.436+0000] {processor.py:925} INFO - DAG(s) 'example_weekday_branch_operator' retrieved from /home/airflow/.local/lib/python3.10/site-packages/airflow/example_dags/example_branch_day_of_week_operator.py
[2025-06-05T04:59:05.552+0000] {logging_mixin.py:190} INFO - [2025-06-05T04:59:05.552+0000] {dag.py:3239} INFO - Sync 1 DAGs
[2025-06-05T04:59:05.602+0000] {logging_mixin.py:190} INFO - [2025-06-05T04:59:05.601+0000] {dag.py:4180} INFO - Setting next_dagrun for example_weekday_branch_operator to 2025-06-04 00:00:00+00:00, run_after=2025-06-05 00:00:00+00:00
[2025-06-05T04:59:05.698+0000] {processor.py:208} INFO - Processing /home/airflow/.local/lib/python3.10/site-packages/airflow/example_dags/example_branch_day_of_week_operator.py took 0.307 seconds
[2025-06-05T04:59:37.218+0000] {processor.py:186} INFO - Started process (PID=548) to work on /home/airflow/.local/lib/python3.10/site-packages/airflow/example_dags/example_branch_day_of_week_operator.py
[2025-06-05T04:59:37.226+0000] {processor.py:914} INFO - Processing file /home/airflow/.local/lib/python3.10/site-packages/airflow/example_dags/example_branch_day_of_week_operator.py for tasks to queue
[2025-06-05T04:59:37.232+0000] {logging_mixin.py:190} INFO - [2025-06-05T04:59:37.231+0000] {dagbag.py:588} INFO - Filling up the DagBag from /home/airflow/.local/lib/python3.10/site-packages/airflow/example_dags/example_branch_day_of_week_operator.py
[2025-06-05T04:59:37.257+0000] {processor.py:925} INFO - DAG(s) 'example_weekday_branch_operator' retrieved from /home/airflow/.local/lib/python3.10/site-packages/airflow/example_dags/example_branch_day_of_week_operator.py
[2025-06-05T04:59:37.411+0000] {logging_mixin.py:190} INFO - [2025-06-05T04:59:37.410+0000] {dag.py:3239} INFO - Sync 1 DAGs
[2025-06-05T04:59:37.456+0000] {logging_mixin.py:190} INFO - [2025-06-05T04:59:37.455+0000] {dag.py:4180} INFO - Setting next_dagrun for example_weekday_branch_operator to 2025-06-04 00:00:00+00:00, run_after=2025-06-05 00:00:00+00:00
[2025-06-05T04:59:37.515+0000] {processor.py:208} INFO - Processing /home/airflow/.local/lib/python3.10/site-packages/airflow/example_dags/example_branch_day_of_week_operator.py took 0.324 seconds
[2025-06-05T05:00:10.715+0000] {processor.py:186} INFO - Started process (PID=838) to work on /home/airflow/.local/lib/python3.10/site-packages/airflow/example_dags/example_branch_day_of_week_operator.py
[2025-06-05T05:00:10.719+0000] {processor.py:914} INFO - Processing file /home/airflow/.local/lib/python3.10/site-packages/airflow/example_dags/example_branch_day_of_week_operator.py for tasks to queue
[2025-06-05T05:00:10.723+0000] {logging_mixin.py:190} INFO - [2025-06-05T05:00:10.723+0000] {dagbag.py:588} INFO - Filling up the DagBag from /home/airflow/.local/lib/python3.10/site-packages/airflow/example_dags/example_branch_day_of_week_operator.py
[2025-06-05T05:00:10.745+0000] {processor.py:925} INFO - DAG(s) 'example_weekday_branch_operator' retrieved from /home/airflow/.local/lib/python3.10/site-packages/airflow/example_dags/example_branch_day_of_week_operator.py
[2025-06-05T05:00:10.878+0000] {logging_mixin.py:190} INFO - [2025-06-05T05:00:10.877+0000] {dag.py:3239} INFO - Sync 1 DAGs
[2025-06-05T05:00:10.925+0000] {logging_mixin.py:190} INFO - [2025-06-05T05:00:10.924+0000] {dag.py:4180} INFO - Setting next_dagrun for example_weekday_branch_operator to 2025-06-04 00:00:00+00:00, run_after=2025-06-05 00:00:00+00:00
[2025-06-05T05:00:10.982+0000] {processor.py:208} INFO - Processing /home/airflow/.local/lib/python3.10/site-packages/airflow/example_dags/example_branch_day_of_week_operator.py took 0.294 seconds
[2025-06-05T05:00:42.552+0000] {processor.py:186} INFO - Started process (PID=1128) to work on /home/airflow/.local/lib/python3.10/site-packages/airflow/example_dags/example_branch_day_of_week_operator.py
[2025-06-05T05:00:42.555+0000] {processor.py:914} INFO - Processing file /home/airflow/.local/lib/python3.10/site-packages/airflow/example_dags/example_branch_day_of_week_operator.py for tasks to queue
[2025-06-05T05:00:42.559+0000] {logging_mixin.py:190} INFO - [2025-06-05T05:00:42.558+0000] {dagbag.py:588} INFO - Filling up the DagBag from /home/airflow/.local/lib/python3.10/site-packages/airflow/example_dags/example_branch_day_of_week_operator.py
[2025-06-05T05:00:42.577+0000] {processor.py:925} INFO - DAG(s) 'example_weekday_branch_operator' retrieved from /home/airflow/.local/lib/python3.10/site-packages/airflow/example_dags/example_branch_day_of_week_operator.py
[2025-06-05T05:00:42.696+0000] {logging_mixin.py:190} INFO - [2025-06-05T05:00:42.695+0000] {dag.py:3239} INFO - Sync 1 DAGs
[2025-06-05T05:00:42.732+0000] {logging_mixin.py:190} INFO - [2025-06-05T05:00:42.732+0000] {dag.py:4180} INFO - Setting next_dagrun for example_weekday_branch_operator to 2025-06-04 00:00:00+00:00, run_after=2025-06-05 00:00:00+00:00
[2025-06-05T05:00:42.785+0000] {processor.py:208} INFO - Processing /home/airflow/.local/lib/python3.10/site-packages/airflow/example_dags/example_branch_day_of_week_operator.py took 0.251 seconds
[2025-06-05T05:01:15.393+0000] {processor.py:186} INFO - Started process (PID=1420) to work on /home/airflow/.local/lib/python3.10/site-packages/airflow/example_dags/example_branch_day_of_week_operator.py
[2025-06-05T05:01:15.396+0000] {processor.py:914} INFO - Processing file /home/airflow/.local/lib/python3.10/site-packages/airflow/example_dags/example_branch_day_of_week_operator.py for tasks to queue
[2025-06-05T05:01:15.399+0000] {logging_mixin.py:190} INFO - [2025-06-05T05:01:15.398+0000] {dagbag.py:588} INFO - Filling up the DagBag from /home/airflow/.local/lib/python3.10/site-packages/airflow/example_dags/example_branch_day_of_week_operator.py
[2025-06-05T05:01:15.412+0000] {processor.py:925} INFO - DAG(s) 'example_weekday_branch_operator' retrieved from /home/airflow/.local/lib/python3.10/site-packages/airflow/example_dags/example_branch_day_of_week_operator.py
[2025-06-05T05:01:15.511+0000] {logging_mixin.py:190} INFO - [2025-06-05T05:01:15.510+0000] {dag.py:3239} INFO - Sync 1 DAGs
[2025-06-05T05:01:15.546+0000] {logging_mixin.py:190} INFO - [2025-06-05T05:01:15.546+0000] {dag.py:4180} INFO - Setting next_dagrun for example_weekday_branch_operator to 2025-06-04 00:00:00+00:00, run_after=2025-06-05 00:00:00+00:00
[2025-06-05T05:01:15.599+0000] {processor.py:208} INFO - Processing /home/airflow/.local/lib/python3.10/site-packages/airflow/example_dags/example_branch_day_of_week_operator.py took 0.220 seconds
[2025-06-05T05:01:47.654+0000] {processor.py:186} INFO - Started process (PID=1710) to work on /home/airflow/.local/lib/python3.10/site-packages/airflow/example_dags/example_branch_day_of_week_operator.py
[2025-06-05T05:01:47.657+0000] {processor.py:914} INFO - Processing file /home/airflow/.local/lib/python3.10/site-packages/airflow/example_dags/example_branch_day_of_week_operator.py for tasks to queue
[2025-06-05T05:01:47.661+0000] {logging_mixin.py:190} INFO - [2025-06-05T05:01:47.660+0000] {dagbag.py:588} INFO - Filling up the DagBag from /home/airflow/.local/lib/python3.10/site-packages/airflow/example_dags/example_branch_day_of_week_operator.py
[2025-06-05T05:01:47.677+0000] {processor.py:925} INFO - DAG(s) 'example_weekday_branch_operator' retrieved from /home/airflow/.local/lib/python3.10/site-packages/airflow/example_dags/example_branch_day_of_week_operator.py
[2025-06-05T05:01:47.784+0000] {logging_mixin.py:190} INFO - [2025-06-05T05:01:47.784+0000] {dag.py:3239} INFO - Sync 1 DAGs
[2025-06-05T05:01:47.830+0000] {logging_mixin.py:190} INFO - [2025-06-05T05:01:47.829+0000] {dag.py:4180} INFO - Setting next_dagrun for example_weekday_branch_operator to 2025-06-04 00:00:00+00:00, run_after=2025-06-05 00:00:00+00:00
[2025-06-05T05:01:47.915+0000] {processor.py:208} INFO - Processing /home/airflow/.local/lib/python3.10/site-packages/airflow/example_dags/example_branch_day_of_week_operator.py took 0.275 seconds
[2025-06-05T05:02:05.376+0000] {processor.py:186} INFO - Started process (PID=1983) to work on /home/airflow/.local/lib/python3.10/site-packages/airflow/example_dags/example_branch_day_of_week_operator.py
[2025-06-05T05:02:05.380+0000] {processor.py:914} INFO - Processing file /home/airflow/.local/lib/python3.10/site-packages/airflow/example_dags/example_branch_day_of_week_operator.py for tasks to queue
[2025-06-05T05:02:05.386+0000] {logging_mixin.py:190} INFO - [2025-06-05T05:02:05.384+0000] {dagbag.py:588} INFO - Filling up the DagBag from /home/airflow/.local/lib/python3.10/site-packages/airflow/example_dags/example_branch_day_of_week_operator.py
[2025-06-05T05:02:05.409+0000] {processor.py:925} INFO - DAG(s) 'example_weekday_branch_operator' retrieved from /home/airflow/.local/lib/python3.10/site-packages/airflow/example_dags/example_branch_day_of_week_operator.py
[2025-06-05T05:02:05.533+0000] {logging_mixin.py:190} INFO - [2025-06-05T05:02:05.533+0000] {dag.py:3239} INFO - Sync 1 DAGs
[2025-06-05T05:02:05.579+0000] {logging_mixin.py:190} INFO - [2025-06-05T05:02:05.578+0000] {dag.py:4180} INFO - Setting next_dagrun for example_weekday_branch_operator to 2025-06-04 00:00:00+00:00, run_after=2025-06-05 00:00:00+00:00
[2025-06-05T05:02:05.645+0000] {processor.py:208} INFO - Processing /home/airflow/.local/lib/python3.10/site-packages/airflow/example_dags/example_branch_day_of_week_operator.py took 0.290 seconds
[2025-06-05T05:02:37.198+0000] {processor.py:186} INFO - Started process (PID=2273) to work on /home/airflow/.local/lib/python3.10/site-packages/airflow/example_dags/example_branch_day_of_week_operator.py
[2025-06-05T05:02:37.200+0000] {processor.py:914} INFO - Processing file /home/airflow/.local/lib/python3.10/site-packages/airflow/example_dags/example_branch_day_of_week_operator.py for tasks to queue
[2025-06-05T05:02:37.204+0000] {logging_mixin.py:190} INFO - [2025-06-05T05:02:37.203+0000] {dagbag.py:588} INFO - Filling up the DagBag from /home/airflow/.local/lib/python3.10/site-packages/airflow/example_dags/example_branch_day_of_week_operator.py
[2025-06-05T05:02:37.220+0000] {processor.py:925} INFO - DAG(s) 'example_weekday_branch_operator' retrieved from /home/airflow/.local/lib/python3.10/site-packages/airflow/example_dags/example_branch_day_of_week_operator.py
[2025-06-05T05:02:37.356+0000] {logging_mixin.py:190} INFO - [2025-06-05T05:02:37.355+0000] {dag.py:3239} INFO - Sync 1 DAGs
[2025-06-05T05:02:37.410+0000] {logging_mixin.py:190} INFO - [2025-06-05T05:02:37.409+0000] {dag.py:4180} INFO - Setting next_dagrun for example_weekday_branch_operator to 2025-06-04 00:00:00+00:00, run_after=2025-06-05 00:00:00+00:00
[2025-06-05T05:02:37.470+0000] {processor.py:208} INFO - Processing /home/airflow/.local/lib/python3.10/site-packages/airflow/example_dags/example_branch_day_of_week_operator.py took 0.285 seconds
[2025-06-05T05:03:07.645+0000] {processor.py:186} INFO - Started process (PID=2563) to work on /home/airflow/.local/lib/python3.10/site-packages/airflow/example_dags/example_branch_day_of_week_operator.py
[2025-06-05T05:03:07.650+0000] {processor.py:914} INFO - Processing file /home/airflow/.local/lib/python3.10/site-packages/airflow/example_dags/example_branch_day_of_week_operator.py for tasks to queue
[2025-06-05T05:03:07.653+0000] {logging_mixin.py:190} INFO - [2025-06-05T05:03:07.653+0000] {dagbag.py:588} INFO - Filling up the DagBag from /home/airflow/.local/lib/python3.10/site-packages/airflow/example_dags/example_branch_day_of_week_operator.py
[2025-06-05T05:03:07.671+0000] {processor.py:925} INFO - DAG(s) 'example_weekday_branch_operator' retrieved from /home/airflow/.local/lib/python3.10/site-packages/airflow/example_dags/example_branch_day_of_week_operator.py
[2025-06-05T05:03:07.789+0000] {logging_mixin.py:190} INFO - [2025-06-05T05:03:07.789+0000] {dag.py:3239} INFO - Sync 1 DAGs
[2025-06-05T05:03:07.830+0000] {logging_mixin.py:190} INFO - [2025-06-05T05:03:07.830+0000] {dag.py:4180} INFO - Setting next_dagrun for example_weekday_branch_operator to 2025-06-04 00:00:00+00:00, run_after=2025-06-05 00:00:00+00:00
[2025-06-05T05:03:07.885+0000] {processor.py:208} INFO - Processing /home/airflow/.local/lib/python3.10/site-packages/airflow/example_dags/example_branch_day_of_week_operator.py took 0.257 seconds
[2025-06-05T05:03:38.715+0000] {processor.py:186} INFO - Started process (PID=2848) to work on /home/airflow/.local/lib/python3.10/site-packages/airflow/example_dags/example_branch_day_of_week_operator.py
[2025-06-05T05:03:38.717+0000] {processor.py:914} INFO - Processing file /home/airflow/.local/lib/python3.10/site-packages/airflow/example_dags/example_branch_day_of_week_operator.py for tasks to queue
[2025-06-05T05:03:38.720+0000] {logging_mixin.py:190} INFO - [2025-06-05T05:03:38.719+0000] {dagbag.py:588} INFO - Filling up the DagBag from /home/airflow/.local/lib/python3.10/site-packages/airflow/example_dags/example_branch_day_of_week_operator.py
[2025-06-05T05:03:38.736+0000] {processor.py:925} INFO - DAG(s) 'example_weekday_branch_operator' retrieved from /home/airflow/.local/lib/python3.10/site-packages/airflow/example_dags/example_branch_day_of_week_operator.py
[2025-06-05T05:03:38.836+0000] {logging_mixin.py:190} INFO - [2025-06-05T05:03:38.836+0000] {dag.py:3239} INFO - Sync 1 DAGs
[2025-06-05T05:03:38.885+0000] {logging_mixin.py:190} INFO - [2025-06-05T05:03:38.884+0000] {dag.py:4180} INFO - Setting next_dagrun for example_weekday_branch_operator to 2025-06-04 00:00:00+00:00, run_after=2025-06-05 00:00:00+00:00
[2025-06-05T05:03:38.938+0000] {processor.py:208} INFO - Processing /home/airflow/.local/lib/python3.10/site-packages/airflow/example_dags/example_branch_day_of_week_operator.py took 0.236 seconds
[2025-06-05T05:04:09.613+0000] {processor.py:186} INFO - Started process (PID=3138) to work on /home/airflow/.local/lib/python3.10/site-packages/airflow/example_dags/example_branch_day_of_week_operator.py
[2025-06-05T05:04:09.615+0000] {processor.py:914} INFO - Processing file /home/airflow/.local/lib/python3.10/site-packages/airflow/example_dags/example_branch_day_of_week_operator.py for tasks to queue
[2025-06-05T05:04:09.618+0000] {logging_mixin.py:190} INFO - [2025-06-05T05:04:09.617+0000] {dagbag.py:588} INFO - Filling up the DagBag from /home/airflow/.local/lib/python3.10/site-packages/airflow/example_dags/example_branch_day_of_week_operator.py
[2025-06-05T05:04:09.632+0000] {processor.py:925} INFO - DAG(s) 'example_weekday_branch_operator' retrieved from /home/airflow/.local/lib/python3.10/site-packages/airflow/example_dags/example_branch_day_of_week_operator.py
[2025-06-05T05:04:09.702+0000] {logging_mixin.py:190} INFO - [2025-06-05T05:04:09.701+0000] {dag.py:3239} INFO - Sync 1 DAGs
[2025-06-05T05:04:09.735+0000] {logging_mixin.py:190} INFO - [2025-06-05T05:04:09.735+0000] {dag.py:4180} INFO - Setting next_dagrun for example_weekday_branch_operator to 2025-06-04 00:00:00+00:00, run_after=2025-06-05 00:00:00+00:00
[2025-06-05T05:04:09.784+0000] {processor.py:208} INFO - Processing /home/airflow/.local/lib/python3.10/site-packages/airflow/example_dags/example_branch_day_of_week_operator.py took 0.183 seconds
[2025-06-05T05:04:40.945+0000] {processor.py:186} INFO - Started process (PID=3428) to work on /home/airflow/.local/lib/python3.10/site-packages/airflow/example_dags/example_branch_day_of_week_operator.py
[2025-06-05T05:04:40.947+0000] {processor.py:914} INFO - Processing file /home/airflow/.local/lib/python3.10/site-packages/airflow/example_dags/example_branch_day_of_week_operator.py for tasks to queue
[2025-06-05T05:04:40.950+0000] {logging_mixin.py:190} INFO - [2025-06-05T05:04:40.949+0000] {dagbag.py:588} INFO - Filling up the DagBag from /home/airflow/.local/lib/python3.10/site-packages/airflow/example_dags/example_branch_day_of_week_operator.py
[2025-06-05T05:04:40.967+0000] {processor.py:925} INFO - DAG(s) 'example_weekday_branch_operator' retrieved from /home/airflow/.local/lib/python3.10/site-packages/airflow/example_dags/example_branch_day_of_week_operator.py
[2025-06-05T05:04:41.062+0000] {logging_mixin.py:190} INFO - [2025-06-05T05:04:41.062+0000] {dag.py:3239} INFO - Sync 1 DAGs
[2025-06-05T05:04:41.102+0000] {logging_mixin.py:190} INFO - [2025-06-05T05:04:41.101+0000] {dag.py:4180} INFO - Setting next_dagrun for example_weekday_branch_operator to 2025-06-04 00:00:00+00:00, run_after=2025-06-05 00:00:00+00:00
[2025-06-05T05:04:41.207+0000] {processor.py:208} INFO - Processing /home/airflow/.local/lib/python3.10/site-packages/airflow/example_dags/example_branch_day_of_week_operator.py took 0.276 seconds
[2025-06-05T05:05:11.721+0000] {processor.py:186} INFO - Started process (PID=3723) to work on /home/airflow/.local/lib/python3.10/site-packages/airflow/example_dags/example_branch_day_of_week_operator.py
[2025-06-05T05:05:11.724+0000] {processor.py:914} INFO - Processing file /home/airflow/.local/lib/python3.10/site-packages/airflow/example_dags/example_branch_day_of_week_operator.py for tasks to queue
[2025-06-05T05:05:11.727+0000] {logging_mixin.py:190} INFO - [2025-06-05T05:05:11.726+0000] {dagbag.py:588} INFO - Filling up the DagBag from /home/airflow/.local/lib/python3.10/site-packages/airflow/example_dags/example_branch_day_of_week_operator.py
[2025-06-05T05:05:11.745+0000] {processor.py:925} INFO - DAG(s) 'example_weekday_branch_operator' retrieved from /home/airflow/.local/lib/python3.10/site-packages/airflow/example_dags/example_branch_day_of_week_operator.py
[2025-06-05T05:05:11.860+0000] {logging_mixin.py:190} INFO - [2025-06-05T05:05:11.859+0000] {dag.py:3239} INFO - Sync 1 DAGs
[2025-06-05T05:05:11.914+0000] {logging_mixin.py:190} INFO - [2025-06-05T05:05:11.913+0000] {dag.py:4180} INFO - Setting next_dagrun for example_weekday_branch_operator to 2025-06-04 00:00:00+00:00, run_after=2025-06-05 00:00:00+00:00
[2025-06-05T05:05:12.041+0000] {processor.py:208} INFO - Processing /home/airflow/.local/lib/python3.10/site-packages/airflow/example_dags/example_branch_day_of_week_operator.py took 0.335 seconds
