[2025-06-05T04:58:03.553+0000] {processor.py:186} INFO - Started process (PID=99389) to work on /home/airflow/.local/lib/python3.10/site-packages/airflow/example_dags/example_dag_decorator.py
[2025-06-05T04:58:03.559+0000] {processor.py:914} INFO - Processing file /home/airflow/.local/lib/python3.10/site-packages/airflow/example_dags/example_dag_decorator.py for tasks to queue
[2025-06-05T04:58:03.568+0000] {logging_mixin.py:190} INFO - [2025-06-05T04:58:03.567+0000] {dagbag.py:588} INFO - Filling up the DagBag from /home/airflow/.local/lib/python3.10/site-packages/airflow/example_dags/example_dag_decorator.py
[2025-06-05T04:58:03.626+0000] {processor.py:925} INFO - DAG(s) 'example_dag_decorator' retrieved from /home/airflow/.local/lib/python3.10/site-packages/airflow/example_dags/example_dag_decorator.py
[2025-06-05T04:58:04.309+0000] {logging_mixin.py:190} INFO - [2025-06-05T04:58:04.308+0000] {dag.py:3239} INFO - Sync 1 DAGs
[2025-06-05T04:58:04.353+0000] {logging_mixin.py:190} INFO - [2025-06-05T04:58:04.353+0000] {dag.py:4180} INFO - Setting next_dagrun for example_dag_decorator to None, run_after=None
[2025-06-05T04:58:04.468+0000] {processor.py:208} INFO - Processing /home/airflow/.local/lib/python3.10/site-packages/airflow/example_dags/example_dag_decorator.py took 0.946 seconds
[2025-06-05T04:58:34.902+0000] {processor.py:186} INFO - Started process (PID=99682) to work on /home/airflow/.local/lib/python3.10/site-packages/airflow/example_dags/example_dag_decorator.py
[2025-06-05T04:58:34.904+0000] {processor.py:914} INFO - Processing file /home/airflow/.local/lib/python3.10/site-packages/airflow/example_dags/example_dag_decorator.py for tasks to queue
[2025-06-05T04:58:34.906+0000] {logging_mixin.py:190} INFO - [2025-06-05T04:58:34.906+0000] {dagbag.py:588} INFO - Filling up the DagBag from /home/airflow/.local/lib/python3.10/site-packages/airflow/example_dags/example_dag_decorator.py
[2025-06-05T04:58:34.923+0000] {processor.py:925} INFO - DAG(s) 'example_dag_decorator' retrieved from /home/airflow/.local/lib/python3.10/site-packages/airflow/example_dags/example_dag_decorator.py
[2025-06-05T04:58:35.207+0000] {logging_mixin.py:190} INFO - [2025-06-05T04:58:35.207+0000] {dag.py:3239} INFO - Sync 1 DAGs
[2025-06-05T04:58:35.238+0000] {logging_mixin.py:190} INFO - [2025-06-05T04:58:35.238+0000] {dag.py:4180} INFO - Setting next_dagrun for example_dag_decorator to None, run_after=None
[2025-06-05T04:58:35.314+0000] {processor.py:208} INFO - Processing /home/airflow/.local/lib/python3.10/site-packages/airflow/example_dags/example_dag_decorator.py took 0.425 seconds
[2025-06-05T04:59:05.953+0000] {processor.py:186} INFO - Started process (PID=99972) to work on /home/airflow/.local/lib/python3.10/site-packages/airflow/example_dags/example_dag_decorator.py
[2025-06-05T04:59:05.957+0000] {processor.py:914} INFO - Processing file /home/airflow/.local/lib/python3.10/site-packages/airflow/example_dags/example_dag_decorator.py for tasks to queue
[2025-06-05T04:59:05.961+0000] {logging_mixin.py:190} INFO - [2025-06-05T04:59:05.960+0000] {dagbag.py:588} INFO - Filling up the DagBag from /home/airflow/.local/lib/python3.10/site-packages/airflow/example_dags/example_dag_decorator.py
[2025-06-05T04:59:05.993+0000] {processor.py:925} INFO - DAG(s) 'example_dag_decorator' retrieved from /home/airflow/.local/lib/python3.10/site-packages/airflow/example_dags/example_dag_decorator.py
[2025-06-05T04:59:06.521+0000] {logging_mixin.py:190} INFO - [2025-06-05T04:59:06.520+0000] {dag.py:3239} INFO - Sync 1 DAGs
[2025-06-05T04:59:06.552+0000] {logging_mixin.py:190} INFO - [2025-06-05T04:59:06.551+0000] {dag.py:4180} INFO - Setting next_dagrun for example_dag_decorator to None, run_after=None
[2025-06-05T04:59:06.649+0000] {processor.py:208} INFO - Processing /home/airflow/.local/lib/python3.10/site-packages/airflow/example_dags/example_dag_decorator.py took 0.718 seconds
[2025-06-05T04:59:37.567+0000] {processor.py:186} INFO - Started process (PID=555) to work on /home/airflow/.local/lib/python3.10/site-packages/airflow/example_dags/example_dag_decorator.py
[2025-06-05T04:59:37.570+0000] {processor.py:914} INFO - Processing file /home/airflow/.local/lib/python3.10/site-packages/airflow/example_dags/example_dag_decorator.py for tasks to queue
[2025-06-05T04:59:37.572+0000] {logging_mixin.py:190} INFO - [2025-06-05T04:59:37.572+0000] {dagbag.py:588} INFO - Filling up the DagBag from /home/airflow/.local/lib/python3.10/site-packages/airflow/example_dags/example_dag_decorator.py
[2025-06-05T04:59:37.599+0000] {processor.py:925} INFO - DAG(s) 'example_dag_decorator' retrieved from /home/airflow/.local/lib/python3.10/site-packages/airflow/example_dags/example_dag_decorator.py
[2025-06-05T04:59:37.891+0000] {logging_mixin.py:190} INFO - [2025-06-05T04:59:37.891+0000] {dag.py:3239} INFO - Sync 1 DAGs
[2025-06-05T04:59:37.914+0000] {logging_mixin.py:190} INFO - [2025-06-05T04:59:37.914+0000] {dag.py:4180} INFO - Setting next_dagrun for example_dag_decorator to None, run_after=None
[2025-06-05T04:59:37.978+0000] {processor.py:208} INFO - Processing /home/airflow/.local/lib/python3.10/site-packages/airflow/example_dags/example_dag_decorator.py took 0.423 seconds
[2025-06-05T05:00:10.897+0000] {processor.py:186} INFO - Started process (PID=843) to work on /home/airflow/.local/lib/python3.10/site-packages/airflow/example_dags/example_dag_decorator.py
[2025-06-05T05:00:10.900+0000] {processor.py:914} INFO - Processing file /home/airflow/.local/lib/python3.10/site-packages/airflow/example_dags/example_dag_decorator.py for tasks to queue
[2025-06-05T05:00:10.903+0000] {logging_mixin.py:190} INFO - [2025-06-05T05:00:10.902+0000] {dagbag.py:588} INFO - Filling up the DagBag from /home/airflow/.local/lib/python3.10/site-packages/airflow/example_dags/example_dag_decorator.py
[2025-06-05T05:00:10.927+0000] {processor.py:925} INFO - DAG(s) 'example_dag_decorator' retrieved from /home/airflow/.local/lib/python3.10/site-packages/airflow/example_dags/example_dag_decorator.py
[2025-06-05T05:00:11.227+0000] {logging_mixin.py:190} INFO - [2025-06-05T05:00:11.226+0000] {dag.py:3239} INFO - Sync 1 DAGs
[2025-06-05T05:00:11.249+0000] {logging_mixin.py:190} INFO - [2025-06-05T05:00:11.249+0000] {dag.py:4180} INFO - Setting next_dagrun for example_dag_decorator to None, run_after=None
[2025-06-05T05:00:11.367+0000] {processor.py:208} INFO - Processing /home/airflow/.local/lib/python3.10/site-packages/airflow/example_dags/example_dag_decorator.py took 0.485 seconds
[2025-06-05T05:00:42.801+0000] {processor.py:186} INFO - Started process (PID=1133) to work on /home/airflow/.local/lib/python3.10/site-packages/airflow/example_dags/example_dag_decorator.py
[2025-06-05T05:00:42.803+0000] {processor.py:914} INFO - Processing file /home/airflow/.local/lib/python3.10/site-packages/airflow/example_dags/example_dag_decorator.py for tasks to queue
[2025-06-05T05:00:42.806+0000] {logging_mixin.py:190} INFO - [2025-06-05T05:00:42.805+0000] {dagbag.py:588} INFO - Filling up the DagBag from /home/airflow/.local/lib/python3.10/site-packages/airflow/example_dags/example_dag_decorator.py
[2025-06-05T05:00:42.824+0000] {processor.py:925} INFO - DAG(s) 'example_dag_decorator' retrieved from /home/airflow/.local/lib/python3.10/site-packages/airflow/example_dags/example_dag_decorator.py
[2025-06-05T05:00:43.169+0000] {logging_mixin.py:190} INFO - [2025-06-05T05:00:43.168+0000] {dag.py:3239} INFO - Sync 1 DAGs
[2025-06-05T05:00:43.193+0000] {logging_mixin.py:190} INFO - [2025-06-05T05:00:43.192+0000] {dag.py:4180} INFO - Setting next_dagrun for example_dag_decorator to None, run_after=None
[2025-06-05T05:00:43.276+0000] {processor.py:208} INFO - Processing /home/airflow/.local/lib/python3.10/site-packages/airflow/example_dags/example_dag_decorator.py took 0.489 seconds
[2025-06-05T05:01:16.134+0000] {processor.py:186} INFO - Started process (PID=1433) to work on /home/airflow/.local/lib/python3.10/site-packages/airflow/example_dags/example_dag_decorator.py
[2025-06-05T05:01:16.138+0000] {processor.py:914} INFO - Processing file /home/airflow/.local/lib/python3.10/site-packages/airflow/example_dags/example_dag_decorator.py for tasks to queue
[2025-06-05T05:01:16.140+0000] {logging_mixin.py:190} INFO - [2025-06-05T05:01:16.140+0000] {dagbag.py:588} INFO - Filling up the DagBag from /home/airflow/.local/lib/python3.10/site-packages/airflow/example_dags/example_dag_decorator.py
[2025-06-05T05:01:16.166+0000] {processor.py:925} INFO - DAG(s) 'example_dag_decorator' retrieved from /home/airflow/.local/lib/python3.10/site-packages/airflow/example_dags/example_dag_decorator.py
[2025-06-05T05:01:16.567+0000] {logging_mixin.py:190} INFO - [2025-06-05T05:01:16.566+0000] {dag.py:3239} INFO - Sync 1 DAGs
[2025-06-05T05:01:16.605+0000] {logging_mixin.py:190} INFO - [2025-06-05T05:01:16.604+0000] {dag.py:4180} INFO - Setting next_dagrun for example_dag_decorator to None, run_after=None
[2025-06-05T05:01:16.710+0000] {processor.py:208} INFO - Processing /home/airflow/.local/lib/python3.10/site-packages/airflow/example_dags/example_dag_decorator.py took 0.597 seconds
[2025-06-05T05:01:48.030+0000] {processor.py:186} INFO - Started process (PID=1715) to work on /home/airflow/.local/lib/python3.10/site-packages/airflow/example_dags/example_dag_decorator.py
[2025-06-05T05:01:48.033+0000] {processor.py:914} INFO - Processing file /home/airflow/.local/lib/python3.10/site-packages/airflow/example_dags/example_dag_decorator.py for tasks to queue
[2025-06-05T05:01:48.035+0000] {logging_mixin.py:190} INFO - [2025-06-05T05:01:48.035+0000] {dagbag.py:588} INFO - Filling up the DagBag from /home/airflow/.local/lib/python3.10/site-packages/airflow/example_dags/example_dag_decorator.py
[2025-06-05T05:01:48.056+0000] {processor.py:925} INFO - DAG(s) 'example_dag_decorator' retrieved from /home/airflow/.local/lib/python3.10/site-packages/airflow/example_dags/example_dag_decorator.py
[2025-06-05T05:01:48.350+0000] {logging_mixin.py:190} INFO - [2025-06-05T05:01:48.350+0000] {dag.py:3239} INFO - Sync 1 DAGs
[2025-06-05T05:01:48.369+0000] {logging_mixin.py:190} INFO - [2025-06-05T05:01:48.369+0000] {dag.py:4180} INFO - Setting next_dagrun for example_dag_decorator to None, run_after=None
[2025-06-05T05:01:48.421+0000] {processor.py:208} INFO - Processing /home/airflow/.local/lib/python3.10/site-packages/airflow/example_dags/example_dag_decorator.py took 0.406 seconds
[2025-06-05T05:02:05.584+0000] {processor.py:186} INFO - Started process (PID=1988) to work on /home/airflow/.local/lib/python3.10/site-packages/airflow/example_dags/example_dag_decorator.py
[2025-06-05T05:02:05.586+0000] {processor.py:914} INFO - Processing file /home/airflow/.local/lib/python3.10/site-packages/airflow/example_dags/example_dag_decorator.py for tasks to queue
[2025-06-05T05:02:05.589+0000] {logging_mixin.py:190} INFO - [2025-06-05T05:02:05.588+0000] {dagbag.py:588} INFO - Filling up the DagBag from /home/airflow/.local/lib/python3.10/site-packages/airflow/example_dags/example_dag_decorator.py
[2025-06-05T05:02:05.615+0000] {processor.py:925} INFO - DAG(s) 'example_dag_decorator' retrieved from /home/airflow/.local/lib/python3.10/site-packages/airflow/example_dags/example_dag_decorator.py
[2025-06-05T05:02:05.707+0000] {logging_mixin.py:190} INFO - [2025-06-05T05:02:05.707+0000] {dag.py:3239} INFO - Sync 1 DAGs
[2025-06-05T05:02:05.735+0000] {logging_mixin.py:190} INFO - [2025-06-05T05:02:05.734+0000] {dag.py:4180} INFO - Setting next_dagrun for example_dag_decorator to None, run_after=None
[2025-06-05T05:02:05.791+0000] {processor.py:208} INFO - Processing /home/airflow/.local/lib/python3.10/site-packages/airflow/example_dags/example_dag_decorator.py took 0.226 seconds
[2025-06-05T05:02:37.498+0000] {processor.py:186} INFO - Started process (PID=2278) to work on /home/airflow/.local/lib/python3.10/site-packages/airflow/example_dags/example_dag_decorator.py
[2025-06-05T05:02:37.502+0000] {processor.py:914} INFO - Processing file /home/airflow/.local/lib/python3.10/site-packages/airflow/example_dags/example_dag_decorator.py for tasks to queue
[2025-06-05T05:02:37.505+0000] {logging_mixin.py:190} INFO - [2025-06-05T05:02:37.504+0000] {dagbag.py:588} INFO - Filling up the DagBag from /home/airflow/.local/lib/python3.10/site-packages/airflow/example_dags/example_dag_decorator.py
[2025-06-05T05:02:37.530+0000] {processor.py:925} INFO - DAG(s) 'example_dag_decorator' retrieved from /home/airflow/.local/lib/python3.10/site-packages/airflow/example_dags/example_dag_decorator.py
[2025-06-05T05:02:37.906+0000] {logging_mixin.py:190} INFO - [2025-06-05T05:02:37.906+0000] {dag.py:3239} INFO - Sync 1 DAGs
[2025-06-05T05:02:37.930+0000] {logging_mixin.py:190} INFO - [2025-06-05T05:02:37.930+0000] {dag.py:4180} INFO - Setting next_dagrun for example_dag_decorator to None, run_after=None
[2025-06-05T05:02:37.997+0000] {processor.py:208} INFO - Processing /home/airflow/.local/lib/python3.10/site-packages/airflow/example_dags/example_dag_decorator.py took 0.513 seconds
[2025-06-05T05:03:08.368+0000] {processor.py:186} INFO - Started process (PID=2573) to work on /home/airflow/.local/lib/python3.10/site-packages/airflow/example_dags/example_dag_decorator.py
[2025-06-05T05:03:08.370+0000] {processor.py:914} INFO - Processing file /home/airflow/.local/lib/python3.10/site-packages/airflow/example_dags/example_dag_decorator.py for tasks to queue
[2025-06-05T05:03:08.372+0000] {logging_mixin.py:190} INFO - [2025-06-05T05:03:08.372+0000] {dagbag.py:588} INFO - Filling up the DagBag from /home/airflow/.local/lib/python3.10/site-packages/airflow/example_dags/example_dag_decorator.py
[2025-06-05T05:03:08.393+0000] {processor.py:925} INFO - DAG(s) 'example_dag_decorator' retrieved from /home/airflow/.local/lib/python3.10/site-packages/airflow/example_dags/example_dag_decorator.py
[2025-06-05T05:03:08.672+0000] {logging_mixin.py:190} INFO - [2025-06-05T05:03:08.672+0000] {dag.py:3239} INFO - Sync 1 DAGs
[2025-06-05T05:03:08.690+0000] {logging_mixin.py:190} INFO - [2025-06-05T05:03:08.689+0000] {dag.py:4180} INFO - Setting next_dagrun for example_dag_decorator to None, run_after=None
[2025-06-05T05:03:08.777+0000] {processor.py:208} INFO - Processing /home/airflow/.local/lib/python3.10/site-packages/airflow/example_dags/example_dag_decorator.py took 0.422 seconds
[2025-06-05T05:03:39.208+0000] {processor.py:186} INFO - Started process (PID=2863) to work on /home/airflow/.local/lib/python3.10/site-packages/airflow/example_dags/example_dag_decorator.py
[2025-06-05T05:03:39.210+0000] {processor.py:914} INFO - Processing file /home/airflow/.local/lib/python3.10/site-packages/airflow/example_dags/example_dag_decorator.py for tasks to queue
[2025-06-05T05:03:39.213+0000] {logging_mixin.py:190} INFO - [2025-06-05T05:03:39.212+0000] {dagbag.py:588} INFO - Filling up the DagBag from /home/airflow/.local/lib/python3.10/site-packages/airflow/example_dags/example_dag_decorator.py
[2025-06-05T05:03:39.234+0000] {processor.py:925} INFO - DAG(s) 'example_dag_decorator' retrieved from /home/airflow/.local/lib/python3.10/site-packages/airflow/example_dags/example_dag_decorator.py
[2025-06-05T05:03:39.527+0000] {logging_mixin.py:190} INFO - [2025-06-05T05:03:39.526+0000] {dag.py:3239} INFO - Sync 1 DAGs
[2025-06-05T05:03:39.549+0000] {logging_mixin.py:190} INFO - [2025-06-05T05:03:39.548+0000] {dag.py:4180} INFO - Setting next_dagrun for example_dag_decorator to None, run_after=None
[2025-06-05T05:03:39.614+0000] {processor.py:208} INFO - Processing /home/airflow/.local/lib/python3.10/site-packages/airflow/example_dags/example_dag_decorator.py took 0.420 seconds
[2025-06-05T05:04:09.704+0000] {processor.py:186} INFO - Started process (PID=3143) to work on /home/airflow/.local/lib/python3.10/site-packages/airflow/example_dags/example_dag_decorator.py
[2025-06-05T05:04:09.707+0000] {processor.py:914} INFO - Processing file /home/airflow/.local/lib/python3.10/site-packages/airflow/example_dags/example_dag_decorator.py for tasks to queue
[2025-06-05T05:04:09.709+0000] {logging_mixin.py:190} INFO - [2025-06-05T05:04:09.709+0000] {dagbag.py:588} INFO - Filling up the DagBag from /home/airflow/.local/lib/python3.10/site-packages/airflow/example_dags/example_dag_decorator.py
[2025-06-05T05:04:09.727+0000] {processor.py:925} INFO - DAG(s) 'example_dag_decorator' retrieved from /home/airflow/.local/lib/python3.10/site-packages/airflow/example_dags/example_dag_decorator.py
[2025-06-05T05:04:09.999+0000] {logging_mixin.py:190} INFO - [2025-06-05T05:04:09.998+0000] {dag.py:3239} INFO - Sync 1 DAGs
[2025-06-05T05:04:10.013+0000] {logging_mixin.py:190} INFO - [2025-06-05T05:04:10.013+0000] {dag.py:4180} INFO - Setting next_dagrun for example_dag_decorator to None, run_after=None
[2025-06-05T05:04:10.070+0000] {processor.py:208} INFO - Processing /home/airflow/.local/lib/python3.10/site-packages/airflow/example_dags/example_dag_decorator.py took 0.375 seconds
[2025-06-05T05:04:41.102+0000] {processor.py:186} INFO - Started process (PID=3433) to work on /home/airflow/.local/lib/python3.10/site-packages/airflow/example_dags/example_dag_decorator.py
[2025-06-05T05:04:41.104+0000] {processor.py:914} INFO - Processing file /home/airflow/.local/lib/python3.10/site-packages/airflow/example_dags/example_dag_decorator.py for tasks to queue
[2025-06-05T05:04:41.111+0000] {logging_mixin.py:190} INFO - [2025-06-05T05:04:41.110+0000] {dagbag.py:588} INFO - Filling up the DagBag from /home/airflow/.local/lib/python3.10/site-packages/airflow/example_dags/example_dag_decorator.py
[2025-06-05T05:04:41.132+0000] {processor.py:925} INFO - DAG(s) 'example_dag_decorator' retrieved from /home/airflow/.local/lib/python3.10/site-packages/airflow/example_dags/example_dag_decorator.py
[2025-06-05T05:04:41.403+0000] {logging_mixin.py:190} INFO - [2025-06-05T05:04:41.403+0000] {dag.py:3239} INFO - Sync 1 DAGs
[2025-06-05T05:04:41.423+0000] {logging_mixin.py:190} INFO - [2025-06-05T05:04:41.423+0000] {dag.py:4180} INFO - Setting next_dagrun for example_dag_decorator to None, run_after=None
[2025-06-05T05:04:41.485+0000] {processor.py:208} INFO - Processing /home/airflow/.local/lib/python3.10/site-packages/airflow/example_dags/example_dag_decorator.py took 0.397 seconds
[2025-06-05T05:05:12.196+0000] {processor.py:186} INFO - Started process (PID=3728) to work on /home/airflow/.local/lib/python3.10/site-packages/airflow/example_dags/example_dag_decorator.py
[2025-06-05T05:05:12.199+0000] {processor.py:914} INFO - Processing file /home/airflow/.local/lib/python3.10/site-packages/airflow/example_dags/example_dag_decorator.py for tasks to queue
[2025-06-05T05:05:12.202+0000] {logging_mixin.py:190} INFO - [2025-06-05T05:05:12.201+0000] {dagbag.py:588} INFO - Filling up the DagBag from /home/airflow/.local/lib/python3.10/site-packages/airflow/example_dags/example_dag_decorator.py
[2025-06-05T05:05:12.223+0000] {processor.py:925} INFO - DAG(s) 'example_dag_decorator' retrieved from /home/airflow/.local/lib/python3.10/site-packages/airflow/example_dags/example_dag_decorator.py
[2025-06-05T05:05:12.511+0000] {logging_mixin.py:190} INFO - [2025-06-05T05:05:12.511+0000] {dag.py:3239} INFO - Sync 1 DAGs
[2025-06-05T05:05:12.533+0000] {logging_mixin.py:190} INFO - [2025-06-05T05:05:12.533+0000] {dag.py:4180} INFO - Setting next_dagrun for example_dag_decorator to None, run_after=None
[2025-06-05T05:05:12.593+0000] {processor.py:208} INFO - Processing /home/airflow/.local/lib/python3.10/site-packages/airflow/example_dags/example_dag_decorator.py took 0.410 seconds
