[2025-06-05T04:58:13.699+0000] {processor.py:186} INFO - Started process (PID=99472) to work on /home/airflow/.local/lib/python3.10/site-packages/airflow/example_dags/example_inlet_event_extra.py
[2025-06-05T04:58:13.704+0000] {processor.py:914} INFO - Processing file /home/airflow/.local/lib/python3.10/site-packages/airflow/example_dags/example_inlet_event_extra.py for tasks to queue
[2025-06-05T04:58:13.712+0000] {logging_mixin.py:190} INFO - [2025-06-05T04:58:13.710+0000] {dagbag.py:588} INFO - Filling up the DagBag from /home/airflow/.local/lib/python3.10/site-packages/airflow/example_dags/example_inlet_event_extra.py
[2025-06-05T04:58:15.344+0000] {processor.py:925} INFO - DAG(s) 'read_dataset_event_from_classic', 'read_dataset_event' retrieved from /home/airflow/.local/lib/python3.10/site-packages/airflow/example_dags/example_inlet_event_extra.py
[2025-06-05T04:58:15.509+0000] {logging_mixin.py:190} INFO - [2025-06-05T04:58:15.509+0000] {dag.py:3239} INFO - Sync 2 DAGs
[2025-06-05T04:58:15.606+0000] {logging_mixin.py:190} INFO - [2025-06-05T04:58:15.605+0000] {dag.py:4180} INFO - Setting next_dagrun for read_dataset_event to 2025-06-04 00:00:00+00:00, run_after=2025-06-05 00:00:00+00:00
[2025-06-05T04:58:15.618+0000] {logging_mixin.py:190} INFO - [2025-06-05T04:58:15.618+0000] {dag.py:4180} INFO - Setting next_dagrun for read_dataset_event_from_classic to 2025-06-04 00:00:00+00:00, run_after=2025-06-05 00:00:00+00:00
[2025-06-05T04:58:15.702+0000] {processor.py:208} INFO - Processing /home/airflow/.local/lib/python3.10/site-packages/airflow/example_dags/example_inlet_event_extra.py took 2.034 seconds
[2025-06-05T04:58:46.105+0000] {processor.py:186} INFO - Started process (PID=99769) to work on /home/airflow/.local/lib/python3.10/site-packages/airflow/example_dags/example_inlet_event_extra.py
[2025-06-05T04:58:46.108+0000] {processor.py:914} INFO - Processing file /home/airflow/.local/lib/python3.10/site-packages/airflow/example_dags/example_inlet_event_extra.py for tasks to queue
[2025-06-05T04:58:46.111+0000] {logging_mixin.py:190} INFO - [2025-06-05T04:58:46.110+0000] {dagbag.py:588} INFO - Filling up the DagBag from /home/airflow/.local/lib/python3.10/site-packages/airflow/example_dags/example_inlet_event_extra.py
[2025-06-05T04:58:46.909+0000] {processor.py:925} INFO - DAG(s) 'read_dataset_event_from_classic', 'read_dataset_event' retrieved from /home/airflow/.local/lib/python3.10/site-packages/airflow/example_dags/example_inlet_event_extra.py
[2025-06-05T04:58:46.974+0000] {logging_mixin.py:190} INFO - [2025-06-05T04:58:46.974+0000] {dag.py:3239} INFO - Sync 2 DAGs
[2025-06-05T04:58:47.003+0000] {logging_mixin.py:190} INFO - [2025-06-05T04:58:47.003+0000] {dag.py:4180} INFO - Setting next_dagrun for read_dataset_event to 2025-06-04 00:00:00+00:00, run_after=2025-06-05 00:00:00+00:00
[2025-06-05T04:58:47.011+0000] {logging_mixin.py:190} INFO - [2025-06-05T04:58:47.011+0000] {dag.py:4180} INFO - Setting next_dagrun for read_dataset_event_from_classic to 2025-06-04 00:00:00+00:00, run_after=2025-06-05 00:00:00+00:00
[2025-06-05T04:58:47.049+0000] {processor.py:208} INFO - Processing /home/airflow/.local/lib/python3.10/site-packages/airflow/example_dags/example_inlet_event_extra.py took 0.960 seconds
[2025-06-05T04:59:17.908+0000] {processor.py:186} INFO - Started process (PID=365) to work on /home/airflow/.local/lib/python3.10/site-packages/airflow/example_dags/example_inlet_event_extra.py
[2025-06-05T04:59:17.910+0000] {processor.py:914} INFO - Processing file /home/airflow/.local/lib/python3.10/site-packages/airflow/example_dags/example_inlet_event_extra.py for tasks to queue
[2025-06-05T04:59:17.913+0000] {logging_mixin.py:190} INFO - [2025-06-05T04:59:17.912+0000] {dagbag.py:588} INFO - Filling up the DagBag from /home/airflow/.local/lib/python3.10/site-packages/airflow/example_dags/example_inlet_event_extra.py
[2025-06-05T04:59:18.422+0000] {processor.py:925} INFO - DAG(s) 'read_dataset_event', 'read_dataset_event_from_classic' retrieved from /home/airflow/.local/lib/python3.10/site-packages/airflow/example_dags/example_inlet_event_extra.py
[2025-06-05T04:59:18.853+0000] {logging_mixin.py:190} INFO - [2025-06-05T04:59:18.853+0000] {dag.py:3239} INFO - Sync 2 DAGs
[2025-06-05T04:59:18.892+0000] {logging_mixin.py:190} INFO - [2025-06-05T04:59:18.891+0000] {dag.py:4180} INFO - Setting next_dagrun for read_dataset_event to 2025-06-04 00:00:00+00:00, run_after=2025-06-05 00:00:00+00:00
[2025-06-05T04:59:18.900+0000] {logging_mixin.py:190} INFO - [2025-06-05T04:59:18.900+0000] {dag.py:4180} INFO - Setting next_dagrun for read_dataset_event_from_classic to 2025-06-04 00:00:00+00:00, run_after=2025-06-05 00:00:00+00:00
[2025-06-05T04:59:18.961+0000] {processor.py:208} INFO - Processing /home/airflow/.local/lib/python3.10/site-packages/airflow/example_dags/example_inlet_event_extra.py took 1.070 seconds
[2025-06-05T04:59:49.203+0000] {processor.py:186} INFO - Started process (PID=665) to work on /home/airflow/.local/lib/python3.10/site-packages/airflow/example_dags/example_inlet_event_extra.py
[2025-06-05T04:59:49.206+0000] {processor.py:914} INFO - Processing file /home/airflow/.local/lib/python3.10/site-packages/airflow/example_dags/example_inlet_event_extra.py for tasks to queue
[2025-06-05T04:59:49.210+0000] {logging_mixin.py:190} INFO - [2025-06-05T04:59:49.209+0000] {dagbag.py:588} INFO - Filling up the DagBag from /home/airflow/.local/lib/python3.10/site-packages/airflow/example_dags/example_inlet_event_extra.py
[2025-06-05T04:59:49.763+0000] {processor.py:925} INFO - DAG(s) 'read_dataset_event_from_classic', 'read_dataset_event' retrieved from /home/airflow/.local/lib/python3.10/site-packages/airflow/example_dags/example_inlet_event_extra.py
[2025-06-05T04:59:50.146+0000] {logging_mixin.py:190} INFO - [2025-06-05T04:59:50.145+0000] {dag.py:3239} INFO - Sync 2 DAGs
[2025-06-05T04:59:50.179+0000] {logging_mixin.py:190} INFO - [2025-06-05T04:59:50.178+0000] {dag.py:4180} INFO - Setting next_dagrun for read_dataset_event to 2025-06-04 00:00:00+00:00, run_after=2025-06-05 00:00:00+00:00
[2025-06-05T04:59:50.187+0000] {logging_mixin.py:190} INFO - [2025-06-05T04:59:50.186+0000] {dag.py:4180} INFO - Setting next_dagrun for read_dataset_event_from_classic to 2025-06-04 00:00:00+00:00, run_after=2025-06-05 00:00:00+00:00
[2025-06-05T04:59:50.297+0000] {processor.py:208} INFO - Processing /home/airflow/.local/lib/python3.10/site-packages/airflow/example_dags/example_inlet_event_extra.py took 1.109 seconds
[2025-06-05T05:00:20.618+0000] {processor.py:186} INFO - Started process (PID=955) to work on /home/airflow/.local/lib/python3.10/site-packages/airflow/example_dags/example_inlet_event_extra.py
[2025-06-05T05:00:20.620+0000] {processor.py:914} INFO - Processing file /home/airflow/.local/lib/python3.10/site-packages/airflow/example_dags/example_inlet_event_extra.py for tasks to queue
[2025-06-05T05:00:20.623+0000] {logging_mixin.py:190} INFO - [2025-06-05T05:00:20.622+0000] {dagbag.py:588} INFO - Filling up the DagBag from /home/airflow/.local/lib/python3.10/site-packages/airflow/example_dags/example_inlet_event_extra.py
[2025-06-05T05:00:21.440+0000] {processor.py:925} INFO - DAG(s) 'read_dataset_event_from_classic', 'read_dataset_event' retrieved from /home/airflow/.local/lib/python3.10/site-packages/airflow/example_dags/example_inlet_event_extra.py
[2025-06-05T05:00:21.596+0000] {logging_mixin.py:190} INFO - [2025-06-05T05:00:21.595+0000] {dag.py:3239} INFO - Sync 2 DAGs
[2025-06-05T05:00:21.670+0000] {logging_mixin.py:190} INFO - [2025-06-05T05:00:21.669+0000] {dag.py:4180} INFO - Setting next_dagrun for read_dataset_event to 2025-06-04 00:00:00+00:00, run_after=2025-06-05 00:00:00+00:00
[2025-06-05T05:00:21.682+0000] {logging_mixin.py:190} INFO - [2025-06-05T05:00:21.682+0000] {dag.py:4180} INFO - Setting next_dagrun for read_dataset_event_from_classic to 2025-06-04 00:00:00+00:00, run_after=2025-06-05 00:00:00+00:00
[2025-06-05T05:00:21.734+0000] {processor.py:208} INFO - Processing /home/airflow/.local/lib/python3.10/site-packages/airflow/example_dags/example_inlet_event_extra.py took 1.129 seconds
[2025-06-05T05:00:52.010+0000] {processor.py:186} INFO - Started process (PID=1245) to work on /home/airflow/.local/lib/python3.10/site-packages/airflow/example_dags/example_inlet_event_extra.py
[2025-06-05T05:00:52.012+0000] {processor.py:914} INFO - Processing file /home/airflow/.local/lib/python3.10/site-packages/airflow/example_dags/example_inlet_event_extra.py for tasks to queue
[2025-06-05T05:00:52.015+0000] {logging_mixin.py:190} INFO - [2025-06-05T05:00:52.014+0000] {dagbag.py:588} INFO - Filling up the DagBag from /home/airflow/.local/lib/python3.10/site-packages/airflow/example_dags/example_inlet_event_extra.py
[2025-06-05T05:00:52.929+0000] {processor.py:925} INFO - DAG(s) 'read_dataset_event', 'read_dataset_event_from_classic' retrieved from /home/airflow/.local/lib/python3.10/site-packages/airflow/example_dags/example_inlet_event_extra.py
[2025-06-05T05:00:53.036+0000] {logging_mixin.py:190} INFO - [2025-06-05T05:00:53.035+0000] {dag.py:3239} INFO - Sync 2 DAGs
[2025-06-05T05:00:53.073+0000] {logging_mixin.py:190} INFO - [2025-06-05T05:00:53.072+0000] {dag.py:4180} INFO - Setting next_dagrun for read_dataset_event to 2025-06-04 00:00:00+00:00, run_after=2025-06-05 00:00:00+00:00
[2025-06-05T05:00:53.082+0000] {logging_mixin.py:190} INFO - [2025-06-05T05:00:53.081+0000] {dag.py:4180} INFO - Setting next_dagrun for read_dataset_event_from_classic to 2025-06-04 00:00:00+00:00, run_after=2025-06-05 00:00:00+00:00
[2025-06-05T05:00:53.138+0000] {processor.py:208} INFO - Processing /home/airflow/.local/lib/python3.10/site-packages/airflow/example_dags/example_inlet_event_extra.py took 1.140 seconds
[2025-06-05T05:01:23.838+0000] {processor.py:186} INFO - Started process (PID=1535) to work on /home/airflow/.local/lib/python3.10/site-packages/airflow/example_dags/example_inlet_event_extra.py
[2025-06-05T05:01:23.841+0000] {processor.py:914} INFO - Processing file /home/airflow/.local/lib/python3.10/site-packages/airflow/example_dags/example_inlet_event_extra.py for tasks to queue
[2025-06-05T05:01:23.844+0000] {logging_mixin.py:190} INFO - [2025-06-05T05:01:23.843+0000] {dagbag.py:588} INFO - Filling up the DagBag from /home/airflow/.local/lib/python3.10/site-packages/airflow/example_dags/example_inlet_event_extra.py
[2025-06-05T05:01:24.697+0000] {processor.py:925} INFO - DAG(s) 'read_dataset_event_from_classic', 'read_dataset_event' retrieved from /home/airflow/.local/lib/python3.10/site-packages/airflow/example_dags/example_inlet_event_extra.py
[2025-06-05T05:01:24.782+0000] {logging_mixin.py:190} INFO - [2025-06-05T05:01:24.782+0000] {dag.py:3239} INFO - Sync 2 DAGs
[2025-06-05T05:01:24.819+0000] {logging_mixin.py:190} INFO - [2025-06-05T05:01:24.819+0000] {dag.py:4180} INFO - Setting next_dagrun for read_dataset_event to 2025-06-04 00:00:00+00:00, run_after=2025-06-05 00:00:00+00:00
[2025-06-05T05:01:24.828+0000] {logging_mixin.py:190} INFO - [2025-06-05T05:01:24.827+0000] {dag.py:4180} INFO - Setting next_dagrun for read_dataset_event_from_classic to 2025-06-04 00:00:00+00:00, run_after=2025-06-05 00:00:00+00:00
[2025-06-05T05:01:24.937+0000] {processor.py:208} INFO - Processing /home/airflow/.local/lib/python3.10/site-packages/airflow/example_dags/example_inlet_event_extra.py took 1.116 seconds
[2025-06-05T05:01:55.174+0000] {processor.py:186} INFO - Started process (PID=1835) to work on /home/airflow/.local/lib/python3.10/site-packages/airflow/example_dags/example_inlet_event_extra.py
[2025-06-05T05:01:55.176+0000] {processor.py:914} INFO - Processing file /home/airflow/.local/lib/python3.10/site-packages/airflow/example_dags/example_inlet_event_extra.py for tasks to queue
[2025-06-05T05:01:55.178+0000] {logging_mixin.py:190} INFO - [2025-06-05T05:01:55.178+0000] {dagbag.py:588} INFO - Filling up the DagBag from /home/airflow/.local/lib/python3.10/site-packages/airflow/example_dags/example_inlet_event_extra.py
[2025-06-05T05:01:55.768+0000] {processor.py:925} INFO - DAG(s) 'read_dataset_event', 'read_dataset_event_from_classic' retrieved from /home/airflow/.local/lib/python3.10/site-packages/airflow/example_dags/example_inlet_event_extra.py
[2025-06-05T05:01:55.840+0000] {logging_mixin.py:190} INFO - [2025-06-05T05:01:55.840+0000] {dag.py:3239} INFO - Sync 2 DAGs
[2025-06-05T05:01:55.866+0000] {logging_mixin.py:190} INFO - [2025-06-05T05:01:55.866+0000] {dag.py:4180} INFO - Setting next_dagrun for read_dataset_event to 2025-06-04 00:00:00+00:00, run_after=2025-06-05 00:00:00+00:00
[2025-06-05T05:01:55.872+0000] {logging_mixin.py:190} INFO - [2025-06-05T05:01:55.872+0000] {dag.py:4180} INFO - Setting next_dagrun for read_dataset_event_from_classic to 2025-06-04 00:00:00+00:00, run_after=2025-06-05 00:00:00+00:00
[2025-06-05T05:01:55.986+0000] {processor.py:208} INFO - Processing /home/airflow/.local/lib/python3.10/site-packages/airflow/example_dags/example_inlet_event_extra.py took 0.823 seconds
[2025-06-05T05:02:08.607+0000] {processor.py:186} INFO - Started process (PID=2073) to work on /home/airflow/.local/lib/python3.10/site-packages/airflow/example_dags/example_inlet_event_extra.py
[2025-06-05T05:02:08.609+0000] {processor.py:914} INFO - Processing file /home/airflow/.local/lib/python3.10/site-packages/airflow/example_dags/example_inlet_event_extra.py for tasks to queue
[2025-06-05T05:02:08.611+0000] {logging_mixin.py:190} INFO - [2025-06-05T05:02:08.611+0000] {dagbag.py:588} INFO - Filling up the DagBag from /home/airflow/.local/lib/python3.10/site-packages/airflow/example_dags/example_inlet_event_extra.py
[2025-06-05T05:02:09.329+0000] {processor.py:925} INFO - DAG(s) 'read_dataset_event_from_classic', 'read_dataset_event' retrieved from /home/airflow/.local/lib/python3.10/site-packages/airflow/example_dags/example_inlet_event_extra.py
[2025-06-05T05:02:09.410+0000] {logging_mixin.py:190} INFO - [2025-06-05T05:02:09.410+0000] {dag.py:3239} INFO - Sync 2 DAGs
[2025-06-05T05:02:09.436+0000] {logging_mixin.py:190} INFO - [2025-06-05T05:02:09.435+0000] {dag.py:4180} INFO - Setting next_dagrun for read_dataset_event to 2025-06-04 00:00:00+00:00, run_after=2025-06-05 00:00:00+00:00
[2025-06-05T05:02:09.442+0000] {logging_mixin.py:190} INFO - [2025-06-05T05:02:09.442+0000] {dag.py:4180} INFO - Setting next_dagrun for read_dataset_event_from_classic to 2025-06-04 00:00:00+00:00, run_after=2025-06-05 00:00:00+00:00
[2025-06-05T05:02:09.491+0000] {processor.py:208} INFO - Processing /home/airflow/.local/lib/python3.10/site-packages/airflow/example_dags/example_inlet_event_extra.py took 0.892 seconds
[2025-06-05T05:02:41.075+0000] {processor.py:186} INFO - Started process (PID=2363) to work on /home/airflow/.local/lib/python3.10/site-packages/airflow/example_dags/example_inlet_event_extra.py
[2025-06-05T05:02:41.078+0000] {processor.py:914} INFO - Processing file /home/airflow/.local/lib/python3.10/site-packages/airflow/example_dags/example_inlet_event_extra.py for tasks to queue
[2025-06-05T05:02:41.081+0000] {logging_mixin.py:190} INFO - [2025-06-05T05:02:41.080+0000] {dagbag.py:588} INFO - Filling up the DagBag from /home/airflow/.local/lib/python3.10/site-packages/airflow/example_dags/example_inlet_event_extra.py
[2025-06-05T05:02:41.762+0000] {processor.py:925} INFO - DAG(s) 'read_dataset_event_from_classic', 'read_dataset_event' retrieved from /home/airflow/.local/lib/python3.10/site-packages/airflow/example_dags/example_inlet_event_extra.py
[2025-06-05T05:02:41.827+0000] {logging_mixin.py:190} INFO - [2025-06-05T05:02:41.827+0000] {dag.py:3239} INFO - Sync 2 DAGs
[2025-06-05T05:02:41.861+0000] {logging_mixin.py:190} INFO - [2025-06-05T05:02:41.860+0000] {dag.py:4180} INFO - Setting next_dagrun for read_dataset_event to 2025-06-04 00:00:00+00:00, run_after=2025-06-05 00:00:00+00:00
[2025-06-05T05:02:41.868+0000] {logging_mixin.py:190} INFO - [2025-06-05T05:02:41.868+0000] {dag.py:4180} INFO - Setting next_dagrun for read_dataset_event_from_classic to 2025-06-04 00:00:00+00:00, run_after=2025-06-05 00:00:00+00:00
[2025-06-05T05:02:41.915+0000] {processor.py:208} INFO - Processing /home/airflow/.local/lib/python3.10/site-packages/airflow/example_dags/example_inlet_event_extra.py took 0.856 seconds
[2025-06-05T05:03:12.996+0000] {processor.py:186} INFO - Started process (PID=2665) to work on /home/airflow/.local/lib/python3.10/site-packages/airflow/example_dags/example_inlet_event_extra.py
[2025-06-05T05:03:12.998+0000] {processor.py:914} INFO - Processing file /home/airflow/.local/lib/python3.10/site-packages/airflow/example_dags/example_inlet_event_extra.py for tasks to queue
[2025-06-05T05:03:13.001+0000] {logging_mixin.py:190} INFO - [2025-06-05T05:03:13.000+0000] {dagbag.py:588} INFO - Filling up the DagBag from /home/airflow/.local/lib/python3.10/site-packages/airflow/example_dags/example_inlet_event_extra.py
[2025-06-05T05:03:13.621+0000] {processor.py:925} INFO - DAG(s) 'read_dataset_event_from_classic', 'read_dataset_event' retrieved from /home/airflow/.local/lib/python3.10/site-packages/airflow/example_dags/example_inlet_event_extra.py
[2025-06-05T05:03:13.709+0000] {logging_mixin.py:190} INFO - [2025-06-05T05:03:13.709+0000] {dag.py:3239} INFO - Sync 2 DAGs
[2025-06-05T05:03:13.751+0000] {logging_mixin.py:190} INFO - [2025-06-05T05:03:13.751+0000] {dag.py:4180} INFO - Setting next_dagrun for read_dataset_event to 2025-06-04 00:00:00+00:00, run_after=2025-06-05 00:00:00+00:00
[2025-06-05T05:03:13.761+0000] {logging_mixin.py:190} INFO - [2025-06-05T05:03:13.760+0000] {dag.py:4180} INFO - Setting next_dagrun for read_dataset_event_from_classic to 2025-06-04 00:00:00+00:00, run_after=2025-06-05 00:00:00+00:00
[2025-06-05T05:03:13.824+0000] {processor.py:208} INFO - Processing /home/airflow/.local/lib/python3.10/site-packages/airflow/example_dags/example_inlet_event_extra.py took 0.841 seconds
[2025-06-05T05:03:44.023+0000] {processor.py:186} INFO - Started process (PID=2963) to work on /home/airflow/.local/lib/python3.10/site-packages/airflow/example_dags/example_inlet_event_extra.py
[2025-06-05T05:03:44.025+0000] {processor.py:914} INFO - Processing file /home/airflow/.local/lib/python3.10/site-packages/airflow/example_dags/example_inlet_event_extra.py for tasks to queue
[2025-06-05T05:03:44.028+0000] {logging_mixin.py:190} INFO - [2025-06-05T05:03:44.027+0000] {dagbag.py:588} INFO - Filling up the DagBag from /home/airflow/.local/lib/python3.10/site-packages/airflow/example_dags/example_inlet_event_extra.py
[2025-06-05T05:03:44.687+0000] {processor.py:925} INFO - DAG(s) 'read_dataset_event_from_classic', 'read_dataset_event' retrieved from /home/airflow/.local/lib/python3.10/site-packages/airflow/example_dags/example_inlet_event_extra.py
[2025-06-05T05:03:44.760+0000] {logging_mixin.py:190} INFO - [2025-06-05T05:03:44.759+0000] {dag.py:3239} INFO - Sync 2 DAGs
[2025-06-05T05:03:44.789+0000] {logging_mixin.py:190} INFO - [2025-06-05T05:03:44.789+0000] {dag.py:4180} INFO - Setting next_dagrun for read_dataset_event to 2025-06-04 00:00:00+00:00, run_after=2025-06-05 00:00:00+00:00
[2025-06-05T05:03:44.796+0000] {logging_mixin.py:190} INFO - [2025-06-05T05:03:44.795+0000] {dag.py:4180} INFO - Setting next_dagrun for read_dataset_event_from_classic to 2025-06-04 00:00:00+00:00, run_after=2025-06-05 00:00:00+00:00
[2025-06-05T05:03:44.834+0000] {processor.py:208} INFO - Processing /home/airflow/.local/lib/python3.10/site-packages/airflow/example_dags/example_inlet_event_extra.py took 0.821 seconds
[2025-06-05T05:04:15.032+0000] {processor.py:186} INFO - Started process (PID=3260) to work on /home/airflow/.local/lib/python3.10/site-packages/airflow/example_dags/example_inlet_event_extra.py
[2025-06-05T05:04:15.035+0000] {processor.py:914} INFO - Processing file /home/airflow/.local/lib/python3.10/site-packages/airflow/example_dags/example_inlet_event_extra.py for tasks to queue
[2025-06-05T05:04:15.038+0000] {logging_mixin.py:190} INFO - [2025-06-05T05:04:15.037+0000] {dagbag.py:588} INFO - Filling up the DagBag from /home/airflow/.local/lib/python3.10/site-packages/airflow/example_dags/example_inlet_event_extra.py
[2025-06-05T05:04:15.679+0000] {processor.py:925} INFO - DAG(s) 'read_dataset_event', 'read_dataset_event_from_classic' retrieved from /home/airflow/.local/lib/python3.10/site-packages/airflow/example_dags/example_inlet_event_extra.py
[2025-06-05T05:04:15.767+0000] {logging_mixin.py:190} INFO - [2025-06-05T05:04:15.766+0000] {dag.py:3239} INFO - Sync 2 DAGs
[2025-06-05T05:04:15.797+0000] {logging_mixin.py:190} INFO - [2025-06-05T05:04:15.797+0000] {dag.py:4180} INFO - Setting next_dagrun for read_dataset_event to 2025-06-04 00:00:00+00:00, run_after=2025-06-05 00:00:00+00:00
[2025-06-05T05:04:15.805+0000] {logging_mixin.py:190} INFO - [2025-06-05T05:04:15.804+0000] {dag.py:4180} INFO - Setting next_dagrun for read_dataset_event_from_classic to 2025-06-04 00:00:00+00:00, run_after=2025-06-05 00:00:00+00:00
[2025-06-05T05:04:15.847+0000] {processor.py:208} INFO - Processing /home/airflow/.local/lib/python3.10/site-packages/airflow/example_dags/example_inlet_event_extra.py took 0.833 seconds
[2025-06-05T05:04:46.560+0000] {processor.py:186} INFO - Started process (PID=3548) to work on /home/airflow/.local/lib/python3.10/site-packages/airflow/example_dags/example_inlet_event_extra.py
[2025-06-05T05:04:46.562+0000] {processor.py:914} INFO - Processing file /home/airflow/.local/lib/python3.10/site-packages/airflow/example_dags/example_inlet_event_extra.py for tasks to queue
[2025-06-05T05:04:46.565+0000] {logging_mixin.py:190} INFO - [2025-06-05T05:04:46.564+0000] {dagbag.py:588} INFO - Filling up the DagBag from /home/airflow/.local/lib/python3.10/site-packages/airflow/example_dags/example_inlet_event_extra.py
[2025-06-05T05:04:47.271+0000] {processor.py:925} INFO - DAG(s) 'read_dataset_event', 'read_dataset_event_from_classic' retrieved from /home/airflow/.local/lib/python3.10/site-packages/airflow/example_dags/example_inlet_event_extra.py
[2025-06-05T05:04:47.359+0000] {logging_mixin.py:190} INFO - [2025-06-05T05:04:47.359+0000] {dag.py:3239} INFO - Sync 2 DAGs
[2025-06-05T05:04:47.394+0000] {logging_mixin.py:190} INFO - [2025-06-05T05:04:47.393+0000] {dag.py:4180} INFO - Setting next_dagrun for read_dataset_event to 2025-06-04 00:00:00+00:00, run_after=2025-06-05 00:00:00+00:00
[2025-06-05T05:04:47.403+0000] {logging_mixin.py:190} INFO - [2025-06-05T05:04:47.403+0000] {dag.py:4180} INFO - Setting next_dagrun for read_dataset_event_from_classic to 2025-06-04 00:00:00+00:00, run_after=2025-06-05 00:00:00+00:00
[2025-06-05T05:04:47.452+0000] {processor.py:208} INFO - Processing /home/airflow/.local/lib/python3.10/site-packages/airflow/example_dags/example_inlet_event_extra.py took 0.903 seconds
