[2025-06-05T04:57:48.769+0000] {processor.py:186} INFO - Started process (PID=99302) to work on /home/airflow/.local/lib/python3.10/site-packages/airflow/example_dags/example_sensors.py
[2025-06-05T04:57:48.799+0000] {processor.py:914} INFO - Processing file /home/airflow/.local/lib/python3.10/site-packages/airflow/example_dags/example_sensors.py for tasks to queue
[2025-06-05T04:57:48.835+0000] {logging_mixin.py:190} INFO - [2025-06-05T04:57:48.834+0000] {dagbag.py:588} INFO - Filling up the DagBag from /home/airflow/.local/lib/python3.10/site-packages/airflow/example_dags/example_sensors.py
[2025-06-05T04:57:48.940+0000] {processor.py:925} INFO - DAG(s) 'example_sensors' retrieved from /home/airflow/.local/lib/python3.10/site-packages/airflow/example_dags/example_sensors.py
[2025-06-05T04:57:49.300+0000] {logging_mixin.py:190} INFO - [2025-06-05T04:57:49.299+0000] {dag.py:3239} INFO - Sync 1 DAGs
[2025-06-05T04:57:49.433+0000] {logging_mixin.py:190} INFO - [2025-06-05T04:57:49.432+0000] {dag.py:4180} INFO - Setting next_dagrun for example_sensors to None, run_after=None
[2025-06-05T04:57:49.879+0000] {processor.py:208} INFO - Processing /home/airflow/.local/lib/python3.10/site-packages/airflow/example_dags/example_sensors.py took 1.146 seconds
[2025-06-05T04:58:21.886+0000] {processor.py:186} INFO - Started process (PID=99592) to work on /home/airflow/.local/lib/python3.10/site-packages/airflow/example_dags/example_sensors.py
[2025-06-05T04:58:21.889+0000] {processor.py:914} INFO - Processing file /home/airflow/.local/lib/python3.10/site-packages/airflow/example_dags/example_sensors.py for tasks to queue
[2025-06-05T04:58:21.893+0000] {logging_mixin.py:190} INFO - [2025-06-05T04:58:21.892+0000] {dagbag.py:588} INFO - Filling up the DagBag from /home/airflow/.local/lib/python3.10/site-packages/airflow/example_dags/example_sensors.py
[2025-06-05T04:58:21.944+0000] {processor.py:925} INFO - DAG(s) 'example_sensors' retrieved from /home/airflow/.local/lib/python3.10/site-packages/airflow/example_dags/example_sensors.py
[2025-06-05T04:58:22.217+0000] {logging_mixin.py:190} INFO - [2025-06-05T04:58:22.216+0000] {dag.py:3239} INFO - Sync 1 DAGs
[2025-06-05T04:58:22.314+0000] {logging_mixin.py:190} INFO - [2025-06-05T04:58:22.313+0000] {dag.py:4180} INFO - Setting next_dagrun for example_sensors to None, run_after=None
[2025-06-05T04:58:22.422+0000] {processor.py:208} INFO - Processing /home/airflow/.local/lib/python3.10/site-packages/airflow/example_dags/example_sensors.py took 0.570 seconds
[2025-06-05T04:58:52.826+0000] {processor.py:186} INFO - Started process (PID=99882) to work on /home/airflow/.local/lib/python3.10/site-packages/airflow/example_dags/example_sensors.py
[2025-06-05T04:58:52.828+0000] {processor.py:914} INFO - Processing file /home/airflow/.local/lib/python3.10/site-packages/airflow/example_dags/example_sensors.py for tasks to queue
[2025-06-05T04:58:52.830+0000] {logging_mixin.py:190} INFO - [2025-06-05T04:58:52.830+0000] {dagbag.py:588} INFO - Filling up the DagBag from /home/airflow/.local/lib/python3.10/site-packages/airflow/example_dags/example_sensors.py
[2025-06-05T04:58:52.844+0000] {processor.py:925} INFO - DAG(s) 'example_sensors' retrieved from /home/airflow/.local/lib/python3.10/site-packages/airflow/example_dags/example_sensors.py
[2025-06-05T04:58:52.940+0000] {logging_mixin.py:190} INFO - [2025-06-05T04:58:52.940+0000] {dag.py:3239} INFO - Sync 1 DAGs
[2025-06-05T04:58:52.959+0000] {logging_mixin.py:190} INFO - [2025-06-05T04:58:52.959+0000] {dag.py:4180} INFO - Setting next_dagrun for example_sensors to None, run_after=None
[2025-06-05T04:58:53.011+0000] {processor.py:208} INFO - Processing /home/airflow/.local/lib/python3.10/site-packages/airflow/example_dags/example_sensors.py took 0.196 seconds
[2025-06-05T04:59:23.411+0000] {processor.py:186} INFO - Started process (PID=463) to work on /home/airflow/.local/lib/python3.10/site-packages/airflow/example_dags/example_sensors.py
[2025-06-05T04:59:23.414+0000] {processor.py:914} INFO - Processing file /home/airflow/.local/lib/python3.10/site-packages/airflow/example_dags/example_sensors.py for tasks to queue
[2025-06-05T04:59:23.418+0000] {logging_mixin.py:190} INFO - [2025-06-05T04:59:23.417+0000] {dagbag.py:588} INFO - Filling up the DagBag from /home/airflow/.local/lib/python3.10/site-packages/airflow/example_dags/example_sensors.py
[2025-06-05T04:59:23.451+0000] {processor.py:925} INFO - DAG(s) 'example_sensors' retrieved from /home/airflow/.local/lib/python3.10/site-packages/airflow/example_dags/example_sensors.py
[2025-06-05T04:59:23.558+0000] {logging_mixin.py:190} INFO - [2025-06-05T04:59:23.558+0000] {dag.py:3239} INFO - Sync 1 DAGs
[2025-06-05T04:59:23.578+0000] {logging_mixin.py:190} INFO - [2025-06-05T04:59:23.577+0000] {dag.py:4180} INFO - Setting next_dagrun for example_sensors to None, run_after=None
[2025-06-05T04:59:23.629+0000] {processor.py:208} INFO - Processing /home/airflow/.local/lib/python3.10/site-packages/airflow/example_dags/example_sensors.py took 0.249 seconds
[2025-06-05T04:59:54.585+0000] {processor.py:186} INFO - Started process (PID=753) to work on /home/airflow/.local/lib/python3.10/site-packages/airflow/example_dags/example_sensors.py
[2025-06-05T04:59:54.587+0000] {processor.py:914} INFO - Processing file /home/airflow/.local/lib/python3.10/site-packages/airflow/example_dags/example_sensors.py for tasks to queue
[2025-06-05T04:59:54.590+0000] {logging_mixin.py:190} INFO - [2025-06-05T04:59:54.589+0000] {dagbag.py:588} INFO - Filling up the DagBag from /home/airflow/.local/lib/python3.10/site-packages/airflow/example_dags/example_sensors.py
[2025-06-05T04:59:54.605+0000] {processor.py:925} INFO - DAG(s) 'example_sensors' retrieved from /home/airflow/.local/lib/python3.10/site-packages/airflow/example_dags/example_sensors.py
[2025-06-05T04:59:54.695+0000] {logging_mixin.py:190} INFO - [2025-06-05T04:59:54.694+0000] {dag.py:3239} INFO - Sync 1 DAGs
[2025-06-05T04:59:54.712+0000] {logging_mixin.py:190} INFO - [2025-06-05T04:59:54.712+0000] {dag.py:4180} INFO - Setting next_dagrun for example_sensors to None, run_after=None
[2025-06-05T04:59:54.761+0000] {processor.py:208} INFO - Processing /home/airflow/.local/lib/python3.10/site-packages/airflow/example_dags/example_sensors.py took 0.186 seconds
[2025-06-05T05:00:25.259+0000] {processor.py:186} INFO - Started process (PID=1043) to work on /home/airflow/.local/lib/python3.10/site-packages/airflow/example_dags/example_sensors.py
[2025-06-05T05:00:25.261+0000] {processor.py:914} INFO - Processing file /home/airflow/.local/lib/python3.10/site-packages/airflow/example_dags/example_sensors.py for tasks to queue
[2025-06-05T05:00:25.265+0000] {logging_mixin.py:190} INFO - [2025-06-05T05:00:25.264+0000] {dagbag.py:588} INFO - Filling up the DagBag from /home/airflow/.local/lib/python3.10/site-packages/airflow/example_dags/example_sensors.py
[2025-06-05T05:00:25.284+0000] {processor.py:925} INFO - DAG(s) 'example_sensors' retrieved from /home/airflow/.local/lib/python3.10/site-packages/airflow/example_dags/example_sensors.py
[2025-06-05T05:00:25.411+0000] {logging_mixin.py:190} INFO - [2025-06-05T05:00:25.410+0000] {dag.py:3239} INFO - Sync 1 DAGs
[2025-06-05T05:00:25.436+0000] {logging_mixin.py:190} INFO - [2025-06-05T05:00:25.436+0000] {dag.py:4180} INFO - Setting next_dagrun for example_sensors to None, run_after=None
[2025-06-05T05:00:25.497+0000] {processor.py:208} INFO - Processing /home/airflow/.local/lib/python3.10/site-packages/airflow/example_dags/example_sensors.py took 0.253 seconds
[2025-06-05T05:00:56.808+0000] {processor.py:186} INFO - Started process (PID=1335) to work on /home/airflow/.local/lib/python3.10/site-packages/airflow/example_dags/example_sensors.py
[2025-06-05T05:00:56.811+0000] {processor.py:914} INFO - Processing file /home/airflow/.local/lib/python3.10/site-packages/airflow/example_dags/example_sensors.py for tasks to queue
[2025-06-05T05:00:56.814+0000] {logging_mixin.py:190} INFO - [2025-06-05T05:00:56.813+0000] {dagbag.py:588} INFO - Filling up the DagBag from /home/airflow/.local/lib/python3.10/site-packages/airflow/example_dags/example_sensors.py
[2025-06-05T05:00:56.830+0000] {processor.py:925} INFO - DAG(s) 'example_sensors' retrieved from /home/airflow/.local/lib/python3.10/site-packages/airflow/example_dags/example_sensors.py
[2025-06-05T05:00:56.930+0000] {logging_mixin.py:190} INFO - [2025-06-05T05:00:56.930+0000] {dag.py:3239} INFO - Sync 1 DAGs
[2025-06-05T05:00:56.949+0000] {logging_mixin.py:190} INFO - [2025-06-05T05:00:56.949+0000] {dag.py:4180} INFO - Setting next_dagrun for example_sensors to None, run_after=None
[2025-06-05T05:00:57.059+0000] {processor.py:208} INFO - Processing /home/airflow/.local/lib/python3.10/site-packages/airflow/example_dags/example_sensors.py took 0.263 seconds
[2025-06-05T05:01:28.360+0000] {processor.py:186} INFO - Started process (PID=1625) to work on /home/airflow/.local/lib/python3.10/site-packages/airflow/example_dags/example_sensors.py
[2025-06-05T05:01:28.363+0000] {processor.py:914} INFO - Processing file /home/airflow/.local/lib/python3.10/site-packages/airflow/example_dags/example_sensors.py for tasks to queue
[2025-06-05T05:01:28.365+0000] {logging_mixin.py:190} INFO - [2025-06-05T05:01:28.365+0000] {dagbag.py:588} INFO - Filling up the DagBag from /home/airflow/.local/lib/python3.10/site-packages/airflow/example_dags/example_sensors.py
[2025-06-05T05:01:28.386+0000] {processor.py:925} INFO - DAG(s) 'example_sensors' retrieved from /home/airflow/.local/lib/python3.10/site-packages/airflow/example_dags/example_sensors.py
[2025-06-05T05:01:28.512+0000] {logging_mixin.py:190} INFO - [2025-06-05T05:01:28.511+0000] {dag.py:3239} INFO - Sync 1 DAGs
[2025-06-05T05:01:28.537+0000] {logging_mixin.py:190} INFO - [2025-06-05T05:01:28.537+0000] {dag.py:4180} INFO - Setting next_dagrun for example_sensors to None, run_after=None
[2025-06-05T05:01:28.656+0000] {processor.py:208} INFO - Processing /home/airflow/.local/lib/python3.10/site-packages/airflow/example_dags/example_sensors.py took 0.309 seconds
[2025-06-05T05:02:01.095+0000] {processor.py:186} INFO - Started process (PID=1905) to work on /home/airflow/.local/lib/python3.10/site-packages/airflow/example_dags/example_sensors.py
[2025-06-05T05:02:01.098+0000] {processor.py:914} INFO - Processing file /home/airflow/.local/lib/python3.10/site-packages/airflow/example_dags/example_sensors.py for tasks to queue
[2025-06-05T05:02:01.102+0000] {logging_mixin.py:190} INFO - [2025-06-05T05:02:01.101+0000] {dagbag.py:588} INFO - Filling up the DagBag from /home/airflow/.local/lib/python3.10/site-packages/airflow/example_dags/example_sensors.py
[2025-06-05T05:02:01.122+0000] {processor.py:925} INFO - DAG(s) 'example_sensors' retrieved from /home/airflow/.local/lib/python3.10/site-packages/airflow/example_dags/example_sensors.py
[2025-06-05T05:02:01.265+0000] {logging_mixin.py:190} INFO - [2025-06-05T05:02:01.265+0000] {dag.py:3239} INFO - Sync 1 DAGs
[2025-06-05T05:02:01.292+0000] {logging_mixin.py:190} INFO - [2025-06-05T05:02:01.291+0000] {dag.py:4180} INFO - Setting next_dagrun for example_sensors to None, run_after=None
[2025-06-05T05:02:01.365+0000] {processor.py:208} INFO - Processing /home/airflow/.local/lib/python3.10/site-packages/airflow/example_dags/example_sensors.py took 0.285 seconds
[2025-06-05T05:02:31.905+0000] {processor.py:186} INFO - Started process (PID=2195) to work on /home/airflow/.local/lib/python3.10/site-packages/airflow/example_dags/example_sensors.py
[2025-06-05T05:02:31.907+0000] {processor.py:914} INFO - Processing file /home/airflow/.local/lib/python3.10/site-packages/airflow/example_dags/example_sensors.py for tasks to queue
[2025-06-05T05:02:31.910+0000] {logging_mixin.py:190} INFO - [2025-06-05T05:02:31.910+0000] {dagbag.py:588} INFO - Filling up the DagBag from /home/airflow/.local/lib/python3.10/site-packages/airflow/example_dags/example_sensors.py
[2025-06-05T05:02:31.929+0000] {processor.py:925} INFO - DAG(s) 'example_sensors' retrieved from /home/airflow/.local/lib/python3.10/site-packages/airflow/example_dags/example_sensors.py
[2025-06-05T05:02:32.051+0000] {logging_mixin.py:190} INFO - [2025-06-05T05:02:32.051+0000] {dag.py:3239} INFO - Sync 1 DAGs
[2025-06-05T05:02:32.085+0000] {logging_mixin.py:190} INFO - [2025-06-05T05:02:32.084+0000] {dag.py:4180} INFO - Setting next_dagrun for example_sensors to None, run_after=None
[2025-06-05T05:02:32.154+0000] {processor.py:208} INFO - Processing /home/airflow/.local/lib/python3.10/site-packages/airflow/example_dags/example_sensors.py took 0.261 seconds
[2025-06-05T05:03:02.620+0000] {processor.py:186} INFO - Started process (PID=2485) to work on /home/airflow/.local/lib/python3.10/site-packages/airflow/example_dags/example_sensors.py
[2025-06-05T05:03:02.623+0000] {processor.py:914} INFO - Processing file /home/airflow/.local/lib/python3.10/site-packages/airflow/example_dags/example_sensors.py for tasks to queue
[2025-06-05T05:03:02.626+0000] {logging_mixin.py:190} INFO - [2025-06-05T05:03:02.626+0000] {dagbag.py:588} INFO - Filling up the DagBag from /home/airflow/.local/lib/python3.10/site-packages/airflow/example_dags/example_sensors.py
[2025-06-05T05:03:02.647+0000] {processor.py:925} INFO - DAG(s) 'example_sensors' retrieved from /home/airflow/.local/lib/python3.10/site-packages/airflow/example_dags/example_sensors.py
[2025-06-05T05:03:02.760+0000] {logging_mixin.py:190} INFO - [2025-06-05T05:03:02.760+0000] {dag.py:3239} INFO - Sync 1 DAGs
[2025-06-05T05:03:02.790+0000] {logging_mixin.py:190} INFO - [2025-06-05T05:03:02.789+0000] {dag.py:4180} INFO - Setting next_dagrun for example_sensors to None, run_after=None
[2025-06-05T05:03:02.853+0000] {processor.py:208} INFO - Processing /home/airflow/.local/lib/python3.10/site-packages/airflow/example_dags/example_sensors.py took 0.254 seconds
[2025-06-05T05:03:33.386+0000] {processor.py:186} INFO - Started process (PID=2775) to work on /home/airflow/.local/lib/python3.10/site-packages/airflow/example_dags/example_sensors.py
[2025-06-05T05:03:33.388+0000] {processor.py:914} INFO - Processing file /home/airflow/.local/lib/python3.10/site-packages/airflow/example_dags/example_sensors.py for tasks to queue
[2025-06-05T05:03:33.390+0000] {logging_mixin.py:190} INFO - [2025-06-05T05:03:33.390+0000] {dagbag.py:588} INFO - Filling up the DagBag from /home/airflow/.local/lib/python3.10/site-packages/airflow/example_dags/example_sensors.py
[2025-06-05T05:03:33.409+0000] {processor.py:925} INFO - DAG(s) 'example_sensors' retrieved from /home/airflow/.local/lib/python3.10/site-packages/airflow/example_dags/example_sensors.py
[2025-06-05T05:03:33.511+0000] {logging_mixin.py:190} INFO - [2025-06-05T05:03:33.511+0000] {dag.py:3239} INFO - Sync 1 DAGs
[2025-06-05T05:03:33.532+0000] {logging_mixin.py:190} INFO - [2025-06-05T05:03:33.531+0000] {dag.py:4180} INFO - Setting next_dagrun for example_sensors to None, run_after=None
[2025-06-05T05:03:33.579+0000] {processor.py:208} INFO - Processing /home/airflow/.local/lib/python3.10/site-packages/airflow/example_dags/example_sensors.py took 0.205 seconds
[2025-06-05T05:04:03.766+0000] {processor.py:186} INFO - Started process (PID=3065) to work on /home/airflow/.local/lib/python3.10/site-packages/airflow/example_dags/example_sensors.py
[2025-06-05T05:04:03.768+0000] {processor.py:914} INFO - Processing file /home/airflow/.local/lib/python3.10/site-packages/airflow/example_dags/example_sensors.py for tasks to queue
[2025-06-05T05:04:03.770+0000] {logging_mixin.py:190} INFO - [2025-06-05T05:04:03.770+0000] {dagbag.py:588} INFO - Filling up the DagBag from /home/airflow/.local/lib/python3.10/site-packages/airflow/example_dags/example_sensors.py
[2025-06-05T05:04:03.787+0000] {processor.py:925} INFO - DAG(s) 'example_sensors' retrieved from /home/airflow/.local/lib/python3.10/site-packages/airflow/example_dags/example_sensors.py
[2025-06-05T05:04:03.867+0000] {logging_mixin.py:190} INFO - [2025-06-05T05:04:03.867+0000] {dag.py:3239} INFO - Sync 1 DAGs
[2025-06-05T05:04:03.885+0000] {logging_mixin.py:190} INFO - [2025-06-05T05:04:03.885+0000] {dag.py:4180} INFO - Setting next_dagrun for example_sensors to None, run_after=None
[2025-06-05T05:04:03.926+0000] {processor.py:208} INFO - Processing /home/airflow/.local/lib/python3.10/site-packages/airflow/example_dags/example_sensors.py took 0.171 seconds
[2025-06-05T05:04:34.975+0000] {processor.py:186} INFO - Started process (PID=3353) to work on /home/airflow/.local/lib/python3.10/site-packages/airflow/example_dags/example_sensors.py
[2025-06-05T05:04:34.978+0000] {processor.py:914} INFO - Processing file /home/airflow/.local/lib/python3.10/site-packages/airflow/example_dags/example_sensors.py for tasks to queue
[2025-06-05T05:04:34.982+0000] {logging_mixin.py:190} INFO - [2025-06-05T05:04:34.981+0000] {dagbag.py:588} INFO - Filling up the DagBag from /home/airflow/.local/lib/python3.10/site-packages/airflow/example_dags/example_sensors.py
[2025-06-05T05:04:35.008+0000] {processor.py:925} INFO - DAG(s) 'example_sensors' retrieved from /home/airflow/.local/lib/python3.10/site-packages/airflow/example_dags/example_sensors.py
[2025-06-05T05:04:35.170+0000] {logging_mixin.py:190} INFO - [2025-06-05T05:04:35.170+0000] {dag.py:3239} INFO - Sync 1 DAGs
[2025-06-05T05:04:35.201+0000] {logging_mixin.py:190} INFO - [2025-06-05T05:04:35.201+0000] {dag.py:4180} INFO - Setting next_dagrun for example_sensors to None, run_after=None
[2025-06-05T05:04:35.274+0000] {processor.py:208} INFO - Processing /home/airflow/.local/lib/python3.10/site-packages/airflow/example_dags/example_sensors.py took 0.318 seconds
[2025-06-05T05:05:05.429+0000] {processor.py:186} INFO - Started process (PID=3643) to work on /home/airflow/.local/lib/python3.10/site-packages/airflow/example_dags/example_sensors.py
[2025-06-05T05:05:05.431+0000] {processor.py:914} INFO - Processing file /home/airflow/.local/lib/python3.10/site-packages/airflow/example_dags/example_sensors.py for tasks to queue
[2025-06-05T05:05:05.434+0000] {logging_mixin.py:190} INFO - [2025-06-05T05:05:05.434+0000] {dagbag.py:588} INFO - Filling up the DagBag from /home/airflow/.local/lib/python3.10/site-packages/airflow/example_dags/example_sensors.py
[2025-06-05T05:05:05.456+0000] {processor.py:925} INFO - DAG(s) 'example_sensors' retrieved from /home/airflow/.local/lib/python3.10/site-packages/airflow/example_dags/example_sensors.py
[2025-06-05T05:05:05.578+0000] {logging_mixin.py:190} INFO - [2025-06-05T05:05:05.577+0000] {dag.py:3239} INFO - Sync 1 DAGs
[2025-06-05T05:05:05.608+0000] {logging_mixin.py:190} INFO - [2025-06-05T05:05:05.608+0000] {dag.py:4180} INFO - Setting next_dagrun for example_sensors to None, run_after=None
[2025-06-05T05:05:05.715+0000] {processor.py:208} INFO - Processing /home/airflow/.local/lib/python3.10/site-packages/airflow/example_dags/example_sensors.py took 0.301 seconds
