[2025-06-05T04:58:04.397+0000] {processor.py:186} INFO - Started process (PID=99397) to work on /home/airflow/.local/lib/python3.10/site-packages/airflow/example_dags/example_latest_only_with_trigger.py
[2025-06-05T04:58:04.401+0000] {processor.py:914} INFO - Processing file /home/airflow/.local/lib/python3.10/site-packages/airflow/example_dags/example_latest_only_with_trigger.py for tasks to queue
[2025-06-05T04:58:04.406+0000] {logging_mixin.py:190} INFO - [2025-06-05T04:58:04.405+0000] {dagbag.py:588} INFO - Filling up the DagBag from /home/airflow/.local/lib/python3.10/site-packages/airflow/example_dags/example_latest_only_with_trigger.py
[2025-06-05T04:58:04.440+0000] {processor.py:925} INFO - DAG(s) 'latest_only_with_trigger' retrieved from /home/airflow/.local/lib/python3.10/site-packages/airflow/example_dags/example_latest_only_with_trigger.py
[2025-06-05T04:58:04.688+0000] {logging_mixin.py:190} INFO - [2025-06-05T04:58:04.678+0000] {dag.py:3239} INFO - Sync 1 DAGs
[2025-06-05T04:58:04.804+0000] {logging_mixin.py:190} INFO - [2025-06-05T04:58:04.803+0000] {dag.py:4180} INFO - Setting next_dagrun for latest_only_with_trigger to 2025-06-05 00:00:00+00:00, run_after=2025-06-05 04:00:00+00:00
[2025-06-05T04:58:04.943+0000] {processor.py:208} INFO - Processing /home/airflow/.local/lib/python3.10/site-packages/airflow/example_dags/example_latest_only_with_trigger.py took 0.575 seconds
[2025-06-05T04:58:35.460+0000] {processor.py:186} INFO - Started process (PID=99687) to work on /home/airflow/.local/lib/python3.10/site-packages/airflow/example_dags/example_latest_only_with_trigger.py
[2025-06-05T04:58:35.463+0000] {processor.py:914} INFO - Processing file /home/airflow/.local/lib/python3.10/site-packages/airflow/example_dags/example_latest_only_with_trigger.py for tasks to queue
[2025-06-05T04:58:35.465+0000] {logging_mixin.py:190} INFO - [2025-06-05T04:58:35.465+0000] {dagbag.py:588} INFO - Filling up the DagBag from /home/airflow/.local/lib/python3.10/site-packages/airflow/example_dags/example_latest_only_with_trigger.py
[2025-06-05T04:58:35.477+0000] {processor.py:925} INFO - DAG(s) 'latest_only_with_trigger' retrieved from /home/airflow/.local/lib/python3.10/site-packages/airflow/example_dags/example_latest_only_with_trigger.py
[2025-06-05T04:58:35.567+0000] {logging_mixin.py:190} INFO - [2025-06-05T04:58:35.567+0000] {dag.py:3239} INFO - Sync 1 DAGs
[2025-06-05T04:58:35.603+0000] {logging_mixin.py:190} INFO - [2025-06-05T04:58:35.603+0000] {dag.py:4180} INFO - Setting next_dagrun for latest_only_with_trigger to 2025-06-05 00:00:00+00:00, run_after=2025-06-05 04:00:00+00:00
[2025-06-05T04:58:35.651+0000] {processor.py:208} INFO - Processing /home/airflow/.local/lib/python3.10/site-packages/airflow/example_dags/example_latest_only_with_trigger.py took 0.204 seconds
[2025-06-05T04:59:06.809+0000] {processor.py:186} INFO - Started process (PID=99977) to work on /home/airflow/.local/lib/python3.10/site-packages/airflow/example_dags/example_latest_only_with_trigger.py
[2025-06-05T04:59:06.812+0000] {processor.py:914} INFO - Processing file /home/airflow/.local/lib/python3.10/site-packages/airflow/example_dags/example_latest_only_with_trigger.py for tasks to queue
[2025-06-05T04:59:06.816+0000] {logging_mixin.py:190} INFO - [2025-06-05T04:59:06.815+0000] {dagbag.py:588} INFO - Filling up the DagBag from /home/airflow/.local/lib/python3.10/site-packages/airflow/example_dags/example_latest_only_with_trigger.py
[2025-06-05T04:59:06.832+0000] {processor.py:925} INFO - DAG(s) 'latest_only_with_trigger' retrieved from /home/airflow/.local/lib/python3.10/site-packages/airflow/example_dags/example_latest_only_with_trigger.py
[2025-06-05T04:59:06.951+0000] {logging_mixin.py:190} INFO - [2025-06-05T04:59:06.951+0000] {dag.py:3239} INFO - Sync 1 DAGs
[2025-06-05T04:59:07.001+0000] {logging_mixin.py:190} INFO - [2025-06-05T04:59:07.001+0000] {dag.py:4180} INFO - Setting next_dagrun for latest_only_with_trigger to 2025-06-05 00:00:00+00:00, run_after=2025-06-05 04:00:00+00:00
[2025-06-05T04:59:07.083+0000] {processor.py:208} INFO - Processing /home/airflow/.local/lib/python3.10/site-packages/airflow/example_dags/example_latest_only_with_trigger.py took 0.295 seconds
[2025-06-05T04:59:38.105+0000] {processor.py:186} INFO - Started process (PID=568) to work on /home/airflow/.local/lib/python3.10/site-packages/airflow/example_dags/example_latest_only_with_trigger.py
[2025-06-05T04:59:38.108+0000] {processor.py:914} INFO - Processing file /home/airflow/.local/lib/python3.10/site-packages/airflow/example_dags/example_latest_only_with_trigger.py for tasks to queue
[2025-06-05T04:59:38.111+0000] {logging_mixin.py:190} INFO - [2025-06-05T04:59:38.110+0000] {dagbag.py:588} INFO - Filling up the DagBag from /home/airflow/.local/lib/python3.10/site-packages/airflow/example_dags/example_latest_only_with_trigger.py
[2025-06-05T04:59:38.124+0000] {processor.py:925} INFO - DAG(s) 'latest_only_with_trigger' retrieved from /home/airflow/.local/lib/python3.10/site-packages/airflow/example_dags/example_latest_only_with_trigger.py
[2025-06-05T04:59:38.232+0000] {logging_mixin.py:190} INFO - [2025-06-05T04:59:38.232+0000] {dag.py:3239} INFO - Sync 1 DAGs
[2025-06-05T04:59:38.272+0000] {logging_mixin.py:190} INFO - [2025-06-05T04:59:38.272+0000] {dag.py:4180} INFO - Setting next_dagrun for latest_only_with_trigger to 2025-06-05 00:00:00+00:00, run_after=2025-06-05 04:00:00+00:00
[2025-06-05T04:59:38.394+0000] {processor.py:208} INFO - Processing /home/airflow/.local/lib/python3.10/site-packages/airflow/example_dags/example_latest_only_with_trigger.py took 0.308 seconds
[2025-06-05T05:00:12.122+0000] {processor.py:186} INFO - Started process (PID=858) to work on /home/airflow/.local/lib/python3.10/site-packages/airflow/example_dags/example_latest_only_with_trigger.py
[2025-06-05T05:00:12.124+0000] {processor.py:914} INFO - Processing file /home/airflow/.local/lib/python3.10/site-packages/airflow/example_dags/example_latest_only_with_trigger.py for tasks to queue
[2025-06-05T05:00:12.127+0000] {logging_mixin.py:190} INFO - [2025-06-05T05:00:12.126+0000] {dagbag.py:588} INFO - Filling up the DagBag from /home/airflow/.local/lib/python3.10/site-packages/airflow/example_dags/example_latest_only_with_trigger.py
[2025-06-05T05:00:12.139+0000] {processor.py:925} INFO - DAG(s) 'latest_only_with_trigger' retrieved from /home/airflow/.local/lib/python3.10/site-packages/airflow/example_dags/example_latest_only_with_trigger.py
[2025-06-05T05:00:12.225+0000] {logging_mixin.py:190} INFO - [2025-06-05T05:00:12.224+0000] {dag.py:3239} INFO - Sync 1 DAGs
[2025-06-05T05:00:12.261+0000] {logging_mixin.py:190} INFO - [2025-06-05T05:00:12.261+0000] {dag.py:4180} INFO - Setting next_dagrun for latest_only_with_trigger to 2025-06-05 00:00:00+00:00, run_after=2025-06-05 04:00:00+00:00
[2025-06-05T05:00:12.382+0000] {processor.py:208} INFO - Processing /home/airflow/.local/lib/python3.10/site-packages/airflow/example_dags/example_latest_only_with_trigger.py took 0.271 seconds
[2025-06-05T05:00:43.290+0000] {processor.py:186} INFO - Started process (PID=1143) to work on /home/airflow/.local/lib/python3.10/site-packages/airflow/example_dags/example_latest_only_with_trigger.py
[2025-06-05T05:00:43.293+0000] {processor.py:914} INFO - Processing file /home/airflow/.local/lib/python3.10/site-packages/airflow/example_dags/example_latest_only_with_trigger.py for tasks to queue
[2025-06-05T05:00:43.297+0000] {logging_mixin.py:190} INFO - [2025-06-05T05:00:43.296+0000] {dagbag.py:588} INFO - Filling up the DagBag from /home/airflow/.local/lib/python3.10/site-packages/airflow/example_dags/example_latest_only_with_trigger.py
[2025-06-05T05:00:43.312+0000] {processor.py:925} INFO - DAG(s) 'latest_only_with_trigger' retrieved from /home/airflow/.local/lib/python3.10/site-packages/airflow/example_dags/example_latest_only_with_trigger.py
[2025-06-05T05:00:43.571+0000] {logging_mixin.py:190} INFO - [2025-06-05T05:00:43.571+0000] {dag.py:3239} INFO - Sync 1 DAGs
[2025-06-05T05:00:43.627+0000] {logging_mixin.py:190} INFO - [2025-06-05T05:00:43.626+0000] {dag.py:4180} INFO - Setting next_dagrun for latest_only_with_trigger to 2025-06-05 00:00:00+00:00, run_after=2025-06-05 04:00:00+00:00
[2025-06-05T05:00:43.708+0000] {processor.py:208} INFO - Processing /home/airflow/.local/lib/python3.10/site-packages/airflow/example_dags/example_latest_only_with_trigger.py took 0.436 seconds
[2025-06-05T05:01:16.910+0000] {processor.py:186} INFO - Started process (PID=1438) to work on /home/airflow/.local/lib/python3.10/site-packages/airflow/example_dags/example_latest_only_with_trigger.py
[2025-06-05T05:01:16.919+0000] {processor.py:914} INFO - Processing file /home/airflow/.local/lib/python3.10/site-packages/airflow/example_dags/example_latest_only_with_trigger.py for tasks to queue
[2025-06-05T05:01:16.975+0000] {logging_mixin.py:190} INFO - [2025-06-05T05:01:16.974+0000] {dagbag.py:588} INFO - Filling up the DagBag from /home/airflow/.local/lib/python3.10/site-packages/airflow/example_dags/example_latest_only_with_trigger.py
[2025-06-05T05:01:17.022+0000] {processor.py:925} INFO - DAG(s) 'latest_only_with_trigger' retrieved from /home/airflow/.local/lib/python3.10/site-packages/airflow/example_dags/example_latest_only_with_trigger.py
[2025-06-05T05:01:17.294+0000] {logging_mixin.py:190} INFO - [2025-06-05T05:01:17.293+0000] {dag.py:3239} INFO - Sync 1 DAGs
[2025-06-05T05:01:17.366+0000] {logging_mixin.py:190} INFO - [2025-06-05T05:01:17.366+0000] {dag.py:4180} INFO - Setting next_dagrun for latest_only_with_trigger to 2025-06-05 00:00:00+00:00, run_after=2025-06-05 04:00:00+00:00
[2025-06-05T05:01:17.451+0000] {processor.py:208} INFO - Processing /home/airflow/.local/lib/python3.10/site-packages/airflow/example_dags/example_latest_only_with_trigger.py took 0.578 seconds
[2025-06-05T05:01:48.363+0000] {processor.py:186} INFO - Started process (PID=1723) to work on /home/airflow/.local/lib/python3.10/site-packages/airflow/example_dags/example_latest_only_with_trigger.py
[2025-06-05T05:01:48.366+0000] {processor.py:914} INFO - Processing file /home/airflow/.local/lib/python3.10/site-packages/airflow/example_dags/example_latest_only_with_trigger.py for tasks to queue
[2025-06-05T05:01:48.368+0000] {logging_mixin.py:190} INFO - [2025-06-05T05:01:48.367+0000] {dagbag.py:588} INFO - Filling up the DagBag from /home/airflow/.local/lib/python3.10/site-packages/airflow/example_dags/example_latest_only_with_trigger.py
[2025-06-05T05:01:48.380+0000] {processor.py:925} INFO - DAG(s) 'latest_only_with_trigger' retrieved from /home/airflow/.local/lib/python3.10/site-packages/airflow/example_dags/example_latest_only_with_trigger.py
[2025-06-05T05:01:48.486+0000] {logging_mixin.py:190} INFO - [2025-06-05T05:01:48.486+0000] {dag.py:3239} INFO - Sync 1 DAGs
[2025-06-05T05:01:48.526+0000] {logging_mixin.py:190} INFO - [2025-06-05T05:01:48.526+0000] {dag.py:4180} INFO - Setting next_dagrun for latest_only_with_trigger to 2025-06-05 00:00:00+00:00, run_after=2025-06-05 04:00:00+00:00
[2025-06-05T05:01:48.582+0000] {processor.py:208} INFO - Processing /home/airflow/.local/lib/python3.10/site-packages/airflow/example_dags/example_latest_only_with_trigger.py took 0.233 seconds
[2025-06-05T05:02:05.892+0000] {processor.py:186} INFO - Started process (PID=1998) to work on /home/airflow/.local/lib/python3.10/site-packages/airflow/example_dags/example_latest_only_with_trigger.py
[2025-06-05T05:02:05.895+0000] {processor.py:914} INFO - Processing file /home/airflow/.local/lib/python3.10/site-packages/airflow/example_dags/example_latest_only_with_trigger.py for tasks to queue
[2025-06-05T05:02:05.898+0000] {logging_mixin.py:190} INFO - [2025-06-05T05:02:05.897+0000] {dagbag.py:588} INFO - Filling up the DagBag from /home/airflow/.local/lib/python3.10/site-packages/airflow/example_dags/example_latest_only_with_trigger.py
[2025-06-05T05:02:05.918+0000] {processor.py:925} INFO - DAG(s) 'latest_only_with_trigger' retrieved from /home/airflow/.local/lib/python3.10/site-packages/airflow/example_dags/example_latest_only_with_trigger.py
[2025-06-05T05:02:06.026+0000] {logging_mixin.py:190} INFO - [2025-06-05T05:02:06.026+0000] {dag.py:3239} INFO - Sync 1 DAGs
[2025-06-05T05:02:06.074+0000] {logging_mixin.py:190} INFO - [2025-06-05T05:02:06.074+0000] {dag.py:4180} INFO - Setting next_dagrun for latest_only_with_trigger to 2025-06-05 00:00:00+00:00, run_after=2025-06-05 04:00:00+00:00
[2025-06-05T05:02:06.138+0000] {processor.py:208} INFO - Processing /home/airflow/.local/lib/python3.10/site-packages/airflow/example_dags/example_latest_only_with_trigger.py took 0.261 seconds
[2025-06-05T05:02:37.992+0000] {processor.py:186} INFO - Started process (PID=2288) to work on /home/airflow/.local/lib/python3.10/site-packages/airflow/example_dags/example_latest_only_with_trigger.py
[2025-06-05T05:02:37.994+0000] {processor.py:914} INFO - Processing file /home/airflow/.local/lib/python3.10/site-packages/airflow/example_dags/example_latest_only_with_trigger.py for tasks to queue
[2025-06-05T05:02:37.997+0000] {logging_mixin.py:190} INFO - [2025-06-05T05:02:37.997+0000] {dagbag.py:588} INFO - Filling up the DagBag from /home/airflow/.local/lib/python3.10/site-packages/airflow/example_dags/example_latest_only_with_trigger.py
[2025-06-05T05:02:38.013+0000] {processor.py:925} INFO - DAG(s) 'latest_only_with_trigger' retrieved from /home/airflow/.local/lib/python3.10/site-packages/airflow/example_dags/example_latest_only_with_trigger.py
[2025-06-05T05:02:38.099+0000] {logging_mixin.py:190} INFO - [2025-06-05T05:02:38.099+0000] {dag.py:3239} INFO - Sync 1 DAGs
[2025-06-05T05:02:38.133+0000] {logging_mixin.py:190} INFO - [2025-06-05T05:02:38.132+0000] {dag.py:4180} INFO - Setting next_dagrun for latest_only_with_trigger to 2025-06-05 00:00:00+00:00, run_after=2025-06-05 04:00:00+00:00
[2025-06-05T05:02:38.182+0000] {processor.py:208} INFO - Processing /home/airflow/.local/lib/python3.10/site-packages/airflow/example_dags/example_latest_only_with_trigger.py took 0.207 seconds
[2025-06-05T05:03:08.959+0000] {processor.py:186} INFO - Started process (PID=2580) to work on /home/airflow/.local/lib/python3.10/site-packages/airflow/example_dags/example_latest_only_with_trigger.py
[2025-06-05T05:03:08.962+0000] {processor.py:914} INFO - Processing file /home/airflow/.local/lib/python3.10/site-packages/airflow/example_dags/example_latest_only_with_trigger.py for tasks to queue
[2025-06-05T05:03:08.965+0000] {logging_mixin.py:190} INFO - [2025-06-05T05:03:08.964+0000] {dagbag.py:588} INFO - Filling up the DagBag from /home/airflow/.local/lib/python3.10/site-packages/airflow/example_dags/example_latest_only_with_trigger.py
[2025-06-05T05:03:08.979+0000] {processor.py:925} INFO - DAG(s) 'latest_only_with_trigger' retrieved from /home/airflow/.local/lib/python3.10/site-packages/airflow/example_dags/example_latest_only_with_trigger.py
[2025-06-05T05:03:09.072+0000] {logging_mixin.py:190} INFO - [2025-06-05T05:03:09.072+0000] {dag.py:3239} INFO - Sync 1 DAGs
[2025-06-05T05:03:09.105+0000] {logging_mixin.py:190} INFO - [2025-06-05T05:03:09.105+0000] {dag.py:4180} INFO - Setting next_dagrun for latest_only_with_trigger to 2025-06-05 00:00:00+00:00, run_after=2025-06-05 04:00:00+00:00
[2025-06-05T05:03:09.166+0000] {processor.py:208} INFO - Processing /home/airflow/.local/lib/python3.10/site-packages/airflow/example_dags/example_latest_only_with_trigger.py took 0.219 seconds
[2025-06-05T05:03:39.725+0000] {processor.py:186} INFO - Started process (PID=2868) to work on /home/airflow/.local/lib/python3.10/site-packages/airflow/example_dags/example_latest_only_with_trigger.py
[2025-06-05T05:03:39.728+0000] {processor.py:914} INFO - Processing file /home/airflow/.local/lib/python3.10/site-packages/airflow/example_dags/example_latest_only_with_trigger.py for tasks to queue
[2025-06-05T05:03:39.731+0000] {logging_mixin.py:190} INFO - [2025-06-05T05:03:39.730+0000] {dagbag.py:588} INFO - Filling up the DagBag from /home/airflow/.local/lib/python3.10/site-packages/airflow/example_dags/example_latest_only_with_trigger.py
[2025-06-05T05:03:39.749+0000] {processor.py:925} INFO - DAG(s) 'latest_only_with_trigger' retrieved from /home/airflow/.local/lib/python3.10/site-packages/airflow/example_dags/example_latest_only_with_trigger.py
[2025-06-05T05:03:39.850+0000] {logging_mixin.py:190} INFO - [2025-06-05T05:03:39.850+0000] {dag.py:3239} INFO - Sync 1 DAGs
[2025-06-05T05:03:39.886+0000] {logging_mixin.py:190} INFO - [2025-06-05T05:03:39.886+0000] {dag.py:4180} INFO - Setting next_dagrun for latest_only_with_trigger to 2025-06-05 00:00:00+00:00, run_after=2025-06-05 04:00:00+00:00
[2025-06-05T05:03:39.940+0000] {processor.py:208} INFO - Processing /home/airflow/.local/lib/python3.10/site-packages/airflow/example_dags/example_latest_only_with_trigger.py took 0.231 seconds
[2025-06-05T05:04:10.162+0000] {processor.py:186} INFO - Started process (PID=3155) to work on /home/airflow/.local/lib/python3.10/site-packages/airflow/example_dags/example_latest_only_with_trigger.py
[2025-06-05T05:04:10.164+0000] {processor.py:914} INFO - Processing file /home/airflow/.local/lib/python3.10/site-packages/airflow/example_dags/example_latest_only_with_trigger.py for tasks to queue
[2025-06-05T05:04:10.167+0000] {logging_mixin.py:190} INFO - [2025-06-05T05:04:10.166+0000] {dagbag.py:588} INFO - Filling up the DagBag from /home/airflow/.local/lib/python3.10/site-packages/airflow/example_dags/example_latest_only_with_trigger.py
[2025-06-05T05:04:10.179+0000] {processor.py:925} INFO - DAG(s) 'latest_only_with_trigger' retrieved from /home/airflow/.local/lib/python3.10/site-packages/airflow/example_dags/example_latest_only_with_trigger.py
[2025-06-05T05:04:10.265+0000] {logging_mixin.py:190} INFO - [2025-06-05T05:04:10.265+0000] {dag.py:3239} INFO - Sync 1 DAGs
[2025-06-05T05:04:10.293+0000] {logging_mixin.py:190} INFO - [2025-06-05T05:04:10.292+0000] {dag.py:4180} INFO - Setting next_dagrun for latest_only_with_trigger to 2025-06-05 00:00:00+00:00, run_after=2025-06-05 04:00:00+00:00
[2025-06-05T05:04:10.396+0000] {processor.py:208} INFO - Processing /home/airflow/.local/lib/python3.10/site-packages/airflow/example_dags/example_latest_only_with_trigger.py took 0.246 seconds
[2025-06-05T05:04:42.392+0000] {processor.py:186} INFO - Started process (PID=3448) to work on /home/airflow/.local/lib/python3.10/site-packages/airflow/example_dags/example_latest_only_with_trigger.py
[2025-06-05T05:04:42.394+0000] {processor.py:914} INFO - Processing file /home/airflow/.local/lib/python3.10/site-packages/airflow/example_dags/example_latest_only_with_trigger.py for tasks to queue
[2025-06-05T05:04:42.398+0000] {logging_mixin.py:190} INFO - [2025-06-05T05:04:42.397+0000] {dagbag.py:588} INFO - Filling up the DagBag from /home/airflow/.local/lib/python3.10/site-packages/airflow/example_dags/example_latest_only_with_trigger.py
[2025-06-05T05:04:42.416+0000] {processor.py:925} INFO - DAG(s) 'latest_only_with_trigger' retrieved from /home/airflow/.local/lib/python3.10/site-packages/airflow/example_dags/example_latest_only_with_trigger.py
[2025-06-05T05:04:42.501+0000] {logging_mixin.py:190} INFO - [2025-06-05T05:04:42.501+0000] {dag.py:3239} INFO - Sync 1 DAGs
[2025-06-05T05:04:42.539+0000] {logging_mixin.py:190} INFO - [2025-06-05T05:04:42.538+0000] {dag.py:4180} INFO - Setting next_dagrun for latest_only_with_trigger to 2025-06-05 00:00:00+00:00, run_after=2025-06-05 04:00:00+00:00
[2025-06-05T05:04:42.598+0000] {processor.py:208} INFO - Processing /home/airflow/.local/lib/python3.10/site-packages/airflow/example_dags/example_latest_only_with_trigger.py took 0.220 seconds
[2025-06-05T05:05:12.705+0000] {processor.py:186} INFO - Started process (PID=3738) to work on /home/airflow/.local/lib/python3.10/site-packages/airflow/example_dags/example_latest_only_with_trigger.py
[2025-06-05T05:05:12.708+0000] {processor.py:914} INFO - Processing file /home/airflow/.local/lib/python3.10/site-packages/airflow/example_dags/example_latest_only_with_trigger.py for tasks to queue
[2025-06-05T05:05:12.711+0000] {logging_mixin.py:190} INFO - [2025-06-05T05:05:12.710+0000] {dagbag.py:588} INFO - Filling up the DagBag from /home/airflow/.local/lib/python3.10/site-packages/airflow/example_dags/example_latest_only_with_trigger.py
[2025-06-05T05:05:12.725+0000] {processor.py:925} INFO - DAG(s) 'latest_only_with_trigger' retrieved from /home/airflow/.local/lib/python3.10/site-packages/airflow/example_dags/example_latest_only_with_trigger.py
[2025-06-05T05:05:12.819+0000] {logging_mixin.py:190} INFO - [2025-06-05T05:05:12.819+0000] {dag.py:3239} INFO - Sync 1 DAGs
[2025-06-05T05:05:12.863+0000] {logging_mixin.py:190} INFO - [2025-06-05T05:05:12.862+0000] {dag.py:4180} INFO - Setting next_dagrun for latest_only_with_trigger to 2025-06-05 00:00:00+00:00, run_after=2025-06-05 04:00:00+00:00
[2025-06-05T05:05:12.931+0000] {processor.py:208} INFO - Processing /home/airflow/.local/lib/python3.10/site-packages/airflow/example_dags/example_latest_only_with_trigger.py took 0.240 seconds
