[2025-06-05T04:57:47.554+0000] {processor.py:186} INFO - Started process (PID=99297) to work on /home/airflow/.local/lib/python3.10/site-packages/airflow/example_dags/example_subdag_operator.py
[2025-06-05T04:57:47.567+0000] {processor.py:914} INFO - Processing file /home/airflow/.local/lib/python3.10/site-packages/airflow/example_dags/example_subdag_operator.py for tasks to queue
[2025-06-05T04:57:47.572+0000] {logging_mixin.py:190} INFO - [2025-06-05T04:57:47.571+0000] {dagbag.py:588} INFO - Filling up the DagBag from /home/airflow/.local/lib/python3.10/site-packages/airflow/example_dags/example_subdag_operator.py
[2025-06-05T04:57:47.946+0000] {processor.py:925} INFO - DAG(s) 'example_subdag_operator.section-1', 'example_subdag_operator.section-2', 'example_subdag_operator' retrieved from /home/airflow/.local/lib/python3.10/site-packages/airflow/example_dags/example_subdag_operator.py
[2025-06-05T04:57:48.187+0000] {logging_mixin.py:190} INFO - [2025-06-05T04:57:48.186+0000] {dag.py:3239} INFO - Sync 3 DAGs
[2025-06-05T04:57:48.360+0000] {logging_mixin.py:190} INFO - [2025-06-05T04:57:48.360+0000] {dag.py:4180} INFO - Setting next_dagrun for example_subdag_operator to 2022-01-01 00:00:00+00:00, run_after=2022-01-01 00:00:00+00:00
[2025-06-05T04:57:48.407+0000] {logging_mixin.py:190} INFO - [2025-06-05T04:57:48.406+0000] {dag.py:4180} INFO - Setting next_dagrun for example_subdag_operator.section-1 to None, run_after=None
[2025-06-05T04:57:48.430+0000] {logging_mixin.py:190} INFO - [2025-06-05T04:57:48.429+0000] {dag.py:4180} INFO - Setting next_dagrun for example_subdag_operator.section-2 to None, run_after=None
[2025-06-05T04:57:48.517+0000] {logging_mixin.py:190} INFO - [2025-06-05T04:57:48.516+0000] {dag.py:3239} INFO - Sync 2 DAGs
[2025-06-05T04:57:48.649+0000] {logging_mixin.py:190} INFO - [2025-06-05T04:57:48.648+0000] {dag.py:4180} INFO - Setting next_dagrun for example_subdag_operator.section-1 to None, run_after=None
[2025-06-05T04:57:48.675+0000] {logging_mixin.py:190} INFO - [2025-06-05T04:57:48.674+0000] {dag.py:4180} INFO - Setting next_dagrun for example_subdag_operator.section-2 to None, run_after=None
[2025-06-05T04:57:48.852+0000] {processor.py:208} INFO - Processing /home/airflow/.local/lib/python3.10/site-packages/airflow/example_dags/example_subdag_operator.py took 1.347 seconds
[2025-06-05T04:58:21.365+0000] {processor.py:186} INFO - Started process (PID=99579) to work on /home/airflow/.local/lib/python3.10/site-packages/airflow/example_dags/example_subdag_operator.py
[2025-06-05T04:58:21.370+0000] {processor.py:914} INFO - Processing file /home/airflow/.local/lib/python3.10/site-packages/airflow/example_dags/example_subdag_operator.py for tasks to queue
[2025-06-05T04:58:21.375+0000] {logging_mixin.py:190} INFO - [2025-06-05T04:58:21.373+0000] {dagbag.py:588} INFO - Filling up the DagBag from /home/airflow/.local/lib/python3.10/site-packages/airflow/example_dags/example_subdag_operator.py
[2025-06-05T04:58:21.509+0000] {processor.py:925} INFO - DAG(s) 'example_subdag_operator.section-1', 'example_subdag_operator.section-2', 'example_subdag_operator' retrieved from /home/airflow/.local/lib/python3.10/site-packages/airflow/example_dags/example_subdag_operator.py
[2025-06-05T04:58:21.545+0000] {logging_mixin.py:190} INFO - [2025-06-05T04:58:21.544+0000] {dag.py:3239} INFO - Sync 3 DAGs
[2025-06-05T04:58:21.605+0000] {logging_mixin.py:190} INFO - [2025-06-05T04:58:21.604+0000] {dag.py:4180} INFO - Setting next_dagrun for example_subdag_operator to 2022-01-01 00:00:00+00:00, run_after=2022-01-01 00:00:00+00:00
[2025-06-05T04:58:21.615+0000] {logging_mixin.py:190} INFO - [2025-06-05T04:58:21.614+0000] {dag.py:4180} INFO - Setting next_dagrun for example_subdag_operator.section-1 to None, run_after=None
[2025-06-05T04:58:21.621+0000] {logging_mixin.py:190} INFO - [2025-06-05T04:58:21.621+0000] {dag.py:4180} INFO - Setting next_dagrun for example_subdag_operator.section-2 to None, run_after=None
[2025-06-05T04:58:21.665+0000] {logging_mixin.py:190} INFO - [2025-06-05T04:58:21.665+0000] {dag.py:3239} INFO - Sync 2 DAGs
[2025-06-05T04:58:21.683+0000] {logging_mixin.py:190} INFO - [2025-06-05T04:58:21.683+0000] {dag.py:4180} INFO - Setting next_dagrun for example_subdag_operator.section-1 to None, run_after=None
[2025-06-05T04:58:21.685+0000] {logging_mixin.py:190} INFO - [2025-06-05T04:58:21.684+0000] {dag.py:4180} INFO - Setting next_dagrun for example_subdag_operator.section-2 to None, run_after=None
[2025-06-05T04:58:21.737+0000] {processor.py:208} INFO - Processing /home/airflow/.local/lib/python3.10/site-packages/airflow/example_dags/example_subdag_operator.py took 0.389 seconds
[2025-06-05T04:58:52.505+0000] {processor.py:186} INFO - Started process (PID=99869) to work on /home/airflow/.local/lib/python3.10/site-packages/airflow/example_dags/example_subdag_operator.py
[2025-06-05T04:58:52.507+0000] {processor.py:914} INFO - Processing file /home/airflow/.local/lib/python3.10/site-packages/airflow/example_dags/example_subdag_operator.py for tasks to queue
[2025-06-05T04:58:52.509+0000] {logging_mixin.py:190} INFO - [2025-06-05T04:58:52.509+0000] {dagbag.py:588} INFO - Filling up the DagBag from /home/airflow/.local/lib/python3.10/site-packages/airflow/example_dags/example_subdag_operator.py
[2025-06-05T04:58:52.602+0000] {processor.py:925} INFO - DAG(s) 'example_subdag_operator.section-1', 'example_subdag_operator.section-2', 'example_subdag_operator' retrieved from /home/airflow/.local/lib/python3.10/site-packages/airflow/example_dags/example_subdag_operator.py
[2025-06-05T04:58:52.628+0000] {logging_mixin.py:190} INFO - [2025-06-05T04:58:52.628+0000] {dag.py:3239} INFO - Sync 3 DAGs
[2025-06-05T04:58:52.662+0000] {logging_mixin.py:190} INFO - [2025-06-05T04:58:52.661+0000] {dag.py:4180} INFO - Setting next_dagrun for example_subdag_operator to 2022-01-01 00:00:00+00:00, run_after=2022-01-01 00:00:00+00:00
[2025-06-05T04:58:52.668+0000] {logging_mixin.py:190} INFO - [2025-06-05T04:58:52.667+0000] {dag.py:4180} INFO - Setting next_dagrun for example_subdag_operator.section-1 to None, run_after=None
[2025-06-05T04:58:52.672+0000] {logging_mixin.py:190} INFO - [2025-06-05T04:58:52.671+0000] {dag.py:4180} INFO - Setting next_dagrun for example_subdag_operator.section-2 to None, run_after=None
[2025-06-05T04:58:52.688+0000] {logging_mixin.py:190} INFO - [2025-06-05T04:58:52.687+0000] {dag.py:3239} INFO - Sync 2 DAGs
[2025-06-05T04:58:52.700+0000] {logging_mixin.py:190} INFO - [2025-06-05T04:58:52.699+0000] {dag.py:4180} INFO - Setting next_dagrun for example_subdag_operator.section-1 to None, run_after=None
[2025-06-05T04:58:52.700+0000] {logging_mixin.py:190} INFO - [2025-06-05T04:58:52.700+0000] {dag.py:4180} INFO - Setting next_dagrun for example_subdag_operator.section-2 to None, run_after=None
[2025-06-05T04:58:52.741+0000] {processor.py:208} INFO - Processing /home/airflow/.local/lib/python3.10/site-packages/airflow/example_dags/example_subdag_operator.py took 0.248 seconds
[2025-06-05T04:59:23.398+0000] {processor.py:186} INFO - Started process (PID=460) to work on /home/airflow/.local/lib/python3.10/site-packages/airflow/example_dags/example_subdag_operator.py
[2025-06-05T04:59:23.403+0000] {processor.py:914} INFO - Processing file /home/airflow/.local/lib/python3.10/site-packages/airflow/example_dags/example_subdag_operator.py for tasks to queue
[2025-06-05T04:59:23.407+0000] {logging_mixin.py:190} INFO - [2025-06-05T04:59:23.406+0000] {dagbag.py:588} INFO - Filling up the DagBag from /home/airflow/.local/lib/python3.10/site-packages/airflow/example_dags/example_subdag_operator.py
[2025-06-05T04:59:23.545+0000] {processor.py:925} INFO - DAG(s) 'example_subdag_operator.section-1', 'example_subdag_operator.section-2', 'example_subdag_operator' retrieved from /home/airflow/.local/lib/python3.10/site-packages/airflow/example_dags/example_subdag_operator.py
[2025-06-05T04:59:23.566+0000] {logging_mixin.py:190} INFO - [2025-06-05T04:59:23.565+0000] {dag.py:3239} INFO - Sync 3 DAGs
[2025-06-05T04:59:23.598+0000] {logging_mixin.py:190} INFO - [2025-06-05T04:59:23.598+0000] {dag.py:4180} INFO - Setting next_dagrun for example_subdag_operator to 2022-01-01 00:00:00+00:00, run_after=2022-01-01 00:00:00+00:00
[2025-06-05T04:59:23.604+0000] {logging_mixin.py:190} INFO - [2025-06-05T04:59:23.603+0000] {dag.py:4180} INFO - Setting next_dagrun for example_subdag_operator.section-1 to None, run_after=None
[2025-06-05T04:59:23.607+0000] {logging_mixin.py:190} INFO - [2025-06-05T04:59:23.607+0000] {dag.py:4180} INFO - Setting next_dagrun for example_subdag_operator.section-2 to None, run_after=None
[2025-06-05T04:59:23.627+0000] {logging_mixin.py:190} INFO - [2025-06-05T04:59:23.626+0000] {dag.py:3239} INFO - Sync 2 DAGs
[2025-06-05T04:59:23.639+0000] {logging_mixin.py:190} INFO - [2025-06-05T04:59:23.639+0000] {dag.py:4180} INFO - Setting next_dagrun for example_subdag_operator.section-1 to None, run_after=None
[2025-06-05T04:59:23.641+0000] {logging_mixin.py:190} INFO - [2025-06-05T04:59:23.641+0000] {dag.py:4180} INFO - Setting next_dagrun for example_subdag_operator.section-2 to None, run_after=None
[2025-06-05T04:59:23.681+0000] {processor.py:208} INFO - Processing /home/airflow/.local/lib/python3.10/site-packages/airflow/example_dags/example_subdag_operator.py took 0.304 seconds
[2025-06-05T04:59:54.582+0000] {processor.py:186} INFO - Started process (PID=750) to work on /home/airflow/.local/lib/python3.10/site-packages/airflow/example_dags/example_subdag_operator.py
[2025-06-05T04:59:54.584+0000] {processor.py:914} INFO - Processing file /home/airflow/.local/lib/python3.10/site-packages/airflow/example_dags/example_subdag_operator.py for tasks to queue
[2025-06-05T04:59:54.586+0000] {logging_mixin.py:190} INFO - [2025-06-05T04:59:54.585+0000] {dagbag.py:588} INFO - Filling up the DagBag from /home/airflow/.local/lib/python3.10/site-packages/airflow/example_dags/example_subdag_operator.py
[2025-06-05T04:59:54.672+0000] {processor.py:925} INFO - DAG(s) 'example_subdag_operator.section-1', 'example_subdag_operator.section-2', 'example_subdag_operator' retrieved from /home/airflow/.local/lib/python3.10/site-packages/airflow/example_dags/example_subdag_operator.py
[2025-06-05T04:59:54.698+0000] {logging_mixin.py:190} INFO - [2025-06-05T04:59:54.697+0000] {dag.py:3239} INFO - Sync 3 DAGs
[2025-06-05T04:59:54.723+0000] {logging_mixin.py:190} INFO - [2025-06-05T04:59:54.723+0000] {dag.py:4180} INFO - Setting next_dagrun for example_subdag_operator to 2022-01-01 00:00:00+00:00, run_after=2022-01-01 00:00:00+00:00
[2025-06-05T04:59:54.729+0000] {logging_mixin.py:190} INFO - [2025-06-05T04:59:54.728+0000] {dag.py:4180} INFO - Setting next_dagrun for example_subdag_operator.section-1 to None, run_after=None
[2025-06-05T04:59:54.732+0000] {logging_mixin.py:190} INFO - [2025-06-05T04:59:54.732+0000] {dag.py:4180} INFO - Setting next_dagrun for example_subdag_operator.section-2 to None, run_after=None
[2025-06-05T04:59:54.746+0000] {logging_mixin.py:190} INFO - [2025-06-05T04:59:54.746+0000] {dag.py:3239} INFO - Sync 2 DAGs
[2025-06-05T04:59:54.769+0000] {logging_mixin.py:190} INFO - [2025-06-05T04:59:54.768+0000] {dag.py:4180} INFO - Setting next_dagrun for example_subdag_operator.section-1 to None, run_after=None
[2025-06-05T04:59:54.770+0000] {logging_mixin.py:190} INFO - [2025-06-05T04:59:54.770+0000] {dag.py:4180} INFO - Setting next_dagrun for example_subdag_operator.section-2 to None, run_after=None
[2025-06-05T04:59:54.802+0000] {processor.py:208} INFO - Processing /home/airflow/.local/lib/python3.10/site-packages/airflow/example_dags/example_subdag_operator.py took 0.232 seconds
[2025-06-05T05:00:25.262+0000] {processor.py:186} INFO - Started process (PID=1040) to work on /home/airflow/.local/lib/python3.10/site-packages/airflow/example_dags/example_subdag_operator.py
[2025-06-05T05:00:25.265+0000] {processor.py:914} INFO - Processing file /home/airflow/.local/lib/python3.10/site-packages/airflow/example_dags/example_subdag_operator.py for tasks to queue
[2025-06-05T05:00:25.268+0000] {logging_mixin.py:190} INFO - [2025-06-05T05:00:25.267+0000] {dagbag.py:588} INFO - Filling up the DagBag from /home/airflow/.local/lib/python3.10/site-packages/airflow/example_dags/example_subdag_operator.py
[2025-06-05T05:00:25.388+0000] {processor.py:925} INFO - DAG(s) 'example_subdag_operator.section-1', 'example_subdag_operator.section-2', 'example_subdag_operator' retrieved from /home/airflow/.local/lib/python3.10/site-packages/airflow/example_dags/example_subdag_operator.py
[2025-06-05T05:00:25.423+0000] {logging_mixin.py:190} INFO - [2025-06-05T05:00:25.422+0000] {dag.py:3239} INFO - Sync 3 DAGs
[2025-06-05T05:00:25.472+0000] {logging_mixin.py:190} INFO - [2025-06-05T05:00:25.472+0000] {dag.py:4180} INFO - Setting next_dagrun for example_subdag_operator to 2022-01-01 00:00:00+00:00, run_after=2022-01-01 00:00:00+00:00
[2025-06-05T05:00:25.482+0000] {logging_mixin.py:190} INFO - [2025-06-05T05:00:25.482+0000] {dag.py:4180} INFO - Setting next_dagrun for example_subdag_operator.section-1 to None, run_after=None
[2025-06-05T05:00:25.487+0000] {logging_mixin.py:190} INFO - [2025-06-05T05:00:25.486+0000] {dag.py:4180} INFO - Setting next_dagrun for example_subdag_operator.section-2 to None, run_after=None
[2025-06-05T05:00:25.509+0000] {logging_mixin.py:190} INFO - [2025-06-05T05:00:25.508+0000] {dag.py:3239} INFO - Sync 2 DAGs
[2025-06-05T05:00:25.526+0000] {logging_mixin.py:190} INFO - [2025-06-05T05:00:25.526+0000] {dag.py:4180} INFO - Setting next_dagrun for example_subdag_operator.section-1 to None, run_after=None
[2025-06-05T05:00:25.529+0000] {logging_mixin.py:190} INFO - [2025-06-05T05:00:25.528+0000] {dag.py:4180} INFO - Setting next_dagrun for example_subdag_operator.section-2 to None, run_after=None
[2025-06-05T05:00:25.592+0000] {processor.py:208} INFO - Processing /home/airflow/.local/lib/python3.10/site-packages/airflow/example_dags/example_subdag_operator.py took 0.350 seconds
[2025-06-05T05:00:56.424+0000] {processor.py:186} INFO - Started process (PID=1328) to work on /home/airflow/.local/lib/python3.10/site-packages/airflow/example_dags/example_subdag_operator.py
[2025-06-05T05:00:56.427+0000] {processor.py:914} INFO - Processing file /home/airflow/.local/lib/python3.10/site-packages/airflow/example_dags/example_subdag_operator.py for tasks to queue
[2025-06-05T05:00:56.431+0000] {logging_mixin.py:190} INFO - [2025-06-05T05:00:56.430+0000] {dagbag.py:588} INFO - Filling up the DagBag from /home/airflow/.local/lib/python3.10/site-packages/airflow/example_dags/example_subdag_operator.py
[2025-06-05T05:00:56.555+0000] {processor.py:925} INFO - DAG(s) 'example_subdag_operator.section-1', 'example_subdag_operator.section-2', 'example_subdag_operator' retrieved from /home/airflow/.local/lib/python3.10/site-packages/airflow/example_dags/example_subdag_operator.py
[2025-06-05T05:00:56.587+0000] {logging_mixin.py:190} INFO - [2025-06-05T05:00:56.586+0000] {dag.py:3239} INFO - Sync 3 DAGs
[2025-06-05T05:00:56.634+0000] {logging_mixin.py:190} INFO - [2025-06-05T05:00:56.634+0000] {dag.py:4180} INFO - Setting next_dagrun for example_subdag_operator to 2022-01-01 00:00:00+00:00, run_after=2022-01-01 00:00:00+00:00
[2025-06-05T05:00:56.641+0000] {logging_mixin.py:190} INFO - [2025-06-05T05:00:56.641+0000] {dag.py:4180} INFO - Setting next_dagrun for example_subdag_operator.section-1 to None, run_after=None
[2025-06-05T05:00:56.645+0000] {logging_mixin.py:190} INFO - [2025-06-05T05:00:56.645+0000] {dag.py:4180} INFO - Setting next_dagrun for example_subdag_operator.section-2 to None, run_after=None
[2025-06-05T05:00:56.663+0000] {logging_mixin.py:190} INFO - [2025-06-05T05:00:56.663+0000] {dag.py:3239} INFO - Sync 2 DAGs
[2025-06-05T05:00:56.677+0000] {logging_mixin.py:190} INFO - [2025-06-05T05:00:56.677+0000] {dag.py:4180} INFO - Setting next_dagrun for example_subdag_operator.section-1 to None, run_after=None
[2025-06-05T05:00:56.679+0000] {logging_mixin.py:190} INFO - [2025-06-05T05:00:56.678+0000] {dag.py:4180} INFO - Setting next_dagrun for example_subdag_operator.section-2 to None, run_after=None
[2025-06-05T05:00:56.719+0000] {processor.py:208} INFO - Processing /home/airflow/.local/lib/python3.10/site-packages/airflow/example_dags/example_subdag_operator.py took 0.308 seconds
[2025-06-05T05:01:27.955+0000] {processor.py:186} INFO - Started process (PID=1618) to work on /home/airflow/.local/lib/python3.10/site-packages/airflow/example_dags/example_subdag_operator.py
[2025-06-05T05:01:27.958+0000] {processor.py:914} INFO - Processing file /home/airflow/.local/lib/python3.10/site-packages/airflow/example_dags/example_subdag_operator.py for tasks to queue
[2025-06-05T05:01:27.962+0000] {logging_mixin.py:190} INFO - [2025-06-05T05:01:27.961+0000] {dagbag.py:588} INFO - Filling up the DagBag from /home/airflow/.local/lib/python3.10/site-packages/airflow/example_dags/example_subdag_operator.py
[2025-06-05T05:01:28.084+0000] {processor.py:925} INFO - DAG(s) 'example_subdag_operator.section-1', 'example_subdag_operator.section-2', 'example_subdag_operator' retrieved from /home/airflow/.local/lib/python3.10/site-packages/airflow/example_dags/example_subdag_operator.py
[2025-06-05T05:01:28.119+0000] {logging_mixin.py:190} INFO - [2025-06-05T05:01:28.119+0000] {dag.py:3239} INFO - Sync 3 DAGs
[2025-06-05T05:01:28.153+0000] {logging_mixin.py:190} INFO - [2025-06-05T05:01:28.153+0000] {dag.py:4180} INFO - Setting next_dagrun for example_subdag_operator to 2022-01-01 00:00:00+00:00, run_after=2022-01-01 00:00:00+00:00
[2025-06-05T05:01:28.161+0000] {logging_mixin.py:190} INFO - [2025-06-05T05:01:28.160+0000] {dag.py:4180} INFO - Setting next_dagrun for example_subdag_operator.section-1 to None, run_after=None
[2025-06-05T05:01:28.164+0000] {logging_mixin.py:190} INFO - [2025-06-05T05:01:28.164+0000] {dag.py:4180} INFO - Setting next_dagrun for example_subdag_operator.section-2 to None, run_after=None
[2025-06-05T05:01:28.186+0000] {logging_mixin.py:190} INFO - [2025-06-05T05:01:28.185+0000] {dag.py:3239} INFO - Sync 2 DAGs
[2025-06-05T05:01:28.204+0000] {logging_mixin.py:190} INFO - [2025-06-05T05:01:28.203+0000] {dag.py:4180} INFO - Setting next_dagrun for example_subdag_operator.section-1 to None, run_after=None
[2025-06-05T05:01:28.205+0000] {logging_mixin.py:190} INFO - [2025-06-05T05:01:28.205+0000] {dag.py:4180} INFO - Setting next_dagrun for example_subdag_operator.section-2 to None, run_after=None
[2025-06-05T05:01:28.265+0000] {processor.py:208} INFO - Processing /home/airflow/.local/lib/python3.10/site-packages/airflow/example_dags/example_subdag_operator.py took 0.325 seconds
[2025-06-05T05:02:00.623+0000] {processor.py:186} INFO - Started process (PID=1898) to work on /home/airflow/.local/lib/python3.10/site-packages/airflow/example_dags/example_subdag_operator.py
[2025-06-05T05:02:00.625+0000] {processor.py:914} INFO - Processing file /home/airflow/.local/lib/python3.10/site-packages/airflow/example_dags/example_subdag_operator.py for tasks to queue
[2025-06-05T05:02:00.628+0000] {logging_mixin.py:190} INFO - [2025-06-05T05:02:00.627+0000] {dagbag.py:588} INFO - Filling up the DagBag from /home/airflow/.local/lib/python3.10/site-packages/airflow/example_dags/example_subdag_operator.py
[2025-06-05T05:02:00.747+0000] {processor.py:925} INFO - DAG(s) 'example_subdag_operator.section-1', 'example_subdag_operator.section-2', 'example_subdag_operator' retrieved from /home/airflow/.local/lib/python3.10/site-packages/airflow/example_dags/example_subdag_operator.py
[2025-06-05T05:02:00.793+0000] {logging_mixin.py:190} INFO - [2025-06-05T05:02:00.792+0000] {dag.py:3239} INFO - Sync 3 DAGs
[2025-06-05T05:02:00.839+0000] {logging_mixin.py:190} INFO - [2025-06-05T05:02:00.839+0000] {dag.py:4180} INFO - Setting next_dagrun for example_subdag_operator to 2022-01-01 00:00:00+00:00, run_after=2022-01-01 00:00:00+00:00
[2025-06-05T05:02:00.848+0000] {logging_mixin.py:190} INFO - [2025-06-05T05:02:00.847+0000] {dag.py:4180} INFO - Setting next_dagrun for example_subdag_operator.section-1 to None, run_after=None
[2025-06-05T05:02:00.851+0000] {logging_mixin.py:190} INFO - [2025-06-05T05:02:00.851+0000] {dag.py:4180} INFO - Setting next_dagrun for example_subdag_operator.section-2 to None, run_after=None
[2025-06-05T05:02:00.871+0000] {logging_mixin.py:190} INFO - [2025-06-05T05:02:00.870+0000] {dag.py:3239} INFO - Sync 2 DAGs
[2025-06-05T05:02:00.888+0000] {logging_mixin.py:190} INFO - [2025-06-05T05:02:00.888+0000] {dag.py:4180} INFO - Setting next_dagrun for example_subdag_operator.section-1 to None, run_after=None
[2025-06-05T05:02:00.889+0000] {logging_mixin.py:190} INFO - [2025-06-05T05:02:00.889+0000] {dag.py:4180} INFO - Setting next_dagrun for example_subdag_operator.section-2 to None, run_after=None
[2025-06-05T05:02:00.933+0000] {processor.py:208} INFO - Processing /home/airflow/.local/lib/python3.10/site-packages/airflow/example_dags/example_subdag_operator.py took 0.324 seconds
[2025-06-05T05:02:31.427+0000] {processor.py:186} INFO - Started process (PID=2190) to work on /home/airflow/.local/lib/python3.10/site-packages/airflow/example_dags/example_subdag_operator.py
[2025-06-05T05:02:31.429+0000] {processor.py:914} INFO - Processing file /home/airflow/.local/lib/python3.10/site-packages/airflow/example_dags/example_subdag_operator.py for tasks to queue
[2025-06-05T05:02:31.431+0000] {logging_mixin.py:190} INFO - [2025-06-05T05:02:31.431+0000] {dagbag.py:588} INFO - Filling up the DagBag from /home/airflow/.local/lib/python3.10/site-packages/airflow/example_dags/example_subdag_operator.py
[2025-06-05T05:02:31.585+0000] {processor.py:925} INFO - DAG(s) 'example_subdag_operator.section-1', 'example_subdag_operator.section-2', 'example_subdag_operator' retrieved from /home/airflow/.local/lib/python3.10/site-packages/airflow/example_dags/example_subdag_operator.py
[2025-06-05T05:02:31.632+0000] {logging_mixin.py:190} INFO - [2025-06-05T05:02:31.631+0000] {dag.py:3239} INFO - Sync 3 DAGs
[2025-06-05T05:02:31.686+0000] {logging_mixin.py:190} INFO - [2025-06-05T05:02:31.686+0000] {dag.py:4180} INFO - Setting next_dagrun for example_subdag_operator to 2022-01-01 00:00:00+00:00, run_after=2022-01-01 00:00:00+00:00
[2025-06-05T05:02:31.693+0000] {logging_mixin.py:190} INFO - [2025-06-05T05:02:31.692+0000] {dag.py:4180} INFO - Setting next_dagrun for example_subdag_operator.section-1 to None, run_after=None
[2025-06-05T05:02:31.697+0000] {logging_mixin.py:190} INFO - [2025-06-05T05:02:31.696+0000] {dag.py:4180} INFO - Setting next_dagrun for example_subdag_operator.section-2 to None, run_after=None
[2025-06-05T05:02:31.726+0000] {logging_mixin.py:190} INFO - [2025-06-05T05:02:31.726+0000] {dag.py:3239} INFO - Sync 2 DAGs
[2025-06-05T05:02:31.740+0000] {logging_mixin.py:190} INFO - [2025-06-05T05:02:31.739+0000] {dag.py:4180} INFO - Setting next_dagrun for example_subdag_operator.section-1 to None, run_after=None
[2025-06-05T05:02:31.742+0000] {logging_mixin.py:190} INFO - [2025-06-05T05:02:31.741+0000] {dag.py:4180} INFO - Setting next_dagrun for example_subdag_operator.section-2 to None, run_after=None
[2025-06-05T05:02:31.785+0000] {processor.py:208} INFO - Processing /home/airflow/.local/lib/python3.10/site-packages/airflow/example_dags/example_subdag_operator.py took 0.371 seconds
[2025-06-05T05:03:02.188+0000] {processor.py:186} INFO - Started process (PID=2480) to work on /home/airflow/.local/lib/python3.10/site-packages/airflow/example_dags/example_subdag_operator.py
[2025-06-05T05:03:02.192+0000] {processor.py:914} INFO - Processing file /home/airflow/.local/lib/python3.10/site-packages/airflow/example_dags/example_subdag_operator.py for tasks to queue
[2025-06-05T05:03:02.195+0000] {logging_mixin.py:190} INFO - [2025-06-05T05:03:02.194+0000] {dagbag.py:588} INFO - Filling up the DagBag from /home/airflow/.local/lib/python3.10/site-packages/airflow/example_dags/example_subdag_operator.py
[2025-06-05T05:03:02.317+0000] {processor.py:925} INFO - DAG(s) 'example_subdag_operator.section-1', 'example_subdag_operator.section-2', 'example_subdag_operator' retrieved from /home/airflow/.local/lib/python3.10/site-packages/airflow/example_dags/example_subdag_operator.py
[2025-06-05T05:03:02.350+0000] {logging_mixin.py:190} INFO - [2025-06-05T05:03:02.349+0000] {dag.py:3239} INFO - Sync 3 DAGs
[2025-06-05T05:03:02.392+0000] {logging_mixin.py:190} INFO - [2025-06-05T05:03:02.391+0000] {dag.py:4180} INFO - Setting next_dagrun for example_subdag_operator to 2022-01-01 00:00:00+00:00, run_after=2022-01-01 00:00:00+00:00
[2025-06-05T05:03:02.399+0000] {logging_mixin.py:190} INFO - [2025-06-05T05:03:02.399+0000] {dag.py:4180} INFO - Setting next_dagrun for example_subdag_operator.section-1 to None, run_after=None
[2025-06-05T05:03:02.404+0000] {logging_mixin.py:190} INFO - [2025-06-05T05:03:02.403+0000] {dag.py:4180} INFO - Setting next_dagrun for example_subdag_operator.section-2 to None, run_after=None
[2025-06-05T05:03:02.423+0000] {logging_mixin.py:190} INFO - [2025-06-05T05:03:02.423+0000] {dag.py:3239} INFO - Sync 2 DAGs
[2025-06-05T05:03:02.436+0000] {logging_mixin.py:190} INFO - [2025-06-05T05:03:02.436+0000] {dag.py:4180} INFO - Setting next_dagrun for example_subdag_operator.section-1 to None, run_after=None
[2025-06-05T05:03:02.438+0000] {logging_mixin.py:190} INFO - [2025-06-05T05:03:02.438+0000] {dag.py:4180} INFO - Setting next_dagrun for example_subdag_operator.section-2 to None, run_after=None
[2025-06-05T05:03:02.494+0000] {processor.py:208} INFO - Processing /home/airflow/.local/lib/python3.10/site-packages/airflow/example_dags/example_subdag_operator.py took 0.325 seconds
[2025-06-05T05:03:33.016+0000] {processor.py:186} INFO - Started process (PID=2768) to work on /home/airflow/.local/lib/python3.10/site-packages/airflow/example_dags/example_subdag_operator.py
[2025-06-05T05:03:33.018+0000] {processor.py:914} INFO - Processing file /home/airflow/.local/lib/python3.10/site-packages/airflow/example_dags/example_subdag_operator.py for tasks to queue
[2025-06-05T05:03:33.021+0000] {logging_mixin.py:190} INFO - [2025-06-05T05:03:33.020+0000] {dagbag.py:588} INFO - Filling up the DagBag from /home/airflow/.local/lib/python3.10/site-packages/airflow/example_dags/example_subdag_operator.py
[2025-06-05T05:03:33.126+0000] {processor.py:925} INFO - DAG(s) 'example_subdag_operator.section-1', 'example_subdag_operator.section-2', 'example_subdag_operator' retrieved from /home/airflow/.local/lib/python3.10/site-packages/airflow/example_dags/example_subdag_operator.py
[2025-06-05T05:03:33.154+0000] {logging_mixin.py:190} INFO - [2025-06-05T05:03:33.153+0000] {dag.py:3239} INFO - Sync 3 DAGs
[2025-06-05T05:03:33.192+0000] {logging_mixin.py:190} INFO - [2025-06-05T05:03:33.192+0000] {dag.py:4180} INFO - Setting next_dagrun for example_subdag_operator to 2022-01-01 00:00:00+00:00, run_after=2022-01-01 00:00:00+00:00
[2025-06-05T05:03:33.201+0000] {logging_mixin.py:190} INFO - [2025-06-05T05:03:33.200+0000] {dag.py:4180} INFO - Setting next_dagrun for example_subdag_operator.section-1 to None, run_after=None
[2025-06-05T05:03:33.205+0000] {logging_mixin.py:190} INFO - [2025-06-05T05:03:33.204+0000] {dag.py:4180} INFO - Setting next_dagrun for example_subdag_operator.section-2 to None, run_after=None
[2025-06-05T05:03:33.223+0000] {logging_mixin.py:190} INFO - [2025-06-05T05:03:33.222+0000] {dag.py:3239} INFO - Sync 2 DAGs
[2025-06-05T05:03:33.243+0000] {logging_mixin.py:190} INFO - [2025-06-05T05:03:33.243+0000] {dag.py:4180} INFO - Setting next_dagrun for example_subdag_operator.section-1 to None, run_after=None
[2025-06-05T05:03:33.244+0000] {logging_mixin.py:190} INFO - [2025-06-05T05:03:33.244+0000] {dag.py:4180} INFO - Setting next_dagrun for example_subdag_operator.section-2 to None, run_after=None
[2025-06-05T05:03:33.285+0000] {processor.py:208} INFO - Processing /home/airflow/.local/lib/python3.10/site-packages/airflow/example_dags/example_subdag_operator.py took 0.282 seconds
[2025-06-05T05:04:03.459+0000] {processor.py:186} INFO - Started process (PID=3058) to work on /home/airflow/.local/lib/python3.10/site-packages/airflow/example_dags/example_subdag_operator.py
[2025-06-05T05:04:03.461+0000] {processor.py:914} INFO - Processing file /home/airflow/.local/lib/python3.10/site-packages/airflow/example_dags/example_subdag_operator.py for tasks to queue
[2025-06-05T05:04:03.463+0000] {logging_mixin.py:190} INFO - [2025-06-05T05:04:03.463+0000] {dagbag.py:588} INFO - Filling up the DagBag from /home/airflow/.local/lib/python3.10/site-packages/airflow/example_dags/example_subdag_operator.py
[2025-06-05T05:04:03.553+0000] {processor.py:925} INFO - DAG(s) 'example_subdag_operator.section-1', 'example_subdag_operator.section-2', 'example_subdag_operator' retrieved from /home/airflow/.local/lib/python3.10/site-packages/airflow/example_dags/example_subdag_operator.py
[2025-06-05T05:04:03.575+0000] {logging_mixin.py:190} INFO - [2025-06-05T05:04:03.575+0000] {dag.py:3239} INFO - Sync 3 DAGs
[2025-06-05T05:04:03.606+0000] {logging_mixin.py:190} INFO - [2025-06-05T05:04:03.606+0000] {dag.py:4180} INFO - Setting next_dagrun for example_subdag_operator to 2022-01-01 00:00:00+00:00, run_after=2022-01-01 00:00:00+00:00
[2025-06-05T05:04:03.613+0000] {logging_mixin.py:190} INFO - [2025-06-05T05:04:03.613+0000] {dag.py:4180} INFO - Setting next_dagrun for example_subdag_operator.section-1 to None, run_after=None
[2025-06-05T05:04:03.617+0000] {logging_mixin.py:190} INFO - [2025-06-05T05:04:03.617+0000] {dag.py:4180} INFO - Setting next_dagrun for example_subdag_operator.section-2 to None, run_after=None
[2025-06-05T05:04:03.633+0000] {logging_mixin.py:190} INFO - [2025-06-05T05:04:03.633+0000] {dag.py:3239} INFO - Sync 2 DAGs
[2025-06-05T05:04:03.645+0000] {logging_mixin.py:190} INFO - [2025-06-05T05:04:03.644+0000] {dag.py:4180} INFO - Setting next_dagrun for example_subdag_operator.section-1 to None, run_after=None
[2025-06-05T05:04:03.646+0000] {logging_mixin.py:190} INFO - [2025-06-05T05:04:03.646+0000] {dag.py:4180} INFO - Setting next_dagrun for example_subdag_operator.section-2 to None, run_after=None
[2025-06-05T05:04:03.687+0000] {processor.py:208} INFO - Processing /home/airflow/.local/lib/python3.10/site-packages/airflow/example_dags/example_subdag_operator.py took 0.240 seconds
[2025-06-05T05:04:34.571+0000] {processor.py:186} INFO - Started process (PID=3348) to work on /home/airflow/.local/lib/python3.10/site-packages/airflow/example_dags/example_subdag_operator.py
[2025-06-05T05:04:34.575+0000] {processor.py:914} INFO - Processing file /home/airflow/.local/lib/python3.10/site-packages/airflow/example_dags/example_subdag_operator.py for tasks to queue
[2025-06-05T05:04:34.579+0000] {logging_mixin.py:190} INFO - [2025-06-05T05:04:34.578+0000] {dagbag.py:588} INFO - Filling up the DagBag from /home/airflow/.local/lib/python3.10/site-packages/airflow/example_dags/example_subdag_operator.py
[2025-06-05T05:04:34.731+0000] {processor.py:925} INFO - DAG(s) 'example_subdag_operator.section-1', 'example_subdag_operator.section-2', 'example_subdag_operator' retrieved from /home/airflow/.local/lib/python3.10/site-packages/airflow/example_dags/example_subdag_operator.py
[2025-06-05T05:04:34.780+0000] {logging_mixin.py:190} INFO - [2025-06-05T05:04:34.780+0000] {dag.py:3239} INFO - Sync 3 DAGs
[2025-06-05T05:04:34.836+0000] {logging_mixin.py:190} INFO - [2025-06-05T05:04:34.835+0000] {dag.py:4180} INFO - Setting next_dagrun for example_subdag_operator to 2022-01-01 00:00:00+00:00, run_after=2022-01-01 00:00:00+00:00
[2025-06-05T05:04:34.846+0000] {logging_mixin.py:190} INFO - [2025-06-05T05:04:34.845+0000] {dag.py:4180} INFO - Setting next_dagrun for example_subdag_operator.section-1 to None, run_after=None
[2025-06-05T05:04:34.850+0000] {logging_mixin.py:190} INFO - [2025-06-05T05:04:34.850+0000] {dag.py:4180} INFO - Setting next_dagrun for example_subdag_operator.section-2 to None, run_after=None
[2025-06-05T05:04:34.874+0000] {logging_mixin.py:190} INFO - [2025-06-05T05:04:34.873+0000] {dag.py:3239} INFO - Sync 2 DAGs
[2025-06-05T05:04:34.891+0000] {logging_mixin.py:190} INFO - [2025-06-05T05:04:34.890+0000] {dag.py:4180} INFO - Setting next_dagrun for example_subdag_operator.section-1 to None, run_after=None
[2025-06-05T05:04:34.893+0000] {logging_mixin.py:190} INFO - [2025-06-05T05:04:34.892+0000] {dag.py:4180} INFO - Setting next_dagrun for example_subdag_operator.section-2 to None, run_after=None
[2025-06-05T05:04:34.945+0000] {processor.py:208} INFO - Processing /home/airflow/.local/lib/python3.10/site-packages/airflow/example_dags/example_subdag_operator.py took 0.397 seconds
[2025-06-05T05:05:05.424+0000] {processor.py:186} INFO - Started process (PID=3640) to work on /home/airflow/.local/lib/python3.10/site-packages/airflow/example_dags/example_subdag_operator.py
[2025-06-05T05:05:05.426+0000] {processor.py:914} INFO - Processing file /home/airflow/.local/lib/python3.10/site-packages/airflow/example_dags/example_subdag_operator.py for tasks to queue
[2025-06-05T05:05:05.429+0000] {logging_mixin.py:190} INFO - [2025-06-05T05:05:05.429+0000] {dagbag.py:588} INFO - Filling up the DagBag from /home/airflow/.local/lib/python3.10/site-packages/airflow/example_dags/example_subdag_operator.py
[2025-06-05T05:05:05.551+0000] {processor.py:925} INFO - DAG(s) 'example_subdag_operator.section-1', 'example_subdag_operator.section-2', 'example_subdag_operator' retrieved from /home/airflow/.local/lib/python3.10/site-packages/airflow/example_dags/example_subdag_operator.py
[2025-06-05T05:05:05.587+0000] {logging_mixin.py:190} INFO - [2025-06-05T05:05:05.586+0000] {dag.py:3239} INFO - Sync 3 DAGs
[2025-06-05T05:05:05.633+0000] {logging_mixin.py:190} INFO - [2025-06-05T05:05:05.633+0000] {dag.py:4180} INFO - Setting next_dagrun for example_subdag_operator to 2022-01-01 00:00:00+00:00, run_after=2022-01-01 00:00:00+00:00
[2025-06-05T05:05:05.641+0000] {logging_mixin.py:190} INFO - [2025-06-05T05:05:05.640+0000] {dag.py:4180} INFO - Setting next_dagrun for example_subdag_operator.section-1 to None, run_after=None
[2025-06-05T05:05:05.646+0000] {logging_mixin.py:190} INFO - [2025-06-05T05:05:05.646+0000] {dag.py:4180} INFO - Setting next_dagrun for example_subdag_operator.section-2 to None, run_after=None
[2025-06-05T05:05:05.668+0000] {logging_mixin.py:190} INFO - [2025-06-05T05:05:05.667+0000] {dag.py:3239} INFO - Sync 2 DAGs
[2025-06-05T05:05:05.684+0000] {logging_mixin.py:190} INFO - [2025-06-05T05:05:05.684+0000] {dag.py:4180} INFO - Setting next_dagrun for example_subdag_operator.section-1 to None, run_after=None
[2025-06-05T05:05:05.686+0000] {logging_mixin.py:190} INFO - [2025-06-05T05:05:05.685+0000] {dag.py:4180} INFO - Setting next_dagrun for example_subdag_operator.section-2 to None, run_after=None
[2025-06-05T05:05:05.740+0000] {processor.py:208} INFO - Processing /home/airflow/.local/lib/python3.10/site-packages/airflow/example_dags/example_subdag_operator.py took 0.331 seconds
