[2025-06-05T04:57:52.837+0000] {processor.py:186} INFO - Started process (PID=99327) to work on /home/airflow/.local/lib/python3.10/site-packages/airflow/example_dags/example_complex.py
[2025-06-05T04:57:52.851+0000] {processor.py:914} INFO - Processing file /home/airflow/.local/lib/python3.10/site-packages/airflow/example_dags/example_complex.py for tasks to queue
[2025-06-05T04:57:52.856+0000] {logging_mixin.py:190} INFO - [2025-06-05T04:57:52.855+0000] {dagbag.py:588} INFO - Filling up the DagBag from /home/airflow/.local/lib/python3.10/site-packages/airflow/example_dags/example_complex.py
[2025-06-05T04:57:52.928+0000] {processor.py:925} INFO - DAG(s) 'example_complex' retrieved from /home/airflow/.local/lib/python3.10/site-packages/airflow/example_dags/example_complex.py
[2025-06-05T04:57:53.395+0000] {logging_mixin.py:190} INFO - [2025-06-05T04:57:53.395+0000] {dag.py:3239} INFO - Sync 1 DAGs
[2025-06-05T04:57:53.558+0000] {logging_mixin.py:190} INFO - [2025-06-05T04:57:53.558+0000] {dag.py:4180} INFO - Setting next_dagrun for example_complex to None, run_after=None
[2025-06-05T04:57:53.780+0000] {processor.py:208} INFO - Processing /home/airflow/.local/lib/python3.10/site-packages/airflow/example_dags/example_complex.py took 0.987 seconds
[2025-06-05T04:58:24.253+0000] {processor.py:186} INFO - Started process (PID=99614) to work on /home/airflow/.local/lib/python3.10/site-packages/airflow/example_dags/example_complex.py
[2025-06-05T04:58:24.255+0000] {processor.py:914} INFO - Processing file /home/airflow/.local/lib/python3.10/site-packages/airflow/example_dags/example_complex.py for tasks to queue
[2025-06-05T04:58:24.257+0000] {logging_mixin.py:190} INFO - [2025-06-05T04:58:24.257+0000] {dagbag.py:588} INFO - Filling up the DagBag from /home/airflow/.local/lib/python3.10/site-packages/airflow/example_dags/example_complex.py
[2025-06-05T04:58:24.276+0000] {processor.py:925} INFO - DAG(s) 'example_complex' retrieved from /home/airflow/.local/lib/python3.10/site-packages/airflow/example_dags/example_complex.py
[2025-06-05T04:58:24.422+0000] {logging_mixin.py:190} INFO - [2025-06-05T04:58:24.422+0000] {dag.py:3239} INFO - Sync 1 DAGs
[2025-06-05T04:58:24.446+0000] {logging_mixin.py:190} INFO - [2025-06-05T04:58:24.445+0000] {dag.py:4180} INFO - Setting next_dagrun for example_complex to None, run_after=None
[2025-06-05T04:58:24.676+0000] {processor.py:208} INFO - Processing /home/airflow/.local/lib/python3.10/site-packages/airflow/example_dags/example_complex.py took 0.439 seconds
[2025-06-05T04:58:55.532+0000] {processor.py:186} INFO - Started process (PID=99904) to work on /home/airflow/.local/lib/python3.10/site-packages/airflow/example_dags/example_complex.py
[2025-06-05T04:58:55.535+0000] {processor.py:914} INFO - Processing file /home/airflow/.local/lib/python3.10/site-packages/airflow/example_dags/example_complex.py for tasks to queue
[2025-06-05T04:58:55.539+0000] {logging_mixin.py:190} INFO - [2025-06-05T04:58:55.538+0000] {dagbag.py:588} INFO - Filling up the DagBag from /home/airflow/.local/lib/python3.10/site-packages/airflow/example_dags/example_complex.py
[2025-06-05T04:58:55.561+0000] {processor.py:925} INFO - DAG(s) 'example_complex' retrieved from /home/airflow/.local/lib/python3.10/site-packages/airflow/example_dags/example_complex.py
[2025-06-05T04:58:55.819+0000] {logging_mixin.py:190} INFO - [2025-06-05T04:58:55.818+0000] {dag.py:3239} INFO - Sync 1 DAGs
[2025-06-05T04:58:55.867+0000] {logging_mixin.py:190} INFO - [2025-06-05T04:58:55.866+0000] {dag.py:4180} INFO - Setting next_dagrun for example_complex to None, run_after=None
[2025-06-05T04:58:55.948+0000] {processor.py:208} INFO - Processing /home/airflow/.local/lib/python3.10/site-packages/airflow/example_dags/example_complex.py took 0.435 seconds
[2025-06-05T04:59:26.381+0000] {processor.py:186} INFO - Started process (PID=495) to work on /home/airflow/.local/lib/python3.10/site-packages/airflow/example_dags/example_complex.py
[2025-06-05T04:59:26.384+0000] {processor.py:914} INFO - Processing file /home/airflow/.local/lib/python3.10/site-packages/airflow/example_dags/example_complex.py for tasks to queue
[2025-06-05T04:59:26.387+0000] {logging_mixin.py:190} INFO - [2025-06-05T04:59:26.387+0000] {dagbag.py:588} INFO - Filling up the DagBag from /home/airflow/.local/lib/python3.10/site-packages/airflow/example_dags/example_complex.py
[2025-06-05T04:59:26.415+0000] {processor.py:925} INFO - DAG(s) 'example_complex' retrieved from /home/airflow/.local/lib/python3.10/site-packages/airflow/example_dags/example_complex.py
[2025-06-05T04:59:26.557+0000] {logging_mixin.py:190} INFO - [2025-06-05T04:59:26.557+0000] {dag.py:3239} INFO - Sync 1 DAGs
[2025-06-05T04:59:26.599+0000] {logging_mixin.py:190} INFO - [2025-06-05T04:59:26.598+0000] {dag.py:4180} INFO - Setting next_dagrun for example_complex to None, run_after=None
[2025-06-05T04:59:26.661+0000] {processor.py:208} INFO - Processing /home/airflow/.local/lib/python3.10/site-packages/airflow/example_dags/example_complex.py took 0.306 seconds
[2025-06-05T04:59:57.506+0000] {processor.py:186} INFO - Started process (PID=785) to work on /home/airflow/.local/lib/python3.10/site-packages/airflow/example_dags/example_complex.py
[2025-06-05T04:59:57.509+0000] {processor.py:914} INFO - Processing file /home/airflow/.local/lib/python3.10/site-packages/airflow/example_dags/example_complex.py for tasks to queue
[2025-06-05T04:59:57.511+0000] {logging_mixin.py:190} INFO - [2025-06-05T04:59:57.511+0000] {dagbag.py:588} INFO - Filling up the DagBag from /home/airflow/.local/lib/python3.10/site-packages/airflow/example_dags/example_complex.py
[2025-06-05T04:59:57.533+0000] {processor.py:925} INFO - DAG(s) 'example_complex' retrieved from /home/airflow/.local/lib/python3.10/site-packages/airflow/example_dags/example_complex.py
[2025-06-05T04:59:57.661+0000] {logging_mixin.py:190} INFO - [2025-06-05T04:59:57.661+0000] {dag.py:3239} INFO - Sync 1 DAGs
[2025-06-05T04:59:57.685+0000] {logging_mixin.py:190} INFO - [2025-06-05T04:59:57.685+0000] {dag.py:4180} INFO - Setting next_dagrun for example_complex to None, run_after=None
[2025-06-05T04:59:57.807+0000] {processor.py:208} INFO - Processing /home/airflow/.local/lib/python3.10/site-packages/airflow/example_dags/example_complex.py took 0.313 seconds
[2025-06-05T05:00:28.492+0000] {processor.py:186} INFO - Started process (PID=1075) to work on /home/airflow/.local/lib/python3.10/site-packages/airflow/example_dags/example_complex.py
[2025-06-05T05:00:28.494+0000] {processor.py:914} INFO - Processing file /home/airflow/.local/lib/python3.10/site-packages/airflow/example_dags/example_complex.py for tasks to queue
[2025-06-05T05:00:28.497+0000] {logging_mixin.py:190} INFO - [2025-06-05T05:00:28.496+0000] {dagbag.py:588} INFO - Filling up the DagBag from /home/airflow/.local/lib/python3.10/site-packages/airflow/example_dags/example_complex.py
[2025-06-05T05:00:28.510+0000] {processor.py:925} INFO - DAG(s) 'example_complex' retrieved from /home/airflow/.local/lib/python3.10/site-packages/airflow/example_dags/example_complex.py
[2025-06-05T05:00:28.609+0000] {logging_mixin.py:190} INFO - [2025-06-05T05:00:28.609+0000] {dag.py:3239} INFO - Sync 1 DAGs
[2025-06-05T05:00:28.627+0000] {logging_mixin.py:190} INFO - [2025-06-05T05:00:28.627+0000] {dag.py:4180} INFO - Setting next_dagrun for example_complex to None, run_after=None
[2025-06-05T05:00:28.671+0000] {processor.py:208} INFO - Processing /home/airflow/.local/lib/python3.10/site-packages/airflow/example_dags/example_complex.py took 0.189 seconds
[2025-06-05T05:00:58.890+0000] {processor.py:186} INFO - Started process (PID=1365) to work on /home/airflow/.local/lib/python3.10/site-packages/airflow/example_dags/example_complex.py
[2025-06-05T05:00:58.893+0000] {processor.py:914} INFO - Processing file /home/airflow/.local/lib/python3.10/site-packages/airflow/example_dags/example_complex.py for tasks to queue
[2025-06-05T05:00:58.897+0000] {logging_mixin.py:190} INFO - [2025-06-05T05:00:58.896+0000] {dagbag.py:588} INFO - Filling up the DagBag from /home/airflow/.local/lib/python3.10/site-packages/airflow/example_dags/example_complex.py
[2025-06-05T05:00:58.923+0000] {processor.py:925} INFO - DAG(s) 'example_complex' retrieved from /home/airflow/.local/lib/python3.10/site-packages/airflow/example_dags/example_complex.py
[2025-06-05T05:00:59.092+0000] {logging_mixin.py:190} INFO - [2025-06-05T05:00:59.091+0000] {dag.py:3239} INFO - Sync 1 DAGs
[2025-06-05T05:00:59.133+0000] {logging_mixin.py:190} INFO - [2025-06-05T05:00:59.133+0000] {dag.py:4180} INFO - Setting next_dagrun for example_complex to None, run_after=None
[2025-06-05T05:00:59.214+0000] {processor.py:208} INFO - Processing /home/airflow/.local/lib/python3.10/site-packages/airflow/example_dags/example_complex.py took 0.343 seconds
[2025-06-05T05:01:29.437+0000] {processor.py:186} INFO - Started process (PID=1645) to work on /home/airflow/.local/lib/python3.10/site-packages/airflow/example_dags/example_complex.py
[2025-06-05T05:01:29.439+0000] {processor.py:914} INFO - Processing file /home/airflow/.local/lib/python3.10/site-packages/airflow/example_dags/example_complex.py for tasks to queue
[2025-06-05T05:01:29.442+0000] {logging_mixin.py:190} INFO - [2025-06-05T05:01:29.442+0000] {dagbag.py:588} INFO - Filling up the DagBag from /home/airflow/.local/lib/python3.10/site-packages/airflow/example_dags/example_complex.py
[2025-06-05T05:01:29.462+0000] {processor.py:925} INFO - DAG(s) 'example_complex' retrieved from /home/airflow/.local/lib/python3.10/site-packages/airflow/example_dags/example_complex.py
[2025-06-05T05:01:29.597+0000] {logging_mixin.py:190} INFO - [2025-06-05T05:01:29.597+0000] {dag.py:3239} INFO - Sync 1 DAGs
[2025-06-05T05:01:29.620+0000] {logging_mixin.py:190} INFO - [2025-06-05T05:01:29.620+0000] {dag.py:4180} INFO - Setting next_dagrun for example_complex to None, run_after=None
[2025-06-05T05:01:29.675+0000] {processor.py:208} INFO - Processing /home/airflow/.local/lib/python3.10/site-packages/airflow/example_dags/example_complex.py took 0.251 seconds
[2025-06-05T05:02:03.302+0000] {processor.py:186} INFO - Started process (PID=1928) to work on /home/airflow/.local/lib/python3.10/site-packages/airflow/example_dags/example_complex.py
[2025-06-05T05:02:03.305+0000] {processor.py:914} INFO - Processing file /home/airflow/.local/lib/python3.10/site-packages/airflow/example_dags/example_complex.py for tasks to queue
[2025-06-05T05:02:03.307+0000] {logging_mixin.py:190} INFO - [2025-06-05T05:02:03.307+0000] {dagbag.py:588} INFO - Filling up the DagBag from /home/airflow/.local/lib/python3.10/site-packages/airflow/example_dags/example_complex.py
[2025-06-05T05:02:03.324+0000] {processor.py:925} INFO - DAG(s) 'example_complex' retrieved from /home/airflow/.local/lib/python3.10/site-packages/airflow/example_dags/example_complex.py
[2025-06-05T05:02:03.446+0000] {logging_mixin.py:190} INFO - [2025-06-05T05:02:03.445+0000] {dag.py:3239} INFO - Sync 1 DAGs
[2025-06-05T05:02:03.464+0000] {logging_mixin.py:190} INFO - [2025-06-05T05:02:03.463+0000] {dag.py:4180} INFO - Setting next_dagrun for example_complex to None, run_after=None
[2025-06-05T05:02:03.508+0000] {processor.py:208} INFO - Processing /home/airflow/.local/lib/python3.10/site-packages/airflow/example_dags/example_complex.py took 0.220 seconds
[2025-06-05T05:02:33.729+0000] {processor.py:186} INFO - Started process (PID=2218) to work on /home/airflow/.local/lib/python3.10/site-packages/airflow/example_dags/example_complex.py
[2025-06-05T05:02:33.746+0000] {processor.py:914} INFO - Processing file /home/airflow/.local/lib/python3.10/site-packages/airflow/example_dags/example_complex.py for tasks to queue
[2025-06-05T05:02:33.751+0000] {logging_mixin.py:190} INFO - [2025-06-05T05:02:33.750+0000] {dagbag.py:588} INFO - Filling up the DagBag from /home/airflow/.local/lib/python3.10/site-packages/airflow/example_dags/example_complex.py
[2025-06-05T05:02:33.769+0000] {processor.py:925} INFO - DAG(s) 'example_complex' retrieved from /home/airflow/.local/lib/python3.10/site-packages/airflow/example_dags/example_complex.py
[2025-06-05T05:02:33.892+0000] {logging_mixin.py:190} INFO - [2025-06-05T05:02:33.892+0000] {dag.py:3239} INFO - Sync 1 DAGs
[2025-06-05T05:02:33.924+0000] {logging_mixin.py:190} INFO - [2025-06-05T05:02:33.924+0000] {dag.py:4180} INFO - Setting next_dagrun for example_complex to None, run_after=None
[2025-06-05T05:02:33.984+0000] {processor.py:208} INFO - Processing /home/airflow/.local/lib/python3.10/site-packages/airflow/example_dags/example_complex.py took 0.275 seconds
[2025-06-05T05:03:04.389+0000] {processor.py:186} INFO - Started process (PID=2505) to work on /home/airflow/.local/lib/python3.10/site-packages/airflow/example_dags/example_complex.py
[2025-06-05T05:03:04.391+0000] {processor.py:914} INFO - Processing file /home/airflow/.local/lib/python3.10/site-packages/airflow/example_dags/example_complex.py for tasks to queue
[2025-06-05T05:03:04.394+0000] {logging_mixin.py:190} INFO - [2025-06-05T05:03:04.394+0000] {dagbag.py:588} INFO - Filling up the DagBag from /home/airflow/.local/lib/python3.10/site-packages/airflow/example_dags/example_complex.py
[2025-06-05T05:03:04.412+0000] {processor.py:925} INFO - DAG(s) 'example_complex' retrieved from /home/airflow/.local/lib/python3.10/site-packages/airflow/example_dags/example_complex.py
[2025-06-05T05:03:04.531+0000] {logging_mixin.py:190} INFO - [2025-06-05T05:03:04.530+0000] {dag.py:3239} INFO - Sync 1 DAGs
[2025-06-05T05:03:04.551+0000] {logging_mixin.py:190} INFO - [2025-06-05T05:03:04.550+0000] {dag.py:4180} INFO - Setting next_dagrun for example_complex to None, run_after=None
[2025-06-05T05:03:04.661+0000] {processor.py:208} INFO - Processing /home/airflow/.local/lib/python3.10/site-packages/airflow/example_dags/example_complex.py took 0.292 seconds
[2025-06-05T05:03:35.044+0000] {processor.py:186} INFO - Started process (PID=2793) to work on /home/airflow/.local/lib/python3.10/site-packages/airflow/example_dags/example_complex.py
[2025-06-05T05:03:35.047+0000] {processor.py:914} INFO - Processing file /home/airflow/.local/lib/python3.10/site-packages/airflow/example_dags/example_complex.py for tasks to queue
[2025-06-05T05:03:35.051+0000] {logging_mixin.py:190} INFO - [2025-06-05T05:03:35.050+0000] {dagbag.py:588} INFO - Filling up the DagBag from /home/airflow/.local/lib/python3.10/site-packages/airflow/example_dags/example_complex.py
[2025-06-05T05:03:35.076+0000] {processor.py:925} INFO - DAG(s) 'example_complex' retrieved from /home/airflow/.local/lib/python3.10/site-packages/airflow/example_dags/example_complex.py
[2025-06-05T05:03:35.225+0000] {logging_mixin.py:190} INFO - [2025-06-05T05:03:35.225+0000] {dag.py:3239} INFO - Sync 1 DAGs
[2025-06-05T05:03:35.265+0000] {logging_mixin.py:190} INFO - [2025-06-05T05:03:35.264+0000] {dag.py:4180} INFO - Setting next_dagrun for example_complex to None, run_after=None
[2025-06-05T05:03:35.338+0000] {processor.py:208} INFO - Processing /home/airflow/.local/lib/python3.10/site-packages/airflow/example_dags/example_complex.py took 0.312 seconds
[2025-06-05T05:04:06.088+0000] {processor.py:186} INFO - Started process (PID=3083) to work on /home/airflow/.local/lib/python3.10/site-packages/airflow/example_dags/example_complex.py
[2025-06-05T05:04:06.090+0000] {processor.py:914} INFO - Processing file /home/airflow/.local/lib/python3.10/site-packages/airflow/example_dags/example_complex.py for tasks to queue
[2025-06-05T05:04:06.093+0000] {logging_mixin.py:190} INFO - [2025-06-05T05:04:06.092+0000] {dagbag.py:588} INFO - Filling up the DagBag from /home/airflow/.local/lib/python3.10/site-packages/airflow/example_dags/example_complex.py
[2025-06-05T05:04:06.109+0000] {processor.py:925} INFO - DAG(s) 'example_complex' retrieved from /home/airflow/.local/lib/python3.10/site-packages/airflow/example_dags/example_complex.py
[2025-06-05T05:04:06.210+0000] {logging_mixin.py:190} INFO - [2025-06-05T05:04:06.210+0000] {dag.py:3239} INFO - Sync 1 DAGs
[2025-06-05T05:04:06.232+0000] {logging_mixin.py:190} INFO - [2025-06-05T05:04:06.231+0000] {dag.py:4180} INFO - Setting next_dagrun for example_complex to None, run_after=None
[2025-06-05T05:04:06.283+0000] {processor.py:208} INFO - Processing /home/airflow/.local/lib/python3.10/site-packages/airflow/example_dags/example_complex.py took 0.210 seconds
[2025-06-05T05:04:36.504+0000] {processor.py:186} INFO - Started process (PID=3373) to work on /home/airflow/.local/lib/python3.10/site-packages/airflow/example_dags/example_complex.py
[2025-06-05T05:04:36.507+0000] {processor.py:914} INFO - Processing file /home/airflow/.local/lib/python3.10/site-packages/airflow/example_dags/example_complex.py for tasks to queue
[2025-06-05T05:04:36.510+0000] {logging_mixin.py:190} INFO - [2025-06-05T05:04:36.509+0000] {dagbag.py:588} INFO - Filling up the DagBag from /home/airflow/.local/lib/python3.10/site-packages/airflow/example_dags/example_complex.py
[2025-06-05T05:04:36.529+0000] {processor.py:925} INFO - DAG(s) 'example_complex' retrieved from /home/airflow/.local/lib/python3.10/site-packages/airflow/example_dags/example_complex.py
[2025-06-05T05:04:36.768+0000] {logging_mixin.py:190} INFO - [2025-06-05T05:04:36.767+0000] {dag.py:3239} INFO - Sync 1 DAGs
[2025-06-05T05:04:36.840+0000] {logging_mixin.py:190} INFO - [2025-06-05T05:04:36.838+0000] {dag.py:4180} INFO - Setting next_dagrun for example_complex to None, run_after=None
[2025-06-05T05:04:36.929+0000] {processor.py:208} INFO - Processing /home/airflow/.local/lib/python3.10/site-packages/airflow/example_dags/example_complex.py took 0.445 seconds
[2025-06-05T05:05:07.239+0000] {processor.py:186} INFO - Started process (PID=3663) to work on /home/airflow/.local/lib/python3.10/site-packages/airflow/example_dags/example_complex.py
[2025-06-05T05:05:07.241+0000] {processor.py:914} INFO - Processing file /home/airflow/.local/lib/python3.10/site-packages/airflow/example_dags/example_complex.py for tasks to queue
[2025-06-05T05:05:07.244+0000] {logging_mixin.py:190} INFO - [2025-06-05T05:05:07.243+0000] {dagbag.py:588} INFO - Filling up the DagBag from /home/airflow/.local/lib/python3.10/site-packages/airflow/example_dags/example_complex.py
[2025-06-05T05:05:07.267+0000] {processor.py:925} INFO - DAG(s) 'example_complex' retrieved from /home/airflow/.local/lib/python3.10/site-packages/airflow/example_dags/example_complex.py
[2025-06-05T05:05:07.416+0000] {logging_mixin.py:190} INFO - [2025-06-05T05:05:07.415+0000] {dag.py:3239} INFO - Sync 1 DAGs
[2025-06-05T05:05:07.449+0000] {logging_mixin.py:190} INFO - [2025-06-05T05:05:07.448+0000] {dag.py:4180} INFO - Setting next_dagrun for example_complex to None, run_after=None
[2025-06-05T05:05:07.510+0000] {processor.py:208} INFO - Processing /home/airflow/.local/lib/python3.10/site-packages/airflow/example_dags/example_complex.py took 0.288 seconds
