[2025-06-05T04:58:18.153+0000] {processor.py:186} INFO - Started process (PID=99509) to work on /home/airflow/.local/lib/python3.10/site-packages/airflow/example_dags/example_display_name.py
[2025-06-05T04:58:18.156+0000] {processor.py:914} INFO - Processing file /home/airflow/.local/lib/python3.10/site-packages/airflow/example_dags/example_display_name.py for tasks to queue
[2025-06-05T04:58:18.159+0000] {logging_mixin.py:190} INFO - [2025-06-05T04:58:18.158+0000] {dagbag.py:588} INFO - Filling up the DagBag from /home/airflow/.local/lib/python3.10/site-packages/airflow/example_dags/example_display_name.py
[2025-06-05T04:58:18.173+0000] {processor.py:925} INFO - DAG(s) 'example_display_name' retrieved from /home/airflow/.local/lib/python3.10/site-packages/airflow/example_dags/example_display_name.py
[2025-06-05T04:58:18.294+0000] {logging_mixin.py:190} INFO - [2025-06-05T04:58:18.293+0000] {dag.py:3239} INFO - Sync 1 DAGs
[2025-06-05T04:58:18.328+0000] {logging_mixin.py:190} INFO - [2025-06-05T04:58:18.327+0000] {dag.py:4180} INFO - Setting next_dagrun for example_display_name to None, run_after=None
[2025-06-05T04:58:18.391+0000] {processor.py:208} INFO - Processing /home/airflow/.local/lib/python3.10/site-packages/airflow/example_dags/example_display_name.py took 0.255 seconds
[2025-06-05T04:58:48.785+0000] {processor.py:186} INFO - Started process (PID=99799) to work on /home/airflow/.local/lib/python3.10/site-packages/airflow/example_dags/example_display_name.py
[2025-06-05T04:58:48.787+0000] {processor.py:914} INFO - Processing file /home/airflow/.local/lib/python3.10/site-packages/airflow/example_dags/example_display_name.py for tasks to queue
[2025-06-05T04:58:48.789+0000] {logging_mixin.py:190} INFO - [2025-06-05T04:58:48.789+0000] {dagbag.py:588} INFO - Filling up the DagBag from /home/airflow/.local/lib/python3.10/site-packages/airflow/example_dags/example_display_name.py
[2025-06-05T04:58:48.799+0000] {processor.py:925} INFO - DAG(s) 'example_display_name' retrieved from /home/airflow/.local/lib/python3.10/site-packages/airflow/example_dags/example_display_name.py
[2025-06-05T04:58:48.899+0000] {logging_mixin.py:190} INFO - [2025-06-05T04:58:48.899+0000] {dag.py:3239} INFO - Sync 1 DAGs
[2025-06-05T04:58:48.926+0000] {logging_mixin.py:190} INFO - [2025-06-05T04:58:48.926+0000] {dag.py:4180} INFO - Setting next_dagrun for example_display_name to None, run_after=None
[2025-06-05T04:58:48.979+0000] {processor.py:208} INFO - Processing /home/airflow/.local/lib/python3.10/site-packages/airflow/example_dags/example_display_name.py took 0.205 seconds
[2025-06-05T04:59:19.522+0000] {processor.py:186} INFO - Started process (PID=388) to work on /home/airflow/.local/lib/python3.10/site-packages/airflow/example_dags/example_display_name.py
[2025-06-05T04:59:19.524+0000] {processor.py:914} INFO - Processing file /home/airflow/.local/lib/python3.10/site-packages/airflow/example_dags/example_display_name.py for tasks to queue
[2025-06-05T04:59:19.527+0000] {logging_mixin.py:190} INFO - [2025-06-05T04:59:19.526+0000] {dagbag.py:588} INFO - Filling up the DagBag from /home/airflow/.local/lib/python3.10/site-packages/airflow/example_dags/example_display_name.py
[2025-06-05T04:59:19.541+0000] {processor.py:925} INFO - DAG(s) 'example_display_name' retrieved from /home/airflow/.local/lib/python3.10/site-packages/airflow/example_dags/example_display_name.py
[2025-06-05T04:59:19.653+0000] {logging_mixin.py:190} INFO - [2025-06-05T04:59:19.652+0000] {dag.py:3239} INFO - Sync 1 DAGs
[2025-06-05T04:59:19.675+0000] {logging_mixin.py:190} INFO - [2025-06-05T04:59:19.674+0000] {dag.py:4180} INFO - Setting next_dagrun for example_display_name to None, run_after=None
[2025-06-05T04:59:19.723+0000] {processor.py:208} INFO - Processing /home/airflow/.local/lib/python3.10/site-packages/airflow/example_dags/example_display_name.py took 0.216 seconds
[2025-06-05T04:59:50.799+0000] {processor.py:186} INFO - Started process (PID=678) to work on /home/airflow/.local/lib/python3.10/site-packages/airflow/example_dags/example_display_name.py
[2025-06-05T04:59:50.802+0000] {processor.py:914} INFO - Processing file /home/airflow/.local/lib/python3.10/site-packages/airflow/example_dags/example_display_name.py for tasks to queue
[2025-06-05T04:59:50.805+0000] {logging_mixin.py:190} INFO - [2025-06-05T04:59:50.804+0000] {dagbag.py:588} INFO - Filling up the DagBag from /home/airflow/.local/lib/python3.10/site-packages/airflow/example_dags/example_display_name.py
[2025-06-05T04:59:50.819+0000] {processor.py:925} INFO - DAG(s) 'example_display_name' retrieved from /home/airflow/.local/lib/python3.10/site-packages/airflow/example_dags/example_display_name.py
[2025-06-05T04:59:50.927+0000] {logging_mixin.py:190} INFO - [2025-06-05T04:59:50.927+0000] {dag.py:3239} INFO - Sync 1 DAGs
[2025-06-05T04:59:50.955+0000] {logging_mixin.py:190} INFO - [2025-06-05T04:59:50.955+0000] {dag.py:4180} INFO - Setting next_dagrun for example_display_name to None, run_after=None
[2025-06-05T04:59:51.017+0000] {processor.py:208} INFO - Processing /home/airflow/.local/lib/python3.10/site-packages/airflow/example_dags/example_display_name.py took 0.236 seconds
[2025-06-05T05:00:22.237+0000] {processor.py:186} INFO - Started process (PID=968) to work on /home/airflow/.local/lib/python3.10/site-packages/airflow/example_dags/example_display_name.py
[2025-06-05T05:00:22.240+0000] {processor.py:914} INFO - Processing file /home/airflow/.local/lib/python3.10/site-packages/airflow/example_dags/example_display_name.py for tasks to queue
[2025-06-05T05:00:22.243+0000] {logging_mixin.py:190} INFO - [2025-06-05T05:00:22.242+0000] {dagbag.py:588} INFO - Filling up the DagBag from /home/airflow/.local/lib/python3.10/site-packages/airflow/example_dags/example_display_name.py
[2025-06-05T05:00:22.255+0000] {processor.py:925} INFO - DAG(s) 'example_display_name' retrieved from /home/airflow/.local/lib/python3.10/site-packages/airflow/example_dags/example_display_name.py
[2025-06-05T05:00:22.377+0000] {logging_mixin.py:190} INFO - [2025-06-05T05:00:22.377+0000] {dag.py:3239} INFO - Sync 1 DAGs
[2025-06-05T05:00:22.405+0000] {logging_mixin.py:190} INFO - [2025-06-05T05:00:22.405+0000] {dag.py:4180} INFO - Setting next_dagrun for example_display_name to None, run_after=None
[2025-06-05T05:00:22.493+0000] {processor.py:208} INFO - Processing /home/airflow/.local/lib/python3.10/site-packages/airflow/example_dags/example_display_name.py took 0.270 seconds
[2025-06-05T05:00:53.654+0000] {processor.py:186} INFO - Started process (PID=1258) to work on /home/airflow/.local/lib/python3.10/site-packages/airflow/example_dags/example_display_name.py
[2025-06-05T05:00:53.657+0000] {processor.py:914} INFO - Processing file /home/airflow/.local/lib/python3.10/site-packages/airflow/example_dags/example_display_name.py for tasks to queue
[2025-06-05T05:00:53.660+0000] {logging_mixin.py:190} INFO - [2025-06-05T05:00:53.659+0000] {dagbag.py:588} INFO - Filling up the DagBag from /home/airflow/.local/lib/python3.10/site-packages/airflow/example_dags/example_display_name.py
[2025-06-05T05:00:53.675+0000] {processor.py:925} INFO - DAG(s) 'example_display_name' retrieved from /home/airflow/.local/lib/python3.10/site-packages/airflow/example_dags/example_display_name.py
[2025-06-05T05:00:53.792+0000] {logging_mixin.py:190} INFO - [2025-06-05T05:00:53.791+0000] {dag.py:3239} INFO - Sync 1 DAGs
[2025-06-05T05:00:53.829+0000] {logging_mixin.py:190} INFO - [2025-06-05T05:00:53.829+0000] {dag.py:4180} INFO - Setting next_dagrun for example_display_name to None, run_after=None
[2025-06-05T05:00:53.906+0000] {processor.py:208} INFO - Processing /home/airflow/.local/lib/python3.10/site-packages/airflow/example_dags/example_display_name.py took 0.267 seconds
[2025-06-05T05:01:24.289+0000] {processor.py:186} INFO - Started process (PID=1543) to work on /home/airflow/.local/lib/python3.10/site-packages/airflow/example_dags/example_display_name.py
[2025-06-05T05:01:24.292+0000] {processor.py:914} INFO - Processing file /home/airflow/.local/lib/python3.10/site-packages/airflow/example_dags/example_display_name.py for tasks to queue
[2025-06-05T05:01:24.295+0000] {logging_mixin.py:190} INFO - [2025-06-05T05:01:24.295+0000] {dagbag.py:588} INFO - Filling up the DagBag from /home/airflow/.local/lib/python3.10/site-packages/airflow/example_dags/example_display_name.py
[2025-06-05T05:01:24.309+0000] {processor.py:925} INFO - DAG(s) 'example_display_name' retrieved from /home/airflow/.local/lib/python3.10/site-packages/airflow/example_dags/example_display_name.py
[2025-06-05T05:01:24.410+0000] {logging_mixin.py:190} INFO - [2025-06-05T05:01:24.410+0000] {dag.py:3239} INFO - Sync 1 DAGs
[2025-06-05T05:01:24.438+0000] {logging_mixin.py:190} INFO - [2025-06-05T05:01:24.438+0000] {dag.py:4180} INFO - Setting next_dagrun for example_display_name to None, run_after=None
[2025-06-05T05:01:24.566+0000] {processor.py:208} INFO - Processing /home/airflow/.local/lib/python3.10/site-packages/airflow/example_dags/example_display_name.py took 0.293 seconds
[2025-06-05T05:01:54.933+0000] {processor.py:186} INFO - Started process (PID=1830) to work on /home/airflow/.local/lib/python3.10/site-packages/airflow/example_dags/example_display_name.py
[2025-06-05T05:01:54.935+0000] {processor.py:914} INFO - Processing file /home/airflow/.local/lib/python3.10/site-packages/airflow/example_dags/example_display_name.py for tasks to queue
[2025-06-05T05:01:54.937+0000] {logging_mixin.py:190} INFO - [2025-06-05T05:01:54.937+0000] {dagbag.py:588} INFO - Filling up the DagBag from /home/airflow/.local/lib/python3.10/site-packages/airflow/example_dags/example_display_name.py
[2025-06-05T05:01:54.945+0000] {processor.py:925} INFO - DAG(s) 'example_display_name' retrieved from /home/airflow/.local/lib/python3.10/site-packages/airflow/example_dags/example_display_name.py
[2025-06-05T05:01:55.017+0000] {logging_mixin.py:190} INFO - [2025-06-05T05:01:55.016+0000] {dag.py:3239} INFO - Sync 1 DAGs
[2025-06-05T05:01:55.046+0000] {logging_mixin.py:190} INFO - [2025-06-05T05:01:55.045+0000] {dag.py:4180} INFO - Setting next_dagrun for example_display_name to None, run_after=None
[2025-06-05T05:01:55.089+0000] {processor.py:208} INFO - Processing /home/airflow/.local/lib/python3.10/site-packages/airflow/example_dags/example_display_name.py took 0.166 seconds
[2025-06-05T05:02:10.907+0000] {processor.py:186} INFO - Started process (PID=2120) to work on /home/airflow/.local/lib/python3.10/site-packages/airflow/example_dags/example_display_name.py
[2025-06-05T05:02:10.910+0000] {processor.py:914} INFO - Processing file /home/airflow/.local/lib/python3.10/site-packages/airflow/example_dags/example_display_name.py for tasks to queue
[2025-06-05T05:02:10.915+0000] {logging_mixin.py:190} INFO - [2025-06-05T05:02:10.914+0000] {dagbag.py:588} INFO - Filling up the DagBag from /home/airflow/.local/lib/python3.10/site-packages/airflow/example_dags/example_display_name.py
[2025-06-05T05:02:10.941+0000] {processor.py:925} INFO - DAG(s) 'example_display_name' retrieved from /home/airflow/.local/lib/python3.10/site-packages/airflow/example_dags/example_display_name.py
[2025-06-05T05:02:11.054+0000] {logging_mixin.py:190} INFO - [2025-06-05T05:02:11.054+0000] {dag.py:3239} INFO - Sync 1 DAGs
[2025-06-05T05:02:11.088+0000] {logging_mixin.py:190} INFO - [2025-06-05T05:02:11.087+0000] {dag.py:4180} INFO - Setting next_dagrun for example_display_name to None, run_after=None
[2025-06-05T05:02:11.219+0000] {processor.py:208} INFO - Processing /home/airflow/.local/lib/python3.10/site-packages/airflow/example_dags/example_display_name.py took 0.328 seconds
[2025-06-05T05:02:43.141+0000] {processor.py:186} INFO - Started process (PID=2408) to work on /home/airflow/.local/lib/python3.10/site-packages/airflow/example_dags/example_display_name.py
[2025-06-05T05:02:43.143+0000] {processor.py:914} INFO - Processing file /home/airflow/.local/lib/python3.10/site-packages/airflow/example_dags/example_display_name.py for tasks to queue
[2025-06-05T05:02:43.146+0000] {logging_mixin.py:190} INFO - [2025-06-05T05:02:43.145+0000] {dagbag.py:588} INFO - Filling up the DagBag from /home/airflow/.local/lib/python3.10/site-packages/airflow/example_dags/example_display_name.py
[2025-06-05T05:02:43.156+0000] {processor.py:925} INFO - DAG(s) 'example_display_name' retrieved from /home/airflow/.local/lib/python3.10/site-packages/airflow/example_dags/example_display_name.py
[2025-06-05T05:02:43.252+0000] {logging_mixin.py:190} INFO - [2025-06-05T05:02:43.251+0000] {dag.py:3239} INFO - Sync 1 DAGs
[2025-06-05T05:02:43.277+0000] {logging_mixin.py:190} INFO - [2025-06-05T05:02:43.276+0000] {dag.py:4180} INFO - Setting next_dagrun for example_display_name to None, run_after=None
[2025-06-05T05:02:43.324+0000] {processor.py:208} INFO - Processing /home/airflow/.local/lib/python3.10/site-packages/airflow/example_dags/example_display_name.py took 0.196 seconds
[2025-06-05T05:03:14.904+0000] {processor.py:186} INFO - Started process (PID=2698) to work on /home/airflow/.local/lib/python3.10/site-packages/airflow/example_dags/example_display_name.py
[2025-06-05T05:03:14.907+0000] {processor.py:914} INFO - Processing file /home/airflow/.local/lib/python3.10/site-packages/airflow/example_dags/example_display_name.py for tasks to queue
[2025-06-05T05:03:14.910+0000] {logging_mixin.py:190} INFO - [2025-06-05T05:03:14.909+0000] {dagbag.py:588} INFO - Filling up the DagBag from /home/airflow/.local/lib/python3.10/site-packages/airflow/example_dags/example_display_name.py
[2025-06-05T05:03:14.917+0000] {processor.py:925} INFO - DAG(s) 'example_display_name' retrieved from /home/airflow/.local/lib/python3.10/site-packages/airflow/example_dags/example_display_name.py
[2025-06-05T05:03:14.987+0000] {logging_mixin.py:190} INFO - [2025-06-05T05:03:14.986+0000] {dag.py:3239} INFO - Sync 1 DAGs
[2025-06-05T05:03:15.003+0000] {logging_mixin.py:190} INFO - [2025-06-05T05:03:15.003+0000] {dag.py:4180} INFO - Setting next_dagrun for example_display_name to None, run_after=None
[2025-06-05T05:03:15.046+0000] {processor.py:208} INFO - Processing /home/airflow/.local/lib/python3.10/site-packages/airflow/example_dags/example_display_name.py took 0.154 seconds
[2025-06-05T05:03:45.547+0000] {processor.py:186} INFO - Started process (PID=2988) to work on /home/airflow/.local/lib/python3.10/site-packages/airflow/example_dags/example_display_name.py
[2025-06-05T05:03:45.549+0000] {processor.py:914} INFO - Processing file /home/airflow/.local/lib/python3.10/site-packages/airflow/example_dags/example_display_name.py for tasks to queue
[2025-06-05T05:03:45.552+0000] {logging_mixin.py:190} INFO - [2025-06-05T05:03:45.551+0000] {dagbag.py:588} INFO - Filling up the DagBag from /home/airflow/.local/lib/python3.10/site-packages/airflow/example_dags/example_display_name.py
[2025-06-05T05:03:45.560+0000] {processor.py:925} INFO - DAG(s) 'example_display_name' retrieved from /home/airflow/.local/lib/python3.10/site-packages/airflow/example_dags/example_display_name.py
[2025-06-05T05:03:45.638+0000] {logging_mixin.py:190} INFO - [2025-06-05T05:03:45.637+0000] {dag.py:3239} INFO - Sync 1 DAGs
[2025-06-05T05:03:45.656+0000] {logging_mixin.py:190} INFO - [2025-06-05T05:03:45.655+0000] {dag.py:4180} INFO - Setting next_dagrun for example_display_name to None, run_after=None
[2025-06-05T05:03:45.701+0000] {processor.py:208} INFO - Processing /home/airflow/.local/lib/python3.10/site-packages/airflow/example_dags/example_display_name.py took 0.164 seconds
[2025-06-05T05:04:16.166+0000] {processor.py:186} INFO - Started process (PID=3273) to work on /home/airflow/.local/lib/python3.10/site-packages/airflow/example_dags/example_display_name.py
[2025-06-05T05:04:16.168+0000] {processor.py:914} INFO - Processing file /home/airflow/.local/lib/python3.10/site-packages/airflow/example_dags/example_display_name.py for tasks to queue
[2025-06-05T05:04:16.173+0000] {logging_mixin.py:190} INFO - [2025-06-05T05:04:16.172+0000] {dagbag.py:588} INFO - Filling up the DagBag from /home/airflow/.local/lib/python3.10/site-packages/airflow/example_dags/example_display_name.py
[2025-06-05T05:04:16.182+0000] {processor.py:925} INFO - DAG(s) 'example_display_name' retrieved from /home/airflow/.local/lib/python3.10/site-packages/airflow/example_dags/example_display_name.py
[2025-06-05T05:04:16.277+0000] {logging_mixin.py:190} INFO - [2025-06-05T05:04:16.277+0000] {dag.py:3239} INFO - Sync 1 DAGs
[2025-06-05T05:04:16.294+0000] {logging_mixin.py:190} INFO - [2025-06-05T05:04:16.294+0000] {dag.py:4180} INFO - Setting next_dagrun for example_display_name to None, run_after=None
[2025-06-05T05:04:16.338+0000] {processor.py:208} INFO - Processing /home/airflow/.local/lib/python3.10/site-packages/airflow/example_dags/example_display_name.py took 0.184 seconds
[2025-06-05T05:04:47.366+0000] {processor.py:186} INFO - Started process (PID=3563) to work on /home/airflow/.local/lib/python3.10/site-packages/airflow/example_dags/example_display_name.py
[2025-06-05T05:04:47.368+0000] {processor.py:914} INFO - Processing file /home/airflow/.local/lib/python3.10/site-packages/airflow/example_dags/example_display_name.py for tasks to queue
[2025-06-05T05:04:47.371+0000] {logging_mixin.py:190} INFO - [2025-06-05T05:04:47.370+0000] {dagbag.py:588} INFO - Filling up the DagBag from /home/airflow/.local/lib/python3.10/site-packages/airflow/example_dags/example_display_name.py
[2025-06-05T05:04:47.384+0000] {processor.py:925} INFO - DAG(s) 'example_display_name' retrieved from /home/airflow/.local/lib/python3.10/site-packages/airflow/example_dags/example_display_name.py
[2025-06-05T05:04:47.473+0000] {logging_mixin.py:190} INFO - [2025-06-05T05:04:47.472+0000] {dag.py:3239} INFO - Sync 1 DAGs
[2025-06-05T05:04:47.494+0000] {logging_mixin.py:190} INFO - [2025-06-05T05:04:47.494+0000] {dag.py:4180} INFO - Setting next_dagrun for example_display_name to None, run_after=None
[2025-06-05T05:04:47.549+0000] {processor.py:208} INFO - Processing /home/airflow/.local/lib/python3.10/site-packages/airflow/example_dags/example_display_name.py took 0.194 seconds
