[2025-06-05T04:57:47.407+0000] {processor.py:186} INFO - Started process (PID=99294) to work on /home/airflow/.local/lib/python3.10/site-packages/airflow/example_dags/example_setup_teardown_taskflow.py
[2025-06-05T04:57:47.413+0000] {processor.py:914} INFO - Processing file /home/airflow/.local/lib/python3.10/site-packages/airflow/example_dags/example_setup_teardown_taskflow.py for tasks to queue
[2025-06-05T04:57:47.424+0000] {logging_mixin.py:190} INFO - [2025-06-05T04:57:47.423+0000] {dagbag.py:588} INFO - Filling up the DagBag from /home/airflow/.local/lib/python3.10/site-packages/airflow/example_dags/example_setup_teardown_taskflow.py
[2025-06-05T04:57:47.474+0000] {processor.py:925} INFO - DAG(s) 'example_setup_teardown_taskflow' retrieved from /home/airflow/.local/lib/python3.10/site-packages/airflow/example_dags/example_setup_teardown_taskflow.py
[2025-06-05T04:57:47.783+0000] {logging_mixin.py:190} INFO - [2025-06-05T04:57:47.783+0000] {dag.py:3239} INFO - Sync 1 DAGs
[2025-06-05T04:57:47.895+0000] {logging_mixin.py:190} INFO - [2025-06-05T04:57:47.894+0000] {dag.py:4180} INFO - Setting next_dagrun for example_setup_teardown_taskflow to None, run_after=None
[2025-06-05T04:57:48.087+0000] {processor.py:208} INFO - Processing /home/airflow/.local/lib/python3.10/site-packages/airflow/example_dags/example_setup_teardown_taskflow.py took 0.704 seconds
[2025-06-05T04:58:20.984+0000] {processor.py:186} INFO - Started process (PID=99574) to work on /home/airflow/.local/lib/python3.10/site-packages/airflow/example_dags/example_setup_teardown_taskflow.py
[2025-06-05T04:58:20.987+0000] {processor.py:914} INFO - Processing file /home/airflow/.local/lib/python3.10/site-packages/airflow/example_dags/example_setup_teardown_taskflow.py for tasks to queue
[2025-06-05T04:58:20.990+0000] {logging_mixin.py:190} INFO - [2025-06-05T04:58:20.990+0000] {dagbag.py:588} INFO - Filling up the DagBag from /home/airflow/.local/lib/python3.10/site-packages/airflow/example_dags/example_setup_teardown_taskflow.py
[2025-06-05T04:58:21.012+0000] {processor.py:925} INFO - DAG(s) 'example_setup_teardown_taskflow' retrieved from /home/airflow/.local/lib/python3.10/site-packages/airflow/example_dags/example_setup_teardown_taskflow.py
[2025-06-05T04:58:21.132+0000] {logging_mixin.py:190} INFO - [2025-06-05T04:58:21.131+0000] {dag.py:3239} INFO - Sync 1 DAGs
[2025-06-05T04:58:21.166+0000] {logging_mixin.py:190} INFO - [2025-06-05T04:58:21.166+0000] {dag.py:4180} INFO - Setting next_dagrun for example_setup_teardown_taskflow to None, run_after=None
[2025-06-05T04:58:21.230+0000] {processor.py:208} INFO - Processing /home/airflow/.local/lib/python3.10/site-packages/airflow/example_dags/example_setup_teardown_taskflow.py took 0.272 seconds
[2025-06-05T04:58:51.472+0000] {processor.py:186} INFO - Started process (PID=99864) to work on /home/airflow/.local/lib/python3.10/site-packages/airflow/example_dags/example_setup_teardown_taskflow.py
[2025-06-05T04:58:51.475+0000] {processor.py:914} INFO - Processing file /home/airflow/.local/lib/python3.10/site-packages/airflow/example_dags/example_setup_teardown_taskflow.py for tasks to queue
[2025-06-05T04:58:51.477+0000] {logging_mixin.py:190} INFO - [2025-06-05T04:58:51.477+0000] {dagbag.py:588} INFO - Filling up the DagBag from /home/airflow/.local/lib/python3.10/site-packages/airflow/example_dags/example_setup_teardown_taskflow.py
[2025-06-05T04:58:51.492+0000] {processor.py:925} INFO - DAG(s) 'example_setup_teardown_taskflow' retrieved from /home/airflow/.local/lib/python3.10/site-packages/airflow/example_dags/example_setup_teardown_taskflow.py
[2025-06-05T04:58:51.569+0000] {logging_mixin.py:190} INFO - [2025-06-05T04:58:51.569+0000] {dag.py:3239} INFO - Sync 1 DAGs
[2025-06-05T04:58:51.588+0000] {logging_mixin.py:190} INFO - [2025-06-05T04:58:51.588+0000] {dag.py:4180} INFO - Setting next_dagrun for example_setup_teardown_taskflow to None, run_after=None
[2025-06-05T04:58:51.628+0000] {processor.py:208} INFO - Processing /home/airflow/.local/lib/python3.10/site-packages/airflow/example_dags/example_setup_teardown_taskflow.py took 0.168 seconds
[2025-06-05T04:59:22.304+0000] {processor.py:186} INFO - Started process (PID=453) to work on /home/airflow/.local/lib/python3.10/site-packages/airflow/example_dags/example_setup_teardown_taskflow.py
[2025-06-05T04:59:22.306+0000] {processor.py:914} INFO - Processing file /home/airflow/.local/lib/python3.10/site-packages/airflow/example_dags/example_setup_teardown_taskflow.py for tasks to queue
[2025-06-05T04:59:22.308+0000] {logging_mixin.py:190} INFO - [2025-06-05T04:59:22.307+0000] {dagbag.py:588} INFO - Filling up the DagBag from /home/airflow/.local/lib/python3.10/site-packages/airflow/example_dags/example_setup_teardown_taskflow.py
[2025-06-05T04:59:22.332+0000] {processor.py:925} INFO - DAG(s) 'example_setup_teardown_taskflow' retrieved from /home/airflow/.local/lib/python3.10/site-packages/airflow/example_dags/example_setup_teardown_taskflow.py
[2025-06-05T04:59:22.429+0000] {logging_mixin.py:190} INFO - [2025-06-05T04:59:22.428+0000] {dag.py:3239} INFO - Sync 1 DAGs
[2025-06-05T04:59:22.445+0000] {logging_mixin.py:190} INFO - [2025-06-05T04:59:22.445+0000] {dag.py:4180} INFO - Setting next_dagrun for example_setup_teardown_taskflow to None, run_after=None
[2025-06-05T04:59:22.490+0000] {processor.py:208} INFO - Processing /home/airflow/.local/lib/python3.10/site-packages/airflow/example_dags/example_setup_teardown_taskflow.py took 0.199 seconds
[2025-06-05T04:59:53.412+0000] {processor.py:186} INFO - Started process (PID=743) to work on /home/airflow/.local/lib/python3.10/site-packages/airflow/example_dags/example_setup_teardown_taskflow.py
[2025-06-05T04:59:53.414+0000] {processor.py:914} INFO - Processing file /home/airflow/.local/lib/python3.10/site-packages/airflow/example_dags/example_setup_teardown_taskflow.py for tasks to queue
[2025-06-05T04:59:53.416+0000] {logging_mixin.py:190} INFO - [2025-06-05T04:59:53.415+0000] {dagbag.py:588} INFO - Filling up the DagBag from /home/airflow/.local/lib/python3.10/site-packages/airflow/example_dags/example_setup_teardown_taskflow.py
[2025-06-05T04:59:53.428+0000] {processor.py:925} INFO - DAG(s) 'example_setup_teardown_taskflow' retrieved from /home/airflow/.local/lib/python3.10/site-packages/airflow/example_dags/example_setup_teardown_taskflow.py
[2025-06-05T04:59:53.506+0000] {logging_mixin.py:190} INFO - [2025-06-05T04:59:53.505+0000] {dag.py:3239} INFO - Sync 1 DAGs
[2025-06-05T04:59:53.525+0000] {logging_mixin.py:190} INFO - [2025-06-05T04:59:53.525+0000] {dag.py:4180} INFO - Setting next_dagrun for example_setup_teardown_taskflow to None, run_after=None
[2025-06-05T04:59:53.565+0000] {processor.py:208} INFO - Processing /home/airflow/.local/lib/python3.10/site-packages/airflow/example_dags/example_setup_teardown_taskflow.py took 0.163 seconds
[2025-06-05T05:00:24.837+0000] {processor.py:186} INFO - Started process (PID=1035) to work on /home/airflow/.local/lib/python3.10/site-packages/airflow/example_dags/example_setup_teardown_taskflow.py
[2025-06-05T05:00:24.840+0000] {processor.py:914} INFO - Processing file /home/airflow/.local/lib/python3.10/site-packages/airflow/example_dags/example_setup_teardown_taskflow.py for tasks to queue
[2025-06-05T05:00:24.843+0000] {logging_mixin.py:190} INFO - [2025-06-05T05:00:24.842+0000] {dagbag.py:588} INFO - Filling up the DagBag from /home/airflow/.local/lib/python3.10/site-packages/airflow/example_dags/example_setup_teardown_taskflow.py
[2025-06-05T05:00:24.863+0000] {processor.py:925} INFO - DAG(s) 'example_setup_teardown_taskflow' retrieved from /home/airflow/.local/lib/python3.10/site-packages/airflow/example_dags/example_setup_teardown_taskflow.py
[2025-06-05T05:00:24.974+0000] {logging_mixin.py:190} INFO - [2025-06-05T05:00:24.973+0000] {dag.py:3239} INFO - Sync 1 DAGs
[2025-06-05T05:00:24.999+0000] {logging_mixin.py:190} INFO - [2025-06-05T05:00:24.999+0000] {dag.py:4180} INFO - Setting next_dagrun for example_setup_teardown_taskflow to None, run_after=None
[2025-06-05T05:00:25.048+0000] {processor.py:208} INFO - Processing /home/airflow/.local/lib/python3.10/site-packages/airflow/example_dags/example_setup_teardown_taskflow.py took 0.223 seconds
[2025-06-05T05:00:56.420+0000] {processor.py:186} INFO - Started process (PID=1325) to work on /home/airflow/.local/lib/python3.10/site-packages/airflow/example_dags/example_setup_teardown_taskflow.py
[2025-06-05T05:00:56.423+0000] {processor.py:914} INFO - Processing file /home/airflow/.local/lib/python3.10/site-packages/airflow/example_dags/example_setup_teardown_taskflow.py for tasks to queue
[2025-06-05T05:00:56.426+0000] {logging_mixin.py:190} INFO - [2025-06-05T05:00:56.425+0000] {dagbag.py:588} INFO - Filling up the DagBag from /home/airflow/.local/lib/python3.10/site-packages/airflow/example_dags/example_setup_teardown_taskflow.py
[2025-06-05T05:00:56.448+0000] {processor.py:925} INFO - DAG(s) 'example_setup_teardown_taskflow' retrieved from /home/airflow/.local/lib/python3.10/site-packages/airflow/example_dags/example_setup_teardown_taskflow.py
[2025-06-05T05:00:56.559+0000] {logging_mixin.py:190} INFO - [2025-06-05T05:00:56.559+0000] {dag.py:3239} INFO - Sync 1 DAGs
[2025-06-05T05:00:56.582+0000] {logging_mixin.py:190} INFO - [2025-06-05T05:00:56.582+0000] {dag.py:4180} INFO - Setting next_dagrun for example_setup_teardown_taskflow to None, run_after=None
[2025-06-05T05:00:56.697+0000] {processor.py:208} INFO - Processing /home/airflow/.local/lib/python3.10/site-packages/airflow/example_dags/example_setup_teardown_taskflow.py took 0.290 seconds
[2025-06-05T05:01:27.949+0000] {processor.py:186} INFO - Started process (PID=1615) to work on /home/airflow/.local/lib/python3.10/site-packages/airflow/example_dags/example_setup_teardown_taskflow.py
[2025-06-05T05:01:27.951+0000] {processor.py:914} INFO - Processing file /home/airflow/.local/lib/python3.10/site-packages/airflow/example_dags/example_setup_teardown_taskflow.py for tasks to queue
[2025-06-05T05:01:27.954+0000] {logging_mixin.py:190} INFO - [2025-06-05T05:01:27.954+0000] {dagbag.py:588} INFO - Filling up the DagBag from /home/airflow/.local/lib/python3.10/site-packages/airflow/example_dags/example_setup_teardown_taskflow.py
[2025-06-05T05:01:27.975+0000] {processor.py:925} INFO - DAG(s) 'example_setup_teardown_taskflow' retrieved from /home/airflow/.local/lib/python3.10/site-packages/airflow/example_dags/example_setup_teardown_taskflow.py
[2025-06-05T05:01:28.097+0000] {logging_mixin.py:190} INFO - [2025-06-05T05:01:28.097+0000] {dag.py:3239} INFO - Sync 1 DAGs
[2025-06-05T05:01:28.127+0000] {logging_mixin.py:190} INFO - [2025-06-05T05:01:28.126+0000] {dag.py:4180} INFO - Setting next_dagrun for example_setup_teardown_taskflow to None, run_after=None
[2025-06-05T05:01:28.245+0000] {processor.py:208} INFO - Processing /home/airflow/.local/lib/python3.10/site-packages/airflow/example_dags/example_setup_teardown_taskflow.py took 0.311 seconds
[2025-06-05T05:02:00.619+0000] {processor.py:186} INFO - Started process (PID=1895) to work on /home/airflow/.local/lib/python3.10/site-packages/airflow/example_dags/example_setup_teardown_taskflow.py
[2025-06-05T05:02:00.621+0000] {processor.py:914} INFO - Processing file /home/airflow/.local/lib/python3.10/site-packages/airflow/example_dags/example_setup_teardown_taskflow.py for tasks to queue
[2025-06-05T05:02:00.623+0000] {logging_mixin.py:190} INFO - [2025-06-05T05:02:00.623+0000] {dagbag.py:588} INFO - Filling up the DagBag from /home/airflow/.local/lib/python3.10/site-packages/airflow/example_dags/example_setup_teardown_taskflow.py
[2025-06-05T05:02:00.649+0000] {processor.py:925} INFO - DAG(s) 'example_setup_teardown_taskflow' retrieved from /home/airflow/.local/lib/python3.10/site-packages/airflow/example_dags/example_setup_teardown_taskflow.py
[2025-06-05T05:02:00.759+0000] {logging_mixin.py:190} INFO - [2025-06-05T05:02:00.758+0000] {dag.py:3239} INFO - Sync 1 DAGs
[2025-06-05T05:02:00.785+0000] {logging_mixin.py:190} INFO - [2025-06-05T05:02:00.784+0000] {dag.py:4180} INFO - Setting next_dagrun for example_setup_teardown_taskflow to None, run_after=None
[2025-06-05T05:02:00.904+0000] {processor.py:208} INFO - Processing /home/airflow/.local/lib/python3.10/site-packages/airflow/example_dags/example_setup_teardown_taskflow.py took 0.297 seconds
[2025-06-05T05:02:31.054+0000] {processor.py:186} INFO - Started process (PID=2185) to work on /home/airflow/.local/lib/python3.10/site-packages/airflow/example_dags/example_setup_teardown_taskflow.py
[2025-06-05T05:02:31.057+0000] {processor.py:914} INFO - Processing file /home/airflow/.local/lib/python3.10/site-packages/airflow/example_dags/example_setup_teardown_taskflow.py for tasks to queue
[2025-06-05T05:02:31.060+0000] {logging_mixin.py:190} INFO - [2025-06-05T05:02:31.059+0000] {dagbag.py:588} INFO - Filling up the DagBag from /home/airflow/.local/lib/python3.10/site-packages/airflow/example_dags/example_setup_teardown_taskflow.py
[2025-06-05T05:02:31.078+0000] {processor.py:925} INFO - DAG(s) 'example_setup_teardown_taskflow' retrieved from /home/airflow/.local/lib/python3.10/site-packages/airflow/example_dags/example_setup_teardown_taskflow.py
[2025-06-05T05:02:31.177+0000] {logging_mixin.py:190} INFO - [2025-06-05T05:02:31.177+0000] {dag.py:3239} INFO - Sync 1 DAGs
[2025-06-05T05:02:31.198+0000] {logging_mixin.py:190} INFO - [2025-06-05T05:02:31.197+0000] {dag.py:4180} INFO - Setting next_dagrun for example_setup_teardown_taskflow to None, run_after=None
[2025-06-05T05:02:31.309+0000] {processor.py:208} INFO - Processing /home/airflow/.local/lib/python3.10/site-packages/airflow/example_dags/example_setup_teardown_taskflow.py took 0.270 seconds
[2025-06-05T05:03:01.782+0000] {processor.py:186} INFO - Started process (PID=2473) to work on /home/airflow/.local/lib/python3.10/site-packages/airflow/example_dags/example_setup_teardown_taskflow.py
[2025-06-05T05:03:01.784+0000] {processor.py:914} INFO - Processing file /home/airflow/.local/lib/python3.10/site-packages/airflow/example_dags/example_setup_teardown_taskflow.py for tasks to queue
[2025-06-05T05:03:01.787+0000] {logging_mixin.py:190} INFO - [2025-06-05T05:03:01.786+0000] {dagbag.py:588} INFO - Filling up the DagBag from /home/airflow/.local/lib/python3.10/site-packages/airflow/example_dags/example_setup_teardown_taskflow.py
[2025-06-05T05:03:01.810+0000] {processor.py:925} INFO - DAG(s) 'example_setup_teardown_taskflow' retrieved from /home/airflow/.local/lib/python3.10/site-packages/airflow/example_dags/example_setup_teardown_taskflow.py
[2025-06-05T05:03:01.985+0000] {logging_mixin.py:190} INFO - [2025-06-05T05:03:01.984+0000] {dag.py:3239} INFO - Sync 1 DAGs
[2025-06-05T05:03:02.017+0000] {logging_mixin.py:190} INFO - [2025-06-05T05:03:02.017+0000] {dag.py:4180} INFO - Setting next_dagrun for example_setup_teardown_taskflow to None, run_after=None
[2025-06-05T05:03:02.071+0000] {processor.py:208} INFO - Processing /home/airflow/.local/lib/python3.10/site-packages/airflow/example_dags/example_setup_teardown_taskflow.py took 0.304 seconds
[2025-06-05T05:03:33.014+0000] {processor.py:186} INFO - Started process (PID=2765) to work on /home/airflow/.local/lib/python3.10/site-packages/airflow/example_dags/example_setup_teardown_taskflow.py
[2025-06-05T05:03:33.017+0000] {processor.py:914} INFO - Processing file /home/airflow/.local/lib/python3.10/site-packages/airflow/example_dags/example_setup_teardown_taskflow.py for tasks to queue
[2025-06-05T05:03:33.019+0000] {logging_mixin.py:190} INFO - [2025-06-05T05:03:33.019+0000] {dagbag.py:588} INFO - Filling up the DagBag from /home/airflow/.local/lib/python3.10/site-packages/airflow/example_dags/example_setup_teardown_taskflow.py
[2025-06-05T05:03:33.038+0000] {processor.py:925} INFO - DAG(s) 'example_setup_teardown_taskflow' retrieved from /home/airflow/.local/lib/python3.10/site-packages/airflow/example_dags/example_setup_teardown_taskflow.py
[2025-06-05T05:03:33.138+0000] {logging_mixin.py:190} INFO - [2025-06-05T05:03:33.138+0000] {dag.py:3239} INFO - Sync 1 DAGs
[2025-06-05T05:03:33.161+0000] {logging_mixin.py:190} INFO - [2025-06-05T05:03:33.160+0000] {dag.py:4180} INFO - Setting next_dagrun for example_setup_teardown_taskflow to None, run_after=None
[2025-06-05T05:03:33.277+0000] {processor.py:208} INFO - Processing /home/airflow/.local/lib/python3.10/site-packages/airflow/example_dags/example_setup_teardown_taskflow.py took 0.276 seconds
[2025-06-05T05:04:03.457+0000] {processor.py:186} INFO - Started process (PID=3055) to work on /home/airflow/.local/lib/python3.10/site-packages/airflow/example_dags/example_setup_teardown_taskflow.py
[2025-06-05T05:04:03.460+0000] {processor.py:914} INFO - Processing file /home/airflow/.local/lib/python3.10/site-packages/airflow/example_dags/example_setup_teardown_taskflow.py for tasks to queue
[2025-06-05T05:04:03.462+0000] {logging_mixin.py:190} INFO - [2025-06-05T05:04:03.461+0000] {dagbag.py:588} INFO - Filling up the DagBag from /home/airflow/.local/lib/python3.10/site-packages/airflow/example_dags/example_setup_teardown_taskflow.py
[2025-06-05T05:04:03.478+0000] {processor.py:925} INFO - DAG(s) 'example_setup_teardown_taskflow' retrieved from /home/airflow/.local/lib/python3.10/site-packages/airflow/example_dags/example_setup_teardown_taskflow.py
[2025-06-05T05:04:03.554+0000] {logging_mixin.py:190} INFO - [2025-06-05T05:04:03.554+0000] {dag.py:3239} INFO - Sync 1 DAGs
[2025-06-05T05:04:03.569+0000] {logging_mixin.py:190} INFO - [2025-06-05T05:04:03.569+0000] {dag.py:4180} INFO - Setting next_dagrun for example_setup_teardown_taskflow to None, run_after=None
[2025-06-05T05:04:03.677+0000] {processor.py:208} INFO - Processing /home/airflow/.local/lib/python3.10/site-packages/airflow/example_dags/example_setup_teardown_taskflow.py took 0.232 seconds
[2025-06-05T05:04:34.567+0000] {processor.py:186} INFO - Started process (PID=3345) to work on /home/airflow/.local/lib/python3.10/site-packages/airflow/example_dags/example_setup_teardown_taskflow.py
[2025-06-05T05:04:34.570+0000] {processor.py:914} INFO - Processing file /home/airflow/.local/lib/python3.10/site-packages/airflow/example_dags/example_setup_teardown_taskflow.py for tasks to queue
[2025-06-05T05:04:34.573+0000] {logging_mixin.py:190} INFO - [2025-06-05T05:04:34.573+0000] {dagbag.py:588} INFO - Filling up the DagBag from /home/airflow/.local/lib/python3.10/site-packages/airflow/example_dags/example_setup_teardown_taskflow.py
[2025-06-05T05:04:34.600+0000] {processor.py:925} INFO - DAG(s) 'example_setup_teardown_taskflow' retrieved from /home/airflow/.local/lib/python3.10/site-packages/airflow/example_dags/example_setup_teardown_taskflow.py
[2025-06-05T05:04:34.753+0000] {logging_mixin.py:190} INFO - [2025-06-05T05:04:34.752+0000] {dag.py:3239} INFO - Sync 1 DAGs
[2025-06-05T05:04:34.789+0000] {logging_mixin.py:190} INFO - [2025-06-05T05:04:34.788+0000] {dag.py:4180} INFO - Setting next_dagrun for example_setup_teardown_taskflow to None, run_after=None
[2025-06-05T05:04:34.859+0000] {processor.py:208} INFO - Processing /home/airflow/.local/lib/python3.10/site-packages/airflow/example_dags/example_setup_teardown_taskflow.py took 0.323 seconds
[2025-06-05T05:05:05.041+0000] {processor.py:186} INFO - Started process (PID=3635) to work on /home/airflow/.local/lib/python3.10/site-packages/airflow/example_dags/example_setup_teardown_taskflow.py
[2025-06-05T05:05:05.044+0000] {processor.py:914} INFO - Processing file /home/airflow/.local/lib/python3.10/site-packages/airflow/example_dags/example_setup_teardown_taskflow.py for tasks to queue
[2025-06-05T05:05:05.047+0000] {logging_mixin.py:190} INFO - [2025-06-05T05:05:05.046+0000] {dagbag.py:588} INFO - Filling up the DagBag from /home/airflow/.local/lib/python3.10/site-packages/airflow/example_dags/example_setup_teardown_taskflow.py
[2025-06-05T05:05:05.064+0000] {processor.py:925} INFO - DAG(s) 'example_setup_teardown_taskflow' retrieved from /home/airflow/.local/lib/python3.10/site-packages/airflow/example_dags/example_setup_teardown_taskflow.py
[2025-06-05T05:05:05.161+0000] {logging_mixin.py:190} INFO - [2025-06-05T05:05:05.161+0000] {dag.py:3239} INFO - Sync 1 DAGs
[2025-06-05T05:05:05.184+0000] {logging_mixin.py:190} INFO - [2025-06-05T05:05:05.183+0000] {dag.py:4180} INFO - Setting next_dagrun for example_setup_teardown_taskflow to None, run_after=None
[2025-06-05T05:05:05.305+0000] {processor.py:208} INFO - Processing /home/airflow/.local/lib/python3.10/site-packages/airflow/example_dags/example_setup_teardown_taskflow.py took 0.279 seconds
