[2025-06-05T04:58:15.261+0000] {processor.py:186} INFO - Started process (PID=99487) to work on /home/airflow/.local/lib/python3.10/site-packages/airflow/example_dags/example_dataset_alias.py
[2025-06-05T04:58:15.264+0000] {processor.py:914} INFO - Processing file /home/airflow/.local/lib/python3.10/site-packages/airflow/example_dags/example_dataset_alias.py for tasks to queue
[2025-06-05T04:58:15.268+0000] {logging_mixin.py:190} INFO - [2025-06-05T04:58:15.267+0000] {dagbag.py:588} INFO - Filling up the DagBag from /home/airflow/.local/lib/python3.10/site-packages/airflow/example_dags/example_dataset_alias.py
[2025-06-05T04:58:17.006+0000] {processor.py:925} INFO - DAG(s) 'dataset_s3_bucket_producer', 'dataset_s3_bucket_consumer', 'dataset_alias_example_alias_producer', 'dataset_alias_example_alias_consumer' retrieved from /home/airflow/.local/lib/python3.10/site-packages/airflow/example_dags/example_dataset_alias.py
[2025-06-05T04:58:17.080+0000] {logging_mixin.py:190} INFO - [2025-06-05T04:58:17.078+0000] {dag.py:3239} INFO - Sync 4 DAGs
[2025-06-05T04:58:17.131+0000] {logging_mixin.py:190} INFO - [2025-06-05T04:58:17.131+0000] {dag.py:4180} INFO - Setting next_dagrun for dataset_alias_example_alias_consumer to None, run_after=None
[2025-06-05T04:58:17.146+0000] {logging_mixin.py:190} INFO - [2025-06-05T04:58:17.145+0000] {dag.py:4180} INFO - Setting next_dagrun for dataset_alias_example_alias_producer to None, run_after=None
[2025-06-05T04:58:17.152+0000] {logging_mixin.py:190} INFO - [2025-06-05T04:58:17.152+0000] {dag.py:4180} INFO - Setting next_dagrun for dataset_s3_bucket_consumer to None, run_after=None
[2025-06-05T04:58:17.162+0000] {logging_mixin.py:190} INFO - [2025-06-05T04:58:17.161+0000] {dag.py:4180} INFO - Setting next_dagrun for dataset_s3_bucket_producer to None, run_after=None
[2025-06-05T04:58:17.289+0000] {processor.py:208} INFO - Processing /home/airflow/.local/lib/python3.10/site-packages/airflow/example_dags/example_dataset_alias.py took 2.045 seconds
[2025-06-05T04:58:47.444+0000] {processor.py:186} INFO - Started process (PID=99784) to work on /home/airflow/.local/lib/python3.10/site-packages/airflow/example_dags/example_dataset_alias.py
[2025-06-05T04:58:47.446+0000] {processor.py:914} INFO - Processing file /home/airflow/.local/lib/python3.10/site-packages/airflow/example_dags/example_dataset_alias.py for tasks to queue
[2025-06-05T04:58:47.449+0000] {logging_mixin.py:190} INFO - [2025-06-05T04:58:47.448+0000] {dagbag.py:588} INFO - Filling up the DagBag from /home/airflow/.local/lib/python3.10/site-packages/airflow/example_dags/example_dataset_alias.py
[2025-06-05T04:58:48.098+0000] {processor.py:925} INFO - DAG(s) 'dataset_alias_example_alias_producer', 'dataset_s3_bucket_consumer', 'dataset_s3_bucket_producer', 'dataset_alias_example_alias_consumer' retrieved from /home/airflow/.local/lib/python3.10/site-packages/airflow/example_dags/example_dataset_alias.py
[2025-06-05T04:58:48.132+0000] {logging_mixin.py:190} INFO - [2025-06-05T04:58:48.131+0000] {dag.py:3239} INFO - Sync 4 DAGs
[2025-06-05T04:58:48.154+0000] {logging_mixin.py:190} INFO - [2025-06-05T04:58:48.153+0000] {dag.py:4180} INFO - Setting next_dagrun for dataset_alias_example_alias_consumer to None, run_after=None
[2025-06-05T04:58:48.158+0000] {logging_mixin.py:190} INFO - [2025-06-05T04:58:48.158+0000] {dag.py:4180} INFO - Setting next_dagrun for dataset_alias_example_alias_producer to None, run_after=None
[2025-06-05T04:58:48.162+0000] {logging_mixin.py:190} INFO - [2025-06-05T04:58:48.161+0000] {dag.py:4180} INFO - Setting next_dagrun for dataset_s3_bucket_consumer to None, run_after=None
[2025-06-05T04:58:48.164+0000] {logging_mixin.py:190} INFO - [2025-06-05T04:58:48.164+0000] {dag.py:4180} INFO - Setting next_dagrun for dataset_s3_bucket_producer to None, run_after=None
[2025-06-05T04:58:48.279+0000] {processor.py:208} INFO - Processing /home/airflow/.local/lib/python3.10/site-packages/airflow/example_dags/example_dataset_alias.py took 0.844 seconds
[2025-06-05T04:59:18.685+0000] {processor.py:186} INFO - Started process (PID=378) to work on /home/airflow/.local/lib/python3.10/site-packages/airflow/example_dags/example_dataset_alias.py
[2025-06-05T04:59:18.688+0000] {processor.py:914} INFO - Processing file /home/airflow/.local/lib/python3.10/site-packages/airflow/example_dags/example_dataset_alias.py for tasks to queue
[2025-06-05T04:59:18.692+0000] {logging_mixin.py:190} INFO - [2025-06-05T04:59:18.690+0000] {dagbag.py:588} INFO - Filling up the DagBag from /home/airflow/.local/lib/python3.10/site-packages/airflow/example_dags/example_dataset_alias.py
[2025-06-05T04:59:19.599+0000] {processor.py:925} INFO - DAG(s) 'dataset_s3_bucket_consumer', 'dataset_alias_example_alias_consumer', 'dataset_s3_bucket_producer', 'dataset_alias_example_alias_producer' retrieved from /home/airflow/.local/lib/python3.10/site-packages/airflow/example_dags/example_dataset_alias.py
[2025-06-05T04:59:19.648+0000] {logging_mixin.py:190} INFO - [2025-06-05T04:59:19.648+0000] {dag.py:3239} INFO - Sync 4 DAGs
[2025-06-05T04:59:19.680+0000] {logging_mixin.py:190} INFO - [2025-06-05T04:59:19.679+0000] {dag.py:4180} INFO - Setting next_dagrun for dataset_alias_example_alias_consumer to None, run_after=None
[2025-06-05T04:59:19.685+0000] {logging_mixin.py:190} INFO - [2025-06-05T04:59:19.685+0000] {dag.py:4180} INFO - Setting next_dagrun for dataset_alias_example_alias_producer to None, run_after=None
[2025-06-05T04:59:19.689+0000] {logging_mixin.py:190} INFO - [2025-06-05T04:59:19.689+0000] {dag.py:4180} INFO - Setting next_dagrun for dataset_s3_bucket_consumer to None, run_after=None
[2025-06-05T04:59:19.692+0000] {logging_mixin.py:190} INFO - [2025-06-05T04:59:19.692+0000] {dag.py:4180} INFO - Setting next_dagrun for dataset_s3_bucket_producer to None, run_after=None
[2025-06-05T04:59:19.752+0000] {processor.py:208} INFO - Processing /home/airflow/.local/lib/python3.10/site-packages/airflow/example_dags/example_dataset_alias.py took 1.089 seconds
[2025-06-05T04:59:50.089+0000] {processor.py:186} INFO - Started process (PID=668) to work on /home/airflow/.local/lib/python3.10/site-packages/airflow/example_dags/example_dataset_alias.py
[2025-06-05T04:59:50.096+0000] {processor.py:914} INFO - Processing file /home/airflow/.local/lib/python3.10/site-packages/airflow/example_dags/example_dataset_alias.py for tasks to queue
[2025-06-05T04:59:50.101+0000] {logging_mixin.py:190} INFO - [2025-06-05T04:59:50.100+0000] {dagbag.py:588} INFO - Filling up the DagBag from /home/airflow/.local/lib/python3.10/site-packages/airflow/example_dags/example_dataset_alias.py
[2025-06-05T04:59:50.985+0000] {processor.py:925} INFO - DAG(s) 'dataset_alias_example_alias_producer', 'dataset_s3_bucket_consumer', 'dataset_s3_bucket_producer', 'dataset_alias_example_alias_consumer' retrieved from /home/airflow/.local/lib/python3.10/site-packages/airflow/example_dags/example_dataset_alias.py
[2025-06-05T04:59:51.040+0000] {logging_mixin.py:190} INFO - [2025-06-05T04:59:51.039+0000] {dag.py:3239} INFO - Sync 4 DAGs
[2025-06-05T04:59:51.087+0000] {logging_mixin.py:190} INFO - [2025-06-05T04:59:51.086+0000] {dag.py:4180} INFO - Setting next_dagrun for dataset_alias_example_alias_consumer to None, run_after=None
[2025-06-05T04:59:51.095+0000] {logging_mixin.py:190} INFO - [2025-06-05T04:59:51.094+0000] {dag.py:4180} INFO - Setting next_dagrun for dataset_alias_example_alias_producer to None, run_after=None
[2025-06-05T04:59:51.100+0000] {logging_mixin.py:190} INFO - [2025-06-05T04:59:51.099+0000] {dag.py:4180} INFO - Setting next_dagrun for dataset_s3_bucket_consumer to None, run_after=None
[2025-06-05T04:59:51.104+0000] {logging_mixin.py:190} INFO - [2025-06-05T04:59:51.104+0000] {dag.py:4180} INFO - Setting next_dagrun for dataset_s3_bucket_producer to None, run_after=None
[2025-06-05T04:59:51.260+0000] {processor.py:208} INFO - Processing /home/airflow/.local/lib/python3.10/site-packages/airflow/example_dags/example_dataset_alias.py took 1.193 seconds
[2025-06-05T05:00:21.723+0000] {processor.py:186} INFO - Started process (PID=958) to work on /home/airflow/.local/lib/python3.10/site-packages/airflow/example_dags/example_dataset_alias.py
[2025-06-05T05:00:21.727+0000] {processor.py:914} INFO - Processing file /home/airflow/.local/lib/python3.10/site-packages/airflow/example_dags/example_dataset_alias.py for tasks to queue
[2025-06-05T05:00:21.731+0000] {logging_mixin.py:190} INFO - [2025-06-05T05:00:21.730+0000] {dagbag.py:588} INFO - Filling up the DagBag from /home/airflow/.local/lib/python3.10/site-packages/airflow/example_dags/example_dataset_alias.py
[2025-06-05T05:00:22.582+0000] {processor.py:925} INFO - DAG(s) 'dataset_s3_bucket_consumer', 'dataset_alias_example_alias_producer', 'dataset_s3_bucket_producer', 'dataset_alias_example_alias_consumer' retrieved from /home/airflow/.local/lib/python3.10/site-packages/airflow/example_dags/example_dataset_alias.py
[2025-06-05T05:00:22.628+0000] {logging_mixin.py:190} INFO - [2025-06-05T05:00:22.628+0000] {dag.py:3239} INFO - Sync 4 DAGs
[2025-06-05T05:00:22.666+0000] {logging_mixin.py:190} INFO - [2025-06-05T05:00:22.665+0000] {dag.py:4180} INFO - Setting next_dagrun for dataset_alias_example_alias_consumer to None, run_after=None
[2025-06-05T05:00:22.674+0000] {logging_mixin.py:190} INFO - [2025-06-05T05:00:22.674+0000] {dag.py:4180} INFO - Setting next_dagrun for dataset_alias_example_alias_producer to None, run_after=None
[2025-06-05T05:00:22.683+0000] {logging_mixin.py:190} INFO - [2025-06-05T05:00:22.682+0000] {dag.py:4180} INFO - Setting next_dagrun for dataset_s3_bucket_consumer to None, run_after=None
[2025-06-05T05:00:22.687+0000] {logging_mixin.py:190} INFO - [2025-06-05T05:00:22.686+0000] {dag.py:4180} INFO - Setting next_dagrun for dataset_s3_bucket_producer to None, run_after=None
[2025-06-05T05:00:22.751+0000] {processor.py:208} INFO - Processing /home/airflow/.local/lib/python3.10/site-packages/airflow/example_dags/example_dataset_alias.py took 1.043 seconds
[2025-06-05T05:00:53.092+0000] {processor.py:186} INFO - Started process (PID=1248) to work on /home/airflow/.local/lib/python3.10/site-packages/airflow/example_dags/example_dataset_alias.py
[2025-06-05T05:00:53.095+0000] {processor.py:914} INFO - Processing file /home/airflow/.local/lib/python3.10/site-packages/airflow/example_dags/example_dataset_alias.py for tasks to queue
[2025-06-05T05:00:53.098+0000] {logging_mixin.py:190} INFO - [2025-06-05T05:00:53.097+0000] {dagbag.py:588} INFO - Filling up the DagBag from /home/airflow/.local/lib/python3.10/site-packages/airflow/example_dags/example_dataset_alias.py
[2025-06-05T05:00:54.037+0000] {processor.py:925} INFO - DAG(s) 'dataset_s3_bucket_producer', 'dataset_s3_bucket_consumer', 'dataset_alias_example_alias_consumer', 'dataset_alias_example_alias_producer' retrieved from /home/airflow/.local/lib/python3.10/site-packages/airflow/example_dags/example_dataset_alias.py
[2025-06-05T05:00:54.104+0000] {logging_mixin.py:190} INFO - [2025-06-05T05:00:54.103+0000] {dag.py:3239} INFO - Sync 4 DAGs
[2025-06-05T05:00:54.152+0000] {logging_mixin.py:190} INFO - [2025-06-05T05:00:54.152+0000] {dag.py:4180} INFO - Setting next_dagrun for dataset_alias_example_alias_consumer to None, run_after=None
[2025-06-05T05:00:54.160+0000] {logging_mixin.py:190} INFO - [2025-06-05T05:00:54.159+0000] {dag.py:4180} INFO - Setting next_dagrun for dataset_alias_example_alias_producer to None, run_after=None
[2025-06-05T05:00:54.165+0000] {logging_mixin.py:190} INFO - [2025-06-05T05:00:54.165+0000] {dag.py:4180} INFO - Setting next_dagrun for dataset_s3_bucket_consumer to None, run_after=None
[2025-06-05T05:00:54.170+0000] {logging_mixin.py:190} INFO - [2025-06-05T05:00:54.170+0000] {dag.py:4180} INFO - Setting next_dagrun for dataset_s3_bucket_producer to None, run_after=None
[2025-06-05T05:00:54.320+0000] {processor.py:208} INFO - Processing /home/airflow/.local/lib/python3.10/site-packages/airflow/example_dags/example_dataset_alias.py took 1.246 seconds
[2025-06-05T05:01:24.660+0000] {processor.py:186} INFO - Started process (PID=1548) to work on /home/airflow/.local/lib/python3.10/site-packages/airflow/example_dags/example_dataset_alias.py
[2025-06-05T05:01:24.663+0000] {processor.py:914} INFO - Processing file /home/airflow/.local/lib/python3.10/site-packages/airflow/example_dags/example_dataset_alias.py for tasks to queue
[2025-06-05T05:01:24.665+0000] {logging_mixin.py:190} INFO - [2025-06-05T05:01:24.665+0000] {dagbag.py:588} INFO - Filling up the DagBag from /home/airflow/.local/lib/python3.10/site-packages/airflow/example_dags/example_dataset_alias.py
[2025-06-05T05:01:25.500+0000] {processor.py:925} INFO - DAG(s) 'dataset_alias_example_alias_consumer', 'dataset_s3_bucket_consumer', 'dataset_s3_bucket_producer', 'dataset_alias_example_alias_producer' retrieved from /home/airflow/.local/lib/python3.10/site-packages/airflow/example_dags/example_dataset_alias.py
[2025-06-05T05:01:25.547+0000] {logging_mixin.py:190} INFO - [2025-06-05T05:01:25.546+0000] {dag.py:3239} INFO - Sync 4 DAGs
[2025-06-05T05:01:25.579+0000] {logging_mixin.py:190} INFO - [2025-06-05T05:01:25.579+0000] {dag.py:4180} INFO - Setting next_dagrun for dataset_alias_example_alias_consumer to None, run_after=None
[2025-06-05T05:01:25.585+0000] {logging_mixin.py:190} INFO - [2025-06-05T05:01:25.585+0000] {dag.py:4180} INFO - Setting next_dagrun for dataset_alias_example_alias_producer to None, run_after=None
[2025-06-05T05:01:25.590+0000] {logging_mixin.py:190} INFO - [2025-06-05T05:01:25.589+0000] {dag.py:4180} INFO - Setting next_dagrun for dataset_s3_bucket_consumer to None, run_after=None
[2025-06-05T05:01:25.594+0000] {logging_mixin.py:190} INFO - [2025-06-05T05:01:25.593+0000] {dag.py:4180} INFO - Setting next_dagrun for dataset_s3_bucket_producer to None, run_after=None
[2025-06-05T05:01:25.760+0000] {processor.py:208} INFO - Processing /home/airflow/.local/lib/python3.10/site-packages/airflow/example_dags/example_dataset_alias.py took 1.114 seconds
[2025-06-05T05:01:56.119+0000] {processor.py:186} INFO - Started process (PID=1843) to work on /home/airflow/.local/lib/python3.10/site-packages/airflow/example_dags/example_dataset_alias.py
[2025-06-05T05:01:56.121+0000] {processor.py:914} INFO - Processing file /home/airflow/.local/lib/python3.10/site-packages/airflow/example_dags/example_dataset_alias.py for tasks to queue
[2025-06-05T05:01:56.125+0000] {logging_mixin.py:190} INFO - [2025-06-05T05:01:56.124+0000] {dagbag.py:588} INFO - Filling up the DagBag from /home/airflow/.local/lib/python3.10/site-packages/airflow/example_dags/example_dataset_alias.py
[2025-06-05T05:01:56.767+0000] {processor.py:925} INFO - DAG(s) 'dataset_alias_example_alias_consumer', 'dataset_s3_bucket_consumer', 'dataset_alias_example_alias_producer', 'dataset_s3_bucket_producer' retrieved from /home/airflow/.local/lib/python3.10/site-packages/airflow/example_dags/example_dataset_alias.py
[2025-06-05T05:01:56.801+0000] {logging_mixin.py:190} INFO - [2025-06-05T05:01:56.800+0000] {dag.py:3239} INFO - Sync 4 DAGs
[2025-06-05T05:01:56.822+0000] {logging_mixin.py:190} INFO - [2025-06-05T05:01:56.822+0000] {dag.py:4180} INFO - Setting next_dagrun for dataset_alias_example_alias_consumer to None, run_after=None
[2025-06-05T05:01:56.829+0000] {logging_mixin.py:190} INFO - [2025-06-05T05:01:56.829+0000] {dag.py:4180} INFO - Setting next_dagrun for dataset_alias_example_alias_producer to None, run_after=None
[2025-06-05T05:01:56.832+0000] {logging_mixin.py:190} INFO - [2025-06-05T05:01:56.832+0000] {dag.py:4180} INFO - Setting next_dagrun for dataset_s3_bucket_consumer to None, run_after=None
[2025-06-05T05:01:56.836+0000] {logging_mixin.py:190} INFO - [2025-06-05T05:01:56.835+0000] {dag.py:4180} INFO - Setting next_dagrun for dataset_s3_bucket_producer to None, run_after=None
[2025-06-05T05:01:56.888+0000] {processor.py:208} INFO - Processing /home/airflow/.local/lib/python3.10/site-packages/airflow/example_dags/example_dataset_alias.py took 0.783 seconds
[2025-06-05T05:02:09.219+0000] {processor.py:186} INFO - Started process (PID=2088) to work on /home/airflow/.local/lib/python3.10/site-packages/airflow/example_dags/example_dataset_alias.py
[2025-06-05T05:02:09.221+0000] {processor.py:914} INFO - Processing file /home/airflow/.local/lib/python3.10/site-packages/airflow/example_dags/example_dataset_alias.py for tasks to queue
[2025-06-05T05:02:09.224+0000] {logging_mixin.py:190} INFO - [2025-06-05T05:02:09.223+0000] {dagbag.py:588} INFO - Filling up the DagBag from /home/airflow/.local/lib/python3.10/site-packages/airflow/example_dags/example_dataset_alias.py
[2025-06-05T05:02:09.919+0000] {processor.py:925} INFO - DAG(s) 'dataset_alias_example_alias_consumer', 'dataset_alias_example_alias_producer', 'dataset_s3_bucket_consumer', 'dataset_s3_bucket_producer' retrieved from /home/airflow/.local/lib/python3.10/site-packages/airflow/example_dags/example_dataset_alias.py
[2025-06-05T05:02:09.958+0000] {logging_mixin.py:190} INFO - [2025-06-05T05:02:09.958+0000] {dag.py:3239} INFO - Sync 4 DAGs
[2025-06-05T05:02:09.980+0000] {logging_mixin.py:190} INFO - [2025-06-05T05:02:09.980+0000] {dag.py:4180} INFO - Setting next_dagrun for dataset_alias_example_alias_consumer to None, run_after=None
[2025-06-05T05:02:09.989+0000] {logging_mixin.py:190} INFO - [2025-06-05T05:02:09.989+0000] {dag.py:4180} INFO - Setting next_dagrun for dataset_alias_example_alias_producer to None, run_after=None
[2025-06-05T05:02:09.993+0000] {logging_mixin.py:190} INFO - [2025-06-05T05:02:09.992+0000] {dag.py:4180} INFO - Setting next_dagrun for dataset_s3_bucket_consumer to None, run_after=None
[2025-06-05T05:02:09.997+0000] {logging_mixin.py:190} INFO - [2025-06-05T05:02:09.997+0000] {dag.py:4180} INFO - Setting next_dagrun for dataset_s3_bucket_producer to None, run_after=None
[2025-06-05T05:02:10.050+0000] {processor.py:208} INFO - Processing /home/airflow/.local/lib/python3.10/site-packages/airflow/example_dags/example_dataset_alias.py took 0.843 seconds
[2025-06-05T05:02:42.015+0000] {processor.py:186} INFO - Started process (PID=2383) to work on /home/airflow/.local/lib/python3.10/site-packages/airflow/example_dags/example_dataset_alias.py
[2025-06-05T05:02:42.017+0000] {processor.py:914} INFO - Processing file /home/airflow/.local/lib/python3.10/site-packages/airflow/example_dags/example_dataset_alias.py for tasks to queue
[2025-06-05T05:02:42.019+0000] {logging_mixin.py:190} INFO - [2025-06-05T05:02:42.019+0000] {dagbag.py:588} INFO - Filling up the DagBag from /home/airflow/.local/lib/python3.10/site-packages/airflow/example_dags/example_dataset_alias.py
[2025-06-05T05:02:42.759+0000] {processor.py:925} INFO - DAG(s) 'dataset_s3_bucket_consumer', 'dataset_s3_bucket_producer', 'dataset_alias_example_alias_producer', 'dataset_alias_example_alias_consumer' retrieved from /home/airflow/.local/lib/python3.10/site-packages/airflow/example_dags/example_dataset_alias.py
[2025-06-05T05:02:42.799+0000] {logging_mixin.py:190} INFO - [2025-06-05T05:02:42.799+0000] {dag.py:3239} INFO - Sync 4 DAGs
[2025-06-05T05:02:42.829+0000] {logging_mixin.py:190} INFO - [2025-06-05T05:02:42.828+0000] {dag.py:4180} INFO - Setting next_dagrun for dataset_alias_example_alias_consumer to None, run_after=None
[2025-06-05T05:02:42.834+0000] {logging_mixin.py:190} INFO - [2025-06-05T05:02:42.834+0000] {dag.py:4180} INFO - Setting next_dagrun for dataset_alias_example_alias_producer to None, run_after=None
[2025-06-05T05:02:42.838+0000] {logging_mixin.py:190} INFO - [2025-06-05T05:02:42.838+0000] {dag.py:4180} INFO - Setting next_dagrun for dataset_s3_bucket_consumer to None, run_after=None
[2025-06-05T05:02:42.843+0000] {logging_mixin.py:190} INFO - [2025-06-05T05:02:42.843+0000] {dag.py:4180} INFO - Setting next_dagrun for dataset_s3_bucket_producer to None, run_after=None
[2025-06-05T05:02:42.911+0000] {processor.py:208} INFO - Processing /home/airflow/.local/lib/python3.10/site-packages/airflow/example_dags/example_dataset_alias.py took 0.907 seconds
[2025-06-05T05:03:13.966+0000] {processor.py:186} INFO - Started process (PID=2685) to work on /home/airflow/.local/lib/python3.10/site-packages/airflow/example_dags/example_dataset_alias.py
[2025-06-05T05:03:13.968+0000] {processor.py:914} INFO - Processing file /home/airflow/.local/lib/python3.10/site-packages/airflow/example_dags/example_dataset_alias.py for tasks to queue
[2025-06-05T05:03:13.970+0000] {logging_mixin.py:190} INFO - [2025-06-05T05:03:13.970+0000] {dagbag.py:588} INFO - Filling up the DagBag from /home/airflow/.local/lib/python3.10/site-packages/airflow/example_dags/example_dataset_alias.py
[2025-06-05T05:03:14.558+0000] {processor.py:925} INFO - DAG(s) 'dataset_s3_bucket_consumer', 'dataset_alias_example_alias_consumer', 'dataset_s3_bucket_producer', 'dataset_alias_example_alias_producer' retrieved from /home/airflow/.local/lib/python3.10/site-packages/airflow/example_dags/example_dataset_alias.py
[2025-06-05T05:03:14.597+0000] {logging_mixin.py:190} INFO - [2025-06-05T05:03:14.597+0000] {dag.py:3239} INFO - Sync 4 DAGs
[2025-06-05T05:03:14.626+0000] {logging_mixin.py:190} INFO - [2025-06-05T05:03:14.625+0000] {dag.py:4180} INFO - Setting next_dagrun for dataset_alias_example_alias_consumer to None, run_after=None
[2025-06-05T05:03:14.631+0000] {logging_mixin.py:190} INFO - [2025-06-05T05:03:14.630+0000] {dag.py:4180} INFO - Setting next_dagrun for dataset_alias_example_alias_producer to None, run_after=None
[2025-06-05T05:03:14.634+0000] {logging_mixin.py:190} INFO - [2025-06-05T05:03:14.634+0000] {dag.py:4180} INFO - Setting next_dagrun for dataset_s3_bucket_consumer to None, run_after=None
[2025-06-05T05:03:14.637+0000] {logging_mixin.py:190} INFO - [2025-06-05T05:03:14.637+0000] {dag.py:4180} INFO - Setting next_dagrun for dataset_s3_bucket_producer to None, run_after=None
[2025-06-05T05:03:14.740+0000] {processor.py:208} INFO - Processing /home/airflow/.local/lib/python3.10/site-packages/airflow/example_dags/example_dataset_alias.py took 0.784 seconds
[2025-06-05T05:03:44.998+0000] {processor.py:186} INFO - Started process (PID=2975) to work on /home/airflow/.local/lib/python3.10/site-packages/airflow/example_dags/example_dataset_alias.py
[2025-06-05T05:03:45.001+0000] {processor.py:914} INFO - Processing file /home/airflow/.local/lib/python3.10/site-packages/airflow/example_dags/example_dataset_alias.py for tasks to queue
[2025-06-05T05:03:45.004+0000] {logging_mixin.py:190} INFO - [2025-06-05T05:03:45.004+0000] {dagbag.py:588} INFO - Filling up the DagBag from /home/airflow/.local/lib/python3.10/site-packages/airflow/example_dags/example_dataset_alias.py
[2025-06-05T05:03:45.733+0000] {processor.py:925} INFO - DAG(s) 'dataset_alias_example_alias_producer', 'dataset_alias_example_alias_consumer', 'dataset_s3_bucket_consumer', 'dataset_s3_bucket_producer' retrieved from /home/airflow/.local/lib/python3.10/site-packages/airflow/example_dags/example_dataset_alias.py
[2025-06-05T05:03:45.795+0000] {logging_mixin.py:190} INFO - [2025-06-05T05:03:45.794+0000] {dag.py:3239} INFO - Sync 4 DAGs
[2025-06-05T05:03:45.834+0000] {logging_mixin.py:190} INFO - [2025-06-05T05:03:45.833+0000] {dag.py:4180} INFO - Setting next_dagrun for dataset_alias_example_alias_consumer to None, run_after=None
[2025-06-05T05:03:45.841+0000] {logging_mixin.py:190} INFO - [2025-06-05T05:03:45.840+0000] {dag.py:4180} INFO - Setting next_dagrun for dataset_alias_example_alias_producer to None, run_after=None
[2025-06-05T05:03:45.846+0000] {logging_mixin.py:190} INFO - [2025-06-05T05:03:45.845+0000] {dag.py:4180} INFO - Setting next_dagrun for dataset_s3_bucket_consumer to None, run_after=None
[2025-06-05T05:03:45.850+0000] {logging_mixin.py:190} INFO - [2025-06-05T05:03:45.849+0000] {dag.py:4180} INFO - Setting next_dagrun for dataset_s3_bucket_producer to None, run_after=None
[2025-06-05T05:03:45.917+0000] {processor.py:208} INFO - Processing /home/airflow/.local/lib/python3.10/site-packages/airflow/example_dags/example_dataset_alias.py took 0.931 seconds
[2025-06-05T05:04:16.229+0000] {processor.py:186} INFO - Started process (PID=3278) to work on /home/airflow/.local/lib/python3.10/site-packages/airflow/example_dags/example_dataset_alias.py
[2025-06-05T05:04:16.231+0000] {processor.py:914} INFO - Processing file /home/airflow/.local/lib/python3.10/site-packages/airflow/example_dags/example_dataset_alias.py for tasks to queue
[2025-06-05T05:04:16.233+0000] {logging_mixin.py:190} INFO - [2025-06-05T05:04:16.233+0000] {dagbag.py:588} INFO - Filling up the DagBag from /home/airflow/.local/lib/python3.10/site-packages/airflow/example_dags/example_dataset_alias.py
[2025-06-05T05:04:16.947+0000] {processor.py:925} INFO - DAG(s) 'dataset_s3_bucket_producer', 'dataset_s3_bucket_consumer', 'dataset_alias_example_alias_consumer', 'dataset_alias_example_alias_producer' retrieved from /home/airflow/.local/lib/python3.10/site-packages/airflow/example_dags/example_dataset_alias.py
[2025-06-05T05:04:17.006+0000] {logging_mixin.py:190} INFO - [2025-06-05T05:04:17.006+0000] {dag.py:3239} INFO - Sync 4 DAGs
[2025-06-05T05:04:17.037+0000] {logging_mixin.py:190} INFO - [2025-06-05T05:04:17.036+0000] {dag.py:4180} INFO - Setting next_dagrun for dataset_alias_example_alias_consumer to None, run_after=None
[2025-06-05T05:04:17.042+0000] {logging_mixin.py:190} INFO - [2025-06-05T05:04:17.041+0000] {dag.py:4180} INFO - Setting next_dagrun for dataset_alias_example_alias_producer to None, run_after=None
[2025-06-05T05:04:17.045+0000] {logging_mixin.py:190} INFO - [2025-06-05T05:04:17.045+0000] {dag.py:4180} INFO - Setting next_dagrun for dataset_s3_bucket_consumer to None, run_after=None
[2025-06-05T05:04:17.048+0000] {logging_mixin.py:190} INFO - [2025-06-05T05:04:17.047+0000] {dag.py:4180} INFO - Setting next_dagrun for dataset_s3_bucket_producer to None, run_after=None
[2025-06-05T05:04:17.097+0000] {processor.py:208} INFO - Processing /home/airflow/.local/lib/python3.10/site-packages/airflow/example_dags/example_dataset_alias.py took 0.879 seconds
[2025-06-05T05:04:47.568+0000] {processor.py:186} INFO - Started process (PID=3568) to work on /home/airflow/.local/lib/python3.10/site-packages/airflow/example_dags/example_dataset_alias.py
[2025-06-05T05:04:47.571+0000] {processor.py:914} INFO - Processing file /home/airflow/.local/lib/python3.10/site-packages/airflow/example_dags/example_dataset_alias.py for tasks to queue
[2025-06-05T05:04:47.575+0000] {logging_mixin.py:190} INFO - [2025-06-05T05:04:47.574+0000] {dagbag.py:588} INFO - Filling up the DagBag from /home/airflow/.local/lib/python3.10/site-packages/airflow/example_dags/example_dataset_alias.py
[2025-06-05T05:04:48.438+0000] {processor.py:925} INFO - DAG(s) 'dataset_s3_bucket_producer', 'dataset_alias_example_alias_producer', 'dataset_alias_example_alias_consumer', 'dataset_s3_bucket_consumer' retrieved from /home/airflow/.local/lib/python3.10/site-packages/airflow/example_dags/example_dataset_alias.py
[2025-06-05T05:04:48.495+0000] {logging_mixin.py:190} INFO - [2025-06-05T05:04:48.494+0000] {dag.py:3239} INFO - Sync 4 DAGs
[2025-06-05T05:04:48.524+0000] {logging_mixin.py:190} INFO - [2025-06-05T05:04:48.524+0000] {dag.py:4180} INFO - Setting next_dagrun for dataset_alias_example_alias_consumer to None, run_after=None
[2025-06-05T05:04:48.535+0000] {logging_mixin.py:190} INFO - [2025-06-05T05:04:48.535+0000] {dag.py:4180} INFO - Setting next_dagrun for dataset_alias_example_alias_producer to None, run_after=None
[2025-06-05T05:04:48.540+0000] {logging_mixin.py:190} INFO - [2025-06-05T05:04:48.539+0000] {dag.py:4180} INFO - Setting next_dagrun for dataset_s3_bucket_consumer to None, run_after=None
[2025-06-05T05:04:48.545+0000] {logging_mixin.py:190} INFO - [2025-06-05T05:04:48.545+0000] {dag.py:4180} INFO - Setting next_dagrun for dataset_s3_bucket_producer to None, run_after=None
[2025-06-05T05:04:48.613+0000] {processor.py:208} INFO - Processing /home/airflow/.local/lib/python3.10/site-packages/airflow/example_dags/example_dataset_alias.py took 1.058 seconds
