[2025-06-05T04:58:03.710+0000] {processor.py:186} INFO - Started process (PID=99392) to work on /home/airflow/.local/lib/python3.10/site-packages/airflow/example_dags/example_branch_python_dop_operator_3.py
[2025-06-05T04:58:03.714+0000] {processor.py:914} INFO - Processing file /home/airflow/.local/lib/python3.10/site-packages/airflow/example_dags/example_branch_python_dop_operator_3.py for tasks to queue
[2025-06-05T04:58:03.719+0000] {logging_mixin.py:190} INFO - [2025-06-05T04:58:03.718+0000] {dagbag.py:588} INFO - Filling up the DagBag from /home/airflow/.local/lib/python3.10/site-packages/airflow/example_dags/example_branch_python_dop_operator_3.py
[2025-06-05T04:58:03.753+0000] {processor.py:925} INFO - DAG(s) 'example_branch_dop_operator_v3' retrieved from /home/airflow/.local/lib/python3.10/site-packages/airflow/example_dags/example_branch_python_dop_operator_3.py
[2025-06-05T04:58:04.000+0000] {logging_mixin.py:190} INFO - [2025-06-05T04:58:04.000+0000] {dag.py:3239} INFO - Sync 1 DAGs
[2025-06-05T04:58:04.092+0000] {logging_mixin.py:190} INFO - [2025-06-05T04:58:04.091+0000] {dag.py:4180} INFO - Setting next_dagrun for example_branch_dop_operator_v3 to 2025-06-05 04:57:00+00:00, run_after=2025-06-05 04:58:00+00:00
[2025-06-05T04:58:04.212+0000] {processor.py:208} INFO - Processing /home/airflow/.local/lib/python3.10/site-packages/airflow/example_dags/example_branch_python_dop_operator_3.py took 0.536 seconds
[2025-06-05T04:58:34.571+0000] {processor.py:186} INFO - Started process (PID=99677) to work on /home/airflow/.local/lib/python3.10/site-packages/airflow/example_dags/example_branch_python_dop_operator_3.py
[2025-06-05T04:58:34.574+0000] {processor.py:914} INFO - Processing file /home/airflow/.local/lib/python3.10/site-packages/airflow/example_dags/example_branch_python_dop_operator_3.py for tasks to queue
[2025-06-05T04:58:34.577+0000] {logging_mixin.py:190} INFO - [2025-06-05T04:58:34.577+0000] {dagbag.py:588} INFO - Filling up the DagBag from /home/airflow/.local/lib/python3.10/site-packages/airflow/example_dags/example_branch_python_dop_operator_3.py
[2025-06-05T04:58:34.596+0000] {processor.py:925} INFO - DAG(s) 'example_branch_dop_operator_v3' retrieved from /home/airflow/.local/lib/python3.10/site-packages/airflow/example_dags/example_branch_python_dop_operator_3.py
[2025-06-05T04:58:34.706+0000] {logging_mixin.py:190} INFO - [2025-06-05T04:58:34.705+0000] {dag.py:3239} INFO - Sync 1 DAGs
[2025-06-05T04:58:34.753+0000] {logging_mixin.py:190} INFO - [2025-06-05T04:58:34.753+0000] {dag.py:4180} INFO - Setting next_dagrun for example_branch_dop_operator_v3 to 2025-06-05 04:57:00+00:00, run_after=2025-06-05 04:58:00+00:00
[2025-06-05T04:58:34.805+0000] {processor.py:208} INFO - Processing /home/airflow/.local/lib/python3.10/site-packages/airflow/example_dags/example_branch_python_dop_operator_3.py took 0.257 seconds
[2025-06-05T04:59:05.489+0000] {processor.py:186} INFO - Started process (PID=99962) to work on /home/airflow/.local/lib/python3.10/site-packages/airflow/example_dags/example_branch_python_dop_operator_3.py
[2025-06-05T04:59:05.491+0000] {processor.py:914} INFO - Processing file /home/airflow/.local/lib/python3.10/site-packages/airflow/example_dags/example_branch_python_dop_operator_3.py for tasks to queue
[2025-06-05T04:59:05.495+0000] {logging_mixin.py:190} INFO - [2025-06-05T04:59:05.494+0000] {dagbag.py:588} INFO - Filling up the DagBag from /home/airflow/.local/lib/python3.10/site-packages/airflow/example_dags/example_branch_python_dop_operator_3.py
[2025-06-05T04:59:05.509+0000] {processor.py:925} INFO - DAG(s) 'example_branch_dop_operator_v3' retrieved from /home/airflow/.local/lib/python3.10/site-packages/airflow/example_dags/example_branch_python_dop_operator_3.py
[2025-06-05T04:59:05.646+0000] {logging_mixin.py:190} INFO - [2025-06-05T04:59:05.645+0000] {dag.py:3239} INFO - Sync 1 DAGs
[2025-06-05T04:59:05.719+0000] {logging_mixin.py:190} INFO - [2025-06-05T04:59:05.718+0000] {dag.py:4180} INFO - Setting next_dagrun for example_branch_dop_operator_v3 to 2025-06-05 04:58:00+00:00, run_after=2025-06-05 04:59:00+00:00
[2025-06-05T04:59:05.800+0000] {processor.py:208} INFO - Processing /home/airflow/.local/lib/python3.10/site-packages/airflow/example_dags/example_branch_python_dop_operator_3.py took 0.326 seconds
[2025-06-05T04:59:37.633+0000] {processor.py:186} INFO - Started process (PID=558) to work on /home/airflow/.local/lib/python3.10/site-packages/airflow/example_dags/example_branch_python_dop_operator_3.py
[2025-06-05T04:59:37.636+0000] {processor.py:914} INFO - Processing file /home/airflow/.local/lib/python3.10/site-packages/airflow/example_dags/example_branch_python_dop_operator_3.py for tasks to queue
[2025-06-05T04:59:37.639+0000] {logging_mixin.py:190} INFO - [2025-06-05T04:59:37.639+0000] {dagbag.py:588} INFO - Filling up the DagBag from /home/airflow/.local/lib/python3.10/site-packages/airflow/example_dags/example_branch_python_dop_operator_3.py
[2025-06-05T04:59:37.658+0000] {processor.py:925} INFO - DAG(s) 'example_branch_dop_operator_v3' retrieved from /home/airflow/.local/lib/python3.10/site-packages/airflow/example_dags/example_branch_python_dop_operator_3.py
[2025-06-05T04:59:37.759+0000] {logging_mixin.py:190} INFO - [2025-06-05T04:59:37.758+0000] {dag.py:3239} INFO - Sync 1 DAGs
[2025-06-05T04:59:37.802+0000] {logging_mixin.py:190} INFO - [2025-06-05T04:59:37.801+0000] {dag.py:4180} INFO - Setting next_dagrun for example_branch_dop_operator_v3 to 2025-06-05 04:58:00+00:00, run_after=2025-06-05 04:59:00+00:00
[2025-06-05T04:59:37.897+0000] {processor.py:208} INFO - Processing /home/airflow/.local/lib/python3.10/site-packages/airflow/example_dags/example_branch_python_dop_operator_3.py took 0.281 seconds
[2025-06-05T05:00:11.100+0000] {processor.py:186} INFO - Started process (PID=848) to work on /home/airflow/.local/lib/python3.10/site-packages/airflow/example_dags/example_branch_python_dop_operator_3.py
[2025-06-05T05:00:11.102+0000] {processor.py:914} INFO - Processing file /home/airflow/.local/lib/python3.10/site-packages/airflow/example_dags/example_branch_python_dop_operator_3.py for tasks to queue
[2025-06-05T05:00:11.105+0000] {logging_mixin.py:190} INFO - [2025-06-05T05:00:11.104+0000] {dagbag.py:588} INFO - Filling up the DagBag from /home/airflow/.local/lib/python3.10/site-packages/airflow/example_dags/example_branch_python_dop_operator_3.py
[2025-06-05T05:00:11.122+0000] {processor.py:925} INFO - DAG(s) 'example_branch_dop_operator_v3' retrieved from /home/airflow/.local/lib/python3.10/site-packages/airflow/example_dags/example_branch_python_dop_operator_3.py
[2025-06-05T05:00:11.221+0000] {logging_mixin.py:190} INFO - [2025-06-05T05:00:11.221+0000] {dag.py:3239} INFO - Sync 1 DAGs
[2025-06-05T05:00:11.266+0000] {logging_mixin.py:190} INFO - [2025-06-05T05:00:11.265+0000] {dag.py:4180} INFO - Setting next_dagrun for example_branch_dop_operator_v3 to 2025-06-05 04:59:00+00:00, run_after=2025-06-05 05:00:00+00:00
[2025-06-05T05:00:11.368+0000] {processor.py:208} INFO - Processing /home/airflow/.local/lib/python3.10/site-packages/airflow/example_dags/example_branch_python_dop_operator_3.py took 0.284 seconds
[2025-06-05T05:00:42.899+0000] {processor.py:186} INFO - Started process (PID=1138) to work on /home/airflow/.local/lib/python3.10/site-packages/airflow/example_dags/example_branch_python_dop_operator_3.py
[2025-06-05T05:00:42.903+0000] {processor.py:914} INFO - Processing file /home/airflow/.local/lib/python3.10/site-packages/airflow/example_dags/example_branch_python_dop_operator_3.py for tasks to queue
[2025-06-05T05:00:42.908+0000] {logging_mixin.py:190} INFO - [2025-06-05T05:00:42.907+0000] {dagbag.py:588} INFO - Filling up the DagBag from /home/airflow/.local/lib/python3.10/site-packages/airflow/example_dags/example_branch_python_dop_operator_3.py
[2025-06-05T05:00:42.932+0000] {processor.py:925} INFO - DAG(s) 'example_branch_dop_operator_v3' retrieved from /home/airflow/.local/lib/python3.10/site-packages/airflow/example_dags/example_branch_python_dop_operator_3.py
[2025-06-05T05:00:43.055+0000] {logging_mixin.py:190} INFO - [2025-06-05T05:00:43.054+0000] {dag.py:3239} INFO - Sync 1 DAGs
[2025-06-05T05:00:43.111+0000] {logging_mixin.py:190} INFO - [2025-06-05T05:00:43.110+0000] {dag.py:4180} INFO - Setting next_dagrun for example_branch_dop_operator_v3 to 2025-06-05 04:59:00+00:00, run_after=2025-06-05 05:00:00+00:00
[2025-06-05T05:00:43.170+0000] {processor.py:208} INFO - Processing /home/airflow/.local/lib/python3.10/site-packages/airflow/example_dags/example_branch_python_dop_operator_3.py took 0.296 seconds
[2025-06-05T05:01:15.711+0000] {processor.py:186} INFO - Started process (PID=1425) to work on /home/airflow/.local/lib/python3.10/site-packages/airflow/example_dags/example_branch_python_dop_operator_3.py
[2025-06-05T05:01:15.714+0000] {processor.py:914} INFO - Processing file /home/airflow/.local/lib/python3.10/site-packages/airflow/example_dags/example_branch_python_dop_operator_3.py for tasks to queue
[2025-06-05T05:01:15.716+0000] {logging_mixin.py:190} INFO - [2025-06-05T05:01:15.715+0000] {dagbag.py:588} INFO - Filling up the DagBag from /home/airflow/.local/lib/python3.10/site-packages/airflow/example_dags/example_branch_python_dop_operator_3.py
[2025-06-05T05:01:15.730+0000] {processor.py:925} INFO - DAG(s) 'example_branch_dop_operator_v3' retrieved from /home/airflow/.local/lib/python3.10/site-packages/airflow/example_dags/example_branch_python_dop_operator_3.py
[2025-06-05T05:01:15.825+0000] {logging_mixin.py:190} INFO - [2025-06-05T05:01:15.825+0000] {dag.py:3239} INFO - Sync 1 DAGs
[2025-06-05T05:01:15.866+0000] {logging_mixin.py:190} INFO - [2025-06-05T05:01:15.866+0000] {dag.py:4180} INFO - Setting next_dagrun for example_branch_dop_operator_v3 to 2025-06-05 05:00:00+00:00, run_after=2025-06-05 05:01:00+00:00
[2025-06-05T05:01:15.979+0000] {processor.py:208} INFO - Processing /home/airflow/.local/lib/python3.10/site-packages/airflow/example_dags/example_branch_python_dop_operator_3.py took 0.283 seconds
[2025-06-05T05:01:48.032+0000] {processor.py:186} INFO - Started process (PID=1718) to work on /home/airflow/.local/lib/python3.10/site-packages/airflow/example_dags/example_branch_python_dop_operator_3.py
[2025-06-05T05:01:48.035+0000] {processor.py:914} INFO - Processing file /home/airflow/.local/lib/python3.10/site-packages/airflow/example_dags/example_branch_python_dop_operator_3.py for tasks to queue
[2025-06-05T05:01:48.038+0000] {logging_mixin.py:190} INFO - [2025-06-05T05:01:48.038+0000] {dagbag.py:588} INFO - Filling up the DagBag from /home/airflow/.local/lib/python3.10/site-packages/airflow/example_dags/example_branch_python_dop_operator_3.py
[2025-06-05T05:01:48.054+0000] {processor.py:925} INFO - DAG(s) 'example_branch_dop_operator_v3' retrieved from /home/airflow/.local/lib/python3.10/site-packages/airflow/example_dags/example_branch_python_dop_operator_3.py
[2025-06-05T05:01:48.167+0000] {logging_mixin.py:190} INFO - [2025-06-05T05:01:48.166+0000] {dag.py:3239} INFO - Sync 1 DAGs
[2025-06-05T05:01:48.215+0000] {logging_mixin.py:190} INFO - [2025-06-05T05:01:48.214+0000] {dag.py:4180} INFO - Setting next_dagrun for example_branch_dop_operator_v3 to 2025-06-05 05:00:00+00:00, run_after=2025-06-05 05:01:00+00:00
[2025-06-05T05:01:48.270+0000] {processor.py:208} INFO - Processing /home/airflow/.local/lib/python3.10/site-packages/airflow/example_dags/example_branch_python_dop_operator_3.py took 0.254 seconds
[2025-06-05T05:02:05.759+0000] {processor.py:186} INFO - Started process (PID=1993) to work on /home/airflow/.local/lib/python3.10/site-packages/airflow/example_dags/example_branch_python_dop_operator_3.py
[2025-06-05T05:02:05.761+0000] {processor.py:914} INFO - Processing file /home/airflow/.local/lib/python3.10/site-packages/airflow/example_dags/example_branch_python_dop_operator_3.py for tasks to queue
[2025-06-05T05:02:05.764+0000] {logging_mixin.py:190} INFO - [2025-06-05T05:02:05.763+0000] {dagbag.py:588} INFO - Filling up the DagBag from /home/airflow/.local/lib/python3.10/site-packages/airflow/example_dags/example_branch_python_dop_operator_3.py
[2025-06-05T05:02:05.779+0000] {processor.py:925} INFO - DAG(s) 'example_branch_dop_operator_v3' retrieved from /home/airflow/.local/lib/python3.10/site-packages/airflow/example_dags/example_branch_python_dop_operator_3.py
[2025-06-05T05:02:05.883+0000] {logging_mixin.py:190} INFO - [2025-06-05T05:02:05.882+0000] {dag.py:3239} INFO - Sync 1 DAGs
[2025-06-05T05:02:05.944+0000] {logging_mixin.py:190} INFO - [2025-06-05T05:02:05.943+0000] {dag.py:4180} INFO - Setting next_dagrun for example_branch_dop_operator_v3 to 2025-06-05 05:01:00+00:00, run_after=2025-06-05 05:02:00+00:00
[2025-06-05T05:02:06.002+0000] {processor.py:208} INFO - Processing /home/airflow/.local/lib/python3.10/site-packages/airflow/example_dags/example_branch_python_dop_operator_3.py took 0.256 seconds
[2025-06-05T05:02:37.600+0000] {processor.py:186} INFO - Started process (PID=2283) to work on /home/airflow/.local/lib/python3.10/site-packages/airflow/example_dags/example_branch_python_dop_operator_3.py
[2025-06-05T05:02:37.604+0000] {processor.py:914} INFO - Processing file /home/airflow/.local/lib/python3.10/site-packages/airflow/example_dags/example_branch_python_dop_operator_3.py for tasks to queue
[2025-06-05T05:02:37.612+0000] {logging_mixin.py:190} INFO - [2025-06-05T05:02:37.611+0000] {dagbag.py:588} INFO - Filling up the DagBag from /home/airflow/.local/lib/python3.10/site-packages/airflow/example_dags/example_branch_python_dop_operator_3.py
[2025-06-05T05:02:37.632+0000] {processor.py:925} INFO - DAG(s) 'example_branch_dop_operator_v3' retrieved from /home/airflow/.local/lib/python3.10/site-packages/airflow/example_dags/example_branch_python_dop_operator_3.py
[2025-06-05T05:02:37.763+0000] {logging_mixin.py:190} INFO - [2025-06-05T05:02:37.763+0000] {dag.py:3239} INFO - Sync 1 DAGs
[2025-06-05T05:02:37.818+0000] {logging_mixin.py:190} INFO - [2025-06-05T05:02:37.817+0000] {dag.py:4180} INFO - Setting next_dagrun for example_branch_dop_operator_v3 to 2025-06-05 05:01:00+00:00, run_after=2025-06-05 05:02:00+00:00
[2025-06-05T05:02:37.875+0000] {processor.py:208} INFO - Processing /home/airflow/.local/lib/python3.10/site-packages/airflow/example_dags/example_branch_python_dop_operator_3.py took 0.295 seconds
[2025-06-05T05:03:07.990+0000] {processor.py:186} INFO - Started process (PID=2568) to work on /home/airflow/.local/lib/python3.10/site-packages/airflow/example_dags/example_branch_python_dop_operator_3.py
[2025-06-05T05:03:07.992+0000] {processor.py:914} INFO - Processing file /home/airflow/.local/lib/python3.10/site-packages/airflow/example_dags/example_branch_python_dop_operator_3.py for tasks to queue
[2025-06-05T05:03:07.995+0000] {logging_mixin.py:190} INFO - [2025-06-05T05:03:07.994+0000] {dagbag.py:588} INFO - Filling up the DagBag from /home/airflow/.local/lib/python3.10/site-packages/airflow/example_dags/example_branch_python_dop_operator_3.py
[2025-06-05T05:03:08.009+0000] {processor.py:925} INFO - DAG(s) 'example_branch_dop_operator_v3' retrieved from /home/airflow/.local/lib/python3.10/site-packages/airflow/example_dags/example_branch_python_dop_operator_3.py
[2025-06-05T05:03:08.113+0000] {logging_mixin.py:190} INFO - [2025-06-05T05:03:08.112+0000] {dag.py:3239} INFO - Sync 1 DAGs
[2025-06-05T05:03:08.156+0000] {logging_mixin.py:190} INFO - [2025-06-05T05:03:08.155+0000] {dag.py:4180} INFO - Setting next_dagrun for example_branch_dop_operator_v3 to 2025-06-05 05:02:00+00:00, run_after=2025-06-05 05:03:00+00:00
[2025-06-05T05:03:08.265+0000] {processor.py:208} INFO - Processing /home/airflow/.local/lib/python3.10/site-packages/airflow/example_dags/example_branch_python_dop_operator_3.py took 0.288 seconds
[2025-06-05T05:03:38.855+0000] {processor.py:186} INFO - Started process (PID=2853) to work on /home/airflow/.local/lib/python3.10/site-packages/airflow/example_dags/example_branch_python_dop_operator_3.py
[2025-06-05T05:03:38.862+0000] {processor.py:914} INFO - Processing file /home/airflow/.local/lib/python3.10/site-packages/airflow/example_dags/example_branch_python_dop_operator_3.py for tasks to queue
[2025-06-05T05:03:38.864+0000] {logging_mixin.py:190} INFO - [2025-06-05T05:03:38.864+0000] {dagbag.py:588} INFO - Filling up the DagBag from /home/airflow/.local/lib/python3.10/site-packages/airflow/example_dags/example_branch_python_dop_operator_3.py
[2025-06-05T05:03:38.880+0000] {processor.py:925} INFO - DAG(s) 'example_branch_dop_operator_v3' retrieved from /home/airflow/.local/lib/python3.10/site-packages/airflow/example_dags/example_branch_python_dop_operator_3.py
[2025-06-05T05:03:38.984+0000] {logging_mixin.py:190} INFO - [2025-06-05T05:03:38.984+0000] {dag.py:3239} INFO - Sync 1 DAGs
[2025-06-05T05:03:39.034+0000] {logging_mixin.py:190} INFO - [2025-06-05T05:03:39.034+0000] {dag.py:4180} INFO - Setting next_dagrun for example_branch_dop_operator_v3 to 2025-06-05 05:02:00+00:00, run_after=2025-06-05 05:03:00+00:00
[2025-06-05T05:03:39.104+0000] {processor.py:208} INFO - Processing /home/airflow/.local/lib/python3.10/site-packages/airflow/example_dags/example_branch_python_dop_operator_3.py took 0.268 seconds
[2025-06-05T05:04:09.864+0000] {processor.py:186} INFO - Started process (PID=3148) to work on /home/airflow/.local/lib/python3.10/site-packages/airflow/example_dags/example_branch_python_dop_operator_3.py
[2025-06-05T05:04:09.866+0000] {processor.py:914} INFO - Processing file /home/airflow/.local/lib/python3.10/site-packages/airflow/example_dags/example_branch_python_dop_operator_3.py for tasks to queue
[2025-06-05T05:04:09.869+0000] {logging_mixin.py:190} INFO - [2025-06-05T05:04:09.869+0000] {dagbag.py:588} INFO - Filling up the DagBag from /home/airflow/.local/lib/python3.10/site-packages/airflow/example_dags/example_branch_python_dop_operator_3.py
[2025-06-05T05:04:09.885+0000] {processor.py:925} INFO - DAG(s) 'example_branch_dop_operator_v3' retrieved from /home/airflow/.local/lib/python3.10/site-packages/airflow/example_dags/example_branch_python_dop_operator_3.py
[2025-06-05T05:04:09.975+0000] {logging_mixin.py:190} INFO - [2025-06-05T05:04:09.975+0000] {dag.py:3239} INFO - Sync 1 DAGs
[2025-06-05T05:04:10.009+0000] {logging_mixin.py:190} INFO - [2025-06-05T05:04:10.008+0000] {dag.py:4180} INFO - Setting next_dagrun for example_branch_dop_operator_v3 to 2025-06-05 05:03:00+00:00, run_after=2025-06-05 05:04:00+00:00
[2025-06-05T05:04:10.061+0000] {processor.py:208} INFO - Processing /home/airflow/.local/lib/python3.10/site-packages/airflow/example_dags/example_branch_python_dop_operator_3.py took 0.208 seconds
[2025-06-05T05:04:41.303+0000] {processor.py:186} INFO - Started process (PID=3438) to work on /home/airflow/.local/lib/python3.10/site-packages/airflow/example_dags/example_branch_python_dop_operator_3.py
[2025-06-05T05:04:41.305+0000] {processor.py:914} INFO - Processing file /home/airflow/.local/lib/python3.10/site-packages/airflow/example_dags/example_branch_python_dop_operator_3.py for tasks to queue
[2025-06-05T05:04:41.308+0000] {logging_mixin.py:190} INFO - [2025-06-05T05:04:41.307+0000] {dagbag.py:588} INFO - Filling up the DagBag from /home/airflow/.local/lib/python3.10/site-packages/airflow/example_dags/example_branch_python_dop_operator_3.py
[2025-06-05T05:04:41.323+0000] {processor.py:925} INFO - DAG(s) 'example_branch_dop_operator_v3' retrieved from /home/airflow/.local/lib/python3.10/site-packages/airflow/example_dags/example_branch_python_dop_operator_3.py
[2025-06-05T05:04:41.416+0000] {logging_mixin.py:190} INFO - [2025-06-05T05:04:41.416+0000] {dag.py:3239} INFO - Sync 1 DAGs
[2025-06-05T05:04:41.457+0000] {logging_mixin.py:190} INFO - [2025-06-05T05:04:41.457+0000] {dag.py:4180} INFO - Setting next_dagrun for example_branch_dop_operator_v3 to 2025-06-05 05:03:00+00:00, run_after=2025-06-05 05:04:00+00:00
[2025-06-05T05:04:41.506+0000] {processor.py:208} INFO - Processing /home/airflow/.local/lib/python3.10/site-packages/airflow/example_dags/example_branch_python_dop_operator_3.py took 0.216 seconds
[2025-06-05T05:05:12.441+0000] {processor.py:186} INFO - Started process (PID=3733) to work on /home/airflow/.local/lib/python3.10/site-packages/airflow/example_dags/example_branch_python_dop_operator_3.py
[2025-06-05T05:05:12.444+0000] {processor.py:914} INFO - Processing file /home/airflow/.local/lib/python3.10/site-packages/airflow/example_dags/example_branch_python_dop_operator_3.py for tasks to queue
[2025-06-05T05:05:12.447+0000] {logging_mixin.py:190} INFO - [2025-06-05T05:05:12.446+0000] {dagbag.py:588} INFO - Filling up the DagBag from /home/airflow/.local/lib/python3.10/site-packages/airflow/example_dags/example_branch_python_dop_operator_3.py
[2025-06-05T05:05:12.462+0000] {processor.py:925} INFO - DAG(s) 'example_branch_dop_operator_v3' retrieved from /home/airflow/.local/lib/python3.10/site-packages/airflow/example_dags/example_branch_python_dop_operator_3.py
[2025-06-05T05:05:12.561+0000] {logging_mixin.py:190} INFO - [2025-06-05T05:05:12.560+0000] {dag.py:3239} INFO - Sync 1 DAGs
[2025-06-05T05:05:12.609+0000] {logging_mixin.py:190} INFO - [2025-06-05T05:05:12.609+0000] {dag.py:4180} INFO - Setting next_dagrun for example_branch_dop_operator_v3 to 2025-06-05 05:04:00+00:00, run_after=2025-06-05 05:05:00+00:00
[2025-06-05T05:05:12.672+0000] {processor.py:208} INFO - Processing /home/airflow/.local/lib/python3.10/site-packages/airflow/example_dags/example_branch_python_dop_operator_3.py took 0.246 seconds
