[2025-06-05T04:58:01.545+0000] {processor.py:186} INFO - Started process (PID=99377) to work on /home/airflow/.local/lib/python3.10/site-packages/airflow/example_dags/example_short_circuit_decorator.py
[2025-06-05T04:58:01.554+0000] {processor.py:914} INFO - Processing file /home/airflow/.local/lib/python3.10/site-packages/airflow/example_dags/example_short_circuit_decorator.py for tasks to queue
[2025-06-05T04:58:01.564+0000] {logging_mixin.py:190} INFO - [2025-06-05T04:58:01.563+0000] {dagbag.py:588} INFO - Filling up the DagBag from /home/airflow/.local/lib/python3.10/site-packages/airflow/example_dags/example_short_circuit_decorator.py
[2025-06-05T04:58:01.627+0000] {processor.py:925} INFO - DAG(s) 'example_short_circuit_decorator' retrieved from /home/airflow/.local/lib/python3.10/site-packages/airflow/example_dags/example_short_circuit_decorator.py
[2025-06-05T04:58:01.916+0000] {logging_mixin.py:190} INFO - [2025-06-05T04:58:01.916+0000] {dag.py:3239} INFO - Sync 1 DAGs
[2025-06-05T04:58:02.100+0000] {logging_mixin.py:190} INFO - [2025-06-05T04:58:02.099+0000] {dag.py:4180} INFO - Setting next_dagrun for example_short_circuit_decorator to None, run_after=None
[2025-06-05T04:58:02.279+0000] {processor.py:208} INFO - Processing /home/airflow/.local/lib/python3.10/site-packages/airflow/example_dags/example_short_circuit_decorator.py took 0.794 seconds
[2025-06-05T04:58:32.915+0000] {processor.py:186} INFO - Started process (PID=99664) to work on /home/airflow/.local/lib/python3.10/site-packages/airflow/example_dags/example_short_circuit_decorator.py
[2025-06-05T04:58:32.917+0000] {processor.py:914} INFO - Processing file /home/airflow/.local/lib/python3.10/site-packages/airflow/example_dags/example_short_circuit_decorator.py for tasks to queue
[2025-06-05T04:58:32.922+0000] {logging_mixin.py:190} INFO - [2025-06-05T04:58:32.920+0000] {dagbag.py:588} INFO - Filling up the DagBag from /home/airflow/.local/lib/python3.10/site-packages/airflow/example_dags/example_short_circuit_decorator.py
[2025-06-05T04:58:32.937+0000] {processor.py:925} INFO - DAG(s) 'example_short_circuit_decorator' retrieved from /home/airflow/.local/lib/python3.10/site-packages/airflow/example_dags/example_short_circuit_decorator.py
[2025-06-05T04:58:33.021+0000] {logging_mixin.py:190} INFO - [2025-06-05T04:58:33.020+0000] {dag.py:3239} INFO - Sync 1 DAGs
[2025-06-05T04:58:33.068+0000] {logging_mixin.py:190} INFO - [2025-06-05T04:58:33.068+0000] {dag.py:4180} INFO - Setting next_dagrun for example_short_circuit_decorator to None, run_after=None
[2025-06-05T04:58:33.159+0000] {processor.py:208} INFO - Processing /home/airflow/.local/lib/python3.10/site-packages/airflow/example_dags/example_short_circuit_decorator.py took 0.259 seconds
[2025-06-05T04:59:05.069+0000] {processor.py:186} INFO - Started process (PID=99952) to work on /home/airflow/.local/lib/python3.10/site-packages/airflow/example_dags/example_short_circuit_decorator.py
[2025-06-05T04:59:05.072+0000] {processor.py:914} INFO - Processing file /home/airflow/.local/lib/python3.10/site-packages/airflow/example_dags/example_short_circuit_decorator.py for tasks to queue
[2025-06-05T04:59:05.076+0000] {logging_mixin.py:190} INFO - [2025-06-05T04:59:05.075+0000] {dagbag.py:588} INFO - Filling up the DagBag from /home/airflow/.local/lib/python3.10/site-packages/airflow/example_dags/example_short_circuit_decorator.py
[2025-06-05T04:59:05.093+0000] {processor.py:925} INFO - DAG(s) 'example_short_circuit_decorator' retrieved from /home/airflow/.local/lib/python3.10/site-packages/airflow/example_dags/example_short_circuit_decorator.py
[2025-06-05T04:59:05.208+0000] {logging_mixin.py:190} INFO - [2025-06-05T04:59:05.207+0000] {dag.py:3239} INFO - Sync 1 DAGs
[2025-06-05T04:59:05.245+0000] {logging_mixin.py:190} INFO - [2025-06-05T04:59:05.244+0000] {dag.py:4180} INFO - Setting next_dagrun for example_short_circuit_decorator to None, run_after=None
[2025-06-05T04:59:05.367+0000] {processor.py:208} INFO - Processing /home/airflow/.local/lib/python3.10/site-packages/airflow/example_dags/example_short_circuit_decorator.py took 0.312 seconds
[2025-06-05T04:59:37.085+0000] {processor.py:186} INFO - Started process (PID=543) to work on /home/airflow/.local/lib/python3.10/site-packages/airflow/example_dags/example_short_circuit_decorator.py
[2025-06-05T04:59:37.088+0000] {processor.py:914} INFO - Processing file /home/airflow/.local/lib/python3.10/site-packages/airflow/example_dags/example_short_circuit_decorator.py for tasks to queue
[2025-06-05T04:59:37.091+0000] {logging_mixin.py:190} INFO - [2025-06-05T04:59:37.090+0000] {dagbag.py:588} INFO - Filling up the DagBag from /home/airflow/.local/lib/python3.10/site-packages/airflow/example_dags/example_short_circuit_decorator.py
[2025-06-05T04:59:37.113+0000] {processor.py:925} INFO - DAG(s) 'example_short_circuit_decorator' retrieved from /home/airflow/.local/lib/python3.10/site-packages/airflow/example_dags/example_short_circuit_decorator.py
[2025-06-05T04:59:37.299+0000] {logging_mixin.py:190} INFO - [2025-06-05T04:59:37.298+0000] {dag.py:3239} INFO - Sync 1 DAGs
[2025-06-05T04:59:37.340+0000] {logging_mixin.py:190} INFO - [2025-06-05T04:59:37.339+0000] {dag.py:4180} INFO - Setting next_dagrun for example_short_circuit_decorator to None, run_after=None
[2025-06-05T04:59:37.468+0000] {processor.py:208} INFO - Processing /home/airflow/.local/lib/python3.10/site-packages/airflow/example_dags/example_short_circuit_decorator.py took 0.401 seconds
[2025-06-05T05:00:10.420+0000] {processor.py:186} INFO - Started process (PID=833) to work on /home/airflow/.local/lib/python3.10/site-packages/airflow/example_dags/example_short_circuit_decorator.py
[2025-06-05T05:00:10.423+0000] {processor.py:914} INFO - Processing file /home/airflow/.local/lib/python3.10/site-packages/airflow/example_dags/example_short_circuit_decorator.py for tasks to queue
[2025-06-05T05:00:10.426+0000] {logging_mixin.py:190} INFO - [2025-06-05T05:00:10.425+0000] {dagbag.py:588} INFO - Filling up the DagBag from /home/airflow/.local/lib/python3.10/site-packages/airflow/example_dags/example_short_circuit_decorator.py
[2025-06-05T05:00:10.452+0000] {processor.py:925} INFO - DAG(s) 'example_short_circuit_decorator' retrieved from /home/airflow/.local/lib/python3.10/site-packages/airflow/example_dags/example_short_circuit_decorator.py
[2025-06-05T05:00:10.647+0000] {logging_mixin.py:190} INFO - [2025-06-05T05:00:10.647+0000] {dag.py:3239} INFO - Sync 1 DAGs
[2025-06-05T05:00:10.710+0000] {logging_mixin.py:190} INFO - [2025-06-05T05:00:10.710+0000] {dag.py:4180} INFO - Setting next_dagrun for example_short_circuit_decorator to None, run_after=None
[2025-06-05T05:00:10.792+0000] {processor.py:208} INFO - Processing /home/airflow/.local/lib/python3.10/site-packages/airflow/example_dags/example_short_circuit_decorator.py took 0.387 seconds
[2025-06-05T05:00:42.458+0000] {processor.py:186} INFO - Started process (PID=1123) to work on /home/airflow/.local/lib/python3.10/site-packages/airflow/example_dags/example_short_circuit_decorator.py
[2025-06-05T05:00:42.460+0000] {processor.py:914} INFO - Processing file /home/airflow/.local/lib/python3.10/site-packages/airflow/example_dags/example_short_circuit_decorator.py for tasks to queue
[2025-06-05T05:00:42.463+0000] {logging_mixin.py:190} INFO - [2025-06-05T05:00:42.463+0000] {dagbag.py:588} INFO - Filling up the DagBag from /home/airflow/.local/lib/python3.10/site-packages/airflow/example_dags/example_short_circuit_decorator.py
[2025-06-05T05:00:42.485+0000] {processor.py:925} INFO - DAG(s) 'example_short_circuit_decorator' retrieved from /home/airflow/.local/lib/python3.10/site-packages/airflow/example_dags/example_short_circuit_decorator.py
[2025-06-05T05:00:42.633+0000] {logging_mixin.py:190} INFO - [2025-06-05T05:00:42.633+0000] {dag.py:3239} INFO - Sync 1 DAGs
[2025-06-05T05:00:42.656+0000] {logging_mixin.py:190} INFO - [2025-06-05T05:00:42.656+0000] {dag.py:4180} INFO - Setting next_dagrun for example_short_circuit_decorator to None, run_after=None
[2025-06-05T05:00:42.705+0000] {processor.py:208} INFO - Processing /home/airflow/.local/lib/python3.10/site-packages/airflow/example_dags/example_short_circuit_decorator.py took 0.263 seconds
[2025-06-05T05:01:15.003+0000] {processor.py:186} INFO - Started process (PID=1413) to work on /home/airflow/.local/lib/python3.10/site-packages/airflow/example_dags/example_short_circuit_decorator.py
[2025-06-05T05:01:15.006+0000] {processor.py:914} INFO - Processing file /home/airflow/.local/lib/python3.10/site-packages/airflow/example_dags/example_short_circuit_decorator.py for tasks to queue
[2025-06-05T05:01:15.010+0000] {logging_mixin.py:190} INFO - [2025-06-05T05:01:15.009+0000] {dagbag.py:588} INFO - Filling up the DagBag from /home/airflow/.local/lib/python3.10/site-packages/airflow/example_dags/example_short_circuit_decorator.py
[2025-06-05T05:01:15.031+0000] {processor.py:925} INFO - DAG(s) 'example_short_circuit_decorator' retrieved from /home/airflow/.local/lib/python3.10/site-packages/airflow/example_dags/example_short_circuit_decorator.py
[2025-06-05T05:01:15.145+0000] {logging_mixin.py:190} INFO - [2025-06-05T05:01:15.145+0000] {dag.py:3239} INFO - Sync 1 DAGs
[2025-06-05T05:01:15.169+0000] {logging_mixin.py:190} INFO - [2025-06-05T05:01:15.169+0000] {dag.py:4180} INFO - Setting next_dagrun for example_short_circuit_decorator to None, run_after=None
[2025-06-05T05:01:15.282+0000] {processor.py:208} INFO - Processing /home/airflow/.local/lib/python3.10/site-packages/airflow/example_dags/example_short_circuit_decorator.py took 0.292 seconds
[2025-06-05T05:01:47.280+0000] {processor.py:186} INFO - Started process (PID=1703) to work on /home/airflow/.local/lib/python3.10/site-packages/airflow/example_dags/example_short_circuit_decorator.py
[2025-06-05T05:01:47.284+0000] {processor.py:914} INFO - Processing file /home/airflow/.local/lib/python3.10/site-packages/airflow/example_dags/example_short_circuit_decorator.py for tasks to queue
[2025-06-05T05:01:47.287+0000] {logging_mixin.py:190} INFO - [2025-06-05T05:01:47.287+0000] {dagbag.py:588} INFO - Filling up the DagBag from /home/airflow/.local/lib/python3.10/site-packages/airflow/example_dags/example_short_circuit_decorator.py
[2025-06-05T05:01:47.304+0000] {processor.py:925} INFO - DAG(s) 'example_short_circuit_decorator' retrieved from /home/airflow/.local/lib/python3.10/site-packages/airflow/example_dags/example_short_circuit_decorator.py
[2025-06-05T05:01:47.411+0000] {logging_mixin.py:190} INFO - [2025-06-05T05:01:47.410+0000] {dag.py:3239} INFO - Sync 1 DAGs
[2025-06-05T05:01:47.434+0000] {logging_mixin.py:190} INFO - [2025-06-05T05:01:47.434+0000] {dag.py:4180} INFO - Setting next_dagrun for example_short_circuit_decorator to None, run_after=None
[2025-06-05T05:01:47.536+0000] {processor.py:208} INFO - Processing /home/airflow/.local/lib/python3.10/site-packages/airflow/example_dags/example_short_circuit_decorator.py took 0.274 seconds
[2025-06-05T05:02:04.937+0000] {processor.py:186} INFO - Started process (PID=1978) to work on /home/airflow/.local/lib/python3.10/site-packages/airflow/example_dags/example_short_circuit_decorator.py
[2025-06-05T05:02:04.940+0000] {processor.py:914} INFO - Processing file /home/airflow/.local/lib/python3.10/site-packages/airflow/example_dags/example_short_circuit_decorator.py for tasks to queue
[2025-06-05T05:02:04.943+0000] {logging_mixin.py:190} INFO - [2025-06-05T05:02:04.942+0000] {dagbag.py:588} INFO - Filling up the DagBag from /home/airflow/.local/lib/python3.10/site-packages/airflow/example_dags/example_short_circuit_decorator.py
[2025-06-05T05:02:04.958+0000] {processor.py:925} INFO - DAG(s) 'example_short_circuit_decorator' retrieved from /home/airflow/.local/lib/python3.10/site-packages/airflow/example_dags/example_short_circuit_decorator.py
[2025-06-05T05:02:05.055+0000] {logging_mixin.py:190} INFO - [2025-06-05T05:02:05.054+0000] {dag.py:3239} INFO - Sync 1 DAGs
[2025-06-05T05:02:05.095+0000] {logging_mixin.py:190} INFO - [2025-06-05T05:02:05.095+0000] {dag.py:4180} INFO - Setting next_dagrun for example_short_circuit_decorator to None, run_after=None
[2025-06-05T05:02:05.169+0000] {processor.py:208} INFO - Processing /home/airflow/.local/lib/python3.10/site-packages/airflow/example_dags/example_short_circuit_decorator.py took 0.246 seconds
[2025-06-05T05:02:36.804+0000] {processor.py:186} INFO - Started process (PID=2268) to work on /home/airflow/.local/lib/python3.10/site-packages/airflow/example_dags/example_short_circuit_decorator.py
[2025-06-05T05:02:36.807+0000] {processor.py:914} INFO - Processing file /home/airflow/.local/lib/python3.10/site-packages/airflow/example_dags/example_short_circuit_decorator.py for tasks to queue
[2025-06-05T05:02:36.810+0000] {logging_mixin.py:190} INFO - [2025-06-05T05:02:36.810+0000] {dagbag.py:588} INFO - Filling up the DagBag from /home/airflow/.local/lib/python3.10/site-packages/airflow/example_dags/example_short_circuit_decorator.py
[2025-06-05T05:02:36.834+0000] {processor.py:925} INFO - DAG(s) 'example_short_circuit_decorator' retrieved from /home/airflow/.local/lib/python3.10/site-packages/airflow/example_dags/example_short_circuit_decorator.py
[2025-06-05T05:02:36.946+0000] {logging_mixin.py:190} INFO - [2025-06-05T05:02:36.946+0000] {dag.py:3239} INFO - Sync 1 DAGs
[2025-06-05T05:02:36.971+0000] {logging_mixin.py:190} INFO - [2025-06-05T05:02:36.971+0000] {dag.py:4180} INFO - Setting next_dagrun for example_short_circuit_decorator to None, run_after=None
[2025-06-05T05:02:37.022+0000] {processor.py:208} INFO - Processing /home/airflow/.local/lib/python3.10/site-packages/airflow/example_dags/example_short_circuit_decorator.py took 0.233 seconds
[2025-06-05T05:03:07.319+0000] {processor.py:186} INFO - Started process (PID=2555) to work on /home/airflow/.local/lib/python3.10/site-packages/airflow/example_dags/example_short_circuit_decorator.py
[2025-06-05T05:03:07.322+0000] {processor.py:914} INFO - Processing file /home/airflow/.local/lib/python3.10/site-packages/airflow/example_dags/example_short_circuit_decorator.py for tasks to queue
[2025-06-05T05:03:07.324+0000] {logging_mixin.py:190} INFO - [2025-06-05T05:03:07.324+0000] {dagbag.py:588} INFO - Filling up the DagBag from /home/airflow/.local/lib/python3.10/site-packages/airflow/example_dags/example_short_circuit_decorator.py
[2025-06-05T05:03:07.341+0000] {processor.py:925} INFO - DAG(s) 'example_short_circuit_decorator' retrieved from /home/airflow/.local/lib/python3.10/site-packages/airflow/example_dags/example_short_circuit_decorator.py
[2025-06-05T05:03:07.439+0000] {logging_mixin.py:190} INFO - [2025-06-05T05:03:07.438+0000] {dag.py:3239} INFO - Sync 1 DAGs
[2025-06-05T05:03:07.459+0000] {logging_mixin.py:190} INFO - [2025-06-05T05:03:07.459+0000] {dag.py:4180} INFO - Setting next_dagrun for example_short_circuit_decorator to None, run_after=None
[2025-06-05T05:03:07.507+0000] {processor.py:208} INFO - Processing /home/airflow/.local/lib/python3.10/site-packages/airflow/example_dags/example_short_circuit_decorator.py took 0.201 seconds
[2025-06-05T05:03:38.512+0000] {processor.py:186} INFO - Started process (PID=2843) to work on /home/airflow/.local/lib/python3.10/site-packages/airflow/example_dags/example_short_circuit_decorator.py
[2025-06-05T05:03:38.515+0000] {processor.py:914} INFO - Processing file /home/airflow/.local/lib/python3.10/site-packages/airflow/example_dags/example_short_circuit_decorator.py for tasks to queue
[2025-06-05T05:03:38.518+0000] {logging_mixin.py:190} INFO - [2025-06-05T05:03:38.517+0000] {dagbag.py:588} INFO - Filling up the DagBag from /home/airflow/.local/lib/python3.10/site-packages/airflow/example_dags/example_short_circuit_decorator.py
[2025-06-05T05:03:38.538+0000] {processor.py:925} INFO - DAG(s) 'example_short_circuit_decorator' retrieved from /home/airflow/.local/lib/python3.10/site-packages/airflow/example_dags/example_short_circuit_decorator.py
[2025-06-05T05:03:38.671+0000] {logging_mixin.py:190} INFO - [2025-06-05T05:03:38.670+0000] {dag.py:3239} INFO - Sync 1 DAGs
[2025-06-05T05:03:38.696+0000] {logging_mixin.py:190} INFO - [2025-06-05T05:03:38.695+0000] {dag.py:4180} INFO - Setting next_dagrun for example_short_circuit_decorator to None, run_after=None
[2025-06-05T05:03:38.748+0000] {processor.py:208} INFO - Processing /home/airflow/.local/lib/python3.10/site-packages/airflow/example_dags/example_short_circuit_decorator.py took 0.252 seconds
[2025-06-05T05:04:09.460+0000] {processor.py:186} INFO - Started process (PID=3133) to work on /home/airflow/.local/lib/python3.10/site-packages/airflow/example_dags/example_short_circuit_decorator.py
[2025-06-05T05:04:09.462+0000] {processor.py:914} INFO - Processing file /home/airflow/.local/lib/python3.10/site-packages/airflow/example_dags/example_short_circuit_decorator.py for tasks to queue
[2025-06-05T05:04:09.465+0000] {logging_mixin.py:190} INFO - [2025-06-05T05:04:09.464+0000] {dagbag.py:588} INFO - Filling up the DagBag from /home/airflow/.local/lib/python3.10/site-packages/airflow/example_dags/example_short_circuit_decorator.py
[2025-06-05T05:04:09.478+0000] {processor.py:925} INFO - DAG(s) 'example_short_circuit_decorator' retrieved from /home/airflow/.local/lib/python3.10/site-packages/airflow/example_dags/example_short_circuit_decorator.py
[2025-06-05T05:04:09.563+0000] {logging_mixin.py:190} INFO - [2025-06-05T05:04:09.563+0000] {dag.py:3239} INFO - Sync 1 DAGs
[2025-06-05T05:04:09.583+0000] {logging_mixin.py:190} INFO - [2025-06-05T05:04:09.582+0000] {dag.py:4180} INFO - Setting next_dagrun for example_short_circuit_decorator to None, run_after=None
[2025-06-05T05:04:09.624+0000] {processor.py:208} INFO - Processing /home/airflow/.local/lib/python3.10/site-packages/airflow/example_dags/example_short_circuit_decorator.py took 0.175 seconds
[2025-06-05T05:04:40.813+0000] {processor.py:186} INFO - Started process (PID=3423) to work on /home/airflow/.local/lib/python3.10/site-packages/airflow/example_dags/example_short_circuit_decorator.py
[2025-06-05T05:04:40.816+0000] {processor.py:914} INFO - Processing file /home/airflow/.local/lib/python3.10/site-packages/airflow/example_dags/example_short_circuit_decorator.py for tasks to queue
[2025-06-05T05:04:40.818+0000] {logging_mixin.py:190} INFO - [2025-06-05T05:04:40.818+0000] {dagbag.py:588} INFO - Filling up the DagBag from /home/airflow/.local/lib/python3.10/site-packages/airflow/example_dags/example_short_circuit_decorator.py
[2025-06-05T05:04:40.835+0000] {processor.py:925} INFO - DAG(s) 'example_short_circuit_decorator' retrieved from /home/airflow/.local/lib/python3.10/site-packages/airflow/example_dags/example_short_circuit_decorator.py
[2025-06-05T05:04:40.931+0000] {logging_mixin.py:190} INFO - [2025-06-05T05:04:40.931+0000] {dag.py:3239} INFO - Sync 1 DAGs
[2025-06-05T05:04:40.951+0000] {logging_mixin.py:190} INFO - [2025-06-05T05:04:40.951+0000] {dag.py:4180} INFO - Setting next_dagrun for example_short_circuit_decorator to None, run_after=None
[2025-06-05T05:04:41.007+0000] {processor.py:208} INFO - Processing /home/airflow/.local/lib/python3.10/site-packages/airflow/example_dags/example_short_circuit_decorator.py took 0.208 seconds
[2025-06-05T05:05:11.339+0000] {processor.py:186} INFO - Started process (PID=3718) to work on /home/airflow/.local/lib/python3.10/site-packages/airflow/example_dags/example_short_circuit_decorator.py
[2025-06-05T05:05:11.342+0000] {processor.py:914} INFO - Processing file /home/airflow/.local/lib/python3.10/site-packages/airflow/example_dags/example_short_circuit_decorator.py for tasks to queue
[2025-06-05T05:05:11.345+0000] {logging_mixin.py:190} INFO - [2025-06-05T05:05:11.344+0000] {dagbag.py:588} INFO - Filling up the DagBag from /home/airflow/.local/lib/python3.10/site-packages/airflow/example_dags/example_short_circuit_decorator.py
[2025-06-05T05:05:11.365+0000] {processor.py:925} INFO - DAG(s) 'example_short_circuit_decorator' retrieved from /home/airflow/.local/lib/python3.10/site-packages/airflow/example_dags/example_short_circuit_decorator.py
[2025-06-05T05:05:11.477+0000] {logging_mixin.py:190} INFO - [2025-06-05T05:05:11.476+0000] {dag.py:3239} INFO - Sync 1 DAGs
[2025-06-05T05:05:11.501+0000] {logging_mixin.py:190} INFO - [2025-06-05T05:05:11.500+0000] {dag.py:4180} INFO - Setting next_dagrun for example_short_circuit_decorator to None, run_after=None
[2025-06-05T05:05:11.617+0000] {processor.py:208} INFO - Processing /home/airflow/.local/lib/python3.10/site-packages/airflow/example_dags/example_short_circuit_decorator.py took 0.292 seconds
