[2025-06-05T04:57:50.859+0000] {processor.py:186} INFO - Started process (PID=99317) to work on /home/airflow/.local/lib/python3.10/site-packages/airflow/example_dags/example_outlet_event_extra.py
[2025-06-05T04:57:50.878+0000] {processor.py:914} INFO - Processing file /home/airflow/.local/lib/python3.10/site-packages/airflow/example_dags/example_outlet_event_extra.py for tasks to queue
[2025-06-05T04:57:50.890+0000] {logging_mixin.py:190} INFO - [2025-06-05T04:57:50.889+0000] {dagbag.py:588} INFO - Filling up the DagBag from /home/airflow/.local/lib/python3.10/site-packages/airflow/example_dags/example_outlet_event_extra.py
[2025-06-05T04:57:53.080+0000] {processor.py:925} INFO - DAG(s) 'dataset_with_extra_by_context', 'dataset_with_extra_by_yield', 'dataset_with_extra_from_classic_operator' retrieved from /home/airflow/.local/lib/python3.10/site-packages/airflow/example_dags/example_outlet_event_extra.py
[2025-06-05T04:57:54.775+0000] {logging_mixin.py:190} INFO - [2025-06-05T04:57:54.774+0000] {dag.py:3239} INFO - Sync 3 DAGs
[2025-06-05T04:57:54.915+0000] {logging_mixin.py:190} INFO - [2025-06-05T04:57:54.914+0000] {dag.py:4180} INFO - Setting next_dagrun for dataset_with_extra_by_context to 2025-06-04 00:00:00+00:00, run_after=2025-06-05 00:00:00+00:00
[2025-06-05T04:57:54.958+0000] {logging_mixin.py:190} INFO - [2025-06-05T04:57:54.958+0000] {dag.py:4180} INFO - Setting next_dagrun for dataset_with_extra_by_yield to 2025-06-04 00:00:00+00:00, run_after=2025-06-05 00:00:00+00:00
[2025-06-05T04:57:54.977+0000] {logging_mixin.py:190} INFO - [2025-06-05T04:57:54.976+0000] {dag.py:4180} INFO - Setting next_dagrun for dataset_with_extra_from_classic_operator to 2025-06-04 00:00:00+00:00, run_after=2025-06-05 00:00:00+00:00
[2025-06-05T04:57:56.080+0000] {processor.py:208} INFO - Processing /home/airflow/.local/lib/python3.10/site-packages/airflow/example_dags/example_outlet_event_extra.py took 4.339 seconds
[2025-06-05T04:58:26.717+0000] {processor.py:186} INFO - Started process (PID=99624) to work on /home/airflow/.local/lib/python3.10/site-packages/airflow/example_dags/example_outlet_event_extra.py
[2025-06-05T04:58:26.719+0000] {processor.py:914} INFO - Processing file /home/airflow/.local/lib/python3.10/site-packages/airflow/example_dags/example_outlet_event_extra.py for tasks to queue
[2025-06-05T04:58:26.726+0000] {logging_mixin.py:190} INFO - [2025-06-05T04:58:26.725+0000] {dagbag.py:588} INFO - Filling up the DagBag from /home/airflow/.local/lib/python3.10/site-packages/airflow/example_dags/example_outlet_event_extra.py
[2025-06-05T04:58:27.199+0000] {processor.py:925} INFO - DAG(s) 'dataset_with_extra_from_classic_operator', 'dataset_with_extra_by_yield', 'dataset_with_extra_by_context' retrieved from /home/airflow/.local/lib/python3.10/site-packages/airflow/example_dags/example_outlet_event_extra.py
[2025-06-05T04:58:27.342+0000] {logging_mixin.py:190} INFO - [2025-06-05T04:58:27.339+0000] {dag.py:3239} INFO - Sync 3 DAGs
[2025-06-05T04:58:27.813+0000] {logging_mixin.py:190} INFO - [2025-06-05T04:58:27.812+0000] {dag.py:4180} INFO - Setting next_dagrun for dataset_with_extra_by_context to 2025-06-04 00:00:00+00:00, run_after=2025-06-05 00:00:00+00:00
[2025-06-05T04:58:27.824+0000] {logging_mixin.py:190} INFO - [2025-06-05T04:58:27.823+0000] {dag.py:4180} INFO - Setting next_dagrun for dataset_with_extra_by_yield to 2025-06-04 00:00:00+00:00, run_after=2025-06-05 00:00:00+00:00
[2025-06-05T04:58:27.831+0000] {logging_mixin.py:190} INFO - [2025-06-05T04:58:27.830+0000] {dag.py:4180} INFO - Setting next_dagrun for dataset_with_extra_from_classic_operator to 2025-06-04 00:00:00+00:00, run_after=2025-06-05 00:00:00+00:00
[2025-06-05T04:58:27.903+0000] {processor.py:208} INFO - Processing /home/airflow/.local/lib/python3.10/site-packages/airflow/example_dags/example_outlet_event_extra.py took 1.201 seconds
[2025-06-05T04:58:58.487+0000] {processor.py:186} INFO - Started process (PID=99914) to work on /home/airflow/.local/lib/python3.10/site-packages/airflow/example_dags/example_outlet_event_extra.py
[2025-06-05T04:58:58.501+0000] {processor.py:914} INFO - Processing file /home/airflow/.local/lib/python3.10/site-packages/airflow/example_dags/example_outlet_event_extra.py for tasks to queue
[2025-06-05T04:58:58.511+0000] {logging_mixin.py:190} INFO - [2025-06-05T04:58:58.509+0000] {dagbag.py:588} INFO - Filling up the DagBag from /home/airflow/.local/lib/python3.10/site-packages/airflow/example_dags/example_outlet_event_extra.py
[2025-06-05T04:59:00.698+0000] {processor.py:925} INFO - DAG(s) 'dataset_with_extra_by_context', 'dataset_with_extra_from_classic_operator', 'dataset_with_extra_by_yield' retrieved from /home/airflow/.local/lib/python3.10/site-packages/airflow/example_dags/example_outlet_event_extra.py
[2025-06-05T04:59:02.643+0000] {logging_mixin.py:190} INFO - [2025-06-05T04:59:02.642+0000] {dag.py:3239} INFO - Sync 3 DAGs
[2025-06-05T04:59:03.466+0000] {logging_mixin.py:190} INFO - [2025-06-05T04:59:03.465+0000] {dag.py:4180} INFO - Setting next_dagrun for dataset_with_extra_by_context to 2025-06-04 00:00:00+00:00, run_after=2025-06-05 00:00:00+00:00
[2025-06-05T04:59:03.484+0000] {logging_mixin.py:190} INFO - [2025-06-05T04:59:03.483+0000] {dag.py:4180} INFO - Setting next_dagrun for dataset_with_extra_by_yield to 2025-06-04 00:00:00+00:00, run_after=2025-06-05 00:00:00+00:00
[2025-06-05T04:59:03.497+0000] {logging_mixin.py:190} INFO - [2025-06-05T04:59:03.496+0000] {dag.py:4180} INFO - Setting next_dagrun for dataset_with_extra_from_classic_operator to 2025-06-04 00:00:00+00:00, run_after=2025-06-05 00:00:00+00:00
[2025-06-05T04:59:03.649+0000] {processor.py:208} INFO - Processing /home/airflow/.local/lib/python3.10/site-packages/airflow/example_dags/example_outlet_event_extra.py took 2.368 seconds
[2025-06-05T04:59:35.389+0000] {processor.py:186} INFO - Started process (PID=515) to work on /home/airflow/.local/lib/python3.10/site-packages/airflow/example_dags/example_outlet_event_extra.py
[2025-06-05T04:59:35.391+0000] {processor.py:914} INFO - Processing file /home/airflow/.local/lib/python3.10/site-packages/airflow/example_dags/example_outlet_event_extra.py for tasks to queue
[2025-06-05T04:59:35.394+0000] {logging_mixin.py:190} INFO - [2025-06-05T04:59:35.394+0000] {dagbag.py:588} INFO - Filling up the DagBag from /home/airflow/.local/lib/python3.10/site-packages/airflow/example_dags/example_outlet_event_extra.py
[2025-06-05T04:59:36.326+0000] {processor.py:925} INFO - DAG(s) 'dataset_with_extra_by_yield', 'dataset_with_extra_from_classic_operator', 'dataset_with_extra_by_context' retrieved from /home/airflow/.local/lib/python3.10/site-packages/airflow/example_dags/example_outlet_event_extra.py
[2025-06-05T04:59:36.479+0000] {logging_mixin.py:190} INFO - [2025-06-05T04:59:36.478+0000] {dag.py:3239} INFO - Sync 3 DAGs
[2025-06-05T04:59:36.538+0000] {logging_mixin.py:190} INFO - [2025-06-05T04:59:36.537+0000] {dag.py:4180} INFO - Setting next_dagrun for dataset_with_extra_by_context to 2025-06-04 00:00:00+00:00, run_after=2025-06-05 00:00:00+00:00
[2025-06-05T04:59:36.549+0000] {logging_mixin.py:190} INFO - [2025-06-05T04:59:36.549+0000] {dag.py:4180} INFO - Setting next_dagrun for dataset_with_extra_by_yield to 2025-06-04 00:00:00+00:00, run_after=2025-06-05 00:00:00+00:00
[2025-06-05T04:59:36.559+0000] {logging_mixin.py:190} INFO - [2025-06-05T04:59:36.558+0000] {dag.py:4180} INFO - Setting next_dagrun for dataset_with_extra_from_classic_operator to 2025-06-04 00:00:00+00:00, run_after=2025-06-05 00:00:00+00:00
[2025-06-05T04:59:36.651+0000] {processor.py:208} INFO - Processing /home/airflow/.local/lib/python3.10/site-packages/airflow/example_dags/example_outlet_event_extra.py took 1.278 seconds
[2025-06-05T05:00:08.411+0000] {processor.py:186} INFO - Started process (PID=815) to work on /home/airflow/.local/lib/python3.10/site-packages/airflow/example_dags/example_outlet_event_extra.py
[2025-06-05T05:00:08.414+0000] {processor.py:914} INFO - Processing file /home/airflow/.local/lib/python3.10/site-packages/airflow/example_dags/example_outlet_event_extra.py for tasks to queue
[2025-06-05T05:00:08.418+0000] {logging_mixin.py:190} INFO - [2025-06-05T05:00:08.417+0000] {dagbag.py:588} INFO - Filling up the DagBag from /home/airflow/.local/lib/python3.10/site-packages/airflow/example_dags/example_outlet_event_extra.py
[2025-06-05T05:00:09.773+0000] {processor.py:925} INFO - DAG(s) 'dataset_with_extra_by_context', 'dataset_with_extra_from_classic_operator', 'dataset_with_extra_by_yield' retrieved from /home/airflow/.local/lib/python3.10/site-packages/airflow/example_dags/example_outlet_event_extra.py
[2025-06-05T05:00:09.899+0000] {logging_mixin.py:190} INFO - [2025-06-05T05:00:09.898+0000] {dag.py:3239} INFO - Sync 3 DAGs
[2025-06-05T05:00:09.941+0000] {logging_mixin.py:190} INFO - [2025-06-05T05:00:09.940+0000] {dag.py:4180} INFO - Setting next_dagrun for dataset_with_extra_by_context to 2025-06-04 00:00:00+00:00, run_after=2025-06-05 00:00:00+00:00
[2025-06-05T05:00:09.954+0000] {logging_mixin.py:190} INFO - [2025-06-05T05:00:09.954+0000] {dag.py:4180} INFO - Setting next_dagrun for dataset_with_extra_by_yield to 2025-06-04 00:00:00+00:00, run_after=2025-06-05 00:00:00+00:00
[2025-06-05T05:00:09.966+0000] {logging_mixin.py:190} INFO - [2025-06-05T05:00:09.965+0000] {dag.py:4180} INFO - Setting next_dagrun for dataset_with_extra_from_classic_operator to 2025-06-04 00:00:00+00:00, run_after=2025-06-05 00:00:00+00:00
[2025-06-05T05:00:10.071+0000] {processor.py:208} INFO - Processing /home/airflow/.local/lib/python3.10/site-packages/airflow/example_dags/example_outlet_event_extra.py took 1.677 seconds
[2025-06-05T05:00:40.961+0000] {processor.py:186} INFO - Started process (PID=1095) to work on /home/airflow/.local/lib/python3.10/site-packages/airflow/example_dags/example_outlet_event_extra.py
[2025-06-05T05:00:40.964+0000] {processor.py:914} INFO - Processing file /home/airflow/.local/lib/python3.10/site-packages/airflow/example_dags/example_outlet_event_extra.py for tasks to queue
[2025-06-05T05:00:40.967+0000] {logging_mixin.py:190} INFO - [2025-06-05T05:00:40.966+0000] {dagbag.py:588} INFO - Filling up the DagBag from /home/airflow/.local/lib/python3.10/site-packages/airflow/example_dags/example_outlet_event_extra.py
[2025-06-05T05:00:41.844+0000] {processor.py:925} INFO - DAG(s) 'dataset_with_extra_from_classic_operator', 'dataset_with_extra_by_yield', 'dataset_with_extra_by_context' retrieved from /home/airflow/.local/lib/python3.10/site-packages/airflow/example_dags/example_outlet_event_extra.py
[2025-06-05T05:00:41.943+0000] {logging_mixin.py:190} INFO - [2025-06-05T05:00:41.943+0000] {dag.py:3239} INFO - Sync 3 DAGs
[2025-06-05T05:00:41.977+0000] {logging_mixin.py:190} INFO - [2025-06-05T05:00:41.977+0000] {dag.py:4180} INFO - Setting next_dagrun for dataset_with_extra_by_context to 2025-06-04 00:00:00+00:00, run_after=2025-06-05 00:00:00+00:00
[2025-06-05T05:00:41.986+0000] {logging_mixin.py:190} INFO - [2025-06-05T05:00:41.986+0000] {dag.py:4180} INFO - Setting next_dagrun for dataset_with_extra_by_yield to 2025-06-04 00:00:00+00:00, run_after=2025-06-05 00:00:00+00:00
[2025-06-05T05:00:41.992+0000] {logging_mixin.py:190} INFO - [2025-06-05T05:00:41.992+0000] {dag.py:4180} INFO - Setting next_dagrun for dataset_with_extra_from_classic_operator to 2025-06-04 00:00:00+00:00, run_after=2025-06-05 00:00:00+00:00
[2025-06-05T05:00:42.053+0000] {processor.py:208} INFO - Processing /home/airflow/.local/lib/python3.10/site-packages/airflow/example_dags/example_outlet_event_extra.py took 1.109 seconds
[2025-06-05T05:01:13.381+0000] {processor.py:186} INFO - Started process (PID=1385) to work on /home/airflow/.local/lib/python3.10/site-packages/airflow/example_dags/example_outlet_event_extra.py
[2025-06-05T05:01:13.385+0000] {processor.py:914} INFO - Processing file /home/airflow/.local/lib/python3.10/site-packages/airflow/example_dags/example_outlet_event_extra.py for tasks to queue
[2025-06-05T05:01:13.388+0000] {logging_mixin.py:190} INFO - [2025-06-05T05:01:13.387+0000] {dagbag.py:588} INFO - Filling up the DagBag from /home/airflow/.local/lib/python3.10/site-packages/airflow/example_dags/example_outlet_event_extra.py
[2025-06-05T05:01:14.264+0000] {processor.py:925} INFO - DAG(s) 'dataset_with_extra_from_classic_operator', 'dataset_with_extra_by_yield', 'dataset_with_extra_by_context' retrieved from /home/airflow/.local/lib/python3.10/site-packages/airflow/example_dags/example_outlet_event_extra.py
[2025-06-05T05:01:14.363+0000] {logging_mixin.py:190} INFO - [2025-06-05T05:01:14.362+0000] {dag.py:3239} INFO - Sync 3 DAGs
[2025-06-05T05:01:14.406+0000] {logging_mixin.py:190} INFO - [2025-06-05T05:01:14.406+0000] {dag.py:4180} INFO - Setting next_dagrun for dataset_with_extra_by_context to 2025-06-04 00:00:00+00:00, run_after=2025-06-05 00:00:00+00:00
[2025-06-05T05:01:14.415+0000] {logging_mixin.py:190} INFO - [2025-06-05T05:01:14.415+0000] {dag.py:4180} INFO - Setting next_dagrun for dataset_with_extra_by_yield to 2025-06-04 00:00:00+00:00, run_after=2025-06-05 00:00:00+00:00
[2025-06-05T05:01:14.422+0000] {logging_mixin.py:190} INFO - [2025-06-05T05:01:14.421+0000] {dag.py:4180} INFO - Setting next_dagrun for dataset_with_extra_from_classic_operator to 2025-06-04 00:00:00+00:00, run_after=2025-06-05 00:00:00+00:00
[2025-06-05T05:01:14.495+0000] {processor.py:208} INFO - Processing /home/airflow/.local/lib/python3.10/site-packages/airflow/example_dags/example_outlet_event_extra.py took 1.130 seconds
[2025-06-05T05:01:45.612+0000] {processor.py:186} INFO - Started process (PID=1675) to work on /home/airflow/.local/lib/python3.10/site-packages/airflow/example_dags/example_outlet_event_extra.py
[2025-06-05T05:01:45.615+0000] {processor.py:914} INFO - Processing file /home/airflow/.local/lib/python3.10/site-packages/airflow/example_dags/example_outlet_event_extra.py for tasks to queue
[2025-06-05T05:01:45.619+0000] {logging_mixin.py:190} INFO - [2025-06-05T05:01:45.618+0000] {dagbag.py:588} INFO - Filling up the DagBag from /home/airflow/.local/lib/python3.10/site-packages/airflow/example_dags/example_outlet_event_extra.py
[2025-06-05T05:01:46.501+0000] {processor.py:925} INFO - DAG(s) 'dataset_with_extra_by_context', 'dataset_with_extra_from_classic_operator', 'dataset_with_extra_by_yield' retrieved from /home/airflow/.local/lib/python3.10/site-packages/airflow/example_dags/example_outlet_event_extra.py
[2025-06-05T05:01:46.610+0000] {logging_mixin.py:190} INFO - [2025-06-05T05:01:46.609+0000] {dag.py:3239} INFO - Sync 3 DAGs
[2025-06-05T05:01:46.650+0000] {logging_mixin.py:190} INFO - [2025-06-05T05:01:46.650+0000] {dag.py:4180} INFO - Setting next_dagrun for dataset_with_extra_by_context to 2025-06-04 00:00:00+00:00, run_after=2025-06-05 00:00:00+00:00
[2025-06-05T05:01:46.660+0000] {logging_mixin.py:190} INFO - [2025-06-05T05:01:46.659+0000] {dag.py:4180} INFO - Setting next_dagrun for dataset_with_extra_by_yield to 2025-06-04 00:00:00+00:00, run_after=2025-06-05 00:00:00+00:00
[2025-06-05T05:01:46.667+0000] {logging_mixin.py:190} INFO - [2025-06-05T05:01:46.667+0000] {dag.py:4180} INFO - Setting next_dagrun for dataset_with_extra_from_classic_operator to 2025-06-04 00:00:00+00:00, run_after=2025-06-05 00:00:00+00:00
[2025-06-05T05:01:46.743+0000] {processor.py:208} INFO - Processing /home/airflow/.local/lib/python3.10/site-packages/airflow/example_dags/example_outlet_event_extra.py took 1.152 seconds
[2025-06-05T05:02:01.867+0000] {processor.py:186} INFO - Started process (PID=1920) to work on /home/airflow/.local/lib/python3.10/site-packages/airflow/example_dags/example_outlet_event_extra.py
[2025-06-05T05:02:01.870+0000] {processor.py:914} INFO - Processing file /home/airflow/.local/lib/python3.10/site-packages/airflow/example_dags/example_outlet_event_extra.py for tasks to queue
[2025-06-05T05:02:01.873+0000] {logging_mixin.py:190} INFO - [2025-06-05T05:02:01.873+0000] {dagbag.py:588} INFO - Filling up the DagBag from /home/airflow/.local/lib/python3.10/site-packages/airflow/example_dags/example_outlet_event_extra.py
[2025-06-05T05:02:02.370+0000] {processor.py:925} INFO - DAG(s) 'dataset_with_extra_by_yield', 'dataset_with_extra_by_context', 'dataset_with_extra_from_classic_operator' retrieved from /home/airflow/.local/lib/python3.10/site-packages/airflow/example_dags/example_outlet_event_extra.py
[2025-06-05T05:02:03.167+0000] {logging_mixin.py:190} INFO - [2025-06-05T05:02:03.166+0000] {dag.py:3239} INFO - Sync 3 DAGs
[2025-06-05T05:02:03.203+0000] {logging_mixin.py:190} INFO - [2025-06-05T05:02:03.203+0000] {dag.py:4180} INFO - Setting next_dagrun for dataset_with_extra_by_context to 2025-06-04 00:00:00+00:00, run_after=2025-06-05 00:00:00+00:00
[2025-06-05T05:02:03.211+0000] {logging_mixin.py:190} INFO - [2025-06-05T05:02:03.210+0000] {dag.py:4180} INFO - Setting next_dagrun for dataset_with_extra_by_yield to 2025-06-04 00:00:00+00:00, run_after=2025-06-05 00:00:00+00:00
[2025-06-05T05:02:03.216+0000] {logging_mixin.py:190} INFO - [2025-06-05T05:02:03.216+0000] {dag.py:4180} INFO - Setting next_dagrun for dataset_with_extra_from_classic_operator to 2025-06-04 00:00:00+00:00, run_after=2025-06-05 00:00:00+00:00
[2025-06-05T05:02:03.274+0000] {processor.py:208} INFO - Processing /home/airflow/.local/lib/python3.10/site-packages/airflow/example_dags/example_outlet_event_extra.py took 1.420 seconds
[2025-06-05T05:02:33.569+0000] {processor.py:186} INFO - Started process (PID=2213) to work on /home/airflow/.local/lib/python3.10/site-packages/airflow/example_dags/example_outlet_event_extra.py
[2025-06-05T05:02:33.571+0000] {processor.py:914} INFO - Processing file /home/airflow/.local/lib/python3.10/site-packages/airflow/example_dags/example_outlet_event_extra.py for tasks to queue
[2025-06-05T05:02:33.574+0000] {logging_mixin.py:190} INFO - [2025-06-05T05:02:33.574+0000] {dagbag.py:588} INFO - Filling up the DagBag from /home/airflow/.local/lib/python3.10/site-packages/airflow/example_dags/example_outlet_event_extra.py
[2025-06-05T05:02:34.531+0000] {processor.py:925} INFO - DAG(s) 'dataset_with_extra_by_context', 'dataset_with_extra_from_classic_operator', 'dataset_with_extra_by_yield' retrieved from /home/airflow/.local/lib/python3.10/site-packages/airflow/example_dags/example_outlet_event_extra.py
[2025-06-05T05:02:34.666+0000] {logging_mixin.py:190} INFO - [2025-06-05T05:02:34.665+0000] {dag.py:3239} INFO - Sync 3 DAGs
[2025-06-05T05:02:34.711+0000] {logging_mixin.py:190} INFO - [2025-06-05T05:02:34.710+0000] {dag.py:4180} INFO - Setting next_dagrun for dataset_with_extra_by_context to 2025-06-04 00:00:00+00:00, run_after=2025-06-05 00:00:00+00:00
[2025-06-05T05:02:34.721+0000] {logging_mixin.py:190} INFO - [2025-06-05T05:02:34.721+0000] {dag.py:4180} INFO - Setting next_dagrun for dataset_with_extra_by_yield to 2025-06-04 00:00:00+00:00, run_after=2025-06-05 00:00:00+00:00
[2025-06-05T05:02:34.730+0000] {logging_mixin.py:190} INFO - [2025-06-05T05:02:34.729+0000] {dag.py:4180} INFO - Setting next_dagrun for dataset_with_extra_from_classic_operator to 2025-06-04 00:00:00+00:00, run_after=2025-06-05 00:00:00+00:00
[2025-06-05T05:02:34.805+0000] {processor.py:208} INFO - Processing /home/airflow/.local/lib/python3.10/site-packages/airflow/example_dags/example_outlet_event_extra.py took 1.252 seconds
[2025-06-05T05:03:05.103+0000] {processor.py:186} INFO - Started process (PID=2515) to work on /home/airflow/.local/lib/python3.10/site-packages/airflow/example_dags/example_outlet_event_extra.py
[2025-06-05T05:03:05.105+0000] {processor.py:914} INFO - Processing file /home/airflow/.local/lib/python3.10/site-packages/airflow/example_dags/example_outlet_event_extra.py for tasks to queue
[2025-06-05T05:03:05.108+0000] {logging_mixin.py:190} INFO - [2025-06-05T05:03:05.107+0000] {dagbag.py:588} INFO - Filling up the DagBag from /home/airflow/.local/lib/python3.10/site-packages/airflow/example_dags/example_outlet_event_extra.py
[2025-06-05T05:03:06.013+0000] {processor.py:925} INFO - DAG(s) 'dataset_with_extra_by_yield', 'dataset_with_extra_from_classic_operator', 'dataset_with_extra_by_context' retrieved from /home/airflow/.local/lib/python3.10/site-packages/airflow/example_dags/example_outlet_event_extra.py
[2025-06-05T05:03:06.124+0000] {logging_mixin.py:190} INFO - [2025-06-05T05:03:06.123+0000] {dag.py:3239} INFO - Sync 3 DAGs
[2025-06-05T05:03:06.166+0000] {logging_mixin.py:190} INFO - [2025-06-05T05:03:06.166+0000] {dag.py:4180} INFO - Setting next_dagrun for dataset_with_extra_by_context to 2025-06-04 00:00:00+00:00, run_after=2025-06-05 00:00:00+00:00
[2025-06-05T05:03:06.176+0000] {logging_mixin.py:190} INFO - [2025-06-05T05:03:06.175+0000] {dag.py:4180} INFO - Setting next_dagrun for dataset_with_extra_by_yield to 2025-06-04 00:00:00+00:00, run_after=2025-06-05 00:00:00+00:00
[2025-06-05T05:03:06.183+0000] {logging_mixin.py:190} INFO - [2025-06-05T05:03:06.183+0000] {dag.py:4180} INFO - Setting next_dagrun for dataset_with_extra_from_classic_operator to 2025-06-04 00:00:00+00:00, run_after=2025-06-05 00:00:00+00:00
[2025-06-05T05:03:06.243+0000] {processor.py:208} INFO - Processing /home/airflow/.local/lib/python3.10/site-packages/airflow/example_dags/example_outlet_event_extra.py took 1.154 seconds
[2025-06-05T05:03:36.524+0000] {processor.py:186} INFO - Started process (PID=2809) to work on /home/airflow/.local/lib/python3.10/site-packages/airflow/example_dags/example_outlet_event_extra.py
[2025-06-05T05:03:36.526+0000] {processor.py:914} INFO - Processing file /home/airflow/.local/lib/python3.10/site-packages/airflow/example_dags/example_outlet_event_extra.py for tasks to queue
[2025-06-05T05:03:36.529+0000] {logging_mixin.py:190} INFO - [2025-06-05T05:03:36.529+0000] {dagbag.py:588} INFO - Filling up the DagBag from /home/airflow/.local/lib/python3.10/site-packages/airflow/example_dags/example_outlet_event_extra.py
[2025-06-05T05:03:37.586+0000] {processor.py:925} INFO - DAG(s) 'dataset_with_extra_by_yield', 'dataset_with_extra_from_classic_operator', 'dataset_with_extra_by_context' retrieved from /home/airflow/.local/lib/python3.10/site-packages/airflow/example_dags/example_outlet_event_extra.py
[2025-06-05T05:03:37.771+0000] {logging_mixin.py:190} INFO - [2025-06-05T05:03:37.770+0000] {dag.py:3239} INFO - Sync 3 DAGs
[2025-06-05T05:03:37.836+0000] {logging_mixin.py:190} INFO - [2025-06-05T05:03:37.836+0000] {dag.py:4180} INFO - Setting next_dagrun for dataset_with_extra_by_context to 2025-06-04 00:00:00+00:00, run_after=2025-06-05 00:00:00+00:00
[2025-06-05T05:03:37.847+0000] {logging_mixin.py:190} INFO - [2025-06-05T05:03:37.846+0000] {dag.py:4180} INFO - Setting next_dagrun for dataset_with_extra_by_yield to 2025-06-04 00:00:00+00:00, run_after=2025-06-05 00:00:00+00:00
[2025-06-05T05:03:37.854+0000] {logging_mixin.py:190} INFO - [2025-06-05T05:03:37.854+0000] {dag.py:4180} INFO - Setting next_dagrun for dataset_with_extra_from_classic_operator to 2025-06-04 00:00:00+00:00, run_after=2025-06-05 00:00:00+00:00
[2025-06-05T05:03:37.932+0000] {processor.py:208} INFO - Processing /home/airflow/.local/lib/python3.10/site-packages/airflow/example_dags/example_outlet_event_extra.py took 1.428 seconds
[2025-06-05T05:04:08.304+0000] {processor.py:186} INFO - Started process (PID=3115) to work on /home/airflow/.local/lib/python3.10/site-packages/airflow/example_dags/example_outlet_event_extra.py
[2025-06-05T05:04:08.306+0000] {processor.py:914} INFO - Processing file /home/airflow/.local/lib/python3.10/site-packages/airflow/example_dags/example_outlet_event_extra.py for tasks to queue
[2025-06-05T05:04:08.309+0000] {logging_mixin.py:190} INFO - [2025-06-05T05:04:08.309+0000] {dagbag.py:588} INFO - Filling up the DagBag from /home/airflow/.local/lib/python3.10/site-packages/airflow/example_dags/example_outlet_event_extra.py
[2025-06-05T05:04:08.909+0000] {processor.py:925} INFO - DAG(s) 'dataset_with_extra_from_classic_operator', 'dataset_with_extra_by_context', 'dataset_with_extra_by_yield' retrieved from /home/airflow/.local/lib/python3.10/site-packages/airflow/example_dags/example_outlet_event_extra.py
[2025-06-05T05:04:09.001+0000] {logging_mixin.py:190} INFO - [2025-06-05T05:04:09.000+0000] {dag.py:3239} INFO - Sync 3 DAGs
[2025-06-05T05:04:09.033+0000] {logging_mixin.py:190} INFO - [2025-06-05T05:04:09.032+0000] {dag.py:4180} INFO - Setting next_dagrun for dataset_with_extra_by_context to 2025-06-04 00:00:00+00:00, run_after=2025-06-05 00:00:00+00:00
[2025-06-05T05:04:09.041+0000] {logging_mixin.py:190} INFO - [2025-06-05T05:04:09.040+0000] {dag.py:4180} INFO - Setting next_dagrun for dataset_with_extra_by_yield to 2025-06-04 00:00:00+00:00, run_after=2025-06-05 00:00:00+00:00
[2025-06-05T05:04:09.047+0000] {logging_mixin.py:190} INFO - [2025-06-05T05:04:09.047+0000] {dag.py:4180} INFO - Setting next_dagrun for dataset_with_extra_from_classic_operator to 2025-06-04 00:00:00+00:00, run_after=2025-06-05 00:00:00+00:00
[2025-06-05T05:04:09.115+0000] {processor.py:208} INFO - Processing /home/airflow/.local/lib/python3.10/site-packages/airflow/example_dags/example_outlet_event_extra.py took 0.824 seconds
[2025-06-05T05:04:39.545+0000] {processor.py:186} INFO - Started process (PID=3405) to work on /home/airflow/.local/lib/python3.10/site-packages/airflow/example_dags/example_outlet_event_extra.py
[2025-06-05T05:04:39.548+0000] {processor.py:914} INFO - Processing file /home/airflow/.local/lib/python3.10/site-packages/airflow/example_dags/example_outlet_event_extra.py for tasks to queue
[2025-06-05T05:04:39.552+0000] {logging_mixin.py:190} INFO - [2025-06-05T05:04:39.551+0000] {dagbag.py:588} INFO - Filling up the DagBag from /home/airflow/.local/lib/python3.10/site-packages/airflow/example_dags/example_outlet_event_extra.py
[2025-06-05T05:04:40.598+0000] {processor.py:925} INFO - DAG(s) 'dataset_with_extra_by_context', 'dataset_with_extra_from_classic_operator', 'dataset_with_extra_by_yield' retrieved from /home/airflow/.local/lib/python3.10/site-packages/airflow/example_dags/example_outlet_event_extra.py
[2025-06-05T05:04:40.720+0000] {logging_mixin.py:190} INFO - [2025-06-05T05:04:40.720+0000] {dag.py:3239} INFO - Sync 3 DAGs
[2025-06-05T05:04:40.753+0000] {logging_mixin.py:190} INFO - [2025-06-05T05:04:40.752+0000] {dag.py:4180} INFO - Setting next_dagrun for dataset_with_extra_by_context to 2025-06-04 00:00:00+00:00, run_after=2025-06-05 00:00:00+00:00
[2025-06-05T05:04:40.760+0000] {logging_mixin.py:190} INFO - [2025-06-05T05:04:40.760+0000] {dag.py:4180} INFO - Setting next_dagrun for dataset_with_extra_by_yield to 2025-06-04 00:00:00+00:00, run_after=2025-06-05 00:00:00+00:00
[2025-06-05T05:04:40.766+0000] {logging_mixin.py:190} INFO - [2025-06-05T05:04:40.766+0000] {dag.py:4180} INFO - Setting next_dagrun for dataset_with_extra_from_classic_operator to 2025-06-04 00:00:00+00:00, run_after=2025-06-05 00:00:00+00:00
[2025-06-05T05:04:40.825+0000] {processor.py:208} INFO - Processing /home/airflow/.local/lib/python3.10/site-packages/airflow/example_dags/example_outlet_event_extra.py took 1.296 seconds
[2025-06-05T05:05:11.204+0000] {processor.py:186} INFO - Started process (PID=3713) to work on /home/airflow/.local/lib/python3.10/site-packages/airflow/example_dags/example_outlet_event_extra.py
[2025-06-05T05:05:11.206+0000] {processor.py:914} INFO - Processing file /home/airflow/.local/lib/python3.10/site-packages/airflow/example_dags/example_outlet_event_extra.py for tasks to queue
[2025-06-05T05:05:11.209+0000] {logging_mixin.py:190} INFO - [2025-06-05T05:05:11.209+0000] {dagbag.py:588} INFO - Filling up the DagBag from /home/airflow/.local/lib/python3.10/site-packages/airflow/example_dags/example_outlet_event_extra.py
[2025-06-05T05:05:12.104+0000] {processor.py:925} INFO - DAG(s) 'dataset_with_extra_by_yield', 'dataset_with_extra_from_classic_operator', 'dataset_with_extra_by_context' retrieved from /home/airflow/.local/lib/python3.10/site-packages/airflow/example_dags/example_outlet_event_extra.py
[2025-06-05T05:05:12.199+0000] {logging_mixin.py:190} INFO - [2025-06-05T05:05:12.198+0000] {dag.py:3239} INFO - Sync 3 DAGs
[2025-06-05T05:05:12.237+0000] {logging_mixin.py:190} INFO - [2025-06-05T05:05:12.237+0000] {dag.py:4180} INFO - Setting next_dagrun for dataset_with_extra_by_context to 2025-06-04 00:00:00+00:00, run_after=2025-06-05 00:00:00+00:00
[2025-06-05T05:05:12.245+0000] {logging_mixin.py:190} INFO - [2025-06-05T05:05:12.245+0000] {dag.py:4180} INFO - Setting next_dagrun for dataset_with_extra_by_yield to 2025-06-04 00:00:00+00:00, run_after=2025-06-05 00:00:00+00:00
[2025-06-05T05:05:12.251+0000] {logging_mixin.py:190} INFO - [2025-06-05T05:05:12.251+0000] {dag.py:4180} INFO - Setting next_dagrun for dataset_with_extra_from_classic_operator to 2025-06-04 00:00:00+00:00, run_after=2025-06-05 00:00:00+00:00
[2025-06-05T05:05:12.308+0000] {processor.py:208} INFO - Processing /home/airflow/.local/lib/python3.10/site-packages/airflow/example_dags/example_outlet_event_extra.py took 1.119 seconds
