[2025-06-05T04:57:41.952+0000] {processor.py:186} INFO - Started process (PID=99259) to work on /home/airflow/.local/lib/python3.10/site-packages/airflow/example_dags/example_latest_only.py
[2025-06-05T04:57:41.982+0000] {processor.py:914} INFO - Processing file /home/airflow/.local/lib/python3.10/site-packages/airflow/example_dags/example_latest_only.py for tasks to queue
[2025-06-05T04:57:42.016+0000] {logging_mixin.py:190} INFO - [2025-06-05T04:57:42.015+0000] {dagbag.py:588} INFO - Filling up the DagBag from /home/airflow/.local/lib/python3.10/site-packages/airflow/example_dags/example_latest_only.py
[2025-06-05T04:57:42.156+0000] {processor.py:925} INFO - DAG(s) 'latest_only' retrieved from /home/airflow/.local/lib/python3.10/site-packages/airflow/example_dags/example_latest_only.py
[2025-06-05T04:57:42.606+0000] {logging_mixin.py:190} INFO - [2025-06-05T04:57:42.606+0000] {dag.py:3239} INFO - Sync 1 DAGs
[2025-06-05T04:57:42.756+0000] {logging_mixin.py:190} INFO - [2025-06-05T04:57:42.755+0000] {dag.py:4180} INFO - Setting next_dagrun for latest_only to 2025-06-05 00:00:00+00:00, run_after=2025-06-05 04:00:00+00:00
[2025-06-05T04:57:43.060+0000] {processor.py:208} INFO - Processing /home/airflow/.local/lib/python3.10/site-packages/airflow/example_dags/example_latest_only.py took 1.141 seconds
[2025-06-05T04:58:21.781+0000] {processor.py:186} INFO - Started process (PID=99587) to work on /home/airflow/.local/lib/python3.10/site-packages/airflow/example_dags/example_latest_only.py
[2025-06-05T04:58:21.784+0000] {processor.py:914} INFO - Processing file /home/airflow/.local/lib/python3.10/site-packages/airflow/example_dags/example_latest_only.py for tasks to queue
[2025-06-05T04:58:21.787+0000] {logging_mixin.py:190} INFO - [2025-06-05T04:58:21.786+0000] {dagbag.py:588} INFO - Filling up the DagBag from /home/airflow/.local/lib/python3.10/site-packages/airflow/example_dags/example_latest_only.py
[2025-06-05T04:58:21.802+0000] {processor.py:925} INFO - DAG(s) 'latest_only' retrieved from /home/airflow/.local/lib/python3.10/site-packages/airflow/example_dags/example_latest_only.py
[2025-06-05T04:58:21.996+0000] {logging_mixin.py:190} INFO - [2025-06-05T04:58:21.995+0000] {dag.py:3239} INFO - Sync 1 DAGs
[2025-06-05T04:58:22.091+0000] {logging_mixin.py:190} INFO - [2025-06-05T04:58:22.091+0000] {dag.py:4180} INFO - Setting next_dagrun for latest_only to 2025-06-05 00:00:00+00:00, run_after=2025-06-05 04:00:00+00:00
[2025-06-05T04:58:22.213+0000] {processor.py:208} INFO - Processing /home/airflow/.local/lib/python3.10/site-packages/airflow/example_dags/example_latest_only.py took 0.449 seconds
[2025-06-05T04:58:52.762+0000] {processor.py:186} INFO - Started process (PID=99877) to work on /home/airflow/.local/lib/python3.10/site-packages/airflow/example_dags/example_latest_only.py
[2025-06-05T04:58:52.764+0000] {processor.py:914} INFO - Processing file /home/airflow/.local/lib/python3.10/site-packages/airflow/example_dags/example_latest_only.py for tasks to queue
[2025-06-05T04:58:52.767+0000] {logging_mixin.py:190} INFO - [2025-06-05T04:58:52.766+0000] {dagbag.py:588} INFO - Filling up the DagBag from /home/airflow/.local/lib/python3.10/site-packages/airflow/example_dags/example_latest_only.py
[2025-06-05T04:58:52.778+0000] {processor.py:925} INFO - DAG(s) 'latest_only' retrieved from /home/airflow/.local/lib/python3.10/site-packages/airflow/example_dags/example_latest_only.py
[2025-06-05T04:58:52.846+0000] {logging_mixin.py:190} INFO - [2025-06-05T04:58:52.846+0000] {dag.py:3239} INFO - Sync 1 DAGs
[2025-06-05T04:58:52.875+0000] {logging_mixin.py:190} INFO - [2025-06-05T04:58:52.874+0000] {dag.py:4180} INFO - Setting next_dagrun for latest_only to 2025-06-05 00:00:00+00:00, run_after=2025-06-05 04:00:00+00:00
[2025-06-05T04:58:52.927+0000] {processor.py:208} INFO - Processing /home/airflow/.local/lib/python3.10/site-packages/airflow/example_dags/example_latest_only.py took 0.176 seconds
[2025-06-05T04:59:23.949+0000] {processor.py:186} INFO - Started process (PID=478) to work on /home/airflow/.local/lib/python3.10/site-packages/airflow/example_dags/example_latest_only.py
[2025-06-05T04:59:23.951+0000] {processor.py:914} INFO - Processing file /home/airflow/.local/lib/python3.10/site-packages/airflow/example_dags/example_latest_only.py for tasks to queue
[2025-06-05T04:59:23.953+0000] {logging_mixin.py:190} INFO - [2025-06-05T04:59:23.952+0000] {dagbag.py:588} INFO - Filling up the DagBag from /home/airflow/.local/lib/python3.10/site-packages/airflow/example_dags/example_latest_only.py
[2025-06-05T04:59:23.962+0000] {processor.py:925} INFO - DAG(s) 'latest_only' retrieved from /home/airflow/.local/lib/python3.10/site-packages/airflow/example_dags/example_latest_only.py
[2025-06-05T04:59:24.034+0000] {logging_mixin.py:190} INFO - [2025-06-05T04:59:24.033+0000] {dag.py:3239} INFO - Sync 1 DAGs
[2025-06-05T04:59:24.066+0000] {logging_mixin.py:190} INFO - [2025-06-05T04:59:24.065+0000] {dag.py:4180} INFO - Setting next_dagrun for latest_only to 2025-06-05 00:00:00+00:00, run_after=2025-06-05 04:00:00+00:00
[2025-06-05T04:59:24.105+0000] {processor.py:208} INFO - Processing /home/airflow/.local/lib/python3.10/site-packages/airflow/example_dags/example_latest_only.py took 0.171 seconds
[2025-06-05T04:59:55.418+0000] {processor.py:186} INFO - Started process (PID=780) to work on /home/airflow/.local/lib/python3.10/site-packages/airflow/example_dags/example_latest_only.py
[2025-06-05T04:59:55.420+0000] {processor.py:914} INFO - Processing file /home/airflow/.local/lib/python3.10/site-packages/airflow/example_dags/example_latest_only.py for tasks to queue
[2025-06-05T04:59:55.423+0000] {logging_mixin.py:190} INFO - [2025-06-05T04:59:55.422+0000] {dagbag.py:588} INFO - Filling up the DagBag from /home/airflow/.local/lib/python3.10/site-packages/airflow/example_dags/example_latest_only.py
[2025-06-05T04:59:55.434+0000] {processor.py:925} INFO - DAG(s) 'latest_only' retrieved from /home/airflow/.local/lib/python3.10/site-packages/airflow/example_dags/example_latest_only.py
[2025-06-05T04:59:55.518+0000] {logging_mixin.py:190} INFO - [2025-06-05T04:59:55.518+0000] {dag.py:3239} INFO - Sync 1 DAGs
[2025-06-05T04:59:55.565+0000] {logging_mixin.py:190} INFO - [2025-06-05T04:59:55.564+0000] {dag.py:4180} INFO - Setting next_dagrun for latest_only to 2025-06-05 00:00:00+00:00, run_after=2025-06-05 04:00:00+00:00
[2025-06-05T04:59:55.627+0000] {processor.py:208} INFO - Processing /home/airflow/.local/lib/python3.10/site-packages/airflow/example_dags/example_latest_only.py took 0.219 seconds
[2025-06-05T05:00:26.341+0000] {processor.py:186} INFO - Started process (PID=1068) to work on /home/airflow/.local/lib/python3.10/site-packages/airflow/example_dags/example_latest_only.py
[2025-06-05T05:00:26.343+0000] {processor.py:914} INFO - Processing file /home/airflow/.local/lib/python3.10/site-packages/airflow/example_dags/example_latest_only.py for tasks to queue
[2025-06-05T05:00:26.347+0000] {logging_mixin.py:190} INFO - [2025-06-05T05:00:26.346+0000] {dagbag.py:588} INFO - Filling up the DagBag from /home/airflow/.local/lib/python3.10/site-packages/airflow/example_dags/example_latest_only.py
[2025-06-05T05:00:26.360+0000] {processor.py:925} INFO - DAG(s) 'latest_only' retrieved from /home/airflow/.local/lib/python3.10/site-packages/airflow/example_dags/example_latest_only.py
[2025-06-05T05:00:26.470+0000] {logging_mixin.py:190} INFO - [2025-06-05T05:00:26.470+0000] {dag.py:3239} INFO - Sync 1 DAGs
[2025-06-05T05:00:26.504+0000] {logging_mixin.py:190} INFO - [2025-06-05T05:00:26.504+0000] {dag.py:4180} INFO - Setting next_dagrun for latest_only to 2025-06-05 00:00:00+00:00, run_after=2025-06-05 04:00:00+00:00
[2025-06-05T05:00:26.626+0000] {processor.py:208} INFO - Processing /home/airflow/.local/lib/python3.10/site-packages/airflow/example_dags/example_latest_only.py took 0.299 seconds
[2025-06-05T05:00:57.804+0000] {processor.py:186} INFO - Started process (PID=1358) to work on /home/airflow/.local/lib/python3.10/site-packages/airflow/example_dags/example_latest_only.py
[2025-06-05T05:00:57.806+0000] {processor.py:914} INFO - Processing file /home/airflow/.local/lib/python3.10/site-packages/airflow/example_dags/example_latest_only.py for tasks to queue
[2025-06-05T05:00:57.808+0000] {logging_mixin.py:190} INFO - [2025-06-05T05:00:57.808+0000] {dagbag.py:588} INFO - Filling up the DagBag from /home/airflow/.local/lib/python3.10/site-packages/airflow/example_dags/example_latest_only.py
[2025-06-05T05:00:57.819+0000] {processor.py:925} INFO - DAG(s) 'latest_only' retrieved from /home/airflow/.local/lib/python3.10/site-packages/airflow/example_dags/example_latest_only.py
[2025-06-05T05:00:57.905+0000] {logging_mixin.py:190} INFO - [2025-06-05T05:00:57.905+0000] {dag.py:3239} INFO - Sync 1 DAGs
[2025-06-05T05:00:57.938+0000] {logging_mixin.py:190} INFO - [2025-06-05T05:00:57.937+0000] {dag.py:4180} INFO - Setting next_dagrun for latest_only to 2025-06-05 00:00:00+00:00, run_after=2025-06-05 04:00:00+00:00
[2025-06-05T05:00:58.044+0000] {processor.py:208} INFO - Processing /home/airflow/.local/lib/python3.10/site-packages/airflow/example_dags/example_latest_only.py took 0.253 seconds
[2025-06-05T05:01:30.135+0000] {processor.py:186} INFO - Started process (PID=1660) to work on /home/airflow/.local/lib/python3.10/site-packages/airflow/example_dags/example_latest_only.py
[2025-06-05T05:01:30.137+0000] {processor.py:914} INFO - Processing file /home/airflow/.local/lib/python3.10/site-packages/airflow/example_dags/example_latest_only.py for tasks to queue
[2025-06-05T05:01:30.140+0000] {logging_mixin.py:190} INFO - [2025-06-05T05:01:30.140+0000] {dagbag.py:588} INFO - Filling up the DagBag from /home/airflow/.local/lib/python3.10/site-packages/airflow/example_dags/example_latest_only.py
[2025-06-05T05:01:30.153+0000] {processor.py:925} INFO - DAG(s) 'latest_only' retrieved from /home/airflow/.local/lib/python3.10/site-packages/airflow/example_dags/example_latest_only.py
[2025-06-05T05:01:30.239+0000] {logging_mixin.py:190} INFO - [2025-06-05T05:01:30.239+0000] {dag.py:3239} INFO - Sync 1 DAGs
[2025-06-05T05:01:30.270+0000] {logging_mixin.py:190} INFO - [2025-06-05T05:01:30.269+0000] {dag.py:4180} INFO - Setting next_dagrun for latest_only to 2025-06-05 00:00:00+00:00, run_after=2025-06-05 04:00:00+00:00
[2025-06-05T05:01:30.362+0000] {processor.py:208} INFO - Processing /home/airflow/.local/lib/python3.10/site-packages/airflow/example_dags/example_latest_only.py took 0.241 seconds
[2025-06-05T05:02:10.573+0000] {processor.py:186} INFO - Started process (PID=2113) to work on /home/airflow/.local/lib/python3.10/site-packages/airflow/example_dags/example_latest_only.py
[2025-06-05T05:02:10.576+0000] {processor.py:914} INFO - Processing file /home/airflow/.local/lib/python3.10/site-packages/airflow/example_dags/example_latest_only.py for tasks to queue
[2025-06-05T05:02:10.579+0000] {logging_mixin.py:190} INFO - [2025-06-05T05:02:10.579+0000] {dagbag.py:588} INFO - Filling up the DagBag from /home/airflow/.local/lib/python3.10/site-packages/airflow/example_dags/example_latest_only.py
[2025-06-05T05:02:10.594+0000] {processor.py:925} INFO - DAG(s) 'latest_only' retrieved from /home/airflow/.local/lib/python3.10/site-packages/airflow/example_dags/example_latest_only.py
[2025-06-05T05:02:10.696+0000] {logging_mixin.py:190} INFO - [2025-06-05T05:02:10.695+0000] {dag.py:3239} INFO - Sync 1 DAGs
[2025-06-05T05:02:10.740+0000] {logging_mixin.py:190} INFO - [2025-06-05T05:02:10.739+0000] {dag.py:4180} INFO - Setting next_dagrun for latest_only to 2025-06-05 00:00:00+00:00, run_after=2025-06-05 04:00:00+00:00
[2025-06-05T05:02:10.797+0000] {processor.py:208} INFO - Processing /home/airflow/.local/lib/python3.10/site-packages/airflow/example_dags/example_latest_only.py took 0.242 seconds
[2025-06-05T05:02:43.020+0000] {processor.py:186} INFO - Started process (PID=2403) to work on /home/airflow/.local/lib/python3.10/site-packages/airflow/example_dags/example_latest_only.py
[2025-06-05T05:02:43.022+0000] {processor.py:914} INFO - Processing file /home/airflow/.local/lib/python3.10/site-packages/airflow/example_dags/example_latest_only.py for tasks to queue
[2025-06-05T05:02:43.025+0000] {logging_mixin.py:190} INFO - [2025-06-05T05:02:43.024+0000] {dagbag.py:588} INFO - Filling up the DagBag from /home/airflow/.local/lib/python3.10/site-packages/airflow/example_dags/example_latest_only.py
[2025-06-05T05:02:43.037+0000] {processor.py:925} INFO - DAG(s) 'latest_only' retrieved from /home/airflow/.local/lib/python3.10/site-packages/airflow/example_dags/example_latest_only.py
[2025-06-05T05:02:43.130+0000] {logging_mixin.py:190} INFO - [2025-06-05T05:02:43.129+0000] {dag.py:3239} INFO - Sync 1 DAGs
[2025-06-05T05:02:43.166+0000] {logging_mixin.py:190} INFO - [2025-06-05T05:02:43.166+0000] {dag.py:4180} INFO - Setting next_dagrun for latest_only to 2025-06-05 00:00:00+00:00, run_after=2025-06-05 04:00:00+00:00
[2025-06-05T05:02:43.225+0000] {processor.py:208} INFO - Processing /home/airflow/.local/lib/python3.10/site-packages/airflow/example_dags/example_latest_only.py took 0.217 seconds
[2025-06-05T05:03:14.837+0000] {processor.py:186} INFO - Started process (PID=2693) to work on /home/airflow/.local/lib/python3.10/site-packages/airflow/example_dags/example_latest_only.py
[2025-06-05T05:03:14.840+0000] {processor.py:914} INFO - Processing file /home/airflow/.local/lib/python3.10/site-packages/airflow/example_dags/example_latest_only.py for tasks to queue
[2025-06-05T05:03:14.843+0000] {logging_mixin.py:190} INFO - [2025-06-05T05:03:14.842+0000] {dagbag.py:588} INFO - Filling up the DagBag from /home/airflow/.local/lib/python3.10/site-packages/airflow/example_dags/example_latest_only.py
[2025-06-05T05:03:14.853+0000] {processor.py:925} INFO - DAG(s) 'latest_only' retrieved from /home/airflow/.local/lib/python3.10/site-packages/airflow/example_dags/example_latest_only.py
[2025-06-05T05:03:14.937+0000] {logging_mixin.py:190} INFO - [2025-06-05T05:03:14.937+0000] {dag.py:3239} INFO - Sync 1 DAGs
[2025-06-05T05:03:14.963+0000] {logging_mixin.py:190} INFO - [2025-06-05T05:03:14.962+0000] {dag.py:4180} INFO - Setting next_dagrun for latest_only to 2025-06-05 00:00:00+00:00, run_after=2025-06-05 04:00:00+00:00
[2025-06-05T05:03:15.003+0000] {processor.py:208} INFO - Processing /home/airflow/.local/lib/python3.10/site-packages/airflow/example_dags/example_latest_only.py took 0.176 seconds
[2025-06-05T05:03:45.273+0000] {processor.py:186} INFO - Started process (PID=2983) to work on /home/airflow/.local/lib/python3.10/site-packages/airflow/example_dags/example_latest_only.py
[2025-06-05T05:03:45.274+0000] {processor.py:914} INFO - Processing file /home/airflow/.local/lib/python3.10/site-packages/airflow/example_dags/example_latest_only.py for tasks to queue
[2025-06-05T05:03:45.277+0000] {logging_mixin.py:190} INFO - [2025-06-05T05:03:45.277+0000] {dagbag.py:588} INFO - Filling up the DagBag from /home/airflow/.local/lib/python3.10/site-packages/airflow/example_dags/example_latest_only.py
[2025-06-05T05:03:45.290+0000] {processor.py:925} INFO - DAG(s) 'latest_only' retrieved from /home/airflow/.local/lib/python3.10/site-packages/airflow/example_dags/example_latest_only.py
[2025-06-05T05:03:45.378+0000] {logging_mixin.py:190} INFO - [2025-06-05T05:03:45.378+0000] {dag.py:3239} INFO - Sync 1 DAGs
[2025-06-05T05:03:45.412+0000] {logging_mixin.py:190} INFO - [2025-06-05T05:03:45.412+0000] {dag.py:4180} INFO - Setting next_dagrun for latest_only to 2025-06-05 00:00:00+00:00, run_after=2025-06-05 04:00:00+00:00
[2025-06-05T05:03:45.465+0000] {processor.py:208} INFO - Processing /home/airflow/.local/lib/python3.10/site-packages/airflow/example_dags/example_latest_only.py took 0.206 seconds
[2025-06-05T05:04:15.965+0000] {processor.py:186} INFO - Started process (PID=3268) to work on /home/airflow/.local/lib/python3.10/site-packages/airflow/example_dags/example_latest_only.py
[2025-06-05T05:04:15.966+0000] {processor.py:914} INFO - Processing file /home/airflow/.local/lib/python3.10/site-packages/airflow/example_dags/example_latest_only.py for tasks to queue
[2025-06-05T05:04:15.968+0000] {logging_mixin.py:190} INFO - [2025-06-05T05:04:15.968+0000] {dagbag.py:588} INFO - Filling up the DagBag from /home/airflow/.local/lib/python3.10/site-packages/airflow/example_dags/example_latest_only.py
[2025-06-05T05:04:15.980+0000] {processor.py:925} INFO - DAG(s) 'latest_only' retrieved from /home/airflow/.local/lib/python3.10/site-packages/airflow/example_dags/example_latest_only.py
[2025-06-05T05:04:16.058+0000] {logging_mixin.py:190} INFO - [2025-06-05T05:04:16.058+0000] {dag.py:3239} INFO - Sync 1 DAGs
[2025-06-05T05:04:16.092+0000] {logging_mixin.py:190} INFO - [2025-06-05T05:04:16.092+0000] {dag.py:4180} INFO - Setting next_dagrun for latest_only to 2025-06-05 00:00:00+00:00, run_after=2025-06-05 04:00:00+00:00
[2025-06-05T05:04:16.137+0000] {processor.py:208} INFO - Processing /home/airflow/.local/lib/python3.10/site-packages/airflow/example_dags/example_latest_only.py took 0.183 seconds
[2025-06-05T05:04:47.057+0000] {processor.py:186} INFO - Started process (PID=3558) to work on /home/airflow/.local/lib/python3.10/site-packages/airflow/example_dags/example_latest_only.py
[2025-06-05T05:04:47.058+0000] {processor.py:914} INFO - Processing file /home/airflow/.local/lib/python3.10/site-packages/airflow/example_dags/example_latest_only.py for tasks to queue
[2025-06-05T05:04:47.062+0000] {logging_mixin.py:190} INFO - [2025-06-05T05:04:47.061+0000] {dagbag.py:588} INFO - Filling up the DagBag from /home/airflow/.local/lib/python3.10/site-packages/airflow/example_dags/example_latest_only.py
[2025-06-05T05:04:47.073+0000] {processor.py:925} INFO - DAG(s) 'latest_only' retrieved from /home/airflow/.local/lib/python3.10/site-packages/airflow/example_dags/example_latest_only.py
[2025-06-05T05:04:47.157+0000] {logging_mixin.py:190} INFO - [2025-06-05T05:04:47.157+0000] {dag.py:3239} INFO - Sync 1 DAGs
[2025-06-05T05:04:47.186+0000] {logging_mixin.py:190} INFO - [2025-06-05T05:04:47.186+0000] {dag.py:4180} INFO - Setting next_dagrun for latest_only to 2025-06-05 00:00:00+00:00, run_after=2025-06-05 04:00:00+00:00
[2025-06-05T05:04:47.232+0000] {processor.py:208} INFO - Processing /home/airflow/.local/lib/python3.10/site-packages/airflow/example_dags/example_latest_only.py took 0.186 seconds
