[2025-06-05T04:58:16.299+0000] {processor.py:186} INFO - Started process (PID=99492) to work on /home/airflow/.local/lib/python3.10/site-packages/airflow/example_dags/tutorial_taskflow_templates.py
[2025-06-05T04:58:16.302+0000] {processor.py:914} INFO - Processing file /home/airflow/.local/lib/python3.10/site-packages/airflow/example_dags/tutorial_taskflow_templates.py for tasks to queue
[2025-06-05T04:58:16.312+0000] {logging_mixin.py:190} INFO - [2025-06-05T04:58:16.309+0000] {dagbag.py:588} INFO - Filling up the DagBag from /home/airflow/.local/lib/python3.10/site-packages/airflow/example_dags/tutorial_taskflow_templates.py
[2025-06-05T04:58:16.337+0000] {processor.py:925} INFO - DAG(s) 'tutorial_taskflow_templates' retrieved from /home/airflow/.local/lib/python3.10/site-packages/airflow/example_dags/tutorial_taskflow_templates.py
[2025-06-05T04:58:16.469+0000] {logging_mixin.py:190} INFO - [2025-06-05T04:58:16.468+0000] {dag.py:3239} INFO - Sync 1 DAGs
[2025-06-05T04:58:16.525+0000] {logging_mixin.py:190} INFO - [2025-06-05T04:58:16.524+0000] {dag.py:4180} INFO - Setting next_dagrun for tutorial_taskflow_templates to 2025-06-04 00:00:00+00:00, run_after=2025-06-05 00:00:00+00:00
[2025-06-05T04:58:16.645+0000] {processor.py:208} INFO - Processing /home/airflow/.local/lib/python3.10/site-packages/airflow/example_dags/tutorial_taskflow_templates.py took 0.366 seconds
[2025-06-05T04:58:47.192+0000] {processor.py:186} INFO - Started process (PID=99779) to work on /home/airflow/.local/lib/python3.10/site-packages/airflow/example_dags/tutorial_taskflow_templates.py
[2025-06-05T04:58:47.194+0000] {processor.py:914} INFO - Processing file /home/airflow/.local/lib/python3.10/site-packages/airflow/example_dags/tutorial_taskflow_templates.py for tasks to queue
[2025-06-05T04:58:47.196+0000] {logging_mixin.py:190} INFO - [2025-06-05T04:58:47.196+0000] {dagbag.py:588} INFO - Filling up the DagBag from /home/airflow/.local/lib/python3.10/site-packages/airflow/example_dags/tutorial_taskflow_templates.py
[2025-06-05T04:58:47.212+0000] {processor.py:925} INFO - DAG(s) 'tutorial_taskflow_templates' retrieved from /home/airflow/.local/lib/python3.10/site-packages/airflow/example_dags/tutorial_taskflow_templates.py
[2025-06-05T04:58:47.281+0000] {logging_mixin.py:190} INFO - [2025-06-05T04:58:47.281+0000] {dag.py:3239} INFO - Sync 1 DAGs
[2025-06-05T04:58:47.315+0000] {logging_mixin.py:190} INFO - [2025-06-05T04:58:47.314+0000] {dag.py:4180} INFO - Setting next_dagrun for tutorial_taskflow_templates to 2025-06-04 00:00:00+00:00, run_after=2025-06-05 00:00:00+00:00
[2025-06-05T04:58:47.388+0000] {processor.py:208} INFO - Processing /home/airflow/.local/lib/python3.10/site-packages/airflow/example_dags/tutorial_taskflow_templates.py took 0.207 seconds
[2025-06-05T04:59:17.910+0000] {processor.py:186} INFO - Started process (PID=368) to work on /home/airflow/.local/lib/python3.10/site-packages/airflow/example_dags/tutorial_taskflow_templates.py
[2025-06-05T04:59:17.912+0000] {processor.py:914} INFO - Processing file /home/airflow/.local/lib/python3.10/site-packages/airflow/example_dags/tutorial_taskflow_templates.py for tasks to queue
[2025-06-05T04:59:17.915+0000] {logging_mixin.py:190} INFO - [2025-06-05T04:59:17.915+0000] {dagbag.py:588} INFO - Filling up the DagBag from /home/airflow/.local/lib/python3.10/site-packages/airflow/example_dags/tutorial_taskflow_templates.py
[2025-06-05T04:59:17.938+0000] {processor.py:925} INFO - DAG(s) 'tutorial_taskflow_templates' retrieved from /home/airflow/.local/lib/python3.10/site-packages/airflow/example_dags/tutorial_taskflow_templates.py
[2025-06-05T04:59:18.039+0000] {logging_mixin.py:190} INFO - [2025-06-05T04:59:18.039+0000] {dag.py:3239} INFO - Sync 1 DAGs
[2025-06-05T04:59:18.084+0000] {logging_mixin.py:190} INFO - [2025-06-05T04:59:18.083+0000] {dag.py:4180} INFO - Setting next_dagrun for tutorial_taskflow_templates to 2025-06-04 00:00:00+00:00, run_after=2025-06-05 00:00:00+00:00
[2025-06-05T04:59:18.142+0000] {processor.py:208} INFO - Processing /home/airflow/.local/lib/python3.10/site-packages/airflow/example_dags/tutorial_taskflow_templates.py took 0.245 seconds
[2025-06-05T04:59:48.625+0000] {processor.py:186} INFO - Started process (PID=655) to work on /home/airflow/.local/lib/python3.10/site-packages/airflow/example_dags/tutorial_taskflow_templates.py
[2025-06-05T04:59:48.627+0000] {processor.py:914} INFO - Processing file /home/airflow/.local/lib/python3.10/site-packages/airflow/example_dags/tutorial_taskflow_templates.py for tasks to queue
[2025-06-05T04:59:48.631+0000] {logging_mixin.py:190} INFO - [2025-06-05T04:59:48.630+0000] {dagbag.py:588} INFO - Filling up the DagBag from /home/airflow/.local/lib/python3.10/site-packages/airflow/example_dags/tutorial_taskflow_templates.py
[2025-06-05T04:59:48.662+0000] {processor.py:925} INFO - DAG(s) 'tutorial_taskflow_templates' retrieved from /home/airflow/.local/lib/python3.10/site-packages/airflow/example_dags/tutorial_taskflow_templates.py
[2025-06-05T04:59:48.809+0000] {logging_mixin.py:190} INFO - [2025-06-05T04:59:48.808+0000] {dag.py:3239} INFO - Sync 1 DAGs
[2025-06-05T04:59:48.858+0000] {logging_mixin.py:190} INFO - [2025-06-05T04:59:48.858+0000] {dag.py:4180} INFO - Setting next_dagrun for tutorial_taskflow_templates to 2025-06-04 00:00:00+00:00, run_after=2025-06-05 00:00:00+00:00
[2025-06-05T04:59:48.938+0000] {processor.py:208} INFO - Processing /home/airflow/.local/lib/python3.10/site-packages/airflow/example_dags/tutorial_taskflow_templates.py took 0.328 seconds
[2025-06-05T05:00:19.224+0000] {processor.py:186} INFO - Started process (PID=945) to work on /home/airflow/.local/lib/python3.10/site-packages/airflow/example_dags/tutorial_taskflow_templates.py
[2025-06-05T05:00:19.226+0000] {processor.py:914} INFO - Processing file /home/airflow/.local/lib/python3.10/site-packages/airflow/example_dags/tutorial_taskflow_templates.py for tasks to queue
[2025-06-05T05:00:19.230+0000] {logging_mixin.py:190} INFO - [2025-06-05T05:00:19.229+0000] {dagbag.py:588} INFO - Filling up the DagBag from /home/airflow/.local/lib/python3.10/site-packages/airflow/example_dags/tutorial_taskflow_templates.py
[2025-06-05T05:00:19.251+0000] {processor.py:925} INFO - DAG(s) 'tutorial_taskflow_templates' retrieved from /home/airflow/.local/lib/python3.10/site-packages/airflow/example_dags/tutorial_taskflow_templates.py
[2025-06-05T05:00:19.370+0000] {logging_mixin.py:190} INFO - [2025-06-05T05:00:19.370+0000] {dag.py:3239} INFO - Sync 1 DAGs
[2025-06-05T05:00:19.412+0000] {logging_mixin.py:190} INFO - [2025-06-05T05:00:19.412+0000] {dag.py:4180} INFO - Setting next_dagrun for tutorial_taskflow_templates to 2025-06-04 00:00:00+00:00, run_after=2025-06-05 00:00:00+00:00
[2025-06-05T05:00:19.515+0000] {processor.py:208} INFO - Processing /home/airflow/.local/lib/python3.10/site-packages/airflow/example_dags/tutorial_taskflow_templates.py took 0.303 seconds
[2025-06-05T05:00:49.643+0000] {processor.py:186} INFO - Started process (PID=1235) to work on /home/airflow/.local/lib/python3.10/site-packages/airflow/example_dags/tutorial_taskflow_templates.py
[2025-06-05T05:00:49.645+0000] {processor.py:914} INFO - Processing file /home/airflow/.local/lib/python3.10/site-packages/airflow/example_dags/tutorial_taskflow_templates.py for tasks to queue
[2025-06-05T05:00:49.648+0000] {logging_mixin.py:190} INFO - [2025-06-05T05:00:49.648+0000] {dagbag.py:588} INFO - Filling up the DagBag from /home/airflow/.local/lib/python3.10/site-packages/airflow/example_dags/tutorial_taskflow_templates.py
[2025-06-05T05:00:49.668+0000] {processor.py:925} INFO - DAG(s) 'tutorial_taskflow_templates' retrieved from /home/airflow/.local/lib/python3.10/site-packages/airflow/example_dags/tutorial_taskflow_templates.py
[2025-06-05T05:00:49.776+0000] {logging_mixin.py:190} INFO - [2025-06-05T05:00:49.775+0000] {dag.py:3239} INFO - Sync 1 DAGs
[2025-06-05T05:00:49.818+0000] {logging_mixin.py:190} INFO - [2025-06-05T05:00:49.817+0000] {dag.py:4180} INFO - Setting next_dagrun for tutorial_taskflow_templates to 2025-06-04 00:00:00+00:00, run_after=2025-06-05 00:00:00+00:00
[2025-06-05T05:00:49.863+0000] {processor.py:208} INFO - Processing /home/airflow/.local/lib/python3.10/site-packages/airflow/example_dags/tutorial_taskflow_templates.py took 0.233 seconds
[2025-06-05T05:01:20.529+0000] {processor.py:186} INFO - Started process (PID=1523) to work on /home/airflow/.local/lib/python3.10/site-packages/airflow/example_dags/tutorial_taskflow_templates.py
[2025-06-05T05:01:20.531+0000] {processor.py:914} INFO - Processing file /home/airflow/.local/lib/python3.10/site-packages/airflow/example_dags/tutorial_taskflow_templates.py for tasks to queue
[2025-06-05T05:01:20.534+0000] {logging_mixin.py:190} INFO - [2025-06-05T05:01:20.533+0000] {dagbag.py:588} INFO - Filling up the DagBag from /home/airflow/.local/lib/python3.10/site-packages/airflow/example_dags/tutorial_taskflow_templates.py
[2025-06-05T05:01:20.548+0000] {processor.py:925} INFO - DAG(s) 'tutorial_taskflow_templates' retrieved from /home/airflow/.local/lib/python3.10/site-packages/airflow/example_dags/tutorial_taskflow_templates.py
[2025-06-05T05:01:20.615+0000] {logging_mixin.py:190} INFO - [2025-06-05T05:01:20.615+0000] {dag.py:3239} INFO - Sync 1 DAGs
[2025-06-05T05:01:20.644+0000] {logging_mixin.py:190} INFO - [2025-06-05T05:01:20.644+0000] {dag.py:4180} INFO - Setting next_dagrun for tutorial_taskflow_templates to 2025-06-04 00:00:00+00:00, run_after=2025-06-05 00:00:00+00:00
[2025-06-05T05:01:20.685+0000] {processor.py:208} INFO - Processing /home/airflow/.local/lib/python3.10/site-packages/airflow/example_dags/tutorial_taskflow_templates.py took 0.165 seconds
[2025-06-05T05:01:53.298+0000] {processor.py:186} INFO - Started process (PID=1815) to work on /home/airflow/.local/lib/python3.10/site-packages/airflow/example_dags/tutorial_taskflow_templates.py
[2025-06-05T05:01:53.301+0000] {processor.py:914} INFO - Processing file /home/airflow/.local/lib/python3.10/site-packages/airflow/example_dags/tutorial_taskflow_templates.py for tasks to queue
[2025-06-05T05:01:53.303+0000] {logging_mixin.py:190} INFO - [2025-06-05T05:01:53.302+0000] {dagbag.py:588} INFO - Filling up the DagBag from /home/airflow/.local/lib/python3.10/site-packages/airflow/example_dags/tutorial_taskflow_templates.py
[2025-06-05T05:01:53.318+0000] {processor.py:925} INFO - DAG(s) 'tutorial_taskflow_templates' retrieved from /home/airflow/.local/lib/python3.10/site-packages/airflow/example_dags/tutorial_taskflow_templates.py
[2025-06-05T05:01:53.408+0000] {logging_mixin.py:190} INFO - [2025-06-05T05:01:53.408+0000] {dag.py:3239} INFO - Sync 1 DAGs
[2025-06-05T05:01:53.439+0000] {logging_mixin.py:190} INFO - [2025-06-05T05:01:53.439+0000] {dag.py:4180} INFO - Setting next_dagrun for tutorial_taskflow_templates to 2025-06-04 00:00:00+00:00, run_after=2025-06-05 00:00:00+00:00
[2025-06-05T05:01:53.485+0000] {processor.py:208} INFO - Processing /home/airflow/.local/lib/python3.10/site-packages/airflow/example_dags/tutorial_taskflow_templates.py took 0.199 seconds
[2025-06-05T05:02:09.635+0000] {processor.py:186} INFO - Started process (PID=2093) to work on /home/airflow/.local/lib/python3.10/site-packages/airflow/example_dags/tutorial_taskflow_templates.py
[2025-06-05T05:02:09.637+0000] {processor.py:914} INFO - Processing file /home/airflow/.local/lib/python3.10/site-packages/airflow/example_dags/tutorial_taskflow_templates.py for tasks to queue
[2025-06-05T05:02:09.639+0000] {logging_mixin.py:190} INFO - [2025-06-05T05:02:09.639+0000] {dagbag.py:588} INFO - Filling up the DagBag from /home/airflow/.local/lib/python3.10/site-packages/airflow/example_dags/tutorial_taskflow_templates.py
[2025-06-05T05:02:09.653+0000] {processor.py:925} INFO - DAG(s) 'tutorial_taskflow_templates' retrieved from /home/airflow/.local/lib/python3.10/site-packages/airflow/example_dags/tutorial_taskflow_templates.py
[2025-06-05T05:02:09.722+0000] {logging_mixin.py:190} INFO - [2025-06-05T05:02:09.722+0000] {dag.py:3239} INFO - Sync 1 DAGs
[2025-06-05T05:02:09.755+0000] {logging_mixin.py:190} INFO - [2025-06-05T05:02:09.754+0000] {dag.py:4180} INFO - Setting next_dagrun for tutorial_taskflow_templates to 2025-06-04 00:00:00+00:00, run_after=2025-06-05 00:00:00+00:00
[2025-06-05T05:02:09.803+0000] {processor.py:208} INFO - Processing /home/airflow/.local/lib/python3.10/site-packages/airflow/example_dags/tutorial_taskflow_templates.py took 0.177 seconds
[2025-06-05T05:02:41.950+0000] {processor.py:186} INFO - Started process (PID=2379) to work on /home/airflow/.local/lib/python3.10/site-packages/airflow/example_dags/tutorial_taskflow_templates.py
[2025-06-05T05:02:41.952+0000] {processor.py:914} INFO - Processing file /home/airflow/.local/lib/python3.10/site-packages/airflow/example_dags/tutorial_taskflow_templates.py for tasks to queue
[2025-06-05T05:02:41.955+0000] {logging_mixin.py:190} INFO - [2025-06-05T05:02:41.954+0000] {dagbag.py:588} INFO - Filling up the DagBag from /home/airflow/.local/lib/python3.10/site-packages/airflow/example_dags/tutorial_taskflow_templates.py
[2025-06-05T05:02:41.971+0000] {processor.py:925} INFO - DAG(s) 'tutorial_taskflow_templates' retrieved from /home/airflow/.local/lib/python3.10/site-packages/airflow/example_dags/tutorial_taskflow_templates.py
[2025-06-05T05:02:42.048+0000] {logging_mixin.py:190} INFO - [2025-06-05T05:02:42.048+0000] {dag.py:3239} INFO - Sync 1 DAGs
[2025-06-05T05:02:42.080+0000] {logging_mixin.py:190} INFO - [2025-06-05T05:02:42.080+0000] {dag.py:4180} INFO - Setting next_dagrun for tutorial_taskflow_templates to 2025-06-04 00:00:00+00:00, run_after=2025-06-05 00:00:00+00:00
[2025-06-05T05:02:42.128+0000] {processor.py:208} INFO - Processing /home/airflow/.local/lib/python3.10/site-packages/airflow/example_dags/tutorial_taskflow_templates.py took 0.189 seconds
[2025-06-05T05:03:13.001+0000] {processor.py:186} INFO - Started process (PID=2668) to work on /home/airflow/.local/lib/python3.10/site-packages/airflow/example_dags/tutorial_taskflow_templates.py
[2025-06-05T05:03:13.003+0000] {processor.py:914} INFO - Processing file /home/airflow/.local/lib/python3.10/site-packages/airflow/example_dags/tutorial_taskflow_templates.py for tasks to queue
[2025-06-05T05:03:13.005+0000] {logging_mixin.py:190} INFO - [2025-06-05T05:03:13.005+0000] {dagbag.py:588} INFO - Filling up the DagBag from /home/airflow/.local/lib/python3.10/site-packages/airflow/example_dags/tutorial_taskflow_templates.py
[2025-06-05T05:03:13.022+0000] {processor.py:925} INFO - DAG(s) 'tutorial_taskflow_templates' retrieved from /home/airflow/.local/lib/python3.10/site-packages/airflow/example_dags/tutorial_taskflow_templates.py
[2025-06-05T05:03:13.103+0000] {logging_mixin.py:190} INFO - [2025-06-05T05:03:13.102+0000] {dag.py:3239} INFO - Sync 1 DAGs
[2025-06-05T05:03:13.137+0000] {logging_mixin.py:190} INFO - [2025-06-05T05:03:13.137+0000] {dag.py:4180} INFO - Setting next_dagrun for tutorial_taskflow_templates to 2025-06-04 00:00:00+00:00, run_after=2025-06-05 00:00:00+00:00
[2025-06-05T05:03:13.186+0000] {processor.py:208} INFO - Processing /home/airflow/.local/lib/python3.10/site-packages/airflow/example_dags/tutorial_taskflow_templates.py took 0.198 seconds
[2025-06-05T05:03:43.706+0000] {processor.py:186} INFO - Started process (PID=2953) to work on /home/airflow/.local/lib/python3.10/site-packages/airflow/example_dags/tutorial_taskflow_templates.py
[2025-06-05T05:03:43.711+0000] {processor.py:914} INFO - Processing file /home/airflow/.local/lib/python3.10/site-packages/airflow/example_dags/tutorial_taskflow_templates.py for tasks to queue
[2025-06-05T05:03:43.715+0000] {logging_mixin.py:190} INFO - [2025-06-05T05:03:43.714+0000] {dagbag.py:588} INFO - Filling up the DagBag from /home/airflow/.local/lib/python3.10/site-packages/airflow/example_dags/tutorial_taskflow_templates.py
[2025-06-05T05:03:43.741+0000] {processor.py:925} INFO - DAG(s) 'tutorial_taskflow_templates' retrieved from /home/airflow/.local/lib/python3.10/site-packages/airflow/example_dags/tutorial_taskflow_templates.py
[2025-06-05T05:03:43.836+0000] {logging_mixin.py:190} INFO - [2025-06-05T05:03:43.836+0000] {dag.py:3239} INFO - Sync 1 DAGs
[2025-06-05T05:03:43.882+0000] {logging_mixin.py:190} INFO - [2025-06-05T05:03:43.880+0000] {dag.py:4180} INFO - Setting next_dagrun for tutorial_taskflow_templates to 2025-06-04 00:00:00+00:00, run_after=2025-06-05 00:00:00+00:00
[2025-06-05T05:03:43.936+0000] {processor.py:208} INFO - Processing /home/airflow/.local/lib/python3.10/site-packages/airflow/example_dags/tutorial_taskflow_templates.py took 0.252 seconds
[2025-06-05T05:04:14.129+0000] {processor.py:186} INFO - Started process (PID=3243) to work on /home/airflow/.local/lib/python3.10/site-packages/airflow/example_dags/tutorial_taskflow_templates.py
[2025-06-05T05:04:14.132+0000] {processor.py:914} INFO - Processing file /home/airflow/.local/lib/python3.10/site-packages/airflow/example_dags/tutorial_taskflow_templates.py for tasks to queue
[2025-06-05T05:04:14.135+0000] {logging_mixin.py:190} INFO - [2025-06-05T05:04:14.134+0000] {dagbag.py:588} INFO - Filling up the DagBag from /home/airflow/.local/lib/python3.10/site-packages/airflow/example_dags/tutorial_taskflow_templates.py
[2025-06-05T05:04:14.157+0000] {processor.py:925} INFO - DAG(s) 'tutorial_taskflow_templates' retrieved from /home/airflow/.local/lib/python3.10/site-packages/airflow/example_dags/tutorial_taskflow_templates.py
[2025-06-05T05:04:14.271+0000] {logging_mixin.py:190} INFO - [2025-06-05T05:04:14.270+0000] {dag.py:3239} INFO - Sync 1 DAGs
[2025-06-05T05:04:14.363+0000] {logging_mixin.py:190} INFO - [2025-06-05T05:04:14.362+0000] {dag.py:4180} INFO - Setting next_dagrun for tutorial_taskflow_templates to 2025-06-04 00:00:00+00:00, run_after=2025-06-05 00:00:00+00:00
[2025-06-05T05:04:14.457+0000] {processor.py:208} INFO - Processing /home/airflow/.local/lib/python3.10/site-packages/airflow/example_dags/tutorial_taskflow_templates.py took 0.342 seconds
[2025-06-05T05:04:46.026+0000] {processor.py:186} INFO - Started process (PID=3533) to work on /home/airflow/.local/lib/python3.10/site-packages/airflow/example_dags/tutorial_taskflow_templates.py
[2025-06-05T05:04:46.030+0000] {processor.py:914} INFO - Processing file /home/airflow/.local/lib/python3.10/site-packages/airflow/example_dags/tutorial_taskflow_templates.py for tasks to queue
[2025-06-05T05:04:46.033+0000] {logging_mixin.py:190} INFO - [2025-06-05T05:04:46.033+0000] {dagbag.py:588} INFO - Filling up the DagBag from /home/airflow/.local/lib/python3.10/site-packages/airflow/example_dags/tutorial_taskflow_templates.py
[2025-06-05T05:04:46.058+0000] {processor.py:925} INFO - DAG(s) 'tutorial_taskflow_templates' retrieved from /home/airflow/.local/lib/python3.10/site-packages/airflow/example_dags/tutorial_taskflow_templates.py
[2025-06-05T05:04:46.205+0000] {logging_mixin.py:190} INFO - [2025-06-05T05:04:46.205+0000] {dag.py:3239} INFO - Sync 1 DAGs
[2025-06-05T05:04:46.260+0000] {logging_mixin.py:190} INFO - [2025-06-05T05:04:46.259+0000] {dag.py:4180} INFO - Setting next_dagrun for tutorial_taskflow_templates to 2025-06-04 00:00:00+00:00, run_after=2025-06-05 00:00:00+00:00
[2025-06-05T05:04:46.332+0000] {processor.py:208} INFO - Processing /home/airflow/.local/lib/python3.10/site-packages/airflow/example_dags/tutorial_taskflow_templates.py took 0.322 seconds
