[2025-06-05T04:57:49.446+0000] {processor.py:186} INFO - Started process (PID=99307) to work on /home/airflow/.local/lib/python3.10/site-packages/airflow/example_dags/tutorial_taskflow_api.py
[2025-06-05T04:57:49.475+0000] {processor.py:914} INFO - Processing file /home/airflow/.local/lib/python3.10/site-packages/airflow/example_dags/tutorial_taskflow_api.py for tasks to queue
[2025-06-05T04:57:49.506+0000] {logging_mixin.py:190} INFO - [2025-06-05T04:57:49.498+0000] {dagbag.py:588} INFO - Filling up the DagBag from /home/airflow/.local/lib/python3.10/site-packages/airflow/example_dags/tutorial_taskflow_api.py
[2025-06-05T04:57:49.586+0000] {processor.py:925} INFO - DAG(s) 'tutorial_taskflow_api' retrieved from /home/airflow/.local/lib/python3.10/site-packages/airflow/example_dags/tutorial_taskflow_api.py
[2025-06-05T04:57:49.918+0000] {logging_mixin.py:190} INFO - [2025-06-05T04:57:49.918+0000] {dag.py:3239} INFO - Sync 1 DAGs
[2025-06-05T04:57:50.041+0000] {logging_mixin.py:190} INFO - [2025-06-05T04:57:50.040+0000] {dag.py:4180} INFO - Setting next_dagrun for tutorial_taskflow_api to None, run_after=None
[2025-06-05T04:57:50.379+0000] {processor.py:208} INFO - Processing /home/airflow/.local/lib/python3.10/site-packages/airflow/example_dags/tutorial_taskflow_api.py took 0.976 seconds
[2025-06-05T04:58:22.442+0000] {processor.py:186} INFO - Started process (PID=99597) to work on /home/airflow/.local/lib/python3.10/site-packages/airflow/example_dags/tutorial_taskflow_api.py
[2025-06-05T04:58:22.445+0000] {processor.py:914} INFO - Processing file /home/airflow/.local/lib/python3.10/site-packages/airflow/example_dags/tutorial_taskflow_api.py for tasks to queue
[2025-06-05T04:58:22.449+0000] {logging_mixin.py:190} INFO - [2025-06-05T04:58:22.448+0000] {dagbag.py:588} INFO - Filling up the DagBag from /home/airflow/.local/lib/python3.10/site-packages/airflow/example_dags/tutorial_taskflow_api.py
[2025-06-05T04:58:22.467+0000] {processor.py:925} INFO - DAG(s) 'tutorial_taskflow_api' retrieved from /home/airflow/.local/lib/python3.10/site-packages/airflow/example_dags/tutorial_taskflow_api.py
[2025-06-05T04:58:22.597+0000] {logging_mixin.py:190} INFO - [2025-06-05T04:58:22.596+0000] {dag.py:3239} INFO - Sync 1 DAGs
[2025-06-05T04:58:22.626+0000] {logging_mixin.py:190} INFO - [2025-06-05T04:58:22.625+0000] {dag.py:4180} INFO - Setting next_dagrun for tutorial_taskflow_api to None, run_after=None
[2025-06-05T04:58:22.694+0000] {processor.py:208} INFO - Processing /home/airflow/.local/lib/python3.10/site-packages/airflow/example_dags/tutorial_taskflow_api.py took 0.273 seconds
[2025-06-05T04:58:53.016+0000] {processor.py:186} INFO - Started process (PID=99887) to work on /home/airflow/.local/lib/python3.10/site-packages/airflow/example_dags/tutorial_taskflow_api.py
[2025-06-05T04:58:53.019+0000] {processor.py:914} INFO - Processing file /home/airflow/.local/lib/python3.10/site-packages/airflow/example_dags/tutorial_taskflow_api.py for tasks to queue
[2025-06-05T04:58:53.022+0000] {logging_mixin.py:190} INFO - [2025-06-05T04:58:53.021+0000] {dagbag.py:588} INFO - Filling up the DagBag from /home/airflow/.local/lib/python3.10/site-packages/airflow/example_dags/tutorial_taskflow_api.py
[2025-06-05T04:58:53.034+0000] {processor.py:925} INFO - DAG(s) 'tutorial_taskflow_api' retrieved from /home/airflow/.local/lib/python3.10/site-packages/airflow/example_dags/tutorial_taskflow_api.py
[2025-06-05T04:58:53.127+0000] {logging_mixin.py:190} INFO - [2025-06-05T04:58:53.127+0000] {dag.py:3239} INFO - Sync 1 DAGs
[2025-06-05T04:58:53.147+0000] {logging_mixin.py:190} INFO - [2025-06-05T04:58:53.147+0000] {dag.py:4180} INFO - Setting next_dagrun for tutorial_taskflow_api to None, run_after=None
[2025-06-05T04:58:53.209+0000] {processor.py:208} INFO - Processing /home/airflow/.local/lib/python3.10/site-packages/airflow/example_dags/tutorial_taskflow_api.py took 0.208 seconds
[2025-06-05T04:59:23.709+0000] {processor.py:186} INFO - Started process (PID=468) to work on /home/airflow/.local/lib/python3.10/site-packages/airflow/example_dags/tutorial_taskflow_api.py
[2025-06-05T04:59:23.710+0000] {processor.py:914} INFO - Processing file /home/airflow/.local/lib/python3.10/site-packages/airflow/example_dags/tutorial_taskflow_api.py for tasks to queue
[2025-06-05T04:59:23.713+0000] {logging_mixin.py:190} INFO - [2025-06-05T04:59:23.712+0000] {dagbag.py:588} INFO - Filling up the DagBag from /home/airflow/.local/lib/python3.10/site-packages/airflow/example_dags/tutorial_taskflow_api.py
[2025-06-05T04:59:23.722+0000] {processor.py:925} INFO - DAG(s) 'tutorial_taskflow_api' retrieved from /home/airflow/.local/lib/python3.10/site-packages/airflow/example_dags/tutorial_taskflow_api.py
[2025-06-05T04:59:23.798+0000] {logging_mixin.py:190} INFO - [2025-06-05T04:59:23.797+0000] {dag.py:3239} INFO - Sync 1 DAGs
[2025-06-05T04:59:23.817+0000] {logging_mixin.py:190} INFO - [2025-06-05T04:59:23.817+0000] {dag.py:4180} INFO - Setting next_dagrun for tutorial_taskflow_api to None, run_after=None
[2025-06-05T04:59:23.864+0000] {processor.py:208} INFO - Processing /home/airflow/.local/lib/python3.10/site-packages/airflow/example_dags/tutorial_taskflow_api.py took 0.165 seconds
[2025-06-05T04:59:54.833+0000] {processor.py:186} INFO - Started process (PID=758) to work on /home/airflow/.local/lib/python3.10/site-packages/airflow/example_dags/tutorial_taskflow_api.py
[2025-06-05T04:59:54.836+0000] {processor.py:914} INFO - Processing file /home/airflow/.local/lib/python3.10/site-packages/airflow/example_dags/tutorial_taskflow_api.py for tasks to queue
[2025-06-05T04:59:54.838+0000] {logging_mixin.py:190} INFO - [2025-06-05T04:59:54.838+0000] {dagbag.py:588} INFO - Filling up the DagBag from /home/airflow/.local/lib/python3.10/site-packages/airflow/example_dags/tutorial_taskflow_api.py
[2025-06-05T04:59:54.846+0000] {processor.py:925} INFO - DAG(s) 'tutorial_taskflow_api' retrieved from /home/airflow/.local/lib/python3.10/site-packages/airflow/example_dags/tutorial_taskflow_api.py
[2025-06-05T04:59:54.931+0000] {logging_mixin.py:190} INFO - [2025-06-05T04:59:54.931+0000] {dag.py:3239} INFO - Sync 1 DAGs
[2025-06-05T04:59:54.956+0000] {logging_mixin.py:190} INFO - [2025-06-05T04:59:54.956+0000] {dag.py:4180} INFO - Setting next_dagrun for tutorial_taskflow_api to None, run_after=None
[2025-06-05T04:59:55.008+0000] {processor.py:208} INFO - Processing /home/airflow/.local/lib/python3.10/site-packages/airflow/example_dags/tutorial_taskflow_api.py took 0.185 seconds
[2025-06-05T05:00:25.641+0000] {processor.py:186} INFO - Started process (PID=1048) to work on /home/airflow/.local/lib/python3.10/site-packages/airflow/example_dags/tutorial_taskflow_api.py
[2025-06-05T05:00:25.645+0000] {processor.py:914} INFO - Processing file /home/airflow/.local/lib/python3.10/site-packages/airflow/example_dags/tutorial_taskflow_api.py for tasks to queue
[2025-06-05T05:00:25.650+0000] {logging_mixin.py:190} INFO - [2025-06-05T05:00:25.649+0000] {dagbag.py:588} INFO - Filling up the DagBag from /home/airflow/.local/lib/python3.10/site-packages/airflow/example_dags/tutorial_taskflow_api.py
[2025-06-05T05:00:25.666+0000] {processor.py:925} INFO - DAG(s) 'tutorial_taskflow_api' retrieved from /home/airflow/.local/lib/python3.10/site-packages/airflow/example_dags/tutorial_taskflow_api.py
[2025-06-05T05:00:25.800+0000] {logging_mixin.py:190} INFO - [2025-06-05T05:00:25.800+0000] {dag.py:3239} INFO - Sync 1 DAGs
[2025-06-05T05:00:25.850+0000] {logging_mixin.py:190} INFO - [2025-06-05T05:00:25.850+0000] {dag.py:4180} INFO - Setting next_dagrun for tutorial_taskflow_api to None, run_after=None
[2025-06-05T05:00:25.924+0000] {processor.py:208} INFO - Processing /home/airflow/.local/lib/python3.10/site-packages/airflow/example_dags/tutorial_taskflow_api.py took 0.307 seconds
[2025-06-05T05:00:57.170+0000] {processor.py:186} INFO - Started process (PID=1340) to work on /home/airflow/.local/lib/python3.10/site-packages/airflow/example_dags/tutorial_taskflow_api.py
[2025-06-05T05:00:57.172+0000] {processor.py:914} INFO - Processing file /home/airflow/.local/lib/python3.10/site-packages/airflow/example_dags/tutorial_taskflow_api.py for tasks to queue
[2025-06-05T05:00:57.175+0000] {logging_mixin.py:190} INFO - [2025-06-05T05:00:57.175+0000] {dagbag.py:588} INFO - Filling up the DagBag from /home/airflow/.local/lib/python3.10/site-packages/airflow/example_dags/tutorial_taskflow_api.py
[2025-06-05T05:00:57.186+0000] {processor.py:925} INFO - DAG(s) 'tutorial_taskflow_api' retrieved from /home/airflow/.local/lib/python3.10/site-packages/airflow/example_dags/tutorial_taskflow_api.py
[2025-06-05T05:00:57.276+0000] {logging_mixin.py:190} INFO - [2025-06-05T05:00:57.276+0000] {dag.py:3239} INFO - Sync 1 DAGs
[2025-06-05T05:00:57.299+0000] {logging_mixin.py:190} INFO - [2025-06-05T05:00:57.298+0000] {dag.py:4180} INFO - Setting next_dagrun for tutorial_taskflow_api to None, run_after=None
[2025-06-05T05:00:57.351+0000] {processor.py:208} INFO - Processing /home/airflow/.local/lib/python3.10/site-packages/airflow/example_dags/tutorial_taskflow_api.py took 0.194 seconds
[2025-06-05T05:01:28.762+0000] {processor.py:186} INFO - Started process (PID=1630) to work on /home/airflow/.local/lib/python3.10/site-packages/airflow/example_dags/tutorial_taskflow_api.py
[2025-06-05T05:01:28.765+0000] {processor.py:914} INFO - Processing file /home/airflow/.local/lib/python3.10/site-packages/airflow/example_dags/tutorial_taskflow_api.py for tasks to queue
[2025-06-05T05:01:28.767+0000] {logging_mixin.py:190} INFO - [2025-06-05T05:01:28.767+0000] {dagbag.py:588} INFO - Filling up the DagBag from /home/airflow/.local/lib/python3.10/site-packages/airflow/example_dags/tutorial_taskflow_api.py
[2025-06-05T05:01:28.779+0000] {processor.py:925} INFO - DAG(s) 'tutorial_taskflow_api' retrieved from /home/airflow/.local/lib/python3.10/site-packages/airflow/example_dags/tutorial_taskflow_api.py
[2025-06-05T05:01:28.872+0000] {logging_mixin.py:190} INFO - [2025-06-05T05:01:28.872+0000] {dag.py:3239} INFO - Sync 1 DAGs
[2025-06-05T05:01:28.899+0000] {logging_mixin.py:190} INFO - [2025-06-05T05:01:28.899+0000] {dag.py:4180} INFO - Setting next_dagrun for tutorial_taskflow_api to None, run_after=None
[2025-06-05T05:01:28.971+0000] {processor.py:208} INFO - Processing /home/airflow/.local/lib/python3.10/site-packages/airflow/example_dags/tutorial_taskflow_api.py took 0.223 seconds
[2025-06-05T05:02:01.540+0000] {processor.py:186} INFO - Started process (PID=1910) to work on /home/airflow/.local/lib/python3.10/site-packages/airflow/example_dags/tutorial_taskflow_api.py
[2025-06-05T05:02:01.543+0000] {processor.py:914} INFO - Processing file /home/airflow/.local/lib/python3.10/site-packages/airflow/example_dags/tutorial_taskflow_api.py for tasks to queue
[2025-06-05T05:02:01.546+0000] {logging_mixin.py:190} INFO - [2025-06-05T05:02:01.545+0000] {dagbag.py:588} INFO - Filling up the DagBag from /home/airflow/.local/lib/python3.10/site-packages/airflow/example_dags/tutorial_taskflow_api.py
[2025-06-05T05:02:01.561+0000] {processor.py:925} INFO - DAG(s) 'tutorial_taskflow_api' retrieved from /home/airflow/.local/lib/python3.10/site-packages/airflow/example_dags/tutorial_taskflow_api.py
[2025-06-05T05:02:01.673+0000] {logging_mixin.py:190} INFO - [2025-06-05T05:02:01.673+0000] {dag.py:3239} INFO - Sync 1 DAGs
[2025-06-05T05:02:01.696+0000] {logging_mixin.py:190} INFO - [2025-06-05T05:02:01.696+0000] {dag.py:4180} INFO - Setting next_dagrun for tutorial_taskflow_api to None, run_after=None
[2025-06-05T05:02:01.750+0000] {processor.py:208} INFO - Processing /home/airflow/.local/lib/python3.10/site-packages/airflow/example_dags/tutorial_taskflow_api.py took 0.226 seconds
[2025-06-05T05:02:31.914+0000] {processor.py:186} INFO - Started process (PID=2198) to work on /home/airflow/.local/lib/python3.10/site-packages/airflow/example_dags/tutorial_taskflow_api.py
[2025-06-05T05:02:31.917+0000] {processor.py:914} INFO - Processing file /home/airflow/.local/lib/python3.10/site-packages/airflow/example_dags/tutorial_taskflow_api.py for tasks to queue
[2025-06-05T05:02:31.920+0000] {logging_mixin.py:190} INFO - [2025-06-05T05:02:31.919+0000] {dagbag.py:588} INFO - Filling up the DagBag from /home/airflow/.local/lib/python3.10/site-packages/airflow/example_dags/tutorial_taskflow_api.py
[2025-06-05T05:02:31.935+0000] {processor.py:925} INFO - DAG(s) 'tutorial_taskflow_api' retrieved from /home/airflow/.local/lib/python3.10/site-packages/airflow/example_dags/tutorial_taskflow_api.py
[2025-06-05T05:02:32.041+0000] {logging_mixin.py:190} INFO - [2025-06-05T05:02:32.040+0000] {dag.py:3239} INFO - Sync 1 DAGs
[2025-06-05T05:02:32.069+0000] {logging_mixin.py:190} INFO - [2025-06-05T05:02:32.069+0000] {dag.py:4180} INFO - Setting next_dagrun for tutorial_taskflow_api to None, run_after=None
[2025-06-05T05:02:32.129+0000] {processor.py:208} INFO - Processing /home/airflow/.local/lib/python3.10/site-packages/airflow/example_dags/tutorial_taskflow_api.py took 0.231 seconds
[2025-06-05T05:03:02.625+0000] {processor.py:186} INFO - Started process (PID=2488) to work on /home/airflow/.local/lib/python3.10/site-packages/airflow/example_dags/tutorial_taskflow_api.py
[2025-06-05T05:03:02.628+0000] {processor.py:914} INFO - Processing file /home/airflow/.local/lib/python3.10/site-packages/airflow/example_dags/tutorial_taskflow_api.py for tasks to queue
[2025-06-05T05:03:02.632+0000] {logging_mixin.py:190} INFO - [2025-06-05T05:03:02.631+0000] {dagbag.py:588} INFO - Filling up the DagBag from /home/airflow/.local/lib/python3.10/site-packages/airflow/example_dags/tutorial_taskflow_api.py
[2025-06-05T05:03:02.648+0000] {processor.py:925} INFO - DAG(s) 'tutorial_taskflow_api' retrieved from /home/airflow/.local/lib/python3.10/site-packages/airflow/example_dags/tutorial_taskflow_api.py
[2025-06-05T05:03:02.756+0000] {logging_mixin.py:190} INFO - [2025-06-05T05:03:02.756+0000] {dag.py:3239} INFO - Sync 1 DAGs
[2025-06-05T05:03:02.787+0000] {logging_mixin.py:190} INFO - [2025-06-05T05:03:02.786+0000] {dag.py:4180} INFO - Setting next_dagrun for tutorial_taskflow_api to None, run_after=None
[2025-06-05T05:03:02.851+0000] {processor.py:208} INFO - Processing /home/airflow/.local/lib/python3.10/site-packages/airflow/example_dags/tutorial_taskflow_api.py took 0.245 seconds
[2025-06-05T05:03:33.682+0000] {processor.py:186} INFO - Started process (PID=2780) to work on /home/airflow/.local/lib/python3.10/site-packages/airflow/example_dags/tutorial_taskflow_api.py
[2025-06-05T05:03:33.684+0000] {processor.py:914} INFO - Processing file /home/airflow/.local/lib/python3.10/site-packages/airflow/example_dags/tutorial_taskflow_api.py for tasks to queue
[2025-06-05T05:03:33.687+0000] {logging_mixin.py:190} INFO - [2025-06-05T05:03:33.687+0000] {dagbag.py:588} INFO - Filling up the DagBag from /home/airflow/.local/lib/python3.10/site-packages/airflow/example_dags/tutorial_taskflow_api.py
[2025-06-05T05:03:33.698+0000] {processor.py:925} INFO - DAG(s) 'tutorial_taskflow_api' retrieved from /home/airflow/.local/lib/python3.10/site-packages/airflow/example_dags/tutorial_taskflow_api.py
[2025-06-05T05:03:33.803+0000] {logging_mixin.py:190} INFO - [2025-06-05T05:03:33.803+0000] {dag.py:3239} INFO - Sync 1 DAGs
[2025-06-05T05:03:33.830+0000] {logging_mixin.py:190} INFO - [2025-06-05T05:03:33.830+0000] {dag.py:4180} INFO - Setting next_dagrun for tutorial_taskflow_api to None, run_after=None
[2025-06-05T05:03:33.884+0000] {processor.py:208} INFO - Processing /home/airflow/.local/lib/python3.10/site-packages/airflow/example_dags/tutorial_taskflow_api.py took 0.215 seconds
[2025-06-05T05:04:04.007+0000] {processor.py:186} INFO - Started process (PID=3070) to work on /home/airflow/.local/lib/python3.10/site-packages/airflow/example_dags/tutorial_taskflow_api.py
[2025-06-05T05:04:04.009+0000] {processor.py:914} INFO - Processing file /home/airflow/.local/lib/python3.10/site-packages/airflow/example_dags/tutorial_taskflow_api.py for tasks to queue
[2025-06-05T05:04:04.011+0000] {logging_mixin.py:190} INFO - [2025-06-05T05:04:04.010+0000] {dagbag.py:588} INFO - Filling up the DagBag from /home/airflow/.local/lib/python3.10/site-packages/airflow/example_dags/tutorial_taskflow_api.py
[2025-06-05T05:04:04.023+0000] {processor.py:925} INFO - DAG(s) 'tutorial_taskflow_api' retrieved from /home/airflow/.local/lib/python3.10/site-packages/airflow/example_dags/tutorial_taskflow_api.py
[2025-06-05T05:04:04.097+0000] {logging_mixin.py:190} INFO - [2025-06-05T05:04:04.097+0000] {dag.py:3239} INFO - Sync 1 DAGs
[2025-06-05T05:04:04.120+0000] {logging_mixin.py:190} INFO - [2025-06-05T05:04:04.119+0000] {dag.py:4180} INFO - Setting next_dagrun for tutorial_taskflow_api to None, run_after=None
[2025-06-05T05:04:04.207+0000] {processor.py:208} INFO - Processing /home/airflow/.local/lib/python3.10/site-packages/airflow/example_dags/tutorial_taskflow_api.py took 0.210 seconds
[2025-06-05T05:04:35.079+0000] {processor.py:186} INFO - Started process (PID=3358) to work on /home/airflow/.local/lib/python3.10/site-packages/airflow/example_dags/tutorial_taskflow_api.py
[2025-06-05T05:04:35.081+0000] {processor.py:914} INFO - Processing file /home/airflow/.local/lib/python3.10/site-packages/airflow/example_dags/tutorial_taskflow_api.py for tasks to queue
[2025-06-05T05:04:35.086+0000] {logging_mixin.py:190} INFO - [2025-06-05T05:04:35.085+0000] {dagbag.py:588} INFO - Filling up the DagBag from /home/airflow/.local/lib/python3.10/site-packages/airflow/example_dags/tutorial_taskflow_api.py
[2025-06-05T05:04:35.103+0000] {processor.py:925} INFO - DAG(s) 'tutorial_taskflow_api' retrieved from /home/airflow/.local/lib/python3.10/site-packages/airflow/example_dags/tutorial_taskflow_api.py
[2025-06-05T05:04:35.237+0000] {logging_mixin.py:190} INFO - [2025-06-05T05:04:35.236+0000] {dag.py:3239} INFO - Sync 1 DAGs
[2025-06-05T05:04:35.269+0000] {logging_mixin.py:190} INFO - [2025-06-05T05:04:35.268+0000] {dag.py:4180} INFO - Setting next_dagrun for tutorial_taskflow_api to None, run_after=None
[2025-06-05T05:04:35.340+0000] {processor.py:208} INFO - Processing /home/airflow/.local/lib/python3.10/site-packages/airflow/example_dags/tutorial_taskflow_api.py took 0.278 seconds
[2025-06-05T05:05:05.842+0000] {processor.py:186} INFO - Started process (PID=3650) to work on /home/airflow/.local/lib/python3.10/site-packages/airflow/example_dags/tutorial_taskflow_api.py
[2025-06-05T05:05:05.845+0000] {processor.py:914} INFO - Processing file /home/airflow/.local/lib/python3.10/site-packages/airflow/example_dags/tutorial_taskflow_api.py for tasks to queue
[2025-06-05T05:05:05.848+0000] {logging_mixin.py:190} INFO - [2025-06-05T05:05:05.848+0000] {dagbag.py:588} INFO - Filling up the DagBag from /home/airflow/.local/lib/python3.10/site-packages/airflow/example_dags/tutorial_taskflow_api.py
[2025-06-05T05:05:05.860+0000] {processor.py:925} INFO - DAG(s) 'tutorial_taskflow_api' retrieved from /home/airflow/.local/lib/python3.10/site-packages/airflow/example_dags/tutorial_taskflow_api.py
[2025-06-05T05:05:05.966+0000] {logging_mixin.py:190} INFO - [2025-06-05T05:05:05.965+0000] {dag.py:3239} INFO - Sync 1 DAGs
[2025-06-05T05:05:05.990+0000] {logging_mixin.py:190} INFO - [2025-06-05T05:05:05.989+0000] {dag.py:4180} INFO - Setting next_dagrun for tutorial_taskflow_api to None, run_after=None
[2025-06-05T05:05:06.049+0000] {processor.py:208} INFO - Processing /home/airflow/.local/lib/python3.10/site-packages/airflow/example_dags/tutorial_taskflow_api.py took 0.220 seconds
