[2025-06-05T04:58:14.794+0000] {processor.py:186} INFO - Started process (PID=99482) to work on /home/airflow/.local/lib/python3.10/site-packages/airflow/example_dags/tutorial_objectstorage.py
[2025-06-05T04:58:14.797+0000] {processor.py:914} INFO - Processing file /home/airflow/.local/lib/python3.10/site-packages/airflow/example_dags/tutorial_objectstorage.py for tasks to queue
[2025-06-05T04:58:14.800+0000] {logging_mixin.py:190} INFO - [2025-06-05T04:58:14.799+0000] {dagbag.py:588} INFO - Filling up the DagBag from /home/airflow/.local/lib/python3.10/site-packages/airflow/example_dags/tutorial_objectstorage.py
[2025-06-05T04:58:14.826+0000] {processor.py:925} INFO - DAG(s) 'tutorial_objectstorage' retrieved from /home/airflow/.local/lib/python3.10/site-packages/airflow/example_dags/tutorial_objectstorage.py
[2025-06-05T04:58:15.006+0000] {logging_mixin.py:190} INFO - [2025-06-05T04:58:15.005+0000] {dag.py:3239} INFO - Sync 1 DAGs
[2025-06-05T04:58:15.053+0000] {logging_mixin.py:190} INFO - [2025-06-05T04:58:15.052+0000] {dag.py:4180} INFO - Setting next_dagrun for tutorial_objectstorage to None, run_after=None
[2025-06-05T04:58:15.128+0000] {processor.py:208} INFO - Processing /home/airflow/.local/lib/python3.10/site-packages/airflow/example_dags/tutorial_objectstorage.py took 0.350 seconds
[2025-06-05T04:58:46.110+0000] {processor.py:186} INFO - Started process (PID=99772) to work on /home/airflow/.local/lib/python3.10/site-packages/airflow/example_dags/tutorial_objectstorage.py
[2025-06-05T04:58:46.112+0000] {processor.py:914} INFO - Processing file /home/airflow/.local/lib/python3.10/site-packages/airflow/example_dags/tutorial_objectstorage.py for tasks to queue
[2025-06-05T04:58:46.115+0000] {logging_mixin.py:190} INFO - [2025-06-05T04:58:46.115+0000] {dagbag.py:588} INFO - Filling up the DagBag from /home/airflow/.local/lib/python3.10/site-packages/airflow/example_dags/tutorial_objectstorage.py
[2025-06-05T04:58:46.133+0000] {processor.py:925} INFO - DAG(s) 'tutorial_objectstorage' retrieved from /home/airflow/.local/lib/python3.10/site-packages/airflow/example_dags/tutorial_objectstorage.py
[2025-06-05T04:58:46.249+0000] {logging_mixin.py:190} INFO - [2025-06-05T04:58:46.248+0000] {dag.py:3239} INFO - Sync 1 DAGs
[2025-06-05T04:58:46.277+0000] {logging_mixin.py:190} INFO - [2025-06-05T04:58:46.276+0000] {dag.py:4180} INFO - Setting next_dagrun for tutorial_objectstorage to None, run_after=None
[2025-06-05T04:58:46.333+0000] {processor.py:208} INFO - Processing /home/airflow/.local/lib/python3.10/site-packages/airflow/example_dags/tutorial_objectstorage.py took 0.239 seconds
[2025-06-05T04:59:16.636+0000] {processor.py:186} INFO - Started process (PID=360) to work on /home/airflow/.local/lib/python3.10/site-packages/airflow/example_dags/tutorial_objectstorage.py
[2025-06-05T04:59:16.638+0000] {processor.py:914} INFO - Processing file /home/airflow/.local/lib/python3.10/site-packages/airflow/example_dags/tutorial_objectstorage.py for tasks to queue
[2025-06-05T04:59:16.641+0000] {logging_mixin.py:190} INFO - [2025-06-05T04:59:16.641+0000] {dagbag.py:588} INFO - Filling up the DagBag from /home/airflow/.local/lib/python3.10/site-packages/airflow/example_dags/tutorial_objectstorage.py
[2025-06-05T04:59:16.657+0000] {processor.py:925} INFO - DAG(s) 'tutorial_objectstorage' retrieved from /home/airflow/.local/lib/python3.10/site-packages/airflow/example_dags/tutorial_objectstorage.py
[2025-06-05T04:59:16.755+0000] {logging_mixin.py:190} INFO - [2025-06-05T04:59:16.755+0000] {dag.py:3239} INFO - Sync 1 DAGs
[2025-06-05T04:59:16.782+0000] {logging_mixin.py:190} INFO - [2025-06-05T04:59:16.782+0000] {dag.py:4180} INFO - Setting next_dagrun for tutorial_objectstorage to None, run_after=None
[2025-06-05T04:59:16.837+0000] {processor.py:208} INFO - Processing /home/airflow/.local/lib/python3.10/site-packages/airflow/example_dags/tutorial_objectstorage.py took 0.215 seconds
[2025-06-05T04:59:47.332+0000] {processor.py:186} INFO - Started process (PID=650) to work on /home/airflow/.local/lib/python3.10/site-packages/airflow/example_dags/tutorial_objectstorage.py
[2025-06-05T04:59:47.335+0000] {processor.py:914} INFO - Processing file /home/airflow/.local/lib/python3.10/site-packages/airflow/example_dags/tutorial_objectstorage.py for tasks to queue
[2025-06-05T04:59:47.338+0000] {logging_mixin.py:190} INFO - [2025-06-05T04:59:47.338+0000] {dagbag.py:588} INFO - Filling up the DagBag from /home/airflow/.local/lib/python3.10/site-packages/airflow/example_dags/tutorial_objectstorage.py
[2025-06-05T04:59:47.353+0000] {processor.py:925} INFO - DAG(s) 'tutorial_objectstorage' retrieved from /home/airflow/.local/lib/python3.10/site-packages/airflow/example_dags/tutorial_objectstorage.py
[2025-06-05T04:59:47.445+0000] {logging_mixin.py:190} INFO - [2025-06-05T04:59:47.444+0000] {dag.py:3239} INFO - Sync 1 DAGs
[2025-06-05T04:59:47.465+0000] {logging_mixin.py:190} INFO - [2025-06-05T04:59:47.464+0000] {dag.py:4180} INFO - Setting next_dagrun for tutorial_objectstorage to None, run_after=None
[2025-06-05T04:59:47.573+0000] {processor.py:208} INFO - Processing /home/airflow/.local/lib/python3.10/site-packages/airflow/example_dags/tutorial_objectstorage.py took 0.254 seconds
[2025-06-05T05:00:18.167+0000] {processor.py:186} INFO - Started process (PID=940) to work on /home/airflow/.local/lib/python3.10/site-packages/airflow/example_dags/tutorial_objectstorage.py
[2025-06-05T05:00:18.169+0000] {processor.py:914} INFO - Processing file /home/airflow/.local/lib/python3.10/site-packages/airflow/example_dags/tutorial_objectstorage.py for tasks to queue
[2025-06-05T05:00:18.172+0000] {logging_mixin.py:190} INFO - [2025-06-05T05:00:18.172+0000] {dagbag.py:588} INFO - Filling up the DagBag from /home/airflow/.local/lib/python3.10/site-packages/airflow/example_dags/tutorial_objectstorage.py
[2025-06-05T05:00:18.188+0000] {processor.py:925} INFO - DAG(s) 'tutorial_objectstorage' retrieved from /home/airflow/.local/lib/python3.10/site-packages/airflow/example_dags/tutorial_objectstorage.py
[2025-06-05T05:00:18.299+0000] {logging_mixin.py:190} INFO - [2025-06-05T05:00:18.299+0000] {dag.py:3239} INFO - Sync 1 DAGs
[2025-06-05T05:00:18.319+0000] {logging_mixin.py:190} INFO - [2025-06-05T05:00:18.319+0000] {dag.py:4180} INFO - Setting next_dagrun for tutorial_objectstorage to None, run_after=None
[2025-06-05T05:00:18.412+0000] {processor.py:208} INFO - Processing /home/airflow/.local/lib/python3.10/site-packages/airflow/example_dags/tutorial_objectstorage.py took 0.257 seconds
[2025-06-05T05:00:49.351+0000] {processor.py:186} INFO - Started process (PID=1230) to work on /home/airflow/.local/lib/python3.10/site-packages/airflow/example_dags/tutorial_objectstorage.py
[2025-06-05T05:00:49.354+0000] {processor.py:914} INFO - Processing file /home/airflow/.local/lib/python3.10/site-packages/airflow/example_dags/tutorial_objectstorage.py for tasks to queue
[2025-06-05T05:00:49.357+0000] {logging_mixin.py:190} INFO - [2025-06-05T05:00:49.357+0000] {dagbag.py:588} INFO - Filling up the DagBag from /home/airflow/.local/lib/python3.10/site-packages/airflow/example_dags/tutorial_objectstorage.py
[2025-06-05T05:00:49.373+0000] {processor.py:925} INFO - DAG(s) 'tutorial_objectstorage' retrieved from /home/airflow/.local/lib/python3.10/site-packages/airflow/example_dags/tutorial_objectstorage.py
[2025-06-05T05:00:49.463+0000] {logging_mixin.py:190} INFO - [2025-06-05T05:00:49.462+0000] {dag.py:3239} INFO - Sync 1 DAGs
[2025-06-05T05:00:49.485+0000] {logging_mixin.py:190} INFO - [2025-06-05T05:00:49.485+0000] {dag.py:4180} INFO - Setting next_dagrun for tutorial_objectstorage to None, run_after=None
[2025-06-05T05:00:49.536+0000] {processor.py:208} INFO - Processing /home/airflow/.local/lib/python3.10/site-packages/airflow/example_dags/tutorial_objectstorage.py took 0.197 seconds
[2025-06-05T05:01:20.315+0000] {processor.py:186} INFO - Started process (PID=1518) to work on /home/airflow/.local/lib/python3.10/site-packages/airflow/example_dags/tutorial_objectstorage.py
[2025-06-05T05:01:20.317+0000] {processor.py:914} INFO - Processing file /home/airflow/.local/lib/python3.10/site-packages/airflow/example_dags/tutorial_objectstorage.py for tasks to queue
[2025-06-05T05:01:20.319+0000] {logging_mixin.py:190} INFO - [2025-06-05T05:01:20.318+0000] {dagbag.py:588} INFO - Filling up the DagBag from /home/airflow/.local/lib/python3.10/site-packages/airflow/example_dags/tutorial_objectstorage.py
[2025-06-05T05:01:20.334+0000] {processor.py:925} INFO - DAG(s) 'tutorial_objectstorage' retrieved from /home/airflow/.local/lib/python3.10/site-packages/airflow/example_dags/tutorial_objectstorage.py
[2025-06-05T05:01:20.422+0000] {logging_mixin.py:190} INFO - [2025-06-05T05:01:20.421+0000] {dag.py:3239} INFO - Sync 1 DAGs
[2025-06-05T05:01:20.445+0000] {logging_mixin.py:190} INFO - [2025-06-05T05:01:20.445+0000] {dag.py:4180} INFO - Setting next_dagrun for tutorial_objectstorage to None, run_after=None
[2025-06-05T05:01:20.498+0000] {processor.py:208} INFO - Processing /home/airflow/.local/lib/python3.10/site-packages/airflow/example_dags/tutorial_objectstorage.py took 0.193 seconds
[2025-06-05T05:01:52.967+0000] {processor.py:186} INFO - Started process (PID=1808) to work on /home/airflow/.local/lib/python3.10/site-packages/airflow/example_dags/tutorial_objectstorage.py
[2025-06-05T05:01:52.969+0000] {processor.py:914} INFO - Processing file /home/airflow/.local/lib/python3.10/site-packages/airflow/example_dags/tutorial_objectstorage.py for tasks to queue
[2025-06-05T05:01:52.972+0000] {logging_mixin.py:190} INFO - [2025-06-05T05:01:52.971+0000] {dagbag.py:588} INFO - Filling up the DagBag from /home/airflow/.local/lib/python3.10/site-packages/airflow/example_dags/tutorial_objectstorage.py
[2025-06-05T05:01:52.988+0000] {processor.py:925} INFO - DAG(s) 'tutorial_objectstorage' retrieved from /home/airflow/.local/lib/python3.10/site-packages/airflow/example_dags/tutorial_objectstorage.py
[2025-06-05T05:01:53.131+0000] {logging_mixin.py:190} INFO - [2025-06-05T05:01:53.130+0000] {dag.py:3239} INFO - Sync 1 DAGs
[2025-06-05T05:01:53.151+0000] {logging_mixin.py:190} INFO - [2025-06-05T05:01:53.150+0000] {dag.py:4180} INFO - Setting next_dagrun for tutorial_objectstorage to None, run_after=None
[2025-06-05T05:01:53.211+0000] {processor.py:208} INFO - Processing /home/airflow/.local/lib/python3.10/site-packages/airflow/example_dags/tutorial_objectstorage.py took 0.256 seconds
[2025-06-05T05:02:08.953+0000] {processor.py:186} INFO - Started process (PID=2083) to work on /home/airflow/.local/lib/python3.10/site-packages/airflow/example_dags/tutorial_objectstorage.py
[2025-06-05T05:02:08.956+0000] {processor.py:914} INFO - Processing file /home/airflow/.local/lib/python3.10/site-packages/airflow/example_dags/tutorial_objectstorage.py for tasks to queue
[2025-06-05T05:02:08.958+0000] {logging_mixin.py:190} INFO - [2025-06-05T05:02:08.957+0000] {dagbag.py:588} INFO - Filling up the DagBag from /home/airflow/.local/lib/python3.10/site-packages/airflow/example_dags/tutorial_objectstorage.py
[2025-06-05T05:02:08.969+0000] {processor.py:925} INFO - DAG(s) 'tutorial_objectstorage' retrieved from /home/airflow/.local/lib/python3.10/site-packages/airflow/example_dags/tutorial_objectstorage.py
[2025-06-05T05:02:09.057+0000] {logging_mixin.py:190} INFO - [2025-06-05T05:02:09.056+0000] {dag.py:3239} INFO - Sync 1 DAGs
[2025-06-05T05:02:09.085+0000] {logging_mixin.py:190} INFO - [2025-06-05T05:02:09.084+0000] {dag.py:4180} INFO - Setting next_dagrun for tutorial_objectstorage to None, run_after=None
[2025-06-05T05:02:09.130+0000] {processor.py:208} INFO - Processing /home/airflow/.local/lib/python3.10/site-packages/airflow/example_dags/tutorial_objectstorage.py took 0.187 seconds
[2025-06-05T05:02:41.648+0000] {processor.py:186} INFO - Started process (PID=2373) to work on /home/airflow/.local/lib/python3.10/site-packages/airflow/example_dags/tutorial_objectstorage.py
[2025-06-05T05:02:41.651+0000] {processor.py:914} INFO - Processing file /home/airflow/.local/lib/python3.10/site-packages/airflow/example_dags/tutorial_objectstorage.py for tasks to queue
[2025-06-05T05:02:41.653+0000] {logging_mixin.py:190} INFO - [2025-06-05T05:02:41.653+0000] {dagbag.py:588} INFO - Filling up the DagBag from /home/airflow/.local/lib/python3.10/site-packages/airflow/example_dags/tutorial_objectstorage.py
[2025-06-05T05:02:41.670+0000] {processor.py:925} INFO - DAG(s) 'tutorial_objectstorage' retrieved from /home/airflow/.local/lib/python3.10/site-packages/airflow/example_dags/tutorial_objectstorage.py
[2025-06-05T05:02:41.750+0000] {logging_mixin.py:190} INFO - [2025-06-05T05:02:41.750+0000] {dag.py:3239} INFO - Sync 1 DAGs
[2025-06-05T05:02:41.771+0000] {logging_mixin.py:190} INFO - [2025-06-05T05:02:41.770+0000] {dag.py:4180} INFO - Setting next_dagrun for tutorial_objectstorage to None, run_after=None
[2025-06-05T05:02:41.810+0000] {processor.py:208} INFO - Processing /home/airflow/.local/lib/python3.10/site-packages/airflow/example_dags/tutorial_objectstorage.py took 0.175 seconds
[2025-06-05T05:03:12.704+0000] {processor.py:186} INFO - Started process (PID=2660) to work on /home/airflow/.local/lib/python3.10/site-packages/airflow/example_dags/tutorial_objectstorage.py
[2025-06-05T05:03:12.705+0000] {processor.py:914} INFO - Processing file /home/airflow/.local/lib/python3.10/site-packages/airflow/example_dags/tutorial_objectstorage.py for tasks to queue
[2025-06-05T05:03:12.708+0000] {logging_mixin.py:190} INFO - [2025-06-05T05:03:12.708+0000] {dagbag.py:588} INFO - Filling up the DagBag from /home/airflow/.local/lib/python3.10/site-packages/airflow/example_dags/tutorial_objectstorage.py
[2025-06-05T05:03:12.724+0000] {processor.py:925} INFO - DAG(s) 'tutorial_objectstorage' retrieved from /home/airflow/.local/lib/python3.10/site-packages/airflow/example_dags/tutorial_objectstorage.py
[2025-06-05T05:03:12.832+0000] {logging_mixin.py:190} INFO - [2025-06-05T05:03:12.831+0000] {dag.py:3239} INFO - Sync 1 DAGs
[2025-06-05T05:03:12.848+0000] {logging_mixin.py:190} INFO - [2025-06-05T05:03:12.847+0000] {dag.py:4180} INFO - Setting next_dagrun for tutorial_objectstorage to None, run_after=None
[2025-06-05T05:03:12.895+0000] {processor.py:208} INFO - Processing /home/airflow/.local/lib/python3.10/site-packages/airflow/example_dags/tutorial_objectstorage.py took 0.202 seconds
[2025-06-05T05:03:43.688+0000] {processor.py:186} INFO - Started process (PID=2950) to work on /home/airflow/.local/lib/python3.10/site-packages/airflow/example_dags/tutorial_objectstorage.py
[2025-06-05T05:03:43.692+0000] {processor.py:914} INFO - Processing file /home/airflow/.local/lib/python3.10/site-packages/airflow/example_dags/tutorial_objectstorage.py for tasks to queue
[2025-06-05T05:03:43.695+0000] {logging_mixin.py:190} INFO - [2025-06-05T05:03:43.695+0000] {dagbag.py:588} INFO - Filling up the DagBag from /home/airflow/.local/lib/python3.10/site-packages/airflow/example_dags/tutorial_objectstorage.py
[2025-06-05T05:03:43.719+0000] {processor.py:925} INFO - DAG(s) 'tutorial_objectstorage' retrieved from /home/airflow/.local/lib/python3.10/site-packages/airflow/example_dags/tutorial_objectstorage.py
[2025-06-05T05:03:43.818+0000] {logging_mixin.py:190} INFO - [2025-06-05T05:03:43.817+0000] {dag.py:3239} INFO - Sync 1 DAGs
[2025-06-05T05:03:43.845+0000] {logging_mixin.py:190} INFO - [2025-06-05T05:03:43.844+0000] {dag.py:4180} INFO - Setting next_dagrun for tutorial_objectstorage to None, run_after=None
[2025-06-05T05:03:43.897+0000] {processor.py:208} INFO - Processing /home/airflow/.local/lib/python3.10/site-packages/airflow/example_dags/tutorial_objectstorage.py took 0.223 seconds
[2025-06-05T05:04:13.995+0000] {processor.py:186} INFO - Started process (PID=3238) to work on /home/airflow/.local/lib/python3.10/site-packages/airflow/example_dags/tutorial_objectstorage.py
[2025-06-05T05:04:13.997+0000] {processor.py:914} INFO - Processing file /home/airflow/.local/lib/python3.10/site-packages/airflow/example_dags/tutorial_objectstorage.py for tasks to queue
[2025-06-05T05:04:14.000+0000] {logging_mixin.py:190} INFO - [2025-06-05T05:04:13.999+0000] {dagbag.py:588} INFO - Filling up the DagBag from /home/airflow/.local/lib/python3.10/site-packages/airflow/example_dags/tutorial_objectstorage.py
[2025-06-05T05:04:14.013+0000] {processor.py:925} INFO - DAG(s) 'tutorial_objectstorage' retrieved from /home/airflow/.local/lib/python3.10/site-packages/airflow/example_dags/tutorial_objectstorage.py
[2025-06-05T05:04:14.103+0000] {logging_mixin.py:190} INFO - [2025-06-05T05:04:14.102+0000] {dag.py:3239} INFO - Sync 1 DAGs
[2025-06-05T05:04:14.126+0000] {logging_mixin.py:190} INFO - [2025-06-05T05:04:14.126+0000] {dag.py:4180} INFO - Setting next_dagrun for tutorial_objectstorage to None, run_after=None
[2025-06-05T05:04:14.185+0000] {processor.py:208} INFO - Processing /home/airflow/.local/lib/python3.10/site-packages/airflow/example_dags/tutorial_objectstorage.py took 0.203 seconds
[2025-06-05T05:04:45.830+0000] {processor.py:186} INFO - Started process (PID=3528) to work on /home/airflow/.local/lib/python3.10/site-packages/airflow/example_dags/tutorial_objectstorage.py
[2025-06-05T05:04:45.832+0000] {processor.py:914} INFO - Processing file /home/airflow/.local/lib/python3.10/site-packages/airflow/example_dags/tutorial_objectstorage.py for tasks to queue
[2025-06-05T05:04:45.834+0000] {logging_mixin.py:190} INFO - [2025-06-05T05:04:45.834+0000] {dagbag.py:588} INFO - Filling up the DagBag from /home/airflow/.local/lib/python3.10/site-packages/airflow/example_dags/tutorial_objectstorage.py
[2025-06-05T05:04:45.847+0000] {processor.py:925} INFO - DAG(s) 'tutorial_objectstorage' retrieved from /home/airflow/.local/lib/python3.10/site-packages/airflow/example_dags/tutorial_objectstorage.py
[2025-06-05T05:04:45.918+0000] {logging_mixin.py:190} INFO - [2025-06-05T05:04:45.918+0000] {dag.py:3239} INFO - Sync 1 DAGs
[2025-06-05T05:04:45.935+0000] {logging_mixin.py:190} INFO - [2025-06-05T05:04:45.934+0000] {dag.py:4180} INFO - Setting next_dagrun for tutorial_objectstorage to None, run_after=None
[2025-06-05T05:04:45.989+0000] {processor.py:208} INFO - Processing /home/airflow/.local/lib/python3.10/site-packages/airflow/example_dags/tutorial_objectstorage.py took 0.171 seconds
