[2025-06-10T21:07:04.116+0000] {local_task_job_runner.py:123} INFO - ::group::Pre task execution logs
[2025-06-10T21:07:04.164+0000] {taskinstance.py:2631} INFO - Dependencies all met for dep_context=non-requeueable deps ti=<TaskInstance: my_dag.save_data manual__2025-06-10T21:06:44.078885+00:00 [queued]>
[2025-06-10T21:07:04.188+0000] {taskinstance.py:2631} INFO - Dependencies all met for dep_context=requeueable deps ti=<TaskInstance: my_dag.save_data manual__2025-06-10T21:06:44.078885+00:00 [queued]>
[2025-06-10T21:07:04.190+0000] {taskinstance.py:2884} INFO - Starting attempt 1 of 2
[2025-06-10T21:07:04.230+0000] {taskinstance.py:2907} INFO - Executing <Task(PythonOperator): save_data> on 2025-06-10 21:06:44.078885+00:00
[2025-06-10T21:07:04.249+0000] {standard_task_runner.py:72} INFO - Started process 407 to run task
[2025-06-10T21:07:04.259+0000] {standard_task_runner.py:104} INFO - Running: ['airflow', 'tasks', 'run', 'my_dag', 'save_data', 'manual__2025-06-10T21:06:44.078885+00:00', '--job-id', '5', '--raw', '--subdir', 'DAGS_FOLDER/dag.py', '--cfg-path', '/tmp/tmpdfl873ct']
[2025-06-10T21:07:04.267+0000] {standard_task_runner.py:105} INFO - Job 5: Subtask save_data
[2025-06-10T21:07:04.315+0000] {logging_mixin.py:190} WARNING - /home/airflow/.local/lib/python3.10/site-packages/airflow/settings.py:209 DeprecationWarning: The sql_alchemy_conn option in [core] has been moved to the sql_alchemy_conn option in [database] - the old setting has been used, but please update your config.
[2025-06-10T21:07:04.394+0000] {task_command.py:467} INFO - Running <TaskInstance: my_dag.save_data manual__2025-06-10T21:06:44.078885+00:00 [running]> on host 2ede1e2600a9
[2025-06-10T21:07:05.014+0000] {taskinstance.py:3157} INFO - Exporting env vars: AIRFLOW_CTX_DAG_OWNER='airflow' AIRFLOW_CTX_DAG_ID='my_dag' AIRFLOW_CTX_TASK_ID='save_data' AIRFLOW_CTX_EXECUTION_DATE='2025-06-10T21:06:44.078885+00:00' AIRFLOW_CTX_TRY_NUMBER='1' AIRFLOW_CTX_DAG_RUN_ID='manual__2025-06-10T21:06:44.078885+00:00'
[2025-06-10T21:07:05.018+0000] {taskinstance.py:740} INFO - ::endgroup::
[2025-06-10T21:07:05.043+0000] {logging_mixin.py:190} INFO - Reading coutries data from /opt/airflow/trusted/cleaned_data.csv
[2025-06-10T21:07:06.143+0000] {logging_mixin.py:190} INFO - Data successfully written to countries table in MySQL database.
[2025-06-10T21:07:06.146+0000] {logging_mixin.py:190} INFO - Reading country currency data from /opt/airflow/trusted/country_currency.csv
[2025-06-10T21:07:06.151+0000] {logging_mixin.py:190} INFO - File not found: /opt/airflow/trusted/country_currency.csv
[2025-06-10T21:07:06.154+0000] {logging_mixin.py:190} INFO - Reading currency data from /opt/airflow/trusted/currencies.csv
[2025-06-10T21:07:06.279+0000] {logging_mixin.py:190} INFO - Data successfully written to currencies table in MySQL database.
[2025-06-10T21:07:06.281+0000] {python.py:240} INFO - Done. Returned value was: None
[2025-06-10T21:07:06.302+0000] {taskinstance.py:349} INFO - ::group::Post task execution logs
[2025-06-10T21:07:06.305+0000] {taskinstance.py:361} INFO - Marking task as SUCCESS. dag_id=my_dag, task_id=save_data, run_id=manual__2025-06-10T21:06:44.078885+00:00, execution_date=20250610T210644, start_date=20250610T210704, end_date=20250610T210706
[2025-06-10T21:07:06.445+0000] {local_task_job_runner.py:266} INFO - Task exited with return code 0
[2025-06-10T21:07:06.480+0000] {taskinstance.py:3924} INFO - 0 downstream tasks scheduled from follow-on schedule check
[2025-06-10T21:07:06.485+0000] {local_task_job_runner.py:245} INFO - ::endgroup::
