[2025-06-11T07:40:35.402+0000] {local_task_job_runner.py:123} INFO - ::group::Pre task execution logs
[2025-06-11T07:40:35.435+0000] {taskinstance.py:2631} INFO - Dependencies all met for dep_context=non-requeueable deps ti=<TaskInstance: my_dag.process_data manual__2025-06-11T07:40:05.773270+00:00 [queued]>
[2025-06-11T07:40:35.460+0000] {taskinstance.py:2631} INFO - Dependencies all met for dep_context=requeueable deps ti=<TaskInstance: my_dag.process_data manual__2025-06-11T07:40:05.773270+00:00 [queued]>
[2025-06-11T07:40:35.463+0000] {taskinstance.py:2884} INFO - Starting attempt 1 of 2
[2025-06-11T07:40:35.492+0000] {taskinstance.py:2907} INFO - Executing <Task(PythonOperator): process_data> on 2025-06-11 07:40:05.773270+00:00
[2025-06-11T07:40:35.511+0000] {standard_task_runner.py:72} INFO - Started process 472 to run task
[2025-06-11T07:40:35.518+0000] {standard_task_runner.py:104} INFO - Running: ['airflow', 'tasks', 'run', 'my_dag', 'process_data', 'manual__2025-06-11T07:40:05.773270+00:00', '--job-id', '9', '--raw', '--subdir', 'DAGS_FOLDER/dag.py', '--cfg-path', '/tmp/tmp7l931w9j']
[2025-06-11T07:40:35.528+0000] {standard_task_runner.py:105} INFO - Job 9: Subtask process_data
[2025-06-11T07:40:35.614+0000] {task_command.py:467} INFO - Running <TaskInstance: my_dag.process_data manual__2025-06-11T07:40:05.773270+00:00 [running]> on host 8b57c8cca04f
[2025-06-11T07:40:35.795+0000] {taskinstance.py:3157} INFO - Exporting env vars: AIRFLOW_CTX_DAG_OWNER='airflow' AIRFLOW_CTX_DAG_ID='my_dag' AIRFLOW_CTX_TASK_ID='process_data' AIRFLOW_CTX_EXECUTION_DATE='2025-06-11T07:40:05.773270+00:00' AIRFLOW_CTX_TRY_NUMBER='1' AIRFLOW_CTX_DAG_RUN_ID='manual__2025-06-11T07:40:05.773270+00:00'
[2025-06-11T07:40:35.798+0000] {taskinstance.py:740} INFO - ::endgroup::
[2025-06-11T07:40:36.077+0000] {logging_mixin.py:190} INFO - <class 'pandas.core.series.Series'>
[2025-06-11T07:40:36.167+0000] {logging_mixin.py:190} INFO - <class 'pandas.core.frame.DataFrame'>
[2025-06-11T07:40:36.302+0000] {logging_mixin.py:190} INFO - Data successfully written to /opt/airflow/trusted/cleaned_data.csv
[2025-06-11T07:40:36.308+0000] {python.py:240} INFO - Done. Returned value was: None
[2025-06-11T07:40:36.319+0000] {taskinstance.py:349} INFO - ::group::Post task execution logs
[2025-06-11T07:40:36.321+0000] {taskinstance.py:361} INFO - Marking task as SUCCESS. dag_id=my_dag, task_id=process_data, run_id=manual__2025-06-11T07:40:05.773270+00:00, execution_date=20250611T074005, start_date=20250611T074035, end_date=20250611T074036
[2025-06-11T07:40:36.390+0000] {local_task_job_runner.py:266} INFO - Task exited with return code 0
[2025-06-11T07:40:36.417+0000] {taskinstance.py:3924} INFO - 1 downstream tasks scheduled from follow-on schedule check
[2025-06-11T07:40:36.430+0000] {local_task_job_runner.py:245} INFO - ::endgroup::
