[2025-06-05T04:58:19.086+0000] {processor.py:186} INFO - Started process (PID=99537) to work on /home/airflow/.local/lib/python3.10/site-packages/airflow/example_dags/subdags/subdag.py
[2025-06-05T04:58:19.097+0000] {processor.py:914} INFO - Processing file /home/airflow/.local/lib/python3.10/site-packages/airflow/example_dags/subdags/subdag.py for tasks to queue
[2025-06-05T04:58:19.100+0000] {logging_mixin.py:190} INFO - [2025-06-05T04:58:19.100+0000] {dagbag.py:588} INFO - Filling up the DagBag from /home/airflow/.local/lib/python3.10/site-packages/airflow/example_dags/subdags/subdag.py
[2025-06-05T04:58:19.107+0000] {processor.py:927} WARNING - No viable dags retrieved from /home/airflow/.local/lib/python3.10/site-packages/airflow/example_dags/subdags/subdag.py
[2025-06-05T04:58:19.236+0000] {processor.py:208} INFO - Processing /home/airflow/.local/lib/python3.10/site-packages/airflow/example_dags/subdags/subdag.py took 0.176 seconds
[2025-06-05T04:58:49.801+0000] {processor.py:186} INFO - Started process (PID=99829) to work on /home/airflow/.local/lib/python3.10/site-packages/airflow/example_dags/subdags/subdag.py
[2025-06-05T04:58:49.803+0000] {processor.py:914} INFO - Processing file /home/airflow/.local/lib/python3.10/site-packages/airflow/example_dags/subdags/subdag.py for tasks to queue
[2025-06-05T04:58:49.805+0000] {logging_mixin.py:190} INFO - [2025-06-05T04:58:49.804+0000] {dagbag.py:588} INFO - Filling up the DagBag from /home/airflow/.local/lib/python3.10/site-packages/airflow/example_dags/subdags/subdag.py
[2025-06-05T04:58:49.808+0000] {processor.py:927} WARNING - No viable dags retrieved from /home/airflow/.local/lib/python3.10/site-packages/airflow/example_dags/subdags/subdag.py
[2025-06-05T04:58:49.871+0000] {processor.py:208} INFO - Processing /home/airflow/.local/lib/python3.10/site-packages/airflow/example_dags/subdags/subdag.py took 0.081 seconds
[2025-06-05T04:59:20.996+0000] {processor.py:186} INFO - Started process (PID=425) to work on /home/airflow/.local/lib/python3.10/site-packages/airflow/example_dags/subdags/subdag.py
[2025-06-05T04:59:21.008+0000] {processor.py:914} INFO - Processing file /home/airflow/.local/lib/python3.10/site-packages/airflow/example_dags/subdags/subdag.py for tasks to queue
[2025-06-05T04:59:21.013+0000] {logging_mixin.py:190} INFO - [2025-06-05T04:59:21.012+0000] {dagbag.py:588} INFO - Filling up the DagBag from /home/airflow/.local/lib/python3.10/site-packages/airflow/example_dags/subdags/subdag.py
[2025-06-05T04:59:21.022+0000] {processor.py:927} WARNING - No viable dags retrieved from /home/airflow/.local/lib/python3.10/site-packages/airflow/example_dags/subdags/subdag.py
[2025-06-05T04:59:21.242+0000] {processor.py:208} INFO - Processing /home/airflow/.local/lib/python3.10/site-packages/airflow/example_dags/subdags/subdag.py took 0.272 seconds
[2025-06-05T04:59:52.587+0000] {processor.py:186} INFO - Started process (PID=713) to work on /home/airflow/.local/lib/python3.10/site-packages/airflow/example_dags/subdags/subdag.py
[2025-06-05T04:59:52.590+0000] {processor.py:914} INFO - Processing file /home/airflow/.local/lib/python3.10/site-packages/airflow/example_dags/subdags/subdag.py for tasks to queue
[2025-06-05T04:59:52.593+0000] {logging_mixin.py:190} INFO - [2025-06-05T04:59:52.592+0000] {dagbag.py:588} INFO - Filling up the DagBag from /home/airflow/.local/lib/python3.10/site-packages/airflow/example_dags/subdags/subdag.py
[2025-06-05T04:59:52.599+0000] {processor.py:927} WARNING - No viable dags retrieved from /home/airflow/.local/lib/python3.10/site-packages/airflow/example_dags/subdags/subdag.py
[2025-06-05T04:59:52.689+0000] {processor.py:208} INFO - Processing /home/airflow/.local/lib/python3.10/site-packages/airflow/example_dags/subdags/subdag.py took 0.117 seconds
[2025-06-05T05:00:23.747+0000] {processor.py:186} INFO - Started process (PID=1003) to work on /home/airflow/.local/lib/python3.10/site-packages/airflow/example_dags/subdags/subdag.py
[2025-06-05T05:00:23.749+0000] {processor.py:914} INFO - Processing file /home/airflow/.local/lib/python3.10/site-packages/airflow/example_dags/subdags/subdag.py for tasks to queue
[2025-06-05T05:00:23.752+0000] {logging_mixin.py:190} INFO - [2025-06-05T05:00:23.752+0000] {dagbag.py:588} INFO - Filling up the DagBag from /home/airflow/.local/lib/python3.10/site-packages/airflow/example_dags/subdags/subdag.py
[2025-06-05T05:00:23.757+0000] {processor.py:927} WARNING - No viable dags retrieved from /home/airflow/.local/lib/python3.10/site-packages/airflow/example_dags/subdags/subdag.py
[2025-06-05T05:00:23.842+0000] {processor.py:208} INFO - Processing /home/airflow/.local/lib/python3.10/site-packages/airflow/example_dags/subdags/subdag.py took 0.109 seconds
[2025-06-05T05:00:55.623+0000] {processor.py:186} INFO - Started process (PID=1305) to work on /home/airflow/.local/lib/python3.10/site-packages/airflow/example_dags/subdags/subdag.py
[2025-06-05T05:00:55.626+0000] {processor.py:914} INFO - Processing file /home/airflow/.local/lib/python3.10/site-packages/airflow/example_dags/subdags/subdag.py for tasks to queue
[2025-06-05T05:00:55.630+0000] {logging_mixin.py:190} INFO - [2025-06-05T05:00:55.629+0000] {dagbag.py:588} INFO - Filling up the DagBag from /home/airflow/.local/lib/python3.10/site-packages/airflow/example_dags/subdags/subdag.py
[2025-06-05T05:00:55.635+0000] {processor.py:927} WARNING - No viable dags retrieved from /home/airflow/.local/lib/python3.10/site-packages/airflow/example_dags/subdags/subdag.py
[2025-06-05T05:00:55.725+0000] {processor.py:208} INFO - Processing /home/airflow/.local/lib/python3.10/site-packages/airflow/example_dags/subdags/subdag.py took 0.118 seconds
[2025-06-05T05:01:27.728+0000] {processor.py:186} INFO - Started process (PID=1610) to work on /home/airflow/.local/lib/python3.10/site-packages/airflow/example_dags/subdags/subdag.py
[2025-06-05T05:01:27.731+0000] {processor.py:914} INFO - Processing file /home/airflow/.local/lib/python3.10/site-packages/airflow/example_dags/subdags/subdag.py for tasks to queue
[2025-06-05T05:01:27.735+0000] {logging_mixin.py:190} INFO - [2025-06-05T05:01:27.734+0000] {dagbag.py:588} INFO - Filling up the DagBag from /home/airflow/.local/lib/python3.10/site-packages/airflow/example_dags/subdags/subdag.py
[2025-06-05T05:01:27.740+0000] {processor.py:927} WARNING - No viable dags retrieved from /home/airflow/.local/lib/python3.10/site-packages/airflow/example_dags/subdags/subdag.py
[2025-06-05T05:01:27.837+0000] {processor.py:208} INFO - Processing /home/airflow/.local/lib/python3.10/site-packages/airflow/example_dags/subdags/subdag.py took 0.125 seconds
[2025-06-05T05:02:11.773+0000] {processor.py:186} INFO - Started process (PID=2148) to work on /home/airflow/.local/lib/python3.10/site-packages/airflow/example_dags/subdags/subdag.py
[2025-06-05T05:02:11.775+0000] {processor.py:914} INFO - Processing file /home/airflow/.local/lib/python3.10/site-packages/airflow/example_dags/subdags/subdag.py for tasks to queue
[2025-06-05T05:02:11.779+0000] {logging_mixin.py:190} INFO - [2025-06-05T05:02:11.778+0000] {dagbag.py:588} INFO - Filling up the DagBag from /home/airflow/.local/lib/python3.10/site-packages/airflow/example_dags/subdags/subdag.py
[2025-06-05T05:02:11.787+0000] {processor.py:927} WARNING - No viable dags retrieved from /home/airflow/.local/lib/python3.10/site-packages/airflow/example_dags/subdags/subdag.py
[2025-06-05T05:02:11.859+0000] {processor.py:208} INFO - Processing /home/airflow/.local/lib/python3.10/site-packages/airflow/example_dags/subdags/subdag.py took 0.102 seconds
[2025-06-05T05:02:44.028+0000] {processor.py:186} INFO - Started process (PID=2440) to work on /home/airflow/.local/lib/python3.10/site-packages/airflow/example_dags/subdags/subdag.py
[2025-06-05T05:02:44.031+0000] {processor.py:914} INFO - Processing file /home/airflow/.local/lib/python3.10/site-packages/airflow/example_dags/subdags/subdag.py for tasks to queue
[2025-06-05T05:02:44.034+0000] {logging_mixin.py:190} INFO - [2025-06-05T05:02:44.033+0000] {dagbag.py:588} INFO - Filling up the DagBag from /home/airflow/.local/lib/python3.10/site-packages/airflow/example_dags/subdags/subdag.py
[2025-06-05T05:02:44.041+0000] {processor.py:927} WARNING - No viable dags retrieved from /home/airflow/.local/lib/python3.10/site-packages/airflow/example_dags/subdags/subdag.py
[2025-06-05T05:02:44.161+0000] {processor.py:208} INFO - Processing /home/airflow/.local/lib/python3.10/site-packages/airflow/example_dags/subdags/subdag.py took 0.154 seconds
[2025-06-05T05:03:15.482+0000] {processor.py:186} INFO - Started process (PID=2728) to work on /home/airflow/.local/lib/python3.10/site-packages/airflow/example_dags/subdags/subdag.py
[2025-06-05T05:03:15.484+0000] {processor.py:914} INFO - Processing file /home/airflow/.local/lib/python3.10/site-packages/airflow/example_dags/subdags/subdag.py for tasks to queue
[2025-06-05T05:03:15.486+0000] {logging_mixin.py:190} INFO - [2025-06-05T05:03:15.486+0000] {dagbag.py:588} INFO - Filling up the DagBag from /home/airflow/.local/lib/python3.10/site-packages/airflow/example_dags/subdags/subdag.py
[2025-06-05T05:03:15.490+0000] {processor.py:927} WARNING - No viable dags retrieved from /home/airflow/.local/lib/python3.10/site-packages/airflow/example_dags/subdags/subdag.py
[2025-06-05T05:03:15.552+0000] {processor.py:208} INFO - Processing /home/airflow/.local/lib/python3.10/site-packages/airflow/example_dags/subdags/subdag.py took 0.081 seconds
[2025-06-05T05:03:46.419+0000] {processor.py:186} INFO - Started process (PID=3018) to work on /home/airflow/.local/lib/python3.10/site-packages/airflow/example_dags/subdags/subdag.py
[2025-06-05T05:03:46.421+0000] {processor.py:914} INFO - Processing file /home/airflow/.local/lib/python3.10/site-packages/airflow/example_dags/subdags/subdag.py for tasks to queue
[2025-06-05T05:03:46.424+0000] {logging_mixin.py:190} INFO - [2025-06-05T05:03:46.424+0000] {dagbag.py:588} INFO - Filling up the DagBag from /home/airflow/.local/lib/python3.10/site-packages/airflow/example_dags/subdags/subdag.py
[2025-06-05T05:03:46.430+0000] {processor.py:927} WARNING - No viable dags retrieved from /home/airflow/.local/lib/python3.10/site-packages/airflow/example_dags/subdags/subdag.py
[2025-06-05T05:03:46.510+0000] {processor.py:208} INFO - Processing /home/airflow/.local/lib/python3.10/site-packages/airflow/example_dags/subdags/subdag.py took 0.104 seconds
[2025-06-05T05:04:17.818+0000] {processor.py:186} INFO - Started process (PID=3310) to work on /home/airflow/.local/lib/python3.10/site-packages/airflow/example_dags/subdags/subdag.py
[2025-06-05T05:04:17.821+0000] {processor.py:914} INFO - Processing file /home/airflow/.local/lib/python3.10/site-packages/airflow/example_dags/subdags/subdag.py for tasks to queue
[2025-06-05T05:04:17.823+0000] {logging_mixin.py:190} INFO - [2025-06-05T05:04:17.822+0000] {dagbag.py:588} INFO - Filling up the DagBag from /home/airflow/.local/lib/python3.10/site-packages/airflow/example_dags/subdags/subdag.py
[2025-06-05T05:04:17.829+0000] {processor.py:927} WARNING - No viable dags retrieved from /home/airflow/.local/lib/python3.10/site-packages/airflow/example_dags/subdags/subdag.py
[2025-06-05T05:04:17.912+0000] {processor.py:208} INFO - Processing /home/airflow/.local/lib/python3.10/site-packages/airflow/example_dags/subdags/subdag.py took 0.114 seconds
[2025-06-05T05:04:48.726+0000] {processor.py:186} INFO - Started process (PID=3598) to work on /home/airflow/.local/lib/python3.10/site-packages/airflow/example_dags/subdags/subdag.py
[2025-06-05T05:04:48.727+0000] {processor.py:914} INFO - Processing file /home/airflow/.local/lib/python3.10/site-packages/airflow/example_dags/subdags/subdag.py for tasks to queue
[2025-06-05T05:04:48.730+0000] {logging_mixin.py:190} INFO - [2025-06-05T05:04:48.729+0000] {dagbag.py:588} INFO - Filling up the DagBag from /home/airflow/.local/lib/python3.10/site-packages/airflow/example_dags/subdags/subdag.py
[2025-06-05T05:04:48.734+0000] {processor.py:927} WARNING - No viable dags retrieved from /home/airflow/.local/lib/python3.10/site-packages/airflow/example_dags/subdags/subdag.py
[2025-06-05T05:04:48.805+0000] {processor.py:208} INFO - Processing /home/airflow/.local/lib/python3.10/site-packages/airflow/example_dags/subdags/subdag.py took 0.091 seconds
