[2025-06-11T08:00:20.682+0000] {local_task_job_runner.py:123} INFO - ::group::Pre task execution logs
[2025-06-11T08:00:20.700+0000] {taskinstance.py:2631} INFO - Dependencies all met for dep_context=non-requeueable deps ti=<TaskInstance: my_dag.save_data scheduled__2025-06-10T08:00:00+00:00 [queued]>
[2025-06-11T08:00:20.710+0000] {taskinstance.py:2631} INFO - Dependencies all met for dep_context=requeueable deps ti=<TaskInstance: my_dag.save_data scheduled__2025-06-10T08:00:00+00:00 [queued]>
[2025-06-11T08:00:20.712+0000] {taskinstance.py:2884} INFO - Starting attempt 1 of 2
[2025-06-11T08:00:20.732+0000] {taskinstance.py:2907} INFO - Executing <Task(PythonOperator): save_data> on 2025-06-10 08:00:00+00:00
[2025-06-11T08:00:20.742+0000] {standard_task_runner.py:72} INFO - Started process 180 to run task
[2025-06-11T08:00:20.750+0000] {standard_task_runner.py:104} INFO - Running: ['airflow', 'tasks', 'run', 'my_dag', 'save_data', 'scheduled__2025-06-10T08:00:00+00:00', '--job-id', '25', '--raw', '--subdir', 'DAGS_FOLDER/dag.py', '--cfg-path', '/tmp/tmp8_cyunu5']
[2025-06-11T08:00:20.754+0000] {standard_task_runner.py:105} INFO - Job 25: Subtask save_data
[2025-06-11T08:00:20.818+0000] {task_command.py:467} INFO - Running <TaskInstance: my_dag.save_data scheduled__2025-06-10T08:00:00+00:00 [running]> on host 8e241e71770c
[2025-06-11T08:00:20.903+0000] {taskinstance.py:3157} INFO - Exporting env vars: AIRFLOW_CTX_DAG_OWNER='airflow' AIRFLOW_CTX_DAG_ID='my_dag' AIRFLOW_CTX_TASK_ID='save_data' AIRFLOW_CTX_EXECUTION_DATE='2025-06-10T08:00:00+00:00' AIRFLOW_CTX_TRY_NUMBER='1' AIRFLOW_CTX_DAG_RUN_ID='scheduled__2025-06-10T08:00:00+00:00'
[2025-06-11T08:00:20.906+0000] {taskinstance.py:740} INFO - ::endgroup::
[2025-06-11T08:00:20.921+0000] {logging_mixin.py:190} INFO - Reading coutries data from /opt/airflow/trusted/cleaned_data.csv
[2025-06-11T08:00:21.531+0000] {logging_mixin.py:190} INFO - Data successfully written to countries table in MySQL database.
[2025-06-11T08:00:21.533+0000] {logging_mixin.py:190} INFO - Reading country currency data from /opt/airflow/foundation/structured_data.csv
[2025-06-11T08:00:22.085+0000] {logging_mixin.py:190} INFO - Data successfully written to country_currency table in MySQL database.
[2025-06-11T08:00:22.086+0000] {logging_mixin.py:190} INFO - Reading currency data from /opt/airflow/trusted/currencies.csv
[2025-06-11T08:00:22.268+0000] {logging_mixin.py:190} INFO - Data successfully written to currencies table in MySQL database.
[2025-06-11T08:00:22.270+0000] {python.py:240} INFO - Done. Returned value was: None
[2025-06-11T08:00:22.276+0000] {taskinstance.py:349} INFO - ::group::Post task execution logs
[2025-06-11T08:00:22.278+0000] {taskinstance.py:361} INFO - Marking task as SUCCESS. dag_id=my_dag, task_id=save_data, run_id=scheduled__2025-06-10T08:00:00+00:00, execution_date=20250610T080000, start_date=20250611T080020, end_date=20250611T080022
[2025-06-11T08:00:22.340+0000] {local_task_job_runner.py:266} INFO - Task exited with return code 0
[2025-06-11T08:00:22.352+0000] {taskinstance.py:3924} INFO - 0 downstream tasks scheduled from follow-on schedule check
[2025-06-11T08:00:22.355+0000] {local_task_job_runner.py:245} INFO - ::endgroup::
