[2025-06-11T07:40:42.426+0000] {local_task_job_runner.py:123} INFO - ::group::Pre task execution logs
[2025-06-11T07:40:42.450+0000] {taskinstance.py:2631} INFO - Dependencies all met for dep_context=non-requeueable deps ti=<TaskInstance: my_dag.save_data manual__2025-06-11T07:40:05.773270+00:00 [queued]>
[2025-06-11T07:40:42.470+0000] {taskinstance.py:2631} INFO - Dependencies all met for dep_context=requeueable deps ti=<TaskInstance: my_dag.save_data manual__2025-06-11T07:40:05.773270+00:00 [queued]>
[2025-06-11T07:40:42.474+0000] {taskinstance.py:2884} INFO - Starting attempt 1 of 2
[2025-06-11T07:40:42.510+0000] {taskinstance.py:2907} INFO - Executing <Task(PythonOperator): save_data> on 2025-06-11 07:40:05.773270+00:00
[2025-06-11T07:40:42.530+0000] {standard_task_runner.py:72} INFO - Started process 488 to run task
[2025-06-11T07:40:42.539+0000] {standard_task_runner.py:104} INFO - Running: ['airflow', 'tasks', 'run', 'my_dag', 'save_data', 'manual__2025-06-11T07:40:05.773270+00:00', '--job-id', '10', '--raw', '--subdir', 'DAGS_FOLDER/dag.py', '--cfg-path', '/tmp/tmpizmja0bt']
[2025-06-11T07:40:42.546+0000] {standard_task_runner.py:105} INFO - Job 10: Subtask save_data
[2025-06-11T07:40:42.624+0000] {task_command.py:467} INFO - Running <TaskInstance: my_dag.save_data manual__2025-06-11T07:40:05.773270+00:00 [running]> on host 8b57c8cca04f
[2025-06-11T07:40:42.777+0000] {taskinstance.py:3157} INFO - Exporting env vars: AIRFLOW_CTX_DAG_OWNER='airflow' AIRFLOW_CTX_DAG_ID='my_dag' AIRFLOW_CTX_TASK_ID='save_data' AIRFLOW_CTX_EXECUTION_DATE='2025-06-11T07:40:05.773270+00:00' AIRFLOW_CTX_TRY_NUMBER='1' AIRFLOW_CTX_DAG_RUN_ID='manual__2025-06-11T07:40:05.773270+00:00'
[2025-06-11T07:40:42.780+0000] {taskinstance.py:740} INFO - ::endgroup::
[2025-06-11T07:40:42.804+0000] {logging_mixin.py:190} INFO - Reading coutries data from /opt/airflow/trusted/cleaned_data.csv
[2025-06-11T07:40:43.607+0000] {logging_mixin.py:190} INFO - Data successfully written to countries table in MySQL database.
[2025-06-11T07:40:43.609+0000] {logging_mixin.py:190} INFO - Reading country currency data from /opt/airflow/foundation/structured_data.csv
[2025-06-11T07:40:44.226+0000] {logging_mixin.py:190} INFO - Data successfully written to country_currency table in MySQL database.
[2025-06-11T07:40:44.228+0000] {logging_mixin.py:190} INFO - Reading currency data from /opt/airflow/trusted/currencies.csv
[2025-06-11T07:40:44.333+0000] {logging_mixin.py:190} INFO - Data successfully written to currencies table in MySQL database.
[2025-06-11T07:40:44.334+0000] {python.py:240} INFO - Done. Returned value was: None
[2025-06-11T07:40:44.341+0000] {taskinstance.py:349} INFO - ::group::Post task execution logs
[2025-06-11T07:40:44.343+0000] {taskinstance.py:361} INFO - Marking task as SUCCESS. dag_id=my_dag, task_id=save_data, run_id=manual__2025-06-11T07:40:05.773270+00:00, execution_date=20250611T074005, start_date=20250611T074042, end_date=20250611T074044
[2025-06-11T07:40:44.414+0000] {local_task_job_runner.py:266} INFO - Task exited with return code 0
[2025-06-11T07:40:44.430+0000] {taskinstance.py:3924} INFO - 0 downstream tasks scheduled from follow-on schedule check
[2025-06-11T07:40:44.432+0000] {local_task_job_runner.py:245} INFO - ::endgroup::
