[2025-06-06T02:27:05.858+0000] {local_task_job_runner.py:123} INFO - ::group::Pre task execution logs
[2025-06-06T02:27:05.917+0000] {taskinstance.py:2631} INFO - Dependencies all met for dep_context=non-requeueable deps ti=<TaskInstance: my_dag.job4_save_df manual__2025-06-06T02:19:45.711378+00:00 [queued]>
[2025-06-06T02:27:05.936+0000] {taskinstance.py:2631} INFO - Dependencies all met for dep_context=requeueable deps ti=<TaskInstance: my_dag.job4_save_df manual__2025-06-06T02:19:45.711378+00:00 [queued]>
[2025-06-06T02:27:05.937+0000] {taskinstance.py:2884} INFO - Starting attempt 1 of 2
[2025-06-06T02:27:05.979+0000] {taskinstance.py:2907} INFO - Executing <Task(PythonOperator): job4_save_df> on 2025-06-06 02:19:45.711378+00:00
[2025-06-06T02:27:05.995+0000] {standard_task_runner.py:72} INFO - Started process 2505 to run task
[2025-06-06T02:27:06.003+0000] {standard_task_runner.py:104} INFO - Running: ['***', 'tasks', 'run', 'my_dag', 'job4_save_df', 'manual__2025-06-06T02:19:45.711378+00:00', '--job-id', '72', '--raw', '--subdir', 'DAGS_FOLDER/main.py', '--cfg-path', '/tmp/tmpf3mttu9z']
[2025-06-06T02:27:06.006+0000] {standard_task_runner.py:105} INFO - Job 72: Subtask job4_save_df
[2025-06-06T02:27:06.103+0000] {logging_mixin.py:190} WARNING - /home/***/.local/lib/python3.10/site-packages/***/settings.py:209 DeprecationWarning: The sql_alchemy_conn option in [core] has been moved to the sql_alchemy_conn option in [database] - the old setting has been used, but please update your config.
[2025-06-06T02:27:06.214+0000] {task_command.py:467} INFO - Running <TaskInstance: my_dag.job4_save_df manual__2025-06-06T02:19:45.711378+00:00 [running]> on host acb3199ed998
[2025-06-06T02:27:06.421+0000] {taskinstance.py:3157} INFO - Exporting env vars: AIRFLOW_CTX_DAG_OWNER='***' AIRFLOW_CTX_DAG_ID='my_dag' AIRFLOW_CTX_TASK_ID='job4_save_df' AIRFLOW_CTX_EXECUTION_DATE='2025-06-06T02:19:45.711378+00:00' AIRFLOW_CTX_TRY_NUMBER='1' AIRFLOW_CTX_DAG_RUN_ID='manual__2025-06-06T02:19:45.711378+00:00'
[2025-06-06T02:27:06.425+0000] {logging_mixin.py:190} INFO - Task instance is in running state
[2025-06-06T02:27:06.427+0000] {logging_mixin.py:190} INFO -  Previous state of the Task instance: queued
[2025-06-06T02:27:06.428+0000] {logging_mixin.py:190} INFO - Current task name:job4_save_df state:running start_date:2025-06-06 02:27:05.919620+00:00
[2025-06-06T02:27:06.430+0000] {logging_mixin.py:190} INFO - Dag name:my_dag and current dag run status:running
[2025-06-06T02:27:06.431+0000] {taskinstance.py:740} INFO - ::endgroup::
[2025-06-06T02:27:06.433+0000] {logging_mixin.py:190} INFO - Reading /opt/***/trusted/countries.csv...
[2025-06-06T02:27:06.592+0000] {logging_mixin.py:190} INFO - Successfully saved DataFrame to table 'countries'.
[2025-06-06T02:27:06.593+0000] {logging_mixin.py:190} INFO - Reading /opt/***/trusted/country_currency.csv...
[2025-06-06T02:27:06.737+0000] {logging_mixin.py:190} INFO - Successfully saved DataFrame to table 'country_currency'.
[2025-06-06T02:27:06.739+0000] {python.py:240} INFO - Done. Returned value was: None
[2025-06-06T02:27:06.789+0000] {taskinstance.py:349} INFO - ::group::Post task execution logs
[2025-06-06T02:27:06.791+0000] {taskinstance.py:361} INFO - Marking task as SUCCESS. dag_id=my_dag, task_id=job4_save_df, run_id=manual__2025-06-06T02:19:45.711378+00:00, execution_date=20250606T021945, start_date=20250606T022705, end_date=20250606T022706
[2025-06-06T02:27:06.929+0000] {logging_mixin.py:190} INFO - Task instance in success state
[2025-06-06T02:27:06.932+0000] {logging_mixin.py:190} INFO -  Previous state of the Task instance: running
[2025-06-06T02:27:06.934+0000] {logging_mixin.py:190} INFO - Dag name:my_dag queued_at:2025-06-06 02:19:45.735230+00:00
[2025-06-06T02:27:06.935+0000] {logging_mixin.py:190} INFO - Task hostname:acb3199ed998 operator:PythonOperator
[2025-06-06T02:27:06.981+0000] {local_task_job_runner.py:266} INFO - Task exited with return code 0
[2025-06-06T02:27:07.045+0000] {local_task_job_runner.py:245} INFO - ::endgroup::
