[2025-06-10T21:13:58.475+0000] {local_task_job_runner.py:123} INFO - ::group::Pre task execution logs
[2025-06-10T21:13:58.544+0000] {taskinstance.py:2631} INFO - Dependencies all met for dep_context=non-requeueable deps ti=<TaskInstance: my_dag.save_data manual__2025-06-10T21:13:36.723964+00:00 [queued]>
[2025-06-10T21:13:58.582+0000] {taskinstance.py:2631} INFO - Dependencies all met for dep_context=requeueable deps ti=<TaskInstance: my_dag.save_data manual__2025-06-10T21:13:36.723964+00:00 [queued]>
[2025-06-10T21:13:58.586+0000] {taskinstance.py:2884} INFO - Starting attempt 1 of 2
[2025-06-10T21:13:58.644+0000] {taskinstance.py:2907} INFO - Executing <Task(PythonOperator): save_data> on 2025-06-10 21:13:36.723964+00:00
[2025-06-10T21:13:58.679+0000] {standard_task_runner.py:72} INFO - Started process 517 to run task
[2025-06-10T21:13:58.691+0000] {standard_task_runner.py:104} INFO - Running: ['airflow', 'tasks', 'run', 'my_dag', 'save_data', 'manual__2025-06-10T21:13:36.723964+00:00', '--job-id', '13', '--raw', '--subdir', 'DAGS_FOLDER/dag.py', '--cfg-path', '/tmp/tmp8jyxiz4x']
[2025-06-10T21:13:58.700+0000] {standard_task_runner.py:105} INFO - Job 13: Subtask save_data
[2025-06-10T21:13:58.754+0000] {logging_mixin.py:190} WARNING - /home/airflow/.local/lib/python3.10/site-packages/airflow/settings.py:209 DeprecationWarning: The sql_alchemy_conn option in [core] has been moved to the sql_alchemy_conn option in [database] - the old setting has been used, but please update your config.
[2025-06-10T21:13:58.873+0000] {task_command.py:467} INFO - Running <TaskInstance: my_dag.save_data manual__2025-06-10T21:13:36.723964+00:00 [running]> on host 2ede1e2600a9
[2025-06-10T21:13:59.408+0000] {taskinstance.py:3157} INFO - Exporting env vars: AIRFLOW_CTX_DAG_OWNER='airflow' AIRFLOW_CTX_DAG_ID='my_dag' AIRFLOW_CTX_TASK_ID='save_data' AIRFLOW_CTX_EXECUTION_DATE='2025-06-10T21:13:36.723964+00:00' AIRFLOW_CTX_TRY_NUMBER='1' AIRFLOW_CTX_DAG_RUN_ID='manual__2025-06-10T21:13:36.723964+00:00'
[2025-06-10T21:13:59.432+0000] {taskinstance.py:740} INFO - ::endgroup::
[2025-06-10T21:13:59.469+0000] {logging_mixin.py:190} INFO - Reading coutries data from /opt/airflow/trusted/cleaned_data.csv
[2025-06-10T21:14:00.430+0000] {logging_mixin.py:190} INFO - Data successfully written to countries table in MySQL database.
[2025-06-10T21:14:00.434+0000] {logging_mixin.py:190} INFO - Reading country currency data from /opt/airflow/foundation/structured_data.csv
[2025-06-10T21:14:01.179+0000] {logging_mixin.py:190} INFO - Data successfully written to country_currency table in MySQL database.
[2025-06-10T21:14:01.183+0000] {logging_mixin.py:190} INFO - Reading currency data from /opt/airflow/trusted/currencies.csv
[2025-06-10T21:14:01.393+0000] {logging_mixin.py:190} INFO - Data successfully written to currencies table in MySQL database.
[2025-06-10T21:14:01.396+0000] {python.py:240} INFO - Done. Returned value was: None
[2025-06-10T21:14:01.414+0000] {taskinstance.py:349} INFO - ::group::Post task execution logs
[2025-06-10T21:14:01.416+0000] {taskinstance.py:361} INFO - Marking task as SUCCESS. dag_id=my_dag, task_id=save_data, run_id=manual__2025-06-10T21:13:36.723964+00:00, execution_date=20250610T211336, start_date=20250610T211358, end_date=20250610T211401
[2025-06-10T21:14:01.566+0000] {local_task_job_runner.py:266} INFO - Task exited with return code 0
[2025-06-10T21:14:01.598+0000] {taskinstance.py:3924} INFO - 0 downstream tasks scheduled from follow-on schedule check
[2025-06-10T21:14:01.602+0000] {local_task_job_runner.py:245} INFO - ::endgroup::
