[2025-06-06T03:38:37.814+0000] {local_task_job_runner.py:123} INFO - ::group::Pre task execution logs
[2025-06-06T03:38:37.872+0000] {taskinstance.py:2631} INFO - Dependencies all met for dep_context=non-requeueable deps ti=<TaskInstance: my_dag.job4_save_df manual__2025-06-06T03:33:21.658630+00:00 [queued]>
[2025-06-06T03:38:37.889+0000] {taskinstance.py:2631} INFO - Dependencies all met for dep_context=requeueable deps ti=<TaskInstance: my_dag.job4_save_df manual__2025-06-06T03:33:21.658630+00:00 [queued]>
[2025-06-06T03:38:37.891+0000] {taskinstance.py:2884} INFO - Starting attempt 1 of 2
[2025-06-06T03:38:37.916+0000] {taskinstance.py:2907} INFO - Executing <Task(PythonOperator): job4_save_df> on 2025-06-06 03:33:21.658630+00:00
[2025-06-06T03:38:37.930+0000] {standard_task_runner.py:72} INFO - Started process 23336 to run task
[2025-06-06T03:38:37.936+0000] {standard_task_runner.py:104} INFO - Running: ['***', 'tasks', 'run', 'my_dag', 'job4_save_df', 'manual__2025-06-06T03:33:21.658630+00:00', '--job-id', '119', '--raw', '--subdir', 'DAGS_FOLDER/main.py', '--cfg-path', '/tmp/tmp4knyrtfg']
[2025-06-06T03:38:37.938+0000] {standard_task_runner.py:105} INFO - Job 119: Subtask job4_save_df
[2025-06-06T03:38:38.012+0000] {logging_mixin.py:190} WARNING - /home/***/.local/lib/python3.10/site-packages/***/settings.py:209 DeprecationWarning: The sql_alchemy_conn option in [core] has been moved to the sql_alchemy_conn option in [database] - the old setting has been used, but please update your config.
[2025-06-06T03:38:38.127+0000] {task_command.py:467} INFO - Running <TaskInstance: my_dag.job4_save_df manual__2025-06-06T03:33:21.658630+00:00 [running]> on host ae7446f54277
[2025-06-06T03:38:38.337+0000] {taskinstance.py:3157} INFO - Exporting env vars: AIRFLOW_CTX_DAG_OWNER='***' AIRFLOW_CTX_DAG_ID='my_dag' AIRFLOW_CTX_TASK_ID='job4_save_df' AIRFLOW_CTX_EXECUTION_DATE='2025-06-06T03:33:21.658630+00:00' AIRFLOW_CTX_TRY_NUMBER='1' AIRFLOW_CTX_DAG_RUN_ID='manual__2025-06-06T03:33:21.658630+00:00'
[2025-06-06T03:38:38.340+0000] {logging_mixin.py:190} INFO - Task instance is in running state
[2025-06-06T03:38:38.342+0000] {logging_mixin.py:190} INFO -  Previous state of the Task instance: queued
[2025-06-06T03:38:38.343+0000] {logging_mixin.py:190} INFO - Current task name:job4_save_df state:running start_date:2025-06-06 03:38:37.873831+00:00
[2025-06-06T03:38:38.345+0000] {logging_mixin.py:190} INFO - Dag name:my_dag and current dag run status:running
[2025-06-06T03:38:38.346+0000] {taskinstance.py:740} INFO - ::endgroup::
[2025-06-06T03:38:38.348+0000] {logging_mixin.py:190} INFO - Reading /opt/***/trusted/countries.csv...
[2025-06-06T03:38:38.857+0000] {logging_mixin.py:190} INFO - Successfully saved DataFrame to table 'countries'.
[2025-06-06T03:38:38.859+0000] {logging_mixin.py:190} INFO - Reading /opt/***/trusted/country_currency.csv...
[2025-06-06T03:38:39.387+0000] {logging_mixin.py:190} INFO - Successfully saved DataFrame to table 'country_currency'.
[2025-06-06T03:38:39.390+0000] {python.py:240} INFO - Done. Returned value was: None
[2025-06-06T03:38:39.444+0000] {taskinstance.py:349} INFO - ::group::Post task execution logs
[2025-06-06T03:38:39.446+0000] {taskinstance.py:361} INFO - Marking task as SUCCESS. dag_id=my_dag, task_id=job4_save_df, run_id=manual__2025-06-06T03:33:21.658630+00:00, execution_date=20250606T033321, start_date=20250606T033837, end_date=20250606T033839
[2025-06-06T03:38:39.567+0000] {logging_mixin.py:190} INFO - Task instance in success state
[2025-06-06T03:38:39.570+0000] {logging_mixin.py:190} INFO -  Previous state of the Task instance: running
[2025-06-06T03:38:39.571+0000] {logging_mixin.py:190} INFO - Dag name:my_dag queued_at:2025-06-06 03:33:21.678630+00:00
[2025-06-06T03:38:39.573+0000] {logging_mixin.py:190} INFO - Task hostname:ae7446f54277 operator:PythonOperator
[2025-06-06T03:38:39.598+0000] {local_task_job_runner.py:266} INFO - Task exited with return code 0
[2025-06-06T03:38:39.656+0000] {taskinstance.py:3924} INFO - 0 downstream tasks scheduled from follow-on schedule check
[2025-06-06T03:38:39.661+0000] {local_task_job_runner.py:245} INFO - ::endgroup::
