[2025-06-06T02:36:59.495+0000] {local_task_job_runner.py:123} INFO - ::group::Pre task execution logs
[2025-06-06T02:36:59.848+0000] {taskinstance.py:2631} INFO - Dependencies all met for dep_context=non-requeueable deps ti=<TaskInstance: my_dag.job2_structured_data manual__2025-06-06T02:36:50.243209+00:00 [queued]>
[2025-06-06T02:36:59.879+0000] {taskinstance.py:2631} INFO - Dependencies all met for dep_context=requeueable deps ti=<TaskInstance: my_dag.job2_structured_data manual__2025-06-06T02:36:50.243209+00:00 [queued]>
[2025-06-06T02:36:59.883+0000] {taskinstance.py:2884} INFO - Starting attempt 1 of 2
[2025-06-06T02:36:59.923+0000] {taskinstance.py:2907} INFO - Executing <Task(PythonOperator): job2_structured_data> on 2025-06-06 02:36:50.243209+00:00
[2025-06-06T02:36:59.936+0000] {standard_task_runner.py:72} INFO - Started process 317 to run task
[2025-06-06T02:36:59.942+0000] {standard_task_runner.py:104} INFO - Running: ['***', 'tasks', 'run', 'my_dag', 'job2_structured_data', 'manual__2025-06-06T02:36:50.243209+00:00', '--job-id', '82', '--raw', '--subdir', 'DAGS_FOLDER/main.py', '--cfg-path', '/tmp/tmp66ap5dpn']
[2025-06-06T02:36:59.945+0000] {standard_task_runner.py:105} INFO - Job 82: Subtask job2_structured_data
[2025-06-06T02:37:00.019+0000] {logging_mixin.py:190} WARNING - /home/***/.local/lib/python3.10/site-packages/***/settings.py:209 DeprecationWarning: The sql_alchemy_conn option in [core] has been moved to the sql_alchemy_conn option in [database] - the old setting has been used, but please update your config.
[2025-06-06T02:37:00.141+0000] {task_command.py:467} INFO - Running <TaskInstance: my_dag.job2_structured_data manual__2025-06-06T02:36:50.243209+00:00 [running]> on host acb3199ed998
[2025-06-06T02:37:00.378+0000] {taskinstance.py:3157} INFO - Exporting env vars: AIRFLOW_CTX_DAG_OWNER='***' AIRFLOW_CTX_DAG_ID='my_dag' AIRFLOW_CTX_TASK_ID='job2_structured_data' AIRFLOW_CTX_EXECUTION_DATE='2025-06-06T02:36:50.243209+00:00' AIRFLOW_CTX_TRY_NUMBER='1' AIRFLOW_CTX_DAG_RUN_ID='manual__2025-06-06T02:36:50.243209+00:00'
[2025-06-06T02:37:00.383+0000] {logging_mixin.py:190} INFO - Task instance is in running state
[2025-06-06T02:37:00.385+0000] {logging_mixin.py:190} INFO -  Previous state of the Task instance: queued
[2025-06-06T02:37:00.388+0000] {logging_mixin.py:190} INFO - Current task name:job2_structured_data state:running start_date:2025-06-06 02:36:59.850960+00:00
[2025-06-06T02:37:00.390+0000] {logging_mixin.py:190} INFO - Dag name:my_dag and current dag run status:running
[2025-06-06T02:37:00.392+0000] {taskinstance.py:740} INFO - ::endgroup::
[2025-06-06T02:37:00.494+0000] {logging_mixin.py:190} INFO - Data pulled from XCom: {'status': 'unknown error'}
[2025-06-06T02:37:00.505+0000] {logging_mixin.py:190} INFO - DataFrame created with shape: (1, 1)
[2025-06-06T02:37:00.524+0000] {logging_mixin.py:190} INFO -           status
0  unknown error
[2025-06-06T02:37:00.532+0000] {python.py:240} INFO - Done. Returned value was: Data written to /opt/***/foundation/restcountries.csv
[2025-06-06T02:37:00.641+0000] {taskinstance.py:349} INFO - ::group::Post task execution logs
[2025-06-06T02:37:00.643+0000] {taskinstance.py:361} INFO - Marking task as SUCCESS. dag_id=my_dag, task_id=job2_structured_data, run_id=manual__2025-06-06T02:36:50.243209+00:00, execution_date=20250606T023650, start_date=20250606T023659, end_date=20250606T023700
[2025-06-06T02:37:00.751+0000] {logging_mixin.py:190} INFO - Task instance in success state
[2025-06-06T02:37:00.754+0000] {logging_mixin.py:190} INFO -  Previous state of the Task instance: running
[2025-06-06T02:37:00.755+0000] {logging_mixin.py:190} INFO - Dag name:my_dag queued_at:2025-06-06 02:36:50.270162+00:00
[2025-06-06T02:37:00.757+0000] {logging_mixin.py:190} INFO - Task hostname:acb3199ed998 operator:PythonOperator
[2025-06-06T02:37:00.799+0000] {local_task_job_runner.py:266} INFO - Task exited with return code 0
[2025-06-06T02:37:00.851+0000] {local_task_job_runner.py:245} INFO - ::endgroup::
