[2025-06-06T02:39:06.747+0000] {local_task_job_runner.py:123} INFO - ::group::Pre task execution logs
[2025-06-06T02:39:07.066+0000] {taskinstance.py:2631} INFO - Dependencies all met for dep_context=non-requeueable deps ti=<TaskInstance: my_dag.job1_get_data manual__2025-06-06T02:39:04.395673+00:00 [queued]>
[2025-06-06T02:39:07.078+0000] {taskinstance.py:2631} INFO - Dependencies all met for dep_context=requeueable deps ti=<TaskInstance: my_dag.job1_get_data manual__2025-06-06T02:39:04.395673+00:00 [queued]>
[2025-06-06T02:39:07.080+0000] {taskinstance.py:2884} INFO - Starting attempt 1 of 2
[2025-06-06T02:39:07.108+0000] {taskinstance.py:2907} INFO - Executing <Task(PythonOperator): job1_get_data> on 2025-06-06 02:39:04.395673+00:00
[2025-06-06T02:39:07.120+0000] {standard_task_runner.py:72} INFO - Started process 1604 to run task
[2025-06-06T02:39:07.126+0000] {standard_task_runner.py:104} INFO - Running: ['***', 'tasks', 'run', 'my_dag', 'job1_get_data', 'manual__2025-06-06T02:39:04.395673+00:00', '--job-id', '85', '--raw', '--subdir', 'DAGS_FOLDER/main.py', '--cfg-path', '/tmp/tmp3f8okgfs']
[2025-06-06T02:39:07.129+0000] {standard_task_runner.py:105} INFO - Job 85: Subtask job1_get_data
[2025-06-06T02:39:07.210+0000] {logging_mixin.py:190} WARNING - /home/***/.local/lib/python3.10/site-packages/***/settings.py:209 DeprecationWarning: The sql_alchemy_conn option in [core] has been moved to the sql_alchemy_conn option in [database] - the old setting has been used, but please update your config.
[2025-06-06T02:39:07.339+0000] {task_command.py:467} INFO - Running <TaskInstance: my_dag.job1_get_data manual__2025-06-06T02:39:04.395673+00:00 [running]> on host acb3199ed998
[2025-06-06T02:39:07.572+0000] {taskinstance.py:3157} INFO - Exporting env vars: AIRFLOW_CTX_DAG_OWNER='***' AIRFLOW_CTX_DAG_ID='my_dag' AIRFLOW_CTX_TASK_ID='job1_get_data' AIRFLOW_CTX_EXECUTION_DATE='2025-06-06T02:39:04.395673+00:00' AIRFLOW_CTX_TRY_NUMBER='1' AIRFLOW_CTX_DAG_RUN_ID='manual__2025-06-06T02:39:04.395673+00:00'
[2025-06-06T02:39:07.575+0000] {logging_mixin.py:190} INFO - Task instance is in running state
[2025-06-06T02:39:07.578+0000] {logging_mixin.py:190} INFO -  Previous state of the Task instance: queued
[2025-06-06T02:39:07.579+0000] {logging_mixin.py:190} INFO - Current task name:job1_get_data state:running start_date:2025-06-06 02:39:07.067529+00:00
[2025-06-06T02:39:07.580+0000] {logging_mixin.py:190} INFO - Dag name:my_dag and current dag run status:running
[2025-06-06T02:39:07.582+0000] {taskinstance.py:740} INFO - ::endgroup::
[2025-06-06T02:39:08.413+0000] {python.py:240} INFO - Done. Returned value was: {'status': 'unknown error'}
[2025-06-06T02:39:08.513+0000] {taskinstance.py:349} INFO - ::group::Post task execution logs
[2025-06-06T02:39:08.515+0000] {taskinstance.py:361} INFO - Marking task as SUCCESS. dag_id=my_dag, task_id=job1_get_data, run_id=manual__2025-06-06T02:39:04.395673+00:00, execution_date=20250606T023904, start_date=20250606T023907, end_date=20250606T023908
[2025-06-06T02:39:08.626+0000] {logging_mixin.py:190} INFO - Task instance in success state
[2025-06-06T02:39:08.628+0000] {logging_mixin.py:190} INFO -  Previous state of the Task instance: running
[2025-06-06T02:39:08.629+0000] {logging_mixin.py:190} INFO - Dag name:my_dag queued_at:2025-06-06 02:39:04.441758+00:00
[2025-06-06T02:39:08.630+0000] {logging_mixin.py:190} INFO - Task hostname:acb3199ed998 operator:PythonOperator
[2025-06-06T02:39:08.666+0000] {local_task_job_runner.py:266} INFO - Task exited with return code 0
[2025-06-06T02:39:08.732+0000] {taskinstance.py:3924} INFO - 1 downstream tasks scheduled from follow-on schedule check
[2025-06-06T02:39:08.745+0000] {local_task_job_runner.py:245} INFO - ::endgroup::
