[2025-06-11T04:45:38.864+0000] {local_task_job_runner.py:123} INFO - ::group::Pre task execution logs
[2025-06-11T04:45:38.882+0000] {taskinstance.py:2631} INFO - Dependencies all met for dep_context=non-requeueable deps ti=<TaskInstance: my_dag.save_data manual__2025-06-11T04:45:13.945018+00:00 [queued]>
[2025-06-11T04:45:38.894+0000] {taskinstance.py:2631} INFO - Dependencies all met for dep_context=requeueable deps ti=<TaskInstance: my_dag.save_data manual__2025-06-11T04:45:13.945018+00:00 [queued]>
[2025-06-11T04:45:38.896+0000] {taskinstance.py:2884} INFO - Starting attempt 1 of 2
[2025-06-11T04:45:38.919+0000] {taskinstance.py:2907} INFO - Executing <Task(PythonOperator): save_data> on 2025-06-11 04:45:13.945018+00:00
[2025-06-11T04:45:38.931+0000] {standard_task_runner.py:72} INFO - Started process 100 to run task
[2025-06-11T04:45:38.937+0000] {standard_task_runner.py:104} INFO - Running: ['airflow', 'tasks', 'run', 'my_dag', 'save_data', 'manual__2025-06-11T04:45:13.945018+00:00', '--job-id', '6', '--raw', '--subdir', 'DAGS_FOLDER/dag.py', '--cfg-path', '/tmp/tmprixzxj7j']
[2025-06-11T04:45:38.942+0000] {standard_task_runner.py:105} INFO - Job 6: Subtask save_data
[2025-06-11T04:45:39.004+0000] {task_command.py:467} INFO - Running <TaskInstance: my_dag.save_data manual__2025-06-11T04:45:13.945018+00:00 [running]> on host 8b57c8cca04f
[2025-06-11T04:45:39.092+0000] {taskinstance.py:3157} INFO - Exporting env vars: AIRFLOW_CTX_DAG_OWNER='airflow' AIRFLOW_CTX_DAG_ID='my_dag' AIRFLOW_CTX_TASK_ID='save_data' AIRFLOW_CTX_EXECUTION_DATE='2025-06-11T04:45:13.945018+00:00' AIRFLOW_CTX_TRY_NUMBER='1' AIRFLOW_CTX_DAG_RUN_ID='manual__2025-06-11T04:45:13.945018+00:00'
[2025-06-11T04:45:39.096+0000] {taskinstance.py:740} INFO - ::endgroup::
[2025-06-11T04:45:38.462+0000] {logging_mixin.py:190} INFO - Reading coutries data from /opt/airflow/trusted/cleaned_data.csv
[2025-06-11T04:45:38.119+0000] {logging_mixin.py:190} INFO - Data successfully written to countries table in MySQL database.
[2025-06-11T04:45:38.121+0000] {logging_mixin.py:190} INFO - Reading country currency data from /opt/airflow/foundation/structured_data.csv
[2025-06-11T04:45:38.642+0000] {logging_mixin.py:190} INFO - Data successfully written to country_currency table in MySQL database.
[2025-06-11T04:45:38.644+0000] {logging_mixin.py:190} INFO - Reading currency data from /opt/airflow/trusted/currencies.csv
[2025-06-11T04:45:38.775+0000] {logging_mixin.py:190} INFO - Data successfully written to currencies table in MySQL database.
[2025-06-11T04:45:38.777+0000] {python.py:240} INFO - Done. Returned value was: None
[2025-06-11T04:45:38.786+0000] {taskinstance.py:349} INFO - ::group::Post task execution logs
[2025-06-11T04:45:38.788+0000] {taskinstance.py:361} INFO - Marking task as SUCCESS. dag_id=my_dag, task_id=save_data, run_id=manual__2025-06-11T04:45:13.945018+00:00, execution_date=20250611T044513, start_date=20250611T044538, end_date=20250611T044538
[2025-06-11T04:45:38.875+0000] {local_task_job_runner.py:266} INFO - Task exited with return code 0
[2025-06-11T04:45:38.888+0000] {taskinstance.py:3924} INFO - 0 downstream tasks scheduled from follow-on schedule check
[2025-06-11T04:45:38.890+0000] {local_task_job_runner.py:245} INFO - ::endgroup::
