[2025-06-04T10:08:50.483+0000] {local_task_job_runner.py:123} INFO - ::group::Pre task execution logs
[2025-06-04T10:08:50.735+0000] {taskinstance.py:2631} INFO - Dependencies all met for dep_context=non-requeueable deps ti=<TaskInstance: my_dag.job4_save_df manual__2025-06-04T10:03:28.552000+00:00 [queued]>
[2025-06-04T10:08:50.750+0000] {taskinstance.py:2631} INFO - Dependencies all met for dep_context=requeueable deps ti=<TaskInstance: my_dag.job4_save_df manual__2025-06-04T10:03:28.552000+00:00 [queued]>
[2025-06-04T10:08:50.751+0000] {taskinstance.py:2884} INFO - Starting attempt 2 of 2
[2025-06-04T10:08:50.779+0000] {taskinstance.py:2907} INFO - Executing <Task(PythonOperator): job4_save_df> on 2025-06-04 10:03:28.552000+00:00
[2025-06-04T10:08:50.791+0000] {standard_task_runner.py:72} INFO - Started process 33949 to run task
[2025-06-04T10:08:50.797+0000] {standard_task_runner.py:104} INFO - Running: ['***', 'tasks', 'run', 'my_dag', 'job4_save_df', 'manual__2025-06-04T10:03:28.552000+00:00', '--job-id', '47', '--raw', '--subdir', 'DAGS_FOLDER/main.py', '--cfg-path', '/tmp/tmp76__3xc7']
[2025-06-04T10:08:50.801+0000] {standard_task_runner.py:105} INFO - Job 47: Subtask job4_save_df
[2025-06-04T10:08:50.879+0000] {logging_mixin.py:190} WARNING - /home/***/.local/lib/python3.10/site-packages/***/settings.py:209 DeprecationWarning: The sql_alchemy_conn option in [core] has been moved to the sql_alchemy_conn option in [database] - the old setting has been used, but please update your config.
[2025-06-04T10:08:51.009+0000] {task_command.py:467} INFO - Running <TaskInstance: my_dag.job4_save_df manual__2025-06-04T10:03:28.552000+00:00 [running]> on host 44675f35d09b
[2025-06-04T10:08:51.220+0000] {taskinstance.py:3157} INFO - Exporting env vars: AIRFLOW_CTX_DAG_OWNER='***' AIRFLOW_CTX_DAG_ID='my_dag' AIRFLOW_CTX_TASK_ID='job4_save_df' AIRFLOW_CTX_EXECUTION_DATE='2025-06-04T10:03:28.552000+00:00' AIRFLOW_CTX_TRY_NUMBER='2' AIRFLOW_CTX_DAG_RUN_ID='manual__2025-06-04T10:03:28.552000+00:00'
[2025-06-04T10:08:51.223+0000] {logging_mixin.py:190} INFO - Task instance is in running state
[2025-06-04T10:08:51.225+0000] {logging_mixin.py:190} INFO -  Previous state of the Task instance: queued
[2025-06-04T10:08:51.226+0000] {logging_mixin.py:190} INFO - Current task name:job4_save_df state:running start_date:2025-06-04 10:08:50.737427+00:00
[2025-06-04T10:08:51.228+0000] {logging_mixin.py:190} INFO - Dag name:my_dag and current dag run status:running
[2025-06-04T10:08:51.229+0000] {taskinstance.py:740} INFO - ::endgroup::
[2025-06-04T10:08:51.231+0000] {logging_mixin.py:190} INFO - Reading /opt/***/trusted/countries.csv...
[2025-06-04T10:08:51.855+0000] {logging_mixin.py:190} INFO - Successfully saved DataFrame to table 'countries'.
[2025-06-04T10:08:51.857+0000] {logging_mixin.py:190} INFO - Reading /opt/***/trusted/country_currency.csv...
[2025-06-04T10:08:52.320+0000] {logging_mixin.py:190} INFO - Successfully saved DataFrame to table 'country_currency'.
[2025-06-04T10:08:52.323+0000] {python.py:240} INFO - Done. Returned value was: None
[2025-06-04T10:08:52.376+0000] {taskinstance.py:349} INFO - ::group::Post task execution logs
[2025-06-04T10:08:52.377+0000] {taskinstance.py:361} INFO - Marking task as SUCCESS. dag_id=my_dag, task_id=job4_save_df, run_id=manual__2025-06-04T10:03:28.552000+00:00, execution_date=20250604T100328, start_date=20250604T100850, end_date=20250604T100852
[2025-06-04T10:08:52.495+0000] {logging_mixin.py:190} INFO - Task instance in success state
[2025-06-04T10:08:52.497+0000] {logging_mixin.py:190} INFO -  Previous state of the Task instance: running
[2025-06-04T10:08:52.498+0000] {logging_mixin.py:190} INFO - Dag name:my_dag queued_at:2025-06-04 10:03:28.578492+00:00
[2025-06-04T10:08:52.499+0000] {logging_mixin.py:190} INFO - Task hostname:44675f35d09b operator:PythonOperator
[2025-06-04T10:08:52.537+0000] {local_task_job_runner.py:266} INFO - Task exited with return code 0
[2025-06-04T10:08:52.590+0000] {taskinstance.py:3924} INFO - 0 downstream tasks scheduled from follow-on schedule check
[2025-06-04T10:08:52.593+0000] {local_task_job_runner.py:245} INFO - ::endgroup::
