[2025-06-06T03:08:48.575+0000] {local_task_job_runner.py:123} INFO - ::group::Pre task execution logs
[2025-06-06T03:08:48.634+0000] {taskinstance.py:2631} INFO - Dependencies all met for dep_context=non-requeueable deps ti=<TaskInstance: my_dag.job3_rename_columns manual__2025-06-06T03:08:33.826819+00:00 [queued]>
[2025-06-06T03:08:48.651+0000] {taskinstance.py:2631} INFO - Dependencies all met for dep_context=requeueable deps ti=<TaskInstance: my_dag.job3_rename_columns manual__2025-06-06T03:08:33.826819+00:00 [queued]>
[2025-06-06T03:08:48.653+0000] {taskinstance.py:2884} INFO - Starting attempt 1 of 2
[2025-06-06T03:08:48.682+0000] {taskinstance.py:2907} INFO - Executing <Task(PythonOperator): job3_rename_columns> on 2025-06-06 03:08:33.826819+00:00
[2025-06-06T03:08:48.695+0000] {standard_task_runner.py:72} INFO - Started process 6479 to run task
[2025-06-06T03:08:48.701+0000] {standard_task_runner.py:104} INFO - Running: ['***', 'tasks', 'run', 'my_dag', 'job3_rename_columns', 'manual__2025-06-06T03:08:33.826819+00:00', '--job-id', '100', '--raw', '--subdir', 'DAGS_FOLDER/main.py', '--cfg-path', '/tmp/tmprmio1fjv']
[2025-06-06T03:08:48.704+0000] {standard_task_runner.py:105} INFO - Job 100: Subtask job3_rename_columns
[2025-06-06T03:08:48.777+0000] {logging_mixin.py:190} WARNING - /home/***/.local/lib/python3.10/site-packages/***/settings.py:209 DeprecationWarning: The sql_alchemy_conn option in [core] has been moved to the sql_alchemy_conn option in [database] - the old setting has been used, but please update your config.
[2025-06-06T03:08:48.887+0000] {task_command.py:467} INFO - Running <TaskInstance: my_dag.job3_rename_columns manual__2025-06-06T03:08:33.826819+00:00 [running]> on host ae7446f54277
[2025-06-06T03:08:49.098+0000] {taskinstance.py:3157} INFO - Exporting env vars: AIRFLOW_CTX_DAG_OWNER='***' AIRFLOW_CTX_DAG_ID='my_dag' AIRFLOW_CTX_TASK_ID='job3_rename_columns' AIRFLOW_CTX_EXECUTION_DATE='2025-06-06T03:08:33.826819+00:00' AIRFLOW_CTX_TRY_NUMBER='1' AIRFLOW_CTX_DAG_RUN_ID='manual__2025-06-06T03:08:33.826819+00:00'
[2025-06-06T03:08:49.101+0000] {logging_mixin.py:190} INFO - Task instance is in running state
[2025-06-06T03:08:49.102+0000] {logging_mixin.py:190} INFO -  Previous state of the Task instance: queued
[2025-06-06T03:08:49.104+0000] {logging_mixin.py:190} INFO - Current task name:job3_rename_columns state:running start_date:2025-06-06 03:08:48.636241+00:00
[2025-06-06T03:08:49.106+0000] {logging_mixin.py:190} INFO - Dag name:my_dag and current dag run status:running
[2025-06-06T03:08:49.108+0000] {taskinstance.py:740} INFO - ::endgroup::
[2025-06-06T03:08:49.344+0000] {taskinstance.py:3336} ERROR - Task failed with exception
Traceback (most recent call last):
  File "/home/airflow/.local/lib/python3.10/site-packages/airflow/models/taskinstance.py", line 776, in _execute_task
    result = _execute_callable(context=context, **execute_callable_kwargs)
  File "/home/airflow/.local/lib/python3.10/site-packages/airflow/models/taskinstance.py", line 742, in _execute_callable
    return ExecutionCallableRunner(
  File "/home/airflow/.local/lib/python3.10/site-packages/airflow/utils/operator_helpers.py", line 252, in run
    return self.func(*args, **kwargs)
  File "/home/airflow/.local/lib/python3.10/site-packages/airflow/models/baseoperator.py", line 424, in wrapper
    return func(self, *args, **kwargs)
  File "/home/airflow/.local/lib/python3.10/site-packages/airflow/operators/python.py", line 238, in execute
    return_value = self.execute_callable()
  File "/home/airflow/.local/lib/python3.10/site-packages/airflow/operators/python.py", line 256, in execute_callable
    return runner.run(*self.op_args, **self.op_kwargs)
  File "/home/airflow/.local/lib/python3.10/site-packages/airflow/utils/operator_helpers.py", line 252, in run
    return self.func(*args, **kwargs)
  File "/opt/airflow/scripts/transform_data.py", line 183, in process_transform
    processed_data_df = currencies_processor.process_all()
  File "/opt/airflow/scripts/transform_data.py", line 148, in process_all
    self.process_capitalAndAltSpellings()
  File "/opt/airflow/scripts/transform_data.py", line 65, in process_capitalAndAltSpellings
    self.df['thu do'] = self.df['thu do'].apply(" | ".join(self.df["thu do"]))
TypeError: sequence item 0: expected str instance, list found
[2025-06-06T03:08:49.400+0000] {logging_mixin.py:190} INFO - Task instance in failure state
[2025-06-06T03:08:49.401+0000] {logging_mixin.py:190} INFO - Task start:2025-06-06 03:08:48.636241+00:00 end:2025-06-06 03:08:49.399305+00:00 duration:0.763064
[2025-06-06T03:08:49.403+0000] {logging_mixin.py:190} INFO - Task:<Task(PythonOperator): job3_rename_columns> dag:<DAG: my_dag> dagrun:<DagRun my_dag @ 2025-06-06 03:08:33.826819+00:00: manual__2025-06-06T03:08:33.826819+00:00, state:running, queued_at: 2025-06-06 03:08:33.922850+00:00. externally triggered: True>
[2025-06-06T03:08:49.405+0000] {logging_mixin.py:190} INFO - Failure caused by sequence item 0: expected str instance, list found
[2025-06-06T03:08:49.406+0000] {taskinstance.py:1242} INFO - Marking task as UP_FOR_RETRY. dag_id=my_dag, task_id=job3_rename_columns, run_id=manual__2025-06-06T03:08:33.826819+00:00, execution_date=20250606T030833, start_date=20250606T030848, end_date=20250606T030849
[2025-06-06T03:08:49.548+0000] {taskinstance.py:349} INFO - ::group::Post task execution logs
[2025-06-06T03:08:49.550+0000] {standard_task_runner.py:124} ERROR - Failed to execute job 100 for task job3_rename_columns (sequence item 0: expected str instance, list found; 6479)
Traceback (most recent call last):
  File "/home/airflow/.local/lib/python3.10/site-packages/airflow/task/task_runner/standard_task_runner.py", line 117, in _start_by_fork
    ret = args.func(args, dag=self.dag)
  File "/home/airflow/.local/lib/python3.10/site-packages/airflow/cli/cli_config.py", line 49, in command
    return func(*args, **kwargs)
  File "/home/airflow/.local/lib/python3.10/site-packages/airflow/utils/cli.py", line 116, in wrapper
    return f(*args, **kwargs)
  File "/home/airflow/.local/lib/python3.10/site-packages/airflow/cli/commands/task_command.py", line 483, in task_run
    task_return_code = _run_task_by_selected_method(args, _dag, ti)
  File "/home/airflow/.local/lib/python3.10/site-packages/airflow/cli/commands/task_command.py", line 256, in _run_task_by_selected_method
    return _run_raw_task(args, ti)
  File "/home/airflow/.local/lib/python3.10/site-packages/airflow/cli/commands/task_command.py", line 341, in _run_raw_task
    return ti._run_raw_task(
  File "/home/airflow/.local/lib/python3.10/site-packages/airflow/utils/session.py", line 97, in wrapper
    return func(*args, session=session, **kwargs)
  File "/home/airflow/.local/lib/python3.10/site-packages/airflow/models/taskinstance.py", line 3029, in _run_raw_task
    return _run_raw_task(
  File "/home/airflow/.local/lib/python3.10/site-packages/airflow/models/taskinstance.py", line 282, in _run_raw_task
    TaskInstance._execute_task_with_callbacks(
  File "/home/airflow/.local/lib/python3.10/site-packages/airflow/models/taskinstance.py", line 3184, in _execute_task_with_callbacks
    result = self._execute_task(context, task_orig)
  File "/home/airflow/.local/lib/python3.10/site-packages/airflow/models/taskinstance.py", line 3208, in _execute_task
    return _execute_task(self, context, task_orig)
  File "/home/airflow/.local/lib/python3.10/site-packages/airflow/models/taskinstance.py", line 776, in _execute_task
    result = _execute_callable(context=context, **execute_callable_kwargs)
  File "/home/airflow/.local/lib/python3.10/site-packages/airflow/models/taskinstance.py", line 742, in _execute_callable
    return ExecutionCallableRunner(
  File "/home/airflow/.local/lib/python3.10/site-packages/airflow/utils/operator_helpers.py", line 252, in run
    return self.func(*args, **kwargs)
  File "/home/airflow/.local/lib/python3.10/site-packages/airflow/models/baseoperator.py", line 424, in wrapper
    return func(self, *args, **kwargs)
  File "/home/airflow/.local/lib/python3.10/site-packages/airflow/operators/python.py", line 238, in execute
    return_value = self.execute_callable()
  File "/home/airflow/.local/lib/python3.10/site-packages/airflow/operators/python.py", line 256, in execute_callable
    return runner.run(*self.op_args, **self.op_kwargs)
  File "/home/airflow/.local/lib/python3.10/site-packages/airflow/utils/operator_helpers.py", line 252, in run
    return self.func(*args, **kwargs)
  File "/opt/airflow/scripts/transform_data.py", line 183, in process_transform
    processed_data_df = currencies_processor.process_all()
  File "/opt/airflow/scripts/transform_data.py", line 148, in process_all
    self.process_capitalAndAltSpellings()
  File "/opt/airflow/scripts/transform_data.py", line 65, in process_capitalAndAltSpellings
    self.df['thu do'] = self.df['thu do'].apply(" | ".join(self.df["thu do"]))
TypeError: sequence item 0: expected str instance, list found
[2025-06-06T03:08:49.598+0000] {local_task_job_runner.py:266} INFO - Task exited with return code 1
[2025-06-06T03:08:49.730+0000] {taskinstance.py:3924} INFO - 0 downstream tasks scheduled from follow-on schedule check
[2025-06-06T03:08:49.740+0000] {local_task_job_runner.py:245} INFO - ::endgroup::
