[2025-06-06T02:27:01.222+0000] {local_task_job_runner.py:123} INFO - ::group::Pre task execution logs
[2025-06-06T02:27:01.281+0000] {taskinstance.py:2631} INFO - Dependencies all met for dep_context=non-requeueable deps ti=<TaskInstance: my_dag.job2_structured_data manual__2025-06-06T02:19:45.711378+00:00 [queued]>
[2025-06-06T02:27:01.297+0000] {taskinstance.py:2631} INFO - Dependencies all met for dep_context=requeueable deps ti=<TaskInstance: my_dag.job2_structured_data manual__2025-06-06T02:19:45.711378+00:00 [queued]>
[2025-06-06T02:27:01.299+0000] {taskinstance.py:2884} INFO - Starting attempt 3 of 3
[2025-06-06T02:27:01.326+0000] {taskinstance.py:2907} INFO - Executing <Task(PythonOperator): job2_structured_data> on 2025-06-06 02:19:45.711378+00:00
[2025-06-06T02:27:01.337+0000] {standard_task_runner.py:72} INFO - Started process 2499 to run task
[2025-06-06T02:27:01.344+0000] {standard_task_runner.py:104} INFO - Running: ['***', 'tasks', 'run', 'my_dag', 'job2_structured_data', 'manual__2025-06-06T02:19:45.711378+00:00', '--job-id', '70', '--raw', '--subdir', 'DAGS_FOLDER/main.py', '--cfg-path', '/tmp/tmp84bh0wko']
[2025-06-06T02:27:01.346+0000] {standard_task_runner.py:105} INFO - Job 70: Subtask job2_structured_data
[2025-06-06T02:27:01.426+0000] {logging_mixin.py:190} WARNING - /home/***/.local/lib/python3.10/site-packages/***/settings.py:209 DeprecationWarning: The sql_alchemy_conn option in [core] has been moved to the sql_alchemy_conn option in [database] - the old setting has been used, but please update your config.
[2025-06-06T02:27:01.548+0000] {task_command.py:467} INFO - Running <TaskInstance: my_dag.job2_structured_data manual__2025-06-06T02:19:45.711378+00:00 [running]> on host acb3199ed998
[2025-06-06T02:27:01.749+0000] {taskinstance.py:3157} INFO - Exporting env vars: AIRFLOW_CTX_DAG_OWNER='***' AIRFLOW_CTX_DAG_ID='my_dag' AIRFLOW_CTX_TASK_ID='job2_structured_data' AIRFLOW_CTX_EXECUTION_DATE='2025-06-06T02:19:45.711378+00:00' AIRFLOW_CTX_TRY_NUMBER='3' AIRFLOW_CTX_DAG_RUN_ID='manual__2025-06-06T02:19:45.711378+00:00'
[2025-06-06T02:27:01.752+0000] {logging_mixin.py:190} INFO - Task instance is in running state
[2025-06-06T02:27:01.754+0000] {logging_mixin.py:190} INFO -  Previous state of the Task instance: queued
[2025-06-06T02:27:01.756+0000] {logging_mixin.py:190} INFO - Current task name:job2_structured_data state:running start_date:2025-06-06 02:27:01.283453+00:00
[2025-06-06T02:27:01.758+0000] {logging_mixin.py:190} INFO - Dag name:my_dag and current dag run status:running
[2025-06-06T02:27:01.759+0000] {taskinstance.py:740} INFO - ::endgroup::
[2025-06-06T02:27:01.830+0000] {python.py:240} INFO - Done. Returned value was: Data written to /opt/***/foundation/restcountries.csv
[2025-06-06T02:27:01.927+0000] {taskinstance.py:349} INFO - ::group::Post task execution logs
[2025-06-06T02:27:01.930+0000] {taskinstance.py:361} INFO - Marking task as SUCCESS. dag_id=my_dag, task_id=job2_structured_data, run_id=manual__2025-06-06T02:19:45.711378+00:00, execution_date=20250606T021945, start_date=20250606T022701, end_date=20250606T022701
[2025-06-06T02:27:02.040+0000] {logging_mixin.py:190} INFO - Task instance in success state
[2025-06-06T02:27:02.043+0000] {logging_mixin.py:190} INFO -  Previous state of the Task instance: running
[2025-06-06T02:27:02.045+0000] {logging_mixin.py:190} INFO - Dag name:my_dag queued_at:2025-06-06 02:19:45.735230+00:00
[2025-06-06T02:27:02.046+0000] {logging_mixin.py:190} INFO - Task hostname:acb3199ed998 operator:PythonOperator
[2025-06-06T02:27:02.081+0000] {local_task_job_runner.py:266} INFO - Task exited with return code 0
[2025-06-06T02:27:02.150+0000] {taskinstance.py:3924} INFO - 1 downstream tasks scheduled from follow-on schedule check
[2025-06-06T02:27:02.161+0000] {local_task_job_runner.py:245} INFO - ::endgroup::
