[2025-06-10T21:10:00.354+0000] {local_task_job_runner.py:123} INFO - ::group::Pre task execution logs
[2025-06-10T21:10:00.421+0000] {taskinstance.py:2631} INFO - Dependencies all met for dep_context=non-requeueable deps ti=<TaskInstance: my_dag.process_data manual__2025-06-10T21:09:46.105167+00:00 [queued]>
[2025-06-10T21:10:00.446+0000] {taskinstance.py:2631} INFO - Dependencies all met for dep_context=requeueable deps ti=<TaskInstance: my_dag.process_data manual__2025-06-10T21:09:46.105167+00:00 [queued]>
[2025-06-10T21:10:00.448+0000] {taskinstance.py:2884} INFO - Starting attempt 1 of 2
[2025-06-10T21:10:00.489+0000] {taskinstance.py:2907} INFO - Executing <Task(PythonOperator): process_data> on 2025-06-10 21:09:46.105167+00:00
[2025-06-10T21:10:00.512+0000] {standard_task_runner.py:72} INFO - Started process 455 to run task
[2025-06-10T21:10:00.527+0000] {standard_task_runner.py:104} INFO - Running: ['airflow', 'tasks', 'run', 'my_dag', 'process_data', 'manual__2025-06-10T21:09:46.105167+00:00', '--job-id', '8', '--raw', '--subdir', 'DAGS_FOLDER/dag.py', '--cfg-path', '/tmp/tmp1makx4aa']
[2025-06-10T21:10:00.535+0000] {standard_task_runner.py:105} INFO - Job 8: Subtask process_data
[2025-06-10T21:10:00.590+0000] {logging_mixin.py:190} WARNING - /home/airflow/.local/lib/python3.10/site-packages/airflow/settings.py:209 DeprecationWarning: The sql_alchemy_conn option in [core] has been moved to the sql_alchemy_conn option in [database] - the old setting has been used, but please update your config.
[2025-06-10T21:10:00.670+0000] {task_command.py:467} INFO - Running <TaskInstance: my_dag.process_data manual__2025-06-10T21:09:46.105167+00:00 [running]> on host 2ede1e2600a9
[2025-06-10T21:10:01.315+0000] {taskinstance.py:3157} INFO - Exporting env vars: AIRFLOW_CTX_DAG_OWNER='airflow' AIRFLOW_CTX_DAG_ID='my_dag' AIRFLOW_CTX_TASK_ID='process_data' AIRFLOW_CTX_EXECUTION_DATE='2025-06-10T21:09:46.105167+00:00' AIRFLOW_CTX_TRY_NUMBER='1' AIRFLOW_CTX_DAG_RUN_ID='manual__2025-06-10T21:09:46.105167+00:00'
[2025-06-10T21:10:01.318+0000] {taskinstance.py:740} INFO - ::endgroup::
[2025-06-10T21:10:01.740+0000] {logging_mixin.py:190} INFO - <class 'pandas.core.series.Series'>
[2025-06-10T21:10:01.864+0000] {logging_mixin.py:190} INFO - <class 'pandas.core.frame.DataFrame'>
[2025-06-10T21:10:02.053+0000] {logging_mixin.py:190} INFO - Data successfully written to /opt/airflow/trusted/cleaned_data.csv
[2025-06-10T21:10:02.058+0000] {python.py:240} INFO - Done. Returned value was: None
[2025-06-10T21:10:02.079+0000] {taskinstance.py:349} INFO - ::group::Post task execution logs
[2025-06-10T21:10:02.082+0000] {taskinstance.py:361} INFO - Marking task as SUCCESS. dag_id=my_dag, task_id=process_data, run_id=manual__2025-06-10T21:09:46.105167+00:00, execution_date=20250610T210946, start_date=20250610T211000, end_date=20250610T211002
[2025-06-10T21:10:02.232+0000] {local_task_job_runner.py:266} INFO - Task exited with return code 0
[2025-06-10T21:10:02.277+0000] {taskinstance.py:3924} INFO - 1 downstream tasks scheduled from follow-on schedule check
[2025-06-10T21:10:02.291+0000] {local_task_job_runner.py:245} INFO - ::endgroup::
