[2025-06-06T02:29:02.110+0000] {local_task_job_runner.py:123} INFO - ::group::Pre task execution logs
[2025-06-06T02:29:02.168+0000] {taskinstance.py:2631} INFO - Dependencies all met for dep_context=non-requeueable deps ti=<TaskInstance: my_dag.job4_save_df scheduled__2025-06-03T08:00:00+00:00 [queued]>
[2025-06-06T02:29:02.187+0000] {taskinstance.py:2631} INFO - Dependencies all met for dep_context=requeueable deps ti=<TaskInstance: my_dag.job4_save_df scheduled__2025-06-03T08:00:00+00:00 [queued]>
[2025-06-06T02:29:02.189+0000] {taskinstance.py:2884} INFO - Starting attempt 1 of 2
[2025-06-06T02:29:02.212+0000] {taskinstance.py:2907} INFO - Executing <Task(PythonOperator): job4_save_df> on 2025-06-03 08:00:00+00:00
[2025-06-06T02:29:02.224+0000] {standard_task_runner.py:72} INFO - Started process 3834 to run task
[2025-06-06T02:29:02.229+0000] {standard_task_runner.py:104} INFO - Running: ['***', 'tasks', 'run', 'my_dag', 'job4_save_df', 'scheduled__2025-06-03T08:00:00+00:00', '--job-id', '75', '--raw', '--subdir', 'DAGS_FOLDER/main.py', '--cfg-path', '/tmp/tmpobzkzba3']
[2025-06-06T02:29:02.231+0000] {standard_task_runner.py:105} INFO - Job 75: Subtask job4_save_df
[2025-06-06T02:29:02.304+0000] {logging_mixin.py:190} WARNING - /home/***/.local/lib/python3.10/site-packages/***/settings.py:209 DeprecationWarning: The sql_alchemy_conn option in [core] has been moved to the sql_alchemy_conn option in [database] - the old setting has been used, but please update your config.
[2025-06-06T02:29:02.414+0000] {task_command.py:467} INFO - Running <TaskInstance: my_dag.job4_save_df scheduled__2025-06-03T08:00:00+00:00 [running]> on host acb3199ed998
[2025-06-06T02:29:02.417+0000] {logging_mixin.py:190} WARNING - /home/***/.local/lib/python3.10/site-packages/***/settings.py:470 DeprecationWarning: The sql_alchemy_conn option in [core] has been moved to the sql_alchemy_conn option in [database] - the old setting has been used, but please update your config.
[2025-06-06T02:29:02.620+0000] {taskinstance.py:3157} INFO - Exporting env vars: AIRFLOW_CTX_DAG_OWNER='***' AIRFLOW_CTX_DAG_ID='my_dag' AIRFLOW_CTX_TASK_ID='job4_save_df' AIRFLOW_CTX_EXECUTION_DATE='2025-06-03T08:00:00+00:00' AIRFLOW_CTX_TRY_NUMBER='1' AIRFLOW_CTX_DAG_RUN_ID='scheduled__2025-06-03T08:00:00+00:00'
[2025-06-06T02:29:02.625+0000] {logging_mixin.py:190} INFO - Task instance is in running state
[2025-06-06T02:29:02.627+0000] {logging_mixin.py:190} INFO -  Previous state of the Task instance: queued
[2025-06-06T02:29:02.628+0000] {logging_mixin.py:190} INFO - Current task name:job4_save_df state:running start_date:2025-06-06 02:29:02.170659+00:00
[2025-06-06T02:29:02.630+0000] {logging_mixin.py:190} INFO - Dag name:my_dag and current dag run status:running
[2025-06-06T02:29:02.631+0000] {taskinstance.py:740} INFO - ::endgroup::
[2025-06-06T02:29:02.633+0000] {logging_mixin.py:190} INFO - Reading /opt/***/trusted/countries.csv...
[2025-06-06T02:29:02.781+0000] {logging_mixin.py:190} INFO - Successfully saved DataFrame to table 'countries'.
[2025-06-06T02:29:02.783+0000] {logging_mixin.py:190} INFO - Reading /opt/***/trusted/country_currency.csv...
[2025-06-06T02:29:02.916+0000] {logging_mixin.py:190} INFO - Successfully saved DataFrame to table 'country_currency'.
[2025-06-06T02:29:02.918+0000] {python.py:240} INFO - Done. Returned value was: None
[2025-06-06T02:29:02.961+0000] {taskinstance.py:349} INFO - ::group::Post task execution logs
[2025-06-06T02:29:02.963+0000] {taskinstance.py:361} INFO - Marking task as SUCCESS. dag_id=my_dag, task_id=job4_save_df, run_id=scheduled__2025-06-03T08:00:00+00:00, execution_date=20250603T080000, start_date=20250606T022902, end_date=20250606T022902
[2025-06-06T02:29:03.074+0000] {logging_mixin.py:190} INFO - Task instance in success state
[2025-06-06T02:29:03.077+0000] {logging_mixin.py:190} INFO -  Previous state of the Task instance: running
[2025-06-06T02:29:03.078+0000] {logging_mixin.py:190} INFO - Dag name:my_dag queued_at:2025-06-06 02:23:47.733118+00:00
[2025-06-06T02:29:03.080+0000] {logging_mixin.py:190} INFO - Task hostname:acb3199ed998 operator:PythonOperator
[2025-06-06T02:29:03.127+0000] {local_task_job_runner.py:266} INFO - Task exited with return code 0
[2025-06-06T02:29:03.184+0000] {taskinstance.py:3924} INFO - 0 downstream tasks scheduled from follow-on schedule check
[2025-06-06T02:29:03.188+0000] {local_task_job_runner.py:245} INFO - ::endgroup::
