[2025-06-06T03:24:49.173+0000] {local_task_job_runner.py:123} INFO - ::group::Pre task execution logs
[2025-06-06T03:24:49.234+0000] {taskinstance.py:2631} INFO - Dependencies all met for dep_context=non-requeueable deps ti=<TaskInstance: my_dag.job4_save_df manual__2025-06-06T03:19:33.156339+00:00 [queued]>
[2025-06-06T03:24:49.257+0000] {taskinstance.py:2631} INFO - Dependencies all met for dep_context=requeueable deps ti=<TaskInstance: my_dag.job4_save_df manual__2025-06-06T03:19:33.156339+00:00 [queued]>
[2025-06-06T03:24:49.259+0000] {taskinstance.py:2884} INFO - Starting attempt 1 of 2
[2025-06-06T03:24:49.288+0000] {taskinstance.py:2907} INFO - Executing <Task(PythonOperator): job4_save_df> on 2025-06-06 03:19:33.156339+00:00
[2025-06-06T03:24:49.300+0000] {standard_task_runner.py:72} INFO - Started process 15499 to run task
[2025-06-06T03:24:49.306+0000] {standard_task_runner.py:104} INFO - Running: ['***', 'tasks', 'run', 'my_dag', 'job4_save_df', 'manual__2025-06-06T03:19:33.156339+00:00', '--job-id', '110', '--raw', '--subdir', 'DAGS_FOLDER/main.py', '--cfg-path', '/tmp/tmpbsml0h6n']
[2025-06-06T03:24:49.308+0000] {standard_task_runner.py:105} INFO - Job 110: Subtask job4_save_df
[2025-06-06T03:24:49.381+0000] {logging_mixin.py:190} WARNING - /home/***/.local/lib/python3.10/site-packages/***/settings.py:209 DeprecationWarning: The sql_alchemy_conn option in [core] has been moved to the sql_alchemy_conn option in [database] - the old setting has been used, but please update your config.
[2025-06-06T03:24:49.497+0000] {task_command.py:467} INFO - Running <TaskInstance: my_dag.job4_save_df manual__2025-06-06T03:19:33.156339+00:00 [running]> on host ae7446f54277
[2025-06-06T03:24:49.714+0000] {taskinstance.py:3157} INFO - Exporting env vars: AIRFLOW_CTX_DAG_OWNER='***' AIRFLOW_CTX_DAG_ID='my_dag' AIRFLOW_CTX_TASK_ID='job4_save_df' AIRFLOW_CTX_EXECUTION_DATE='2025-06-06T03:19:33.156339+00:00' AIRFLOW_CTX_TRY_NUMBER='1' AIRFLOW_CTX_DAG_RUN_ID='manual__2025-06-06T03:19:33.156339+00:00'
[2025-06-06T03:24:49.717+0000] {logging_mixin.py:190} INFO - Task instance is in running state
[2025-06-06T03:24:49.719+0000] {logging_mixin.py:190} INFO -  Previous state of the Task instance: queued
[2025-06-06T03:24:49.719+0000] {logging_mixin.py:190} INFO - Current task name:job4_save_df state:running start_date:2025-06-06 03:24:49.240472+00:00
[2025-06-06T03:24:49.720+0000] {logging_mixin.py:190} INFO - Dag name:my_dag and current dag run status:running
[2025-06-06T03:24:49.721+0000] {taskinstance.py:740} INFO - ::endgroup::
[2025-06-06T03:24:49.723+0000] {logging_mixin.py:190} INFO - Reading /opt/***/trusted/countries.csv...
[2025-06-06T03:24:50.365+0000] {logging_mixin.py:190} INFO - Successfully saved DataFrame to table 'countries'.
[2025-06-06T03:24:50.367+0000] {logging_mixin.py:190} INFO - Reading /opt/***/trusted/country_currency.csv...
[2025-06-06T03:24:50.890+0000] {logging_mixin.py:190} INFO - Successfully saved DataFrame to table 'country_currency'.
[2025-06-06T03:24:50.893+0000] {python.py:240} INFO - Done. Returned value was: None
[2025-06-06T03:24:50.941+0000] {taskinstance.py:349} INFO - ::group::Post task execution logs
[2025-06-06T03:24:50.943+0000] {taskinstance.py:361} INFO - Marking task as SUCCESS. dag_id=my_dag, task_id=job4_save_df, run_id=manual__2025-06-06T03:19:33.156339+00:00, execution_date=20250606T031933, start_date=20250606T032449, end_date=20250606T032450
[2025-06-06T03:24:51.055+0000] {logging_mixin.py:190} INFO - Task instance in success state
[2025-06-06T03:24:51.057+0000] {logging_mixin.py:190} INFO -  Previous state of the Task instance: running
[2025-06-06T03:24:51.059+0000] {logging_mixin.py:190} INFO - Dag name:my_dag queued_at:2025-06-06 03:19:33.191019+00:00
[2025-06-06T03:24:51.061+0000] {logging_mixin.py:190} INFO - Task hostname:ae7446f54277 operator:PythonOperator
[2025-06-06T03:24:51.098+0000] {local_task_job_runner.py:266} INFO - Task exited with return code 0
[2025-06-06T03:24:51.171+0000] {taskinstance.py:3924} INFO - 0 downstream tasks scheduled from follow-on schedule check
[2025-06-06T03:24:51.175+0000] {local_task_job_runner.py:245} INFO - ::endgroup::
