[2025-06-06T02:39:09.896+0000] {local_task_job_runner.py:123} INFO - ::group::Pre task execution logs
[2025-06-06T02:39:10.133+0000] {taskinstance.py:2631} INFO - Dependencies all met for dep_context=non-requeueable deps ti=<TaskInstance: my_dag.job2_structured_data manual__2025-06-06T02:39:04.395673+00:00 [queued]>
[2025-06-06T02:39:10.152+0000] {taskinstance.py:2631} INFO - Dependencies all met for dep_context=requeueable deps ti=<TaskInstance: my_dag.job2_structured_data manual__2025-06-06T02:39:04.395673+00:00 [queued]>
[2025-06-06T02:39:10.154+0000] {taskinstance.py:2884} INFO - Starting attempt 1 of 2
[2025-06-06T02:39:10.181+0000] {taskinstance.py:2907} INFO - Executing <Task(PythonOperator): job2_structured_data> on 2025-06-06 02:39:04.395673+00:00
[2025-06-06T02:39:10.193+0000] {standard_task_runner.py:72} INFO - Started process 1644 to run task
[2025-06-06T02:39:10.200+0000] {standard_task_runner.py:104} INFO - Running: ['***', 'tasks', 'run', 'my_dag', 'job2_structured_data', 'manual__2025-06-06T02:39:04.395673+00:00', '--job-id', '86', '--raw', '--subdir', 'DAGS_FOLDER/main.py', '--cfg-path', '/tmp/tmp_apck42g']
[2025-06-06T02:39:10.202+0000] {standard_task_runner.py:105} INFO - Job 86: Subtask job2_structured_data
[2025-06-06T02:39:10.286+0000] {logging_mixin.py:190} WARNING - /home/***/.local/lib/python3.10/site-packages/***/settings.py:209 DeprecationWarning: The sql_alchemy_conn option in [core] has been moved to the sql_alchemy_conn option in [database] - the old setting has been used, but please update your config.
[2025-06-06T02:39:10.402+0000] {task_command.py:467} INFO - Running <TaskInstance: my_dag.job2_structured_data manual__2025-06-06T02:39:04.395673+00:00 [running]> on host acb3199ed998
[2025-06-06T02:39:10.605+0000] {taskinstance.py:3157} INFO - Exporting env vars: AIRFLOW_CTX_DAG_OWNER='***' AIRFLOW_CTX_DAG_ID='my_dag' AIRFLOW_CTX_TASK_ID='job2_structured_data' AIRFLOW_CTX_EXECUTION_DATE='2025-06-06T02:39:04.395673+00:00' AIRFLOW_CTX_TRY_NUMBER='1' AIRFLOW_CTX_DAG_RUN_ID='manual__2025-06-06T02:39:04.395673+00:00'
[2025-06-06T02:39:10.608+0000] {logging_mixin.py:190} INFO - Task instance is in running state
[2025-06-06T02:39:10.609+0000] {logging_mixin.py:190} INFO -  Previous state of the Task instance: queued
[2025-06-06T02:39:10.611+0000] {logging_mixin.py:190} INFO - Current task name:job2_structured_data state:running start_date:2025-06-06 02:39:10.134943+00:00
[2025-06-06T02:39:10.612+0000] {logging_mixin.py:190} INFO - Dag name:my_dag and current dag run status:running
[2025-06-06T02:39:10.613+0000] {taskinstance.py:740} INFO - ::endgroup::
[2025-06-06T02:39:10.658+0000] {structured.py:10} INFO - Pulled data from XCom: {'status': 'unknown error'}
[2025-06-06T02:39:10.663+0000] {structured.py:15} INFO - DataFrame created with shape: (1, 1)
[2025-06-06T02:39:10.665+0000] {logging_mixin.py:190} INFO - DataFrame created with shape: (1, 1)
[2025-06-06T02:39:10.675+0000] {logging_mixin.py:190} INFO -           status
0  unknown error
[2025-06-06T02:39:10.686+0000] {python.py:240} INFO - Done. Returned value was: Data written to /opt/***/foundation/restcountries.csv
[2025-06-06T02:39:10.782+0000] {taskinstance.py:349} INFO - ::group::Post task execution logs
[2025-06-06T02:39:10.784+0000] {taskinstance.py:361} INFO - Marking task as SUCCESS. dag_id=my_dag, task_id=job2_structured_data, run_id=manual__2025-06-06T02:39:04.395673+00:00, execution_date=20250606T023904, start_date=20250606T023910, end_date=20250606T023910
[2025-06-06T02:39:10.896+0000] {logging_mixin.py:190} INFO - Task instance in success state
[2025-06-06T02:39:10.898+0000] {logging_mixin.py:190} INFO -  Previous state of the Task instance: running
[2025-06-06T02:39:10.899+0000] {logging_mixin.py:190} INFO - Dag name:my_dag queued_at:2025-06-06 02:39:04.441758+00:00
[2025-06-06T02:39:10.901+0000] {logging_mixin.py:190} INFO - Task hostname:acb3199ed998 operator:PythonOperator
[2025-06-06T02:39:10.936+0000] {local_task_job_runner.py:266} INFO - Task exited with return code 0
[2025-06-06T02:39:11.005+0000] {taskinstance.py:3924} INFO - 1 downstream tasks scheduled from follow-on schedule check
[2025-06-06T02:39:11.017+0000] {local_task_job_runner.py:245} INFO - ::endgroup::
