[2025-06-06T02:39:16.208+0000] {local_task_job_runner.py:123} INFO - ::group::Pre task execution logs
[2025-06-06T02:39:16.456+0000] {taskinstance.py:2631} INFO - Dependencies all met for dep_context=non-requeueable deps ti=<TaskInstance: my_dag.job4_save_df manual__2025-06-06T02:39:04.395673+00:00 [queued]>
[2025-06-06T02:39:16.473+0000] {taskinstance.py:2631} INFO - Dependencies all met for dep_context=requeueable deps ti=<TaskInstance: my_dag.job4_save_df manual__2025-06-06T02:39:04.395673+00:00 [queued]>
[2025-06-06T02:39:16.475+0000] {taskinstance.py:2884} INFO - Starting attempt 1 of 2
[2025-06-06T02:39:16.503+0000] {taskinstance.py:2907} INFO - Executing <Task(PythonOperator): job4_save_df> on 2025-06-06 02:39:04.395673+00:00
[2025-06-06T02:39:16.514+0000] {standard_task_runner.py:72} INFO - Started process 1650 to run task
[2025-06-06T02:39:16.520+0000] {standard_task_runner.py:104} INFO - Running: ['***', 'tasks', 'run', 'my_dag', 'job4_save_df', 'manual__2025-06-06T02:39:04.395673+00:00', '--job-id', '88', '--raw', '--subdir', 'DAGS_FOLDER/main.py', '--cfg-path', '/tmp/tmp4t7l5z7m']
[2025-06-06T02:39:16.522+0000] {standard_task_runner.py:105} INFO - Job 88: Subtask job4_save_df
[2025-06-06T02:39:16.600+0000] {logging_mixin.py:190} WARNING - /home/***/.local/lib/python3.10/site-packages/***/settings.py:209 DeprecationWarning: The sql_alchemy_conn option in [core] has been moved to the sql_alchemy_conn option in [database] - the old setting has been used, but please update your config.
[2025-06-06T02:39:16.714+0000] {task_command.py:467} INFO - Running <TaskInstance: my_dag.job4_save_df manual__2025-06-06T02:39:04.395673+00:00 [running]> on host acb3199ed998
[2025-06-06T02:39:16.926+0000] {taskinstance.py:3157} INFO - Exporting env vars: AIRFLOW_CTX_DAG_OWNER='***' AIRFLOW_CTX_DAG_ID='my_dag' AIRFLOW_CTX_TASK_ID='job4_save_df' AIRFLOW_CTX_EXECUTION_DATE='2025-06-06T02:39:04.395673+00:00' AIRFLOW_CTX_TRY_NUMBER='1' AIRFLOW_CTX_DAG_RUN_ID='manual__2025-06-06T02:39:04.395673+00:00'
[2025-06-06T02:39:16.929+0000] {logging_mixin.py:190} INFO - Task instance is in running state
[2025-06-06T02:39:16.931+0000] {logging_mixin.py:190} INFO -  Previous state of the Task instance: queued
[2025-06-06T02:39:16.932+0000] {logging_mixin.py:190} INFO - Current task name:job4_save_df state:running start_date:2025-06-06 02:39:16.458601+00:00
[2025-06-06T02:39:16.934+0000] {logging_mixin.py:190} INFO - Dag name:my_dag and current dag run status:running
[2025-06-06T02:39:16.935+0000] {taskinstance.py:740} INFO - ::endgroup::
[2025-06-06T02:39:16.937+0000] {logging_mixin.py:190} INFO - Reading /opt/***/trusted/countries.csv...
[2025-06-06T02:39:17.080+0000] {logging_mixin.py:190} INFO - Successfully saved DataFrame to table 'countries'.
[2025-06-06T02:39:17.081+0000] {logging_mixin.py:190} INFO - Reading /opt/***/trusted/country_currency.csv...
[2025-06-06T02:39:17.210+0000] {logging_mixin.py:190} INFO - Successfully saved DataFrame to table 'country_currency'.
[2025-06-06T02:39:17.212+0000] {python.py:240} INFO - Done. Returned value was: None
[2025-06-06T02:39:17.257+0000] {taskinstance.py:349} INFO - ::group::Post task execution logs
[2025-06-06T02:39:17.259+0000] {taskinstance.py:361} INFO - Marking task as SUCCESS. dag_id=my_dag, task_id=job4_save_df, run_id=manual__2025-06-06T02:39:04.395673+00:00, execution_date=20250606T023904, start_date=20250606T023916, end_date=20250606T023917
[2025-06-06T02:39:17.369+0000] {logging_mixin.py:190} INFO - Task instance in success state
[2025-06-06T02:39:17.371+0000] {logging_mixin.py:190} INFO -  Previous state of the Task instance: running
[2025-06-06T02:39:17.372+0000] {logging_mixin.py:190} INFO - Dag name:my_dag queued_at:2025-06-06 02:39:04.441758+00:00
[2025-06-06T02:39:17.373+0000] {logging_mixin.py:190} INFO - Task hostname:acb3199ed998 operator:PythonOperator
[2025-06-06T02:39:17.417+0000] {local_task_job_runner.py:266} INFO - Task exited with return code 0
[2025-06-06T02:39:17.471+0000] {taskinstance.py:3924} INFO - 0 downstream tasks scheduled from follow-on schedule check
[2025-06-06T02:39:17.475+0000] {local_task_job_runner.py:245} INFO - ::endgroup::
