[2025-06-06T02:06:39.573+0000] {local_task_job_runner.py:123} INFO - ::group::Pre task execution logs
[2025-06-06T02:06:39.663+0000] {taskinstance.py:2631} INFO - Dependencies all met for dep_context=non-requeueable deps ti=<TaskInstance: my_dag.job1_get_data manual__2025-06-06T02:06:35.038522+00:00 [queued]>
[2025-06-06T02:06:39.686+0000] {taskinstance.py:2631} INFO - Dependencies all met for dep_context=requeueable deps ti=<TaskInstance: my_dag.job1_get_data manual__2025-06-06T02:06:35.038522+00:00 [queued]>
[2025-06-06T02:06:39.689+0000] {taskinstance.py:2884} INFO - Starting attempt 1 of 2
[2025-06-06T02:06:40.389+0000] {taskinstance.py:2907} INFO - Executing <Task(PythonOperator): job1_get_data> on 2025-06-06 02:06:35.038522+00:00
[2025-06-06T02:06:40.420+0000] {standard_task_runner.py:72} INFO - Started process 759 to run task
[2025-06-06T02:06:40.437+0000] {standard_task_runner.py:104} INFO - Running: ['***', 'tasks', 'run', 'my_dag', 'job1_get_data', 'manual__2025-06-06T02:06:35.038522+00:00', '--job-id', '56', '--raw', '--subdir', 'DAGS_FOLDER/main.py', '--cfg-path', '/tmp/tmp0jj5jex8']
[2025-06-06T02:06:40.441+0000] {standard_task_runner.py:105} INFO - Job 56: Subtask job1_get_data
[2025-06-06T02:06:40.604+0000] {logging_mixin.py:190} WARNING - /home/***/.local/lib/python3.10/site-packages/***/settings.py:209 DeprecationWarning: The sql_alchemy_conn option in [core] has been moved to the sql_alchemy_conn option in [database] - the old setting has been used, but please update your config.
[2025-06-06T02:06:40.811+0000] {task_command.py:467} INFO - Running <TaskInstance: my_dag.job1_get_data manual__2025-06-06T02:06:35.038522+00:00 [running]> on host d27817f09629
[2025-06-06T02:06:41.168+0000] {taskinstance.py:3157} INFO - Exporting env vars: AIRFLOW_CTX_DAG_OWNER='***' AIRFLOW_CTX_DAG_ID='my_dag' AIRFLOW_CTX_TASK_ID='job1_get_data' AIRFLOW_CTX_EXECUTION_DATE='2025-06-06T02:06:35.038522+00:00' AIRFLOW_CTX_TRY_NUMBER='1' AIRFLOW_CTX_DAG_RUN_ID='manual__2025-06-06T02:06:35.038522+00:00'
[2025-06-06T02:06:41.173+0000] {logging_mixin.py:190} INFO - Task instance is in running state
[2025-06-06T02:06:41.175+0000] {logging_mixin.py:190} INFO -  Previous state of the Task instance: queued
[2025-06-06T02:06:41.177+0000] {logging_mixin.py:190} INFO - Current task name:job1_get_data state:running start_date:2025-06-06 02:06:39.666713+00:00
[2025-06-06T02:06:41.179+0000] {logging_mixin.py:190} INFO - Dag name:my_dag and current dag run status:running
[2025-06-06T02:06:41.181+0000] {taskinstance.py:740} INFO - ::endgroup::
[2025-06-06T02:06:42.157+0000] {python.py:240} INFO - Done. Returned value was: {'status': 'unknown error'}
[2025-06-06T02:06:42.358+0000] {taskinstance.py:349} INFO - ::group::Post task execution logs
[2025-06-06T02:06:42.362+0000] {taskinstance.py:361} INFO - Marking task as SUCCESS. dag_id=my_dag, task_id=job1_get_data, run_id=manual__2025-06-06T02:06:35.038522+00:00, execution_date=20250606T020635, start_date=20250606T020639, end_date=20250606T020642
[2025-06-06T02:06:42.574+0000] {logging_mixin.py:190} INFO - Task instance in success state
[2025-06-06T02:06:42.577+0000] {logging_mixin.py:190} INFO -  Previous state of the Task instance: running
[2025-06-06T02:06:42.579+0000] {logging_mixin.py:190} INFO - Dag name:my_dag queued_at:2025-06-06 02:06:35.068394+00:00
[2025-06-06T02:06:42.582+0000] {logging_mixin.py:190} INFO - Task hostname:d27817f09629 operator:PythonOperator
[2025-06-06T02:06:42.623+0000] {local_task_job_runner.py:266} INFO - Task exited with return code 0
[2025-06-06T02:06:42.733+0000] {taskinstance.py:3924} INFO - 1 downstream tasks scheduled from follow-on schedule check
[2025-06-06T02:06:42.750+0000] {local_task_job_runner.py:245} INFO - ::endgroup::
