[2025-06-06T02:23:53.945+0000] {local_task_job_runner.py:123} INFO - ::group::Pre task execution logs
[2025-06-06T02:23:54.004+0000] {taskinstance.py:2631} INFO - Dependencies all met for dep_context=non-requeueable deps ti=<TaskInstance: my_dag.job2_structured_data scheduled__2025-06-03T08:00:00+00:00 [queued]>
[2025-06-06T02:23:54.022+0000] {taskinstance.py:2631} INFO - Dependencies all met for dep_context=requeueable deps ti=<TaskInstance: my_dag.job2_structured_data scheduled__2025-06-03T08:00:00+00:00 [queued]>
[2025-06-06T02:23:54.023+0000] {taskinstance.py:2884} INFO - Starting attempt 1 of 2
[2025-06-06T02:23:54.054+0000] {taskinstance.py:2907} INFO - Executing <Task(PythonOperator): job2_structured_data> on 2025-06-03 08:00:00+00:00
[2025-06-06T02:23:54.065+0000] {standard_task_runner.py:72} INFO - Started process 756 to run task
[2025-06-06T02:23:54.073+0000] {standard_task_runner.py:104} INFO - Running: ['***', 'tasks', 'run', 'my_dag', 'job2_structured_data', 'scheduled__2025-06-03T08:00:00+00:00', '--job-id', '69', '--raw', '--subdir', 'DAGS_FOLDER/main.py', '--cfg-path', '/tmp/tmp6blcx6gd']
[2025-06-06T02:23:54.076+0000] {standard_task_runner.py:105} INFO - Job 69: Subtask job2_structured_data
[2025-06-06T02:23:54.156+0000] {logging_mixin.py:190} WARNING - /home/***/.local/lib/python3.10/site-packages/***/settings.py:209 DeprecationWarning: The sql_alchemy_conn option in [core] has been moved to the sql_alchemy_conn option in [database] - the old setting has been used, but please update your config.
[2025-06-06T02:23:54.276+0000] {task_command.py:467} INFO - Running <TaskInstance: my_dag.job2_structured_data scheduled__2025-06-03T08:00:00+00:00 [running]> on host acb3199ed998
[2025-06-06T02:23:54.279+0000] {logging_mixin.py:190} WARNING - /home/***/.local/lib/python3.10/site-packages/***/settings.py:470 DeprecationWarning: The sql_alchemy_conn option in [core] has been moved to the sql_alchemy_conn option in [database] - the old setting has been used, but please update your config.
[2025-06-06T02:23:54.541+0000] {taskinstance.py:3157} INFO - Exporting env vars: AIRFLOW_CTX_DAG_OWNER='***' AIRFLOW_CTX_DAG_ID='my_dag' AIRFLOW_CTX_TASK_ID='job2_structured_data' AIRFLOW_CTX_EXECUTION_DATE='2025-06-03T08:00:00+00:00' AIRFLOW_CTX_TRY_NUMBER='1' AIRFLOW_CTX_DAG_RUN_ID='scheduled__2025-06-03T08:00:00+00:00'
[2025-06-06T02:23:54.545+0000] {logging_mixin.py:190} INFO - Task instance is in running state
[2025-06-06T02:23:54.546+0000] {logging_mixin.py:190} INFO -  Previous state of the Task instance: queued
[2025-06-06T02:23:54.547+0000] {logging_mixin.py:190} INFO - Current task name:job2_structured_data state:running start_date:2025-06-06 02:23:54.006321+00:00
[2025-06-06T02:23:54.549+0000] {logging_mixin.py:190} INFO - Dag name:my_dag and current dag run status:running
[2025-06-06T02:23:54.550+0000] {taskinstance.py:740} INFO - ::endgroup::
[2025-06-06T02:23:54.596+0000] {taskinstance.py:3336} ERROR - Task failed with exception
Traceback (most recent call last):
  File "/home/airflow/.local/lib/python3.10/site-packages/airflow/models/taskinstance.py", line 776, in _execute_task
    result = _execute_callable(context=context, **execute_callable_kwargs)
  File "/home/airflow/.local/lib/python3.10/site-packages/airflow/models/taskinstance.py", line 742, in _execute_callable
    return ExecutionCallableRunner(
  File "/home/airflow/.local/lib/python3.10/site-packages/airflow/utils/operator_helpers.py", line 252, in run
    return self.func(*args, **kwargs)
  File "/home/airflow/.local/lib/python3.10/site-packages/airflow/models/baseoperator.py", line 424, in wrapper
    return func(self, *args, **kwargs)
  File "/home/airflow/.local/lib/python3.10/site-packages/airflow/operators/python.py", line 238, in execute
    return_value = self.execute_callable()
  File "/home/airflow/.local/lib/python3.10/site-packages/airflow/operators/python.py", line 256, in execute_callable
    return runner.run(*self.op_args, **self.op_kwargs)
  File "/home/airflow/.local/lib/python3.10/site-packages/airflow/utils/operator_helpers.py", line 252, in run
    return self.func(*args, **kwargs)
  File "/opt/airflow/scripts/structured.py", line 11, in structured_data
    df = pd.DataFrame(data, index = False)
  File "/home/airflow/.local/lib/python3.10/site-packages/pandas/core/frame.py", line 733, in __init__
    mgr = dict_to_mgr(data, index, columns, dtype=dtype, copy=copy, typ=manager)
  File "/home/airflow/.local/lib/python3.10/site-packages/pandas/core/internals/construction.py", line 503, in dict_to_mgr
    return arrays_to_mgr(arrays, columns, index, dtype=dtype, typ=typ, consolidate=copy)
  File "/home/airflow/.local/lib/python3.10/site-packages/pandas/core/internals/construction.py", line 116, in arrays_to_mgr
    index = ensure_index(index)
  File "/home/airflow/.local/lib/python3.10/site-packages/pandas/core/indexes/base.py", line 7577, in ensure_index
    return Index(index_like, copy=copy)
  File "/home/airflow/.local/lib/python3.10/site-packages/pandas/core/indexes/base.py", line 525, in __new__
    raise cls._raise_scalar_data_error(data)
  File "/home/airflow/.local/lib/python3.10/site-packages/pandas/core/indexes/base.py", line 5266, in _raise_scalar_data_error
    raise TypeError(
TypeError: Index(...) must be called with a collection of some kind, False was passed
[2025-06-06T02:23:54.656+0000] {logging_mixin.py:190} INFO - Task instance in failure state
[2025-06-06T02:23:54.657+0000] {logging_mixin.py:190} INFO - Task start:2025-06-06 02:23:54.006321+00:00 end:2025-06-06 02:23:54.655271+00:00 duration:0.64895
[2025-06-06T02:23:54.658+0000] {logging_mixin.py:190} INFO - Task:<Task(PythonOperator): job2_structured_data> dag:<DAG: my_dag> dagrun:<DagRun my_dag @ 2025-06-03 08:00:00+00:00: scheduled__2025-06-03T08:00:00+00:00, state:running, queued_at: 2025-06-06 02:23:47.733118+00:00. externally triggered: False>
[2025-06-06T02:23:54.660+0000] {logging_mixin.py:190} INFO - Failure caused by Index(...) must be called with a collection of some kind, False was passed
[2025-06-06T02:23:54.661+0000] {taskinstance.py:1242} INFO - Marking task as UP_FOR_RETRY. dag_id=my_dag, task_id=job2_structured_data, run_id=scheduled__2025-06-03T08:00:00+00:00, execution_date=20250603T080000, start_date=20250606T022354, end_date=20250606T022354
[2025-06-06T02:23:54.779+0000] {taskinstance.py:349} INFO - ::group::Post task execution logs
[2025-06-06T02:23:54.781+0000] {standard_task_runner.py:124} ERROR - Failed to execute job 69 for task job2_structured_data (Index(...) must be called with a collection of some kind, False was passed; 756)
Traceback (most recent call last):
  File "/home/airflow/.local/lib/python3.10/site-packages/airflow/task/task_runner/standard_task_runner.py", line 117, in _start_by_fork
    ret = args.func(args, dag=self.dag)
  File "/home/airflow/.local/lib/python3.10/site-packages/airflow/cli/cli_config.py", line 49, in command
    return func(*args, **kwargs)
  File "/home/airflow/.local/lib/python3.10/site-packages/airflow/utils/cli.py", line 116, in wrapper
    return f(*args, **kwargs)
  File "/home/airflow/.local/lib/python3.10/site-packages/airflow/cli/commands/task_command.py", line 483, in task_run
    task_return_code = _run_task_by_selected_method(args, _dag, ti)
  File "/home/airflow/.local/lib/python3.10/site-packages/airflow/cli/commands/task_command.py", line 256, in _run_task_by_selected_method
    return _run_raw_task(args, ti)
  File "/home/airflow/.local/lib/python3.10/site-packages/airflow/cli/commands/task_command.py", line 341, in _run_raw_task
    return ti._run_raw_task(
  File "/home/airflow/.local/lib/python3.10/site-packages/airflow/utils/session.py", line 97, in wrapper
    return func(*args, session=session, **kwargs)
  File "/home/airflow/.local/lib/python3.10/site-packages/airflow/models/taskinstance.py", line 3029, in _run_raw_task
    return _run_raw_task(
  File "/home/airflow/.local/lib/python3.10/site-packages/airflow/models/taskinstance.py", line 282, in _run_raw_task
    TaskInstance._execute_task_with_callbacks(
  File "/home/airflow/.local/lib/python3.10/site-packages/airflow/models/taskinstance.py", line 3184, in _execute_task_with_callbacks
    result = self._execute_task(context, task_orig)
  File "/home/airflow/.local/lib/python3.10/site-packages/airflow/models/taskinstance.py", line 3208, in _execute_task
    return _execute_task(self, context, task_orig)
  File "/home/airflow/.local/lib/python3.10/site-packages/airflow/models/taskinstance.py", line 776, in _execute_task
    result = _execute_callable(context=context, **execute_callable_kwargs)
  File "/home/airflow/.local/lib/python3.10/site-packages/airflow/models/taskinstance.py", line 742, in _execute_callable
    return ExecutionCallableRunner(
  File "/home/airflow/.local/lib/python3.10/site-packages/airflow/utils/operator_helpers.py", line 252, in run
    return self.func(*args, **kwargs)
  File "/home/airflow/.local/lib/python3.10/site-packages/airflow/models/baseoperator.py", line 424, in wrapper
    return func(self, *args, **kwargs)
  File "/home/airflow/.local/lib/python3.10/site-packages/airflow/operators/python.py", line 238, in execute
    return_value = self.execute_callable()
  File "/home/airflow/.local/lib/python3.10/site-packages/airflow/operators/python.py", line 256, in execute_callable
    return runner.run(*self.op_args, **self.op_kwargs)
  File "/home/airflow/.local/lib/python3.10/site-packages/airflow/utils/operator_helpers.py", line 252, in run
    return self.func(*args, **kwargs)
  File "/opt/airflow/scripts/structured.py", line 11, in structured_data
    df = pd.DataFrame(data, index = False)
  File "/home/airflow/.local/lib/python3.10/site-packages/pandas/core/frame.py", line 733, in __init__
    mgr = dict_to_mgr(data, index, columns, dtype=dtype, copy=copy, typ=manager)
  File "/home/airflow/.local/lib/python3.10/site-packages/pandas/core/internals/construction.py", line 503, in dict_to_mgr
    return arrays_to_mgr(arrays, columns, index, dtype=dtype, typ=typ, consolidate=copy)
  File "/home/airflow/.local/lib/python3.10/site-packages/pandas/core/internals/construction.py", line 116, in arrays_to_mgr
    index = ensure_index(index)
  File "/home/airflow/.local/lib/python3.10/site-packages/pandas/core/indexes/base.py", line 7577, in ensure_index
    return Index(index_like, copy=copy)
  File "/home/airflow/.local/lib/python3.10/site-packages/pandas/core/indexes/base.py", line 525, in __new__
    raise cls._raise_scalar_data_error(data)
  File "/home/airflow/.local/lib/python3.10/site-packages/pandas/core/indexes/base.py", line 5266, in _raise_scalar_data_error
    raise TypeError(
TypeError: Index(...) must be called with a collection of some kind, False was passed
[2025-06-06T02:23:54.808+0000] {local_task_job_runner.py:266} INFO - Task exited with return code 1
[2025-06-06T02:23:54.872+0000] {taskinstance.py:3924} INFO - 0 downstream tasks scheduled from follow-on schedule check
[2025-06-06T02:23:54.876+0000] {local_task_job_runner.py:245} INFO - ::endgroup::
