[2025-06-06T03:24:46.424+0000] {local_task_job_runner.py:123} INFO - ::group::Pre task execution logs
[2025-06-06T03:24:46.484+0000] {taskinstance.py:2631} INFO - Dependencies all met for dep_context=non-requeueable deps ti=<TaskInstance: my_dag.job3_rename_columns manual__2025-06-06T03:19:33.156339+00:00 [queued]>
[2025-06-06T03:24:46.501+0000] {taskinstance.py:2631} INFO - Dependencies all met for dep_context=requeueable deps ti=<TaskInstance: my_dag.job3_rename_columns manual__2025-06-06T03:19:33.156339+00:00 [queued]>
[2025-06-06T03:24:46.503+0000] {taskinstance.py:2884} INFO - Starting attempt 2 of 2
[2025-06-06T03:24:46.530+0000] {taskinstance.py:2907} INFO - Executing <Task(PythonOperator): job3_rename_columns> on 2025-06-06 03:19:33.156339+00:00
[2025-06-06T03:24:46.544+0000] {standard_task_runner.py:72} INFO - Started process 15496 to run task
[2025-06-06T03:24:46.550+0000] {standard_task_runner.py:104} INFO - Running: ['***', 'tasks', 'run', 'my_dag', 'job3_rename_columns', 'manual__2025-06-06T03:19:33.156339+00:00', '--job-id', '109', '--raw', '--subdir', 'DAGS_FOLDER/main.py', '--cfg-path', '/tmp/tmpdpu1f_ly']
[2025-06-06T03:24:46.553+0000] {standard_task_runner.py:105} INFO - Job 109: Subtask job3_rename_columns
[2025-06-06T03:24:46.625+0000] {logging_mixin.py:190} WARNING - /home/***/.local/lib/python3.10/site-packages/***/settings.py:209 DeprecationWarning: The sql_alchemy_conn option in [core] has been moved to the sql_alchemy_conn option in [database] - the old setting has been used, but please update your config.
[2025-06-06T03:24:46.735+0000] {task_command.py:467} INFO - Running <TaskInstance: my_dag.job3_rename_columns manual__2025-06-06T03:19:33.156339+00:00 [running]> on host ae7446f54277
[2025-06-06T03:24:46.933+0000] {taskinstance.py:3157} INFO - Exporting env vars: AIRFLOW_CTX_DAG_OWNER='***' AIRFLOW_CTX_DAG_ID='my_dag' AIRFLOW_CTX_TASK_ID='job3_rename_columns' AIRFLOW_CTX_EXECUTION_DATE='2025-06-06T03:19:33.156339+00:00' AIRFLOW_CTX_TRY_NUMBER='2' AIRFLOW_CTX_DAG_RUN_ID='manual__2025-06-06T03:19:33.156339+00:00'
[2025-06-06T03:24:46.936+0000] {logging_mixin.py:190} INFO - Task instance is in running state
[2025-06-06T03:24:46.938+0000] {logging_mixin.py:190} INFO -  Previous state of the Task instance: queued
[2025-06-06T03:24:46.939+0000] {logging_mixin.py:190} INFO - Current task name:job3_rename_columns state:running start_date:2025-06-06 03:24:46.486139+00:00
[2025-06-06T03:24:46.940+0000] {logging_mixin.py:190} INFO - Dag name:my_dag and current dag run status:running
[2025-06-06T03:24:46.941+0000] {taskinstance.py:740} INFO - ::endgroup::
[2025-06-06T03:24:47.261+0000] {python.py:240} INFO - Done. Returned value was: None
[2025-06-06T03:24:47.304+0000] {taskinstance.py:349} INFO - ::group::Post task execution logs
[2025-06-06T03:24:47.306+0000] {taskinstance.py:361} INFO - Marking task as SUCCESS. dag_id=my_dag, task_id=job3_rename_columns, run_id=manual__2025-06-06T03:19:33.156339+00:00, execution_date=20250606T031933, start_date=20250606T032446, end_date=20250606T032447
[2025-06-06T03:24:47.415+0000] {logging_mixin.py:190} INFO - Task instance in success state
[2025-06-06T03:24:47.417+0000] {logging_mixin.py:190} INFO -  Previous state of the Task instance: running
[2025-06-06T03:24:47.419+0000] {logging_mixin.py:190} INFO - Dag name:my_dag queued_at:2025-06-06 03:19:33.191019+00:00
[2025-06-06T03:24:47.420+0000] {logging_mixin.py:190} INFO - Task hostname:ae7446f54277 operator:PythonOperator
[2025-06-06T03:24:47.448+0000] {local_task_job_runner.py:266} INFO - Task exited with return code 0
[2025-06-06T03:24:47.505+0000] {local_task_job_runner.py:245} INFO - ::endgroup::
