[2025-06-11T09:15:43.304+0000] {local_task_job_runner.py:123} INFO - ::group::Pre task execution logs
[2025-06-11T09:15:43.332+0000] {taskinstance.py:2631} INFO - Dependencies all met for dep_context=non-requeueable deps ti=<TaskInstance: my_dag.save_data manual__2025-06-11T09:15:16.417761+00:00 [queued]>
[2025-06-11T09:15:43.343+0000] {taskinstance.py:2631} INFO - Dependencies all met for dep_context=requeueable deps ti=<TaskInstance: my_dag.save_data manual__2025-06-11T09:15:16.417761+00:00 [queued]>
[2025-06-11T09:15:43.345+0000] {taskinstance.py:2884} INFO - Starting attempt 1 of 2
[2025-06-11T09:15:43.371+0000] {taskinstance.py:2907} INFO - Executing <Task(PythonOperator): save_data> on 2025-06-11 09:15:16.417761+00:00
[2025-06-11T09:15:43.387+0000] {standard_task_runner.py:72} INFO - Started process 104 to run task
[2025-06-11T09:15:43.401+0000] {standard_task_runner.py:104} INFO - Running: ['airflow', 'tasks', 'run', 'my_dag', 'save_data', 'manual__2025-06-11T09:15:16.417761+00:00', '--job-id', '31', '--raw', '--subdir', 'DAGS_FOLDER/dag.py', '--cfg-path', '/tmp/tmpqbtv6pfg']
[2025-06-11T09:15:43.415+0000] {standard_task_runner.py:105} INFO - Job 31: Subtask save_data
[2025-06-11T09:15:43.513+0000] {task_command.py:467} INFO - Running <TaskInstance: my_dag.save_data manual__2025-06-11T09:15:16.417761+00:00 [running]> on host 075782e48128
[2025-06-11T09:15:43.617+0000] {taskinstance.py:3157} INFO - Exporting env vars: AIRFLOW_CTX_DAG_OWNER='airflow' AIRFLOW_CTX_DAG_ID='my_dag' AIRFLOW_CTX_TASK_ID='save_data' AIRFLOW_CTX_EXECUTION_DATE='2025-06-11T09:15:16.417761+00:00' AIRFLOW_CTX_TRY_NUMBER='1' AIRFLOW_CTX_DAG_RUN_ID='manual__2025-06-11T09:15:16.417761+00:00'
[2025-06-11T09:15:43.621+0000] {taskinstance.py:740} INFO - ::endgroup::
[2025-06-11T09:15:43.647+0000] {logging_mixin.py:190} INFO - Reading coutries data from /opt/airflow/trusted/cleaned_data.csv
[2025-06-11T09:15:44.403+0000] {logging_mixin.py:190} INFO - Data successfully written to countries table in MySQL database.
[2025-06-11T09:15:44.404+0000] {logging_mixin.py:190} INFO - Reading country currency data from /opt/airflow/foundation/structured_data.csv
[2025-06-11T09:15:44.878+0000] {logging_mixin.py:190} INFO - Data successfully written to country_currency table in MySQL database.
[2025-06-11T09:15:44.879+0000] {logging_mixin.py:190} INFO - Reading currency data from /opt/airflow/trusted/currencies.csv
[2025-06-11T09:15:44.972+0000] {logging_mixin.py:190} INFO - Data successfully written to currencies table in MySQL database.
[2025-06-11T09:15:44.973+0000] {python.py:240} INFO - Done. Returned value was: None
[2025-06-11T09:15:44.980+0000] {taskinstance.py:349} INFO - ::group::Post task execution logs
[2025-06-11T09:15:44.982+0000] {taskinstance.py:361} INFO - Marking task as SUCCESS. dag_id=my_dag, task_id=save_data, run_id=manual__2025-06-11T09:15:16.417761+00:00, execution_date=20250611T091516, start_date=20250611T091543, end_date=20250611T091544
[2025-06-11T09:15:45.030+0000] {local_task_job_runner.py:266} INFO - Task exited with return code 0
[2025-06-11T09:15:45.044+0000] {taskinstance.py:3924} INFO - 0 downstream tasks scheduled from follow-on schedule check
[2025-06-11T09:15:45.046+0000] {local_task_job_runner.py:245} INFO - ::endgroup::
