[2025-06-05T04:58:18.818+0000] {processor.py:186} INFO - Started process (PID=99529) to work on /home/airflow/.local/lib/python3.10/site-packages/airflow/example_dags/plugins/workday.py
[2025-06-05T04:58:18.820+0000] {processor.py:914} INFO - Processing file /home/airflow/.local/lib/python3.10/site-packages/airflow/example_dags/plugins/workday.py for tasks to queue
[2025-06-05T04:58:18.824+0000] {logging_mixin.py:190} INFO - [2025-06-05T04:58:18.823+0000] {dagbag.py:588} INFO - Filling up the DagBag from /home/airflow/.local/lib/python3.10/site-packages/airflow/example_dags/plugins/workday.py
[2025-06-05T04:58:18.831+0000] {processor.py:927} WARNING - No viable dags retrieved from /home/airflow/.local/lib/python3.10/site-packages/airflow/example_dags/plugins/workday.py
[2025-06-05T04:58:18.933+0000] {processor.py:208} INFO - Processing /home/airflow/.local/lib/python3.10/site-packages/airflow/example_dags/plugins/workday.py took 0.131 seconds
[2025-06-05T04:58:49.617+0000] {processor.py:186} INFO - Started process (PID=99819) to work on /home/airflow/.local/lib/python3.10/site-packages/airflow/example_dags/plugins/workday.py
[2025-06-05T04:58:49.620+0000] {processor.py:914} INFO - Processing file /home/airflow/.local/lib/python3.10/site-packages/airflow/example_dags/plugins/workday.py for tasks to queue
[2025-06-05T04:58:49.624+0000] {logging_mixin.py:190} INFO - [2025-06-05T04:58:49.623+0000] {dagbag.py:588} INFO - Filling up the DagBag from /home/airflow/.local/lib/python3.10/site-packages/airflow/example_dags/plugins/workday.py
[2025-06-05T04:58:49.633+0000] {processor.py:927} WARNING - No viable dags retrieved from /home/airflow/.local/lib/python3.10/site-packages/airflow/example_dags/plugins/workday.py
[2025-06-05T04:58:49.730+0000] {processor.py:208} INFO - Processing /home/airflow/.local/lib/python3.10/site-packages/airflow/example_dags/plugins/workday.py took 0.133 seconds
[2025-06-05T04:59:20.295+0000] {processor.py:186} INFO - Started process (PID=410) to work on /home/airflow/.local/lib/python3.10/site-packages/airflow/example_dags/plugins/workday.py
[2025-06-05T04:59:20.297+0000] {processor.py:914} INFO - Processing file /home/airflow/.local/lib/python3.10/site-packages/airflow/example_dags/plugins/workday.py for tasks to queue
[2025-06-05T04:59:20.300+0000] {logging_mixin.py:190} INFO - [2025-06-05T04:59:20.299+0000] {dagbag.py:588} INFO - Filling up the DagBag from /home/airflow/.local/lib/python3.10/site-packages/airflow/example_dags/plugins/workday.py
[2025-06-05T04:59:20.304+0000] {processor.py:927} WARNING - No viable dags retrieved from /home/airflow/.local/lib/python3.10/site-packages/airflow/example_dags/plugins/workday.py
[2025-06-05T04:59:20.369+0000] {processor.py:208} INFO - Processing /home/airflow/.local/lib/python3.10/site-packages/airflow/example_dags/plugins/workday.py took 0.085 seconds
[2025-06-05T04:59:52.345+0000] {processor.py:186} INFO - Started process (PID=703) to work on /home/airflow/.local/lib/python3.10/site-packages/airflow/example_dags/plugins/workday.py
[2025-06-05T04:59:52.349+0000] {processor.py:914} INFO - Processing file /home/airflow/.local/lib/python3.10/site-packages/airflow/example_dags/plugins/workday.py for tasks to queue
[2025-06-05T04:59:52.355+0000] {logging_mixin.py:190} INFO - [2025-06-05T04:59:52.354+0000] {dagbag.py:588} INFO - Filling up the DagBag from /home/airflow/.local/lib/python3.10/site-packages/airflow/example_dags/plugins/workday.py
[2025-06-05T04:59:52.363+0000] {processor.py:927} WARNING - No viable dags retrieved from /home/airflow/.local/lib/python3.10/site-packages/airflow/example_dags/plugins/workday.py
[2025-06-05T04:59:52.483+0000] {processor.py:208} INFO - Processing /home/airflow/.local/lib/python3.10/site-packages/airflow/example_dags/plugins/workday.py took 0.164 seconds
[2025-06-05T05:00:23.532+0000] {processor.py:186} INFO - Started process (PID=993) to work on /home/airflow/.local/lib/python3.10/site-packages/airflow/example_dags/plugins/workday.py
[2025-06-05T05:00:23.534+0000] {processor.py:914} INFO - Processing file /home/airflow/.local/lib/python3.10/site-packages/airflow/example_dags/plugins/workday.py for tasks to queue
[2025-06-05T05:00:23.536+0000] {logging_mixin.py:190} INFO - [2025-06-05T05:00:23.536+0000] {dagbag.py:588} INFO - Filling up the DagBag from /home/airflow/.local/lib/python3.10/site-packages/airflow/example_dags/plugins/workday.py
[2025-06-05T05:00:23.542+0000] {processor.py:927} WARNING - No viable dags retrieved from /home/airflow/.local/lib/python3.10/site-packages/airflow/example_dags/plugins/workday.py
[2025-06-05T05:00:23.639+0000] {processor.py:208} INFO - Processing /home/airflow/.local/lib/python3.10/site-packages/airflow/example_dags/plugins/workday.py took 0.119 seconds
[2025-06-05T05:00:55.190+0000] {processor.py:186} INFO - Started process (PID=1293) to work on /home/airflow/.local/lib/python3.10/site-packages/airflow/example_dags/plugins/workday.py
[2025-06-05T05:00:55.195+0000] {processor.py:914} INFO - Processing file /home/airflow/.local/lib/python3.10/site-packages/airflow/example_dags/plugins/workday.py for tasks to queue
[2025-06-05T05:00:55.199+0000] {logging_mixin.py:190} INFO - [2025-06-05T05:00:55.199+0000] {dagbag.py:588} INFO - Filling up the DagBag from /home/airflow/.local/lib/python3.10/site-packages/airflow/example_dags/plugins/workday.py
[2025-06-05T05:00:55.208+0000] {processor.py:927} WARNING - No viable dags retrieved from /home/airflow/.local/lib/python3.10/site-packages/airflow/example_dags/plugins/workday.py
[2025-06-05T05:00:55.312+0000] {processor.py:208} INFO - Processing /home/airflow/.local/lib/python3.10/site-packages/airflow/example_dags/plugins/workday.py took 0.147 seconds
[2025-06-05T05:01:27.274+0000] {processor.py:186} INFO - Started process (PID=1598) to work on /home/airflow/.local/lib/python3.10/site-packages/airflow/example_dags/plugins/workday.py
[2025-06-05T05:01:27.277+0000] {processor.py:914} INFO - Processing file /home/airflow/.local/lib/python3.10/site-packages/airflow/example_dags/plugins/workday.py for tasks to queue
[2025-06-05T05:01:27.280+0000] {logging_mixin.py:190} INFO - [2025-06-05T05:01:27.279+0000] {dagbag.py:588} INFO - Filling up the DagBag from /home/airflow/.local/lib/python3.10/site-packages/airflow/example_dags/plugins/workday.py
[2025-06-05T05:01:27.286+0000] {processor.py:927} WARNING - No viable dags retrieved from /home/airflow/.local/lib/python3.10/site-packages/airflow/example_dags/plugins/workday.py
[2025-06-05T05:01:27.399+0000] {processor.py:208} INFO - Processing /home/airflow/.local/lib/python3.10/site-packages/airflow/example_dags/plugins/workday.py took 0.137 seconds
[2025-06-05T05:02:11.583+0000] {processor.py:186} INFO - Started process (PID=2138) to work on /home/airflow/.local/lib/python3.10/site-packages/airflow/example_dags/plugins/workday.py
[2025-06-05T05:02:11.586+0000] {processor.py:914} INFO - Processing file /home/airflow/.local/lib/python3.10/site-packages/airflow/example_dags/plugins/workday.py for tasks to queue
[2025-06-05T05:02:11.589+0000] {logging_mixin.py:190} INFO - [2025-06-05T05:02:11.588+0000] {dagbag.py:588} INFO - Filling up the DagBag from /home/airflow/.local/lib/python3.10/site-packages/airflow/example_dags/plugins/workday.py
[2025-06-05T05:02:11.595+0000] {processor.py:927} WARNING - No viable dags retrieved from /home/airflow/.local/lib/python3.10/site-packages/airflow/example_dags/plugins/workday.py
[2025-06-05T05:02:11.679+0000] {processor.py:208} INFO - Processing /home/airflow/.local/lib/python3.10/site-packages/airflow/example_dags/plugins/workday.py took 0.110 seconds
[2025-06-05T05:02:43.800+0000] {processor.py:186} INFO - Started process (PID=2430) to work on /home/airflow/.local/lib/python3.10/site-packages/airflow/example_dags/plugins/workday.py
[2025-06-05T05:02:43.803+0000] {processor.py:914} INFO - Processing file /home/airflow/.local/lib/python3.10/site-packages/airflow/example_dags/plugins/workday.py for tasks to queue
[2025-06-05T05:02:43.806+0000] {logging_mixin.py:190} INFO - [2025-06-05T05:02:43.805+0000] {dagbag.py:588} INFO - Filling up the DagBag from /home/airflow/.local/lib/python3.10/site-packages/airflow/example_dags/plugins/workday.py
[2025-06-05T05:02:43.813+0000] {processor.py:927} WARNING - No viable dags retrieved from /home/airflow/.local/lib/python3.10/site-packages/airflow/example_dags/plugins/workday.py
[2025-06-05T05:02:43.914+0000] {processor.py:208} INFO - Processing /home/airflow/.local/lib/python3.10/site-packages/airflow/example_dags/plugins/workday.py took 0.130 seconds
[2025-06-05T05:03:15.311+0000] {processor.py:186} INFO - Started process (PID=2718) to work on /home/airflow/.local/lib/python3.10/site-packages/airflow/example_dags/plugins/workday.py
[2025-06-05T05:03:15.314+0000] {processor.py:914} INFO - Processing file /home/airflow/.local/lib/python3.10/site-packages/airflow/example_dags/plugins/workday.py for tasks to queue
[2025-06-05T05:03:15.317+0000] {logging_mixin.py:190} INFO - [2025-06-05T05:03:15.316+0000] {dagbag.py:588} INFO - Filling up the DagBag from /home/airflow/.local/lib/python3.10/site-packages/airflow/example_dags/plugins/workday.py
[2025-06-05T05:03:15.322+0000] {processor.py:927} WARNING - No viable dags retrieved from /home/airflow/.local/lib/python3.10/site-packages/airflow/example_dags/plugins/workday.py
[2025-06-05T05:03:15.403+0000] {processor.py:208} INFO - Processing /home/airflow/.local/lib/python3.10/site-packages/airflow/example_dags/plugins/workday.py took 0.104 seconds
[2025-06-05T05:03:46.247+0000] {processor.py:186} INFO - Started process (PID=3008) to work on /home/airflow/.local/lib/python3.10/site-packages/airflow/example_dags/plugins/workday.py
[2025-06-05T05:03:46.249+0000] {processor.py:914} INFO - Processing file /home/airflow/.local/lib/python3.10/site-packages/airflow/example_dags/plugins/workday.py for tasks to queue
[2025-06-05T05:03:46.253+0000] {logging_mixin.py:190} INFO - [2025-06-05T05:03:46.252+0000] {dagbag.py:588} INFO - Filling up the DagBag from /home/airflow/.local/lib/python3.10/site-packages/airflow/example_dags/plugins/workday.py
[2025-06-05T05:03:46.257+0000] {processor.py:927} WARNING - No viable dags retrieved from /home/airflow/.local/lib/python3.10/site-packages/airflow/example_dags/plugins/workday.py
[2025-06-05T05:03:46.330+0000] {processor.py:208} INFO - Processing /home/airflow/.local/lib/python3.10/site-packages/airflow/example_dags/plugins/workday.py took 0.097 seconds
[2025-06-05T05:04:17.578+0000] {processor.py:186} INFO - Started process (PID=3300) to work on /home/airflow/.local/lib/python3.10/site-packages/airflow/example_dags/plugins/workday.py
[2025-06-05T05:04:17.581+0000] {processor.py:914} INFO - Processing file /home/airflow/.local/lib/python3.10/site-packages/airflow/example_dags/plugins/workday.py for tasks to queue
[2025-06-05T05:04:17.583+0000] {logging_mixin.py:190} INFO - [2025-06-05T05:04:17.583+0000] {dagbag.py:588} INFO - Filling up the DagBag from /home/airflow/.local/lib/python3.10/site-packages/airflow/example_dags/plugins/workday.py
[2025-06-05T05:04:17.589+0000] {processor.py:927} WARNING - No viable dags retrieved from /home/airflow/.local/lib/python3.10/site-packages/airflow/example_dags/plugins/workday.py
[2025-06-05T05:04:17.684+0000] {processor.py:208} INFO - Processing /home/airflow/.local/lib/python3.10/site-packages/airflow/example_dags/plugins/workday.py took 0.118 seconds
[2025-06-05T05:04:48.356+0000] {processor.py:186} INFO - Started process (PID=3588) to work on /home/airflow/.local/lib/python3.10/site-packages/airflow/example_dags/plugins/workday.py
[2025-06-05T05:04:48.358+0000] {processor.py:914} INFO - Processing file /home/airflow/.local/lib/python3.10/site-packages/airflow/example_dags/plugins/workday.py for tasks to queue
[2025-06-05T05:04:48.362+0000] {logging_mixin.py:190} INFO - [2025-06-05T05:04:48.361+0000] {dagbag.py:588} INFO - Filling up the DagBag from /home/airflow/.local/lib/python3.10/site-packages/airflow/example_dags/plugins/workday.py
[2025-06-05T05:04:48.367+0000] {processor.py:927} WARNING - No viable dags retrieved from /home/airflow/.local/lib/python3.10/site-packages/airflow/example_dags/plugins/workday.py
[2025-06-05T05:04:48.446+0000] {processor.py:208} INFO - Processing /home/airflow/.local/lib/python3.10/site-packages/airflow/example_dags/plugins/workday.py took 0.100 seconds
