[2025-06-06T04:09:10.588+0000] {local_task_job_runner.py:123} INFO - ::group::Pre task execution logs
[2025-06-06T04:09:10.653+0000] {taskinstance.py:2631} INFO - Dependencies all met for dep_context=non-requeueable deps ti=<TaskInstance: my_dag.job4_save_df manual__2025-06-06T04:08:48.296516+00:00 [queued]>
[2025-06-06T04:09:10.672+0000] {taskinstance.py:2631} INFO - Dependencies all met for dep_context=requeueable deps ti=<TaskInstance: my_dag.job4_save_df manual__2025-06-06T04:08:48.296516+00:00 [queued]>
[2025-06-06T04:09:10.674+0000] {taskinstance.py:2884} INFO - Starting attempt 1 of 2
[2025-06-06T04:09:10.704+0000] {taskinstance.py:2907} INFO - Executing <Task(PythonOperator): job4_save_df> on 2025-06-06 04:08:48.296516+00:00
[2025-06-06T04:09:10.721+0000] {standard_task_runner.py:72} INFO - Started process 30929 to run task
[2025-06-06T04:09:10.730+0000] {standard_task_runner.py:104} INFO - Running: ['***', 'tasks', 'run', 'my_dag', 'job4_save_df', 'manual__2025-06-06T04:08:48.296516+00:00', '--job-id', '130', '--raw', '--subdir', 'DAGS_FOLDER/main.py', '--cfg-path', '/tmp/tmp5ueos_bm']
[2025-06-06T04:09:10.732+0000] {standard_task_runner.py:105} INFO - Job 130: Subtask job4_save_df
[2025-06-06T04:09:10.825+0000] {logging_mixin.py:190} WARNING - /home/***/.local/lib/python3.10/site-packages/***/settings.py:209 DeprecationWarning: The sql_alchemy_conn option in [core] has been moved to the sql_alchemy_conn option in [database] - the old setting has been used, but please update your config.
[2025-06-06T04:09:10.960+0000] {task_command.py:467} INFO - Running <TaskInstance: my_dag.job4_save_df manual__2025-06-06T04:08:48.296516+00:00 [running]> on host ae7446f54277
[2025-06-06T04:09:11.180+0000] {taskinstance.py:3157} INFO - Exporting env vars: AIRFLOW_CTX_DAG_OWNER='***' AIRFLOW_CTX_DAG_ID='my_dag' AIRFLOW_CTX_TASK_ID='job4_save_df' AIRFLOW_CTX_EXECUTION_DATE='2025-06-06T04:08:48.296516+00:00' AIRFLOW_CTX_TRY_NUMBER='1' AIRFLOW_CTX_DAG_RUN_ID='manual__2025-06-06T04:08:48.296516+00:00'
[2025-06-06T04:09:11.183+0000] {logging_mixin.py:190} INFO - Task instance is in running state
[2025-06-06T04:09:11.185+0000] {logging_mixin.py:190} INFO -  Previous state of the Task instance: queued
[2025-06-06T04:09:11.186+0000] {logging_mixin.py:190} INFO - Current task name:job4_save_df state:running start_date:2025-06-06 04:09:10.655947+00:00
[2025-06-06T04:09:11.187+0000] {logging_mixin.py:190} INFO - Dag name:my_dag and current dag run status:running
[2025-06-06T04:09:11.189+0000] {taskinstance.py:740} INFO - ::endgroup::
[2025-06-06T04:09:11.191+0000] {logging_mixin.py:190} INFO - Reading /opt/***/trusted/countries.csv...
[2025-06-06T04:09:11.698+0000] {logging_mixin.py:190} INFO - Successfully saved DataFrame to table 'countries'.
[2025-06-06T04:09:11.700+0000] {logging_mixin.py:190} INFO - Reading /opt/***/trusted/country_currency.csv...
[2025-06-06T04:09:12.196+0000] {logging_mixin.py:190} INFO - Successfully saved DataFrame to table 'country_currency'.
[2025-06-06T04:09:12.198+0000] {python.py:240} INFO - Done. Returned value was: None
[2025-06-06T04:09:12.245+0000] {taskinstance.py:349} INFO - ::group::Post task execution logs
[2025-06-06T04:09:12.247+0000] {taskinstance.py:361} INFO - Marking task as SUCCESS. dag_id=my_dag, task_id=job4_save_df, run_id=manual__2025-06-06T04:08:48.296516+00:00, execution_date=20250606T040848, start_date=20250606T040910, end_date=20250606T040912
[2025-06-06T04:09:12.373+0000] {logging_mixin.py:190} INFO - Task instance in success state
[2025-06-06T04:09:12.375+0000] {logging_mixin.py:190} INFO -  Previous state of the Task instance: running
[2025-06-06T04:09:12.376+0000] {logging_mixin.py:190} INFO - Dag name:my_dag queued_at:2025-06-06 04:08:48.325249+00:00
[2025-06-06T04:09:12.378+0000] {logging_mixin.py:190} INFO - Task hostname:ae7446f54277 operator:PythonOperator
[2025-06-06T04:09:12.431+0000] {local_task_job_runner.py:266} INFO - Task exited with return code 0
[2025-06-06T04:09:12.486+0000] {taskinstance.py:3924} INFO - 0 downstream tasks scheduled from follow-on schedule check
[2025-06-06T04:09:12.491+0000] {local_task_job_runner.py:245} INFO - ::endgroup::
