[2025-06-06T04:22:20.853+0000] {local_task_job_runner.py:123} INFO - ::group::Pre task execution logs
[2025-06-06T04:22:20.913+0000] {taskinstance.py:2631} INFO - Dependencies all met for dep_context=non-requeueable deps ti=<TaskInstance: my_dag.job2_structured_data manual__2025-06-06T04:22:06.917232+00:00 [queued]>
[2025-06-06T04:22:20.931+0000] {taskinstance.py:2631} INFO - Dependencies all met for dep_context=requeueable deps ti=<TaskInstance: my_dag.job2_structured_data manual__2025-06-06T04:22:06.917232+00:00 [queued]>
[2025-06-06T04:22:20.933+0000] {taskinstance.py:2884} INFO - Starting attempt 1 of 2
[2025-06-06T04:22:20.966+0000] {taskinstance.py:2907} INFO - Executing <Task(PythonOperator): job2_structured_data> on 2025-06-06 04:22:06.917232+00:00
[2025-06-06T04:22:20.979+0000] {standard_task_runner.py:72} INFO - Started process 38386 to run task
[2025-06-06T04:22:20.988+0000] {standard_task_runner.py:104} INFO - Running: ['***', 'tasks', 'run', 'my_dag', 'job2_structured_data', 'manual__2025-06-06T04:22:06.917232+00:00', '--job-id', '134', '--raw', '--subdir', 'DAGS_FOLDER/main.py', '--cfg-path', '/tmp/tmpmyjhczxb']
[2025-06-06T04:22:20.991+0000] {standard_task_runner.py:105} INFO - Job 134: Subtask job2_structured_data
[2025-06-06T04:22:21.076+0000] {logging_mixin.py:190} WARNING - /home/***/.local/lib/python3.10/site-packages/***/settings.py:209 DeprecationWarning: The sql_alchemy_conn option in [core] has been moved to the sql_alchemy_conn option in [database] - the old setting has been used, but please update your config.
[2025-06-06T04:22:21.200+0000] {task_command.py:467} INFO - Running <TaskInstance: my_dag.job2_structured_data manual__2025-06-06T04:22:06.917232+00:00 [running]> on host ae7446f54277
[2025-06-06T04:22:21.425+0000] {taskinstance.py:3157} INFO - Exporting env vars: AIRFLOW_CTX_DAG_OWNER='***' AIRFLOW_CTX_DAG_ID='my_dag' AIRFLOW_CTX_TASK_ID='job2_structured_data' AIRFLOW_CTX_EXECUTION_DATE='2025-06-06T04:22:06.917232+00:00' AIRFLOW_CTX_TRY_NUMBER='1' AIRFLOW_CTX_DAG_RUN_ID='manual__2025-06-06T04:22:06.917232+00:00'
[2025-06-06T04:22:21.429+0000] {logging_mixin.py:190} INFO - Task instance is in running state
[2025-06-06T04:22:21.431+0000] {logging_mixin.py:190} INFO -  Previous state of the Task instance: queued
[2025-06-06T04:22:21.432+0000] {logging_mixin.py:190} INFO - Current task name:job2_structured_data state:running start_date:2025-06-06 04:22:20.916119+00:00
[2025-06-06T04:22:21.434+0000] {logging_mixin.py:190} INFO - Dag name:my_dag and current dag run status:running
[2025-06-06T04:22:21.436+0000] {taskinstance.py:740} INFO - ::endgroup::
[2025-06-06T04:22:21.608+0000] {logging_mixin.py:190} INFO -                                                 name  ...                                  postalCode
0  {'common': 'Togo', 'official': 'Togolese Repub...  ...             {'format': None, 'regex': None}
1  {'common': 'Georgia', 'official': 'Georgia', '...  ...    {'format': '####', 'regex': '^(\d{4})$'}
2  {'common': 'Vanuatu', 'official': 'Republic of...  ...             {'format': None, 'regex': None}
3  {'common': 'Kyrgyzstan', 'official': 'Kyrgyz R...  ...  {'format': '######', 'regex': '^(\d{6})$'}
4  {'common': 'Niger', 'official': 'Republic of N...  ...    {'format': '####', 'regex': '^(\d{4})$'}

[5 rows x 35 columns]
[2025-06-06T04:22:21.685+0000] {python.py:240} INFO - Done. Returned value was: Data written to /opt/***/foundation/restcountries.csv
[2025-06-06T04:22:21.789+0000] {taskinstance.py:349} INFO - ::group::Post task execution logs
[2025-06-06T04:22:21.792+0000] {taskinstance.py:361} INFO - Marking task as SUCCESS. dag_id=my_dag, task_id=job2_structured_data, run_id=manual__2025-06-06T04:22:06.917232+00:00, execution_date=20250606T042206, start_date=20250606T042220, end_date=20250606T042221
[2025-06-06T04:22:21.915+0000] {logging_mixin.py:190} INFO - Task instance in success state
[2025-06-06T04:22:21.917+0000] {logging_mixin.py:190} INFO -  Previous state of the Task instance: running
[2025-06-06T04:22:21.918+0000] {logging_mixin.py:190} INFO - Dag name:my_dag queued_at:2025-06-06 04:22:07.072543+00:00
[2025-06-06T04:22:21.920+0000] {logging_mixin.py:190} INFO - Task hostname:ae7446f54277 operator:PythonOperator
[2025-06-06T04:22:21.966+0000] {local_task_job_runner.py:266} INFO - Task exited with return code 0
[2025-06-06T04:22:22.015+0000] {local_task_job_runner.py:245} INFO - ::endgroup::
