[2025-06-04T08:55:12.728+0000] {local_task_job_runner.py:123} INFO - ::group::Pre task execution logs
[2025-06-04T08:55:12.788+0000] {taskinstance.py:2631} INFO - Dependencies all met for dep_context=non-requeueable deps ti=<TaskInstance: my_dag.job3_rename_columns manual__2025-06-04T08:49:59.822004+00:00 [queued]>
[2025-06-04T08:55:12.805+0000] {taskinstance.py:2631} INFO - Dependencies all met for dep_context=requeueable deps ti=<TaskInstance: my_dag.job3_rename_columns manual__2025-06-04T08:49:59.822004+00:00 [queued]>
[2025-06-04T08:55:12.807+0000] {taskinstance.py:2884} INFO - Starting attempt 1 of 2
[2025-06-04T08:55:12.834+0000] {taskinstance.py:2907} INFO - Executing <Task(PythonOperator): job3_rename_columns> on 2025-06-04 08:49:59.822004+00:00
[2025-06-04T08:55:12.846+0000] {standard_task_runner.py:72} INFO - Started process 29165 to run task
[2025-06-04T08:55:12.851+0000] {standard_task_runner.py:104} INFO - Running: ['***', 'tasks', 'run', 'my_dag', 'job3_rename_columns', 'manual__2025-06-04T08:49:59.822004+00:00', '--job-id', '18', '--raw', '--subdir', 'DAGS_FOLDER/main.py', '--cfg-path', '/tmp/tmp8m6lg25u']
[2025-06-04T08:55:12.853+0000] {standard_task_runner.py:105} INFO - Job 18: Subtask job3_rename_columns
[2025-06-04T08:55:12.918+0000] {logging_mixin.py:190} WARNING - /home/***/.local/lib/python3.10/site-packages/***/settings.py:209 DeprecationWarning: The sql_alchemy_conn option in [core] has been moved to the sql_alchemy_conn option in [database] - the old setting has been used, but please update your config.
[2025-06-04T08:55:13.025+0000] {task_command.py:467} INFO - Running <TaskInstance: my_dag.job3_rename_columns manual__2025-06-04T08:49:59.822004+00:00 [running]> on host 44675f35d09b
[2025-06-04T08:55:13.221+0000] {taskinstance.py:3157} INFO - Exporting env vars: AIRFLOW_CTX_DAG_OWNER='***' AIRFLOW_CTX_DAG_ID='my_dag' AIRFLOW_CTX_TASK_ID='job3_rename_columns' AIRFLOW_CTX_EXECUTION_DATE='2025-06-04T08:49:59.822004+00:00' AIRFLOW_CTX_TRY_NUMBER='1' AIRFLOW_CTX_DAG_RUN_ID='manual__2025-06-04T08:49:59.822004+00:00'
[2025-06-04T08:55:13.224+0000] {logging_mixin.py:190} INFO - Task instance is in running state
[2025-06-04T08:55:13.226+0000] {logging_mixin.py:190} INFO -  Previous state of the Task instance: queued
[2025-06-04T08:55:13.227+0000] {logging_mixin.py:190} INFO - Current task name:job3_rename_columns state:running start_date:2025-06-04 08:55:12.791010+00:00
[2025-06-04T08:55:13.228+0000] {logging_mixin.py:190} INFO - Dag name:my_dag and current dag run status:running
[2025-06-04T08:55:13.229+0000] {taskinstance.py:740} INFO - ::endgroup::
[2025-06-04T08:55:13.231+0000] {taskinstance.py:3336} ERROR - Task failed with exception
Traceback (most recent call last):
  File "/home/airflow/.local/lib/python3.10/site-packages/airflow/models/taskinstance.py", line 776, in _execute_task
    result = _execute_callable(context=context, **execute_callable_kwargs)
  File "/home/airflow/.local/lib/python3.10/site-packages/airflow/models/taskinstance.py", line 742, in _execute_callable
    return ExecutionCallableRunner(
  File "/home/airflow/.local/lib/python3.10/site-packages/airflow/utils/operator_helpers.py", line 252, in run
    return self.func(*args, **kwargs)
  File "/home/airflow/.local/lib/python3.10/site-packages/airflow/models/baseoperator.py", line 424, in wrapper
    return func(self, *args, **kwargs)
  File "/home/airflow/.local/lib/python3.10/site-packages/airflow/operators/python.py", line 238, in execute
    return_value = self.execute_callable()
  File "/home/airflow/.local/lib/python3.10/site-packages/airflow/operators/python.py", line 256, in execute_callable
    return runner.run(*self.op_args, **self.op_kwargs)
  File "/home/airflow/.local/lib/python3.10/site-packages/airflow/utils/operator_helpers.py", line 252, in run
    return self.func(*args, **kwargs)
TypeError: rename_columns() missing 1 required positional argument: 'path'
[2025-06-04T08:55:13.277+0000] {logging_mixin.py:190} INFO - Task instance in failure state
[2025-06-04T08:55:13.279+0000] {logging_mixin.py:190} INFO - Task start:2025-06-04 08:55:12.791010+00:00 end:2025-06-04 08:55:13.276615+00:00 duration:0.485605
[2025-06-04T08:55:13.280+0000] {logging_mixin.py:190} INFO - Task:<Task(PythonOperator): job3_rename_columns> dag:<DAG: my_dag> dagrun:<DagRun my_dag @ 2025-06-04 08:49:59.822004+00:00: manual__2025-06-04T08:49:59.822004+00:00, state:running, queued_at: 2025-06-04 08:49:59.842879+00:00. externally triggered: True>
[2025-06-04T08:55:13.281+0000] {logging_mixin.py:190} INFO - Failure caused by rename_columns() missing 1 required positional argument: 'path'
[2025-06-04T08:55:13.283+0000] {taskinstance.py:1242} INFO - Marking task as UP_FOR_RETRY. dag_id=my_dag, task_id=job3_rename_columns, run_id=manual__2025-06-04T08:49:59.822004+00:00, execution_date=20250604T084959, start_date=20250604T085512, end_date=20250604T085513
[2025-06-04T08:55:13.395+0000] {taskinstance.py:349} INFO - ::group::Post task execution logs
[2025-06-04T08:55:13.396+0000] {standard_task_runner.py:124} ERROR - Failed to execute job 18 for task job3_rename_columns (rename_columns() missing 1 required positional argument: 'path'; 29165)
Traceback (most recent call last):
  File "/home/airflow/.local/lib/python3.10/site-packages/airflow/task/task_runner/standard_task_runner.py", line 117, in _start_by_fork
    ret = args.func(args, dag=self.dag)
  File "/home/airflow/.local/lib/python3.10/site-packages/airflow/cli/cli_config.py", line 49, in command
    return func(*args, **kwargs)
  File "/home/airflow/.local/lib/python3.10/site-packages/airflow/utils/cli.py", line 116, in wrapper
    return f(*args, **kwargs)
  File "/home/airflow/.local/lib/python3.10/site-packages/airflow/cli/commands/task_command.py", line 483, in task_run
    task_return_code = _run_task_by_selected_method(args, _dag, ti)
  File "/home/airflow/.local/lib/python3.10/site-packages/airflow/cli/commands/task_command.py", line 256, in _run_task_by_selected_method
    return _run_raw_task(args, ti)
  File "/home/airflow/.local/lib/python3.10/site-packages/airflow/cli/commands/task_command.py", line 341, in _run_raw_task
    return ti._run_raw_task(
  File "/home/airflow/.local/lib/python3.10/site-packages/airflow/utils/session.py", line 97, in wrapper
    return func(*args, session=session, **kwargs)
  File "/home/airflow/.local/lib/python3.10/site-packages/airflow/models/taskinstance.py", line 3029, in _run_raw_task
    return _run_raw_task(
  File "/home/airflow/.local/lib/python3.10/site-packages/airflow/models/taskinstance.py", line 282, in _run_raw_task
    TaskInstance._execute_task_with_callbacks(
  File "/home/airflow/.local/lib/python3.10/site-packages/airflow/models/taskinstance.py", line 3184, in _execute_task_with_callbacks
    result = self._execute_task(context, task_orig)
  File "/home/airflow/.local/lib/python3.10/site-packages/airflow/models/taskinstance.py", line 3208, in _execute_task
    return _execute_task(self, context, task_orig)
  File "/home/airflow/.local/lib/python3.10/site-packages/airflow/models/taskinstance.py", line 776, in _execute_task
    result = _execute_callable(context=context, **execute_callable_kwargs)
  File "/home/airflow/.local/lib/python3.10/site-packages/airflow/models/taskinstance.py", line 742, in _execute_callable
    return ExecutionCallableRunner(
  File "/home/airflow/.local/lib/python3.10/site-packages/airflow/utils/operator_helpers.py", line 252, in run
    return self.func(*args, **kwargs)
  File "/home/airflow/.local/lib/python3.10/site-packages/airflow/models/baseoperator.py", line 424, in wrapper
    return func(self, *args, **kwargs)
  File "/home/airflow/.local/lib/python3.10/site-packages/airflow/operators/python.py", line 238, in execute
    return_value = self.execute_callable()
  File "/home/airflow/.local/lib/python3.10/site-packages/airflow/operators/python.py", line 256, in execute_callable
    return runner.run(*self.op_args, **self.op_kwargs)
  File "/home/airflow/.local/lib/python3.10/site-packages/airflow/utils/operator_helpers.py", line 252, in run
    return self.func(*args, **kwargs)
TypeError: rename_columns() missing 1 required positional argument: 'path'
[2025-06-04T08:55:13.426+0000] {local_task_job_runner.py:266} INFO - Task exited with return code 1
[2025-06-04T08:55:13.485+0000] {taskinstance.py:3924} INFO - 0 downstream tasks scheduled from follow-on schedule check
[2025-06-04T08:55:13.489+0000] {local_task_job_runner.py:245} INFO - ::endgroup::
