[2025-06-04T10:08:59.519+0000] {local_task_job_runner.py:123} INFO - ::group::Pre task execution logs
[2025-06-04T10:08:59.756+0000] {taskinstance.py:2631} INFO - Dependencies all met for dep_context=non-requeueable deps ti=<TaskInstance: my_dag.job4_save_df manual__2025-06-04T09:58:41.446119+00:00 [queued]>
[2025-06-04T10:08:59.773+0000] {taskinstance.py:2631} INFO - Dependencies all met for dep_context=requeueable deps ti=<TaskInstance: my_dag.job4_save_df manual__2025-06-04T09:58:41.446119+00:00 [queued]>
[2025-06-04T10:08:59.774+0000] {taskinstance.py:2884} INFO - Starting attempt 2 of 2
[2025-06-04T10:08:59.801+0000] {taskinstance.py:2907} INFO - Executing <Task(PythonOperator): job4_save_df> on 2025-06-04 09:58:41.446119+00:00
[2025-06-04T10:08:59.813+0000] {standard_task_runner.py:72} INFO - Started process 34057 to run task
[2025-06-04T10:08:59.821+0000] {standard_task_runner.py:104} INFO - Running: ['***', 'tasks', 'run', 'my_dag', 'job4_save_df', 'manual__2025-06-04T09:58:41.446119+00:00', '--job-id', '48', '--raw', '--subdir', 'DAGS_FOLDER/main.py', '--cfg-path', '/tmp/tmpuz17ff_u']
[2025-06-04T10:08:59.824+0000] {standard_task_runner.py:105} INFO - Job 48: Subtask job4_save_df
[2025-06-04T10:08:59.906+0000] {logging_mixin.py:190} WARNING - /home/***/.local/lib/python3.10/site-packages/***/settings.py:209 DeprecationWarning: The sql_alchemy_conn option in [core] has been moved to the sql_alchemy_conn option in [database] - the old setting has been used, but please update your config.
[2025-06-04T10:09:00.021+0000] {task_command.py:467} INFO - Running <TaskInstance: my_dag.job4_save_df manual__2025-06-04T09:58:41.446119+00:00 [running]> on host 44675f35d09b
[2025-06-04T10:09:00.223+0000] {taskinstance.py:3157} INFO - Exporting env vars: AIRFLOW_CTX_DAG_OWNER='***' AIRFLOW_CTX_DAG_ID='my_dag' AIRFLOW_CTX_TASK_ID='job4_save_df' AIRFLOW_CTX_EXECUTION_DATE='2025-06-04T09:58:41.446119+00:00' AIRFLOW_CTX_TRY_NUMBER='2' AIRFLOW_CTX_DAG_RUN_ID='manual__2025-06-04T09:58:41.446119+00:00'
[2025-06-04T10:09:00.228+0000] {logging_mixin.py:190} INFO - Task instance is in running state
[2025-06-04T10:09:00.229+0000] {logging_mixin.py:190} INFO -  Previous state of the Task instance: queued
[2025-06-04T10:09:00.231+0000] {logging_mixin.py:190} INFO - Current task name:job4_save_df state:running start_date:2025-06-04 10:08:59.758264+00:00
[2025-06-04T10:09:00.232+0000] {logging_mixin.py:190} INFO - Dag name:my_dag and current dag run status:running
[2025-06-04T10:09:00.234+0000] {taskinstance.py:740} INFO - ::endgroup::
[2025-06-04T10:09:00.236+0000] {logging_mixin.py:190} INFO - Reading /opt/***/trusted/countries.csv...
[2025-06-04T10:09:00.865+0000] {logging_mixin.py:190} INFO - Successfully saved DataFrame to table 'countries'.
[2025-06-04T10:09:00.874+0000] {logging_mixin.py:190} INFO - Reading /opt/***/trusted/country_currency.csv...
[2025-06-04T10:09:01.433+0000] {logging_mixin.py:190} INFO - Successfully saved DataFrame to table 'country_currency'.
[2025-06-04T10:09:01.434+0000] {python.py:240} INFO - Done. Returned value was: None
[2025-06-04T10:09:01.478+0000] {taskinstance.py:349} INFO - ::group::Post task execution logs
[2025-06-04T10:09:01.480+0000] {taskinstance.py:361} INFO - Marking task as SUCCESS. dag_id=my_dag, task_id=job4_save_df, run_id=manual__2025-06-04T09:58:41.446119+00:00, execution_date=20250604T095841, start_date=20250604T100859, end_date=20250604T100901
[2025-06-04T10:09:01.593+0000] {logging_mixin.py:190} INFO - Task instance in success state
[2025-06-04T10:09:01.595+0000] {logging_mixin.py:190} INFO -  Previous state of the Task instance: running
[2025-06-04T10:09:01.596+0000] {logging_mixin.py:190} INFO - Dag name:my_dag queued_at:2025-06-04 09:58:41.493160+00:00
[2025-06-04T10:09:01.597+0000] {logging_mixin.py:190} INFO - Task hostname:44675f35d09b operator:PythonOperator
[2025-06-04T10:09:01.641+0000] {local_task_job_runner.py:266} INFO - Task exited with return code 0
[2025-06-04T10:09:01.694+0000] {taskinstance.py:3924} INFO - 0 downstream tasks scheduled from follow-on schedule check
[2025-06-04T10:09:01.698+0000] {local_task_job_runner.py:245} INFO - ::endgroup::
