[2025-06-04T09:54:34.438+0000] {local_task_job_runner.py:123} INFO - ::group::Pre task execution logs
[2025-06-04T09:54:34.675+0000] {taskinstance.py:2631} INFO - Dependencies all met for dep_context=non-requeueable deps ti=<TaskInstance: my_dag.job2_structured_data manual__2025-06-04T09:54:24.638809+00:00 [queued]>
[2025-06-04T09:54:34.692+0000] {taskinstance.py:2631} INFO - Dependencies all met for dep_context=requeueable deps ti=<TaskInstance: my_dag.job2_structured_data manual__2025-06-04T09:54:24.638809+00:00 [queued]>
[2025-06-04T09:54:34.694+0000] {taskinstance.py:2884} INFO - Starting attempt 1 of 2
[2025-06-04T09:54:34.718+0000] {taskinstance.py:2907} INFO - Executing <Task(PythonOperator): job2_structured_data> on 2025-06-04 09:54:24.638809+00:00
[2025-06-04T09:54:34.730+0000] {standard_task_runner.py:72} INFO - Started process 25831 to run task
[2025-06-04T09:54:34.735+0000] {standard_task_runner.py:104} INFO - Running: ['***', 'tasks', 'run', 'my_dag', 'job2_structured_data', 'manual__2025-06-04T09:54:24.638809+00:00', '--job-id', '35', '--raw', '--subdir', 'DAGS_FOLDER/main.py', '--cfg-path', '/tmp/tmpkot98w2a']
[2025-06-04T09:54:34.737+0000] {standard_task_runner.py:105} INFO - Job 35: Subtask job2_structured_data
[2025-06-04T09:54:34.814+0000] {logging_mixin.py:190} WARNING - /home/***/.local/lib/python3.10/site-packages/***/settings.py:209 DeprecationWarning: The sql_alchemy_conn option in [core] has been moved to the sql_alchemy_conn option in [database] - the old setting has been used, but please update your config.
[2025-06-04T09:54:34.933+0000] {task_command.py:467} INFO - Running <TaskInstance: my_dag.job2_structured_data manual__2025-06-04T09:54:24.638809+00:00 [running]> on host 44675f35d09b
[2025-06-04T09:54:35.156+0000] {taskinstance.py:3157} INFO - Exporting env vars: AIRFLOW_CTX_DAG_OWNER='***' AIRFLOW_CTX_DAG_ID='my_dag' AIRFLOW_CTX_TASK_ID='job2_structured_data' AIRFLOW_CTX_EXECUTION_DATE='2025-06-04T09:54:24.638809+00:00' AIRFLOW_CTX_TRY_NUMBER='1' AIRFLOW_CTX_DAG_RUN_ID='manual__2025-06-04T09:54:24.638809+00:00'
[2025-06-04T09:54:35.159+0000] {logging_mixin.py:190} INFO - Task instance is in running state
[2025-06-04T09:54:35.161+0000] {logging_mixin.py:190} INFO -  Previous state of the Task instance: queued
[2025-06-04T09:54:35.162+0000] {logging_mixin.py:190} INFO - Current task name:job2_structured_data state:running start_date:2025-06-04 09:54:34.676759+00:00
[2025-06-04T09:54:35.163+0000] {logging_mixin.py:190} INFO - Dag name:my_dag and current dag run status:running
[2025-06-04T09:54:35.164+0000] {taskinstance.py:740} INFO - ::endgroup::
[2025-06-04T09:54:35.336+0000] {python.py:240} INFO - Done. Returned value was: Data written to /opt/***/foundation/restcountries.csv
[2025-06-04T09:54:35.434+0000] {taskinstance.py:349} INFO - ::group::Post task execution logs
[2025-06-04T09:54:35.435+0000] {taskinstance.py:361} INFO - Marking task as SUCCESS. dag_id=my_dag, task_id=job2_structured_data, run_id=manual__2025-06-04T09:54:24.638809+00:00, execution_date=20250604T095424, start_date=20250604T095434, end_date=20250604T095435
[2025-06-04T09:54:35.548+0000] {logging_mixin.py:190} INFO - Task instance in success state
[2025-06-04T09:54:35.551+0000] {logging_mixin.py:190} INFO -  Previous state of the Task instance: running
[2025-06-04T09:54:35.552+0000] {logging_mixin.py:190} INFO - Dag name:my_dag queued_at:2025-06-04 09:54:24.735037+00:00
[2025-06-04T09:54:35.554+0000] {logging_mixin.py:190} INFO - Task hostname:44675f35d09b operator:PythonOperator
[2025-06-04T09:54:35.592+0000] {local_task_job_runner.py:266} INFO - Task exited with return code 0
[2025-06-04T09:54:35.674+0000] {taskinstance.py:3924} INFO - 1 downstream tasks scheduled from follow-on schedule check
[2025-06-04T09:54:35.687+0000] {local_task_job_runner.py:245} INFO - ::endgroup::
