[2025-06-11T02:53:09.529+0000] {local_task_job_runner.py:123} INFO - ::group::Pre task execution logs
[2025-06-11T02:53:09.554+0000] {taskinstance.py:2631} INFO - Dependencies all met for dep_context=non-requeueable deps ti=<TaskInstance: my_dag.process_data manual__2025-06-11T02:53:01.761803+00:00 [queued]>
[2025-06-11T02:53:09.569+0000] {taskinstance.py:2631} INFO - Dependencies all met for dep_context=requeueable deps ti=<TaskInstance: my_dag.process_data manual__2025-06-11T02:53:01.761803+00:00 [queued]>
[2025-06-11T02:53:09.571+0000] {taskinstance.py:2884} INFO - Starting attempt 1 of 2
[2025-06-11T02:53:09.596+0000] {taskinstance.py:2907} INFO - Executing <Task(PythonOperator): process_data> on 2025-06-11 02:53:01.761803+00:00
[2025-06-11T02:53:09.605+0000] {standard_task_runner.py:72} INFO - Started process 253 to run task
[2025-06-11T02:53:09.611+0000] {standard_task_runner.py:104} INFO - Running: ['airflow', 'tasks', 'run', 'my_dag', 'process_data', 'manual__2025-06-11T02:53:01.761803+00:00', '--job-id', '18', '--raw', '--subdir', 'DAGS_FOLDER/dag.py', '--cfg-path', '/tmp/tmp57t_b1_c']
[2025-06-11T02:53:09.615+0000] {standard_task_runner.py:105} INFO - Job 18: Subtask process_data
[2025-06-11T02:53:09.641+0000] {logging_mixin.py:190} WARNING - /home/airflow/.local/lib/python3.10/site-packages/airflow/settings.py:209 DeprecationWarning: The sql_alchemy_conn option in [core] has been moved to the sql_alchemy_conn option in [database] - the old setting has been used, but please update your config.
[2025-06-11T02:53:09.681+0000] {task_command.py:467} INFO - Running <TaskInstance: my_dag.process_data manual__2025-06-11T02:53:01.761803+00:00 [running]> on host 613a1c7c2625
[2025-06-11T02:53:09.948+0000] {taskinstance.py:3157} INFO - Exporting env vars: AIRFLOW_CTX_DAG_OWNER='airflow' AIRFLOW_CTX_DAG_ID='my_dag' AIRFLOW_CTX_TASK_ID='process_data' AIRFLOW_CTX_EXECUTION_DATE='2025-06-11T02:53:01.761803+00:00' AIRFLOW_CTX_TRY_NUMBER='1' AIRFLOW_CTX_DAG_RUN_ID='manual__2025-06-11T02:53:01.761803+00:00'
[2025-06-11T02:53:09.950+0000] {taskinstance.py:740} INFO - ::endgroup::
[2025-06-11T02:53:10.133+0000] {logging_mixin.py:190} INFO - <class 'pandas.core.series.Series'>
[2025-06-11T02:53:10.186+0000] {logging_mixin.py:190} INFO - <class 'pandas.core.frame.DataFrame'>
[2025-06-11T02:53:10.283+0000] {logging_mixin.py:190} INFO - Data successfully written to /opt/airflow/trusted/cleaned_data.csv
[2025-06-11T02:53:10.287+0000] {python.py:240} INFO - Done. Returned value was: None
[2025-06-11T02:53:10.297+0000] {taskinstance.py:349} INFO - ::group::Post task execution logs
[2025-06-11T02:53:10.300+0000] {taskinstance.py:361} INFO - Marking task as SUCCESS. dag_id=my_dag, task_id=process_data, run_id=manual__2025-06-11T02:53:01.761803+00:00, execution_date=20250611T025301, start_date=20250611T025309, end_date=20250611T025310
[2025-06-11T02:53:10.388+0000] {local_task_job_runner.py:266} INFO - Task exited with return code 0
[2025-06-11T02:53:10.417+0000] {taskinstance.py:3924} INFO - 1 downstream tasks scheduled from follow-on schedule check
[2025-06-11T02:53:10.431+0000] {local_task_job_runner.py:245} INFO - ::endgroup::
