[2025-06-06T02:23:49.940+0000] {local_task_job_runner.py:123} INFO - ::group::Pre task execution logs
[2025-06-06T02:23:49.996+0000] {taskinstance.py:2631} INFO - Dependencies all met for dep_context=non-requeueable deps ti=<TaskInstance: my_dag.job1_get_data scheduled__2025-06-03T08:00:00+00:00 [queued]>
[2025-06-06T02:23:50.012+0000] {taskinstance.py:2631} INFO - Dependencies all met for dep_context=requeueable deps ti=<TaskInstance: my_dag.job1_get_data scheduled__2025-06-03T08:00:00+00:00 [queued]>
[2025-06-06T02:23:50.014+0000] {taskinstance.py:2884} INFO - Starting attempt 3 of 4
[2025-06-06T02:23:50.042+0000] {taskinstance.py:2907} INFO - Executing <Task(PythonOperator): job1_get_data> on 2025-06-03 08:00:00+00:00
[2025-06-06T02:23:50.054+0000] {standard_task_runner.py:72} INFO - Started process 753 to run task
[2025-06-06T02:23:50.062+0000] {standard_task_runner.py:104} INFO - Running: ['***', 'tasks', 'run', 'my_dag', 'job1_get_data', 'scheduled__2025-06-03T08:00:00+00:00', '--job-id', '68', '--raw', '--subdir', 'DAGS_FOLDER/main.py', '--cfg-path', '/tmp/tmpjruzb090']
[2025-06-06T02:23:50.065+0000] {standard_task_runner.py:105} INFO - Job 68: Subtask job1_get_data
[2025-06-06T02:23:50.148+0000] {logging_mixin.py:190} WARNING - /home/***/.local/lib/python3.10/site-packages/***/settings.py:209 DeprecationWarning: The sql_alchemy_conn option in [core] has been moved to the sql_alchemy_conn option in [database] - the old setting has been used, but please update your config.
[2025-06-06T02:23:50.300+0000] {task_command.py:467} INFO - Running <TaskInstance: my_dag.job1_get_data scheduled__2025-06-03T08:00:00+00:00 [running]> on host acb3199ed998
[2025-06-06T02:23:50.306+0000] {logging_mixin.py:190} WARNING - /home/***/.local/lib/python3.10/site-packages/***/settings.py:470 DeprecationWarning: The sql_alchemy_conn option in [core] has been moved to the sql_alchemy_conn option in [database] - the old setting has been used, but please update your config.
[2025-06-06T02:23:50.596+0000] {taskinstance.py:3157} INFO - Exporting env vars: AIRFLOW_CTX_DAG_OWNER='***' AIRFLOW_CTX_DAG_ID='my_dag' AIRFLOW_CTX_TASK_ID='job1_get_data' AIRFLOW_CTX_EXECUTION_DATE='2025-06-03T08:00:00+00:00' AIRFLOW_CTX_TRY_NUMBER='3' AIRFLOW_CTX_DAG_RUN_ID='scheduled__2025-06-03T08:00:00+00:00'
[2025-06-06T02:23:50.600+0000] {logging_mixin.py:190} INFO - Task instance is in running state
[2025-06-06T02:23:50.602+0000] {logging_mixin.py:190} INFO -  Previous state of the Task instance: queued
[2025-06-06T02:23:50.603+0000] {logging_mixin.py:190} INFO - Current task name:job1_get_data state:running start_date:2025-06-06 02:23:49.998776+00:00
[2025-06-06T02:23:50.604+0000] {logging_mixin.py:190} INFO - Dag name:my_dag and current dag run status:running
[2025-06-06T02:23:50.606+0000] {taskinstance.py:740} INFO - ::endgroup::
[2025-06-06T02:23:51.386+0000] {python.py:240} INFO - Done. Returned value was: {'status': 'unknown error'}
[2025-06-06T02:23:51.485+0000] {taskinstance.py:349} INFO - ::group::Post task execution logs
[2025-06-06T02:23:51.487+0000] {taskinstance.py:361} INFO - Marking task as SUCCESS. dag_id=my_dag, task_id=job1_get_data, run_id=scheduled__2025-06-03T08:00:00+00:00, execution_date=20250603T080000, start_date=20250606T022349, end_date=20250606T022351
[2025-06-06T02:23:51.634+0000] {logging_mixin.py:190} INFO - Task instance in success state
[2025-06-06T02:23:51.637+0000] {logging_mixin.py:190} INFO -  Previous state of the Task instance: running
[2025-06-06T02:23:51.638+0000] {logging_mixin.py:190} INFO - Dag name:my_dag queued_at:2025-06-06 02:23:47.733118+00:00
[2025-06-06T02:23:51.639+0000] {logging_mixin.py:190} INFO - Task hostname:acb3199ed998 operator:PythonOperator
[2025-06-06T02:23:51.686+0000] {local_task_job_runner.py:266} INFO - Task exited with return code 0
[2025-06-06T02:23:51.754+0000] {taskinstance.py:3924} INFO - 1 downstream tasks scheduled from follow-on schedule check
[2025-06-06T02:23:51.766+0000] {local_task_job_runner.py:245} INFO - ::endgroup::
