[2025-06-04T10:16:23.440+0000] {local_task_job_runner.py:123} INFO - ::group::Pre task execution logs
[2025-06-04T10:16:23.690+0000] {taskinstance.py:2631} INFO - Dependencies all met for dep_context=non-requeueable deps ti=<TaskInstance: my_dag.job4_save_df manual__2025-06-04T10:15:58.074606+00:00 [queued]>
[2025-06-04T10:16:23.709+0000] {taskinstance.py:2631} INFO - Dependencies all met for dep_context=requeueable deps ti=<TaskInstance: my_dag.job4_save_df manual__2025-06-04T10:15:58.074606+00:00 [queued]>
[2025-06-04T10:16:23.711+0000] {taskinstance.py:2884} INFO - Starting attempt 1 of 2
[2025-06-04T10:16:23.741+0000] {taskinstance.py:2907} INFO - Executing <Task(PythonOperator): job4_save_df> on 2025-06-04 10:15:58.074606+00:00
[2025-06-04T10:16:23.755+0000] {standard_task_runner.py:72} INFO - Started process 38299 to run task
[2025-06-04T10:16:23.761+0000] {standard_task_runner.py:104} INFO - Running: ['***', 'tasks', 'run', 'my_dag', 'job4_save_df', 'manual__2025-06-04T10:15:58.074606+00:00', '--job-id', '52', '--raw', '--subdir', 'DAGS_FOLDER/main.py', '--cfg-path', '/tmp/tmprs93lbwp']
[2025-06-04T10:16:23.764+0000] {standard_task_runner.py:105} INFO - Job 52: Subtask job4_save_df
[2025-06-04T10:16:23.838+0000] {logging_mixin.py:190} WARNING - /home/***/.local/lib/python3.10/site-packages/***/settings.py:209 DeprecationWarning: The sql_alchemy_conn option in [core] has been moved to the sql_alchemy_conn option in [database] - the old setting has been used, but please update your config.
[2025-06-04T10:16:23.949+0000] {task_command.py:467} INFO - Running <TaskInstance: my_dag.job4_save_df manual__2025-06-04T10:15:58.074606+00:00 [running]> on host 44675f35d09b
[2025-06-04T10:16:24.160+0000] {taskinstance.py:3157} INFO - Exporting env vars: AIRFLOW_CTX_DAG_OWNER='***' AIRFLOW_CTX_DAG_ID='my_dag' AIRFLOW_CTX_TASK_ID='job4_save_df' AIRFLOW_CTX_EXECUTION_DATE='2025-06-04T10:15:58.074606+00:00' AIRFLOW_CTX_TRY_NUMBER='1' AIRFLOW_CTX_DAG_RUN_ID='manual__2025-06-04T10:15:58.074606+00:00'
[2025-06-04T10:16:24.163+0000] {logging_mixin.py:190} INFO - Task instance is in running state
[2025-06-04T10:16:24.165+0000] {logging_mixin.py:190} INFO -  Previous state of the Task instance: queued
[2025-06-04T10:16:24.166+0000] {logging_mixin.py:190} INFO - Current task name:job4_save_df state:running start_date:2025-06-04 10:16:23.692060+00:00
[2025-06-04T10:16:24.168+0000] {logging_mixin.py:190} INFO - Dag name:my_dag and current dag run status:running
[2025-06-04T10:16:24.169+0000] {taskinstance.py:740} INFO - ::endgroup::
[2025-06-04T10:16:24.172+0000] {logging_mixin.py:190} INFO - Reading /opt/***/trusted/countries.csv...
[2025-06-04T10:16:24.775+0000] {logging_mixin.py:190} INFO - Successfully saved DataFrame to table 'countries'.
[2025-06-04T10:16:24.777+0000] {logging_mixin.py:190} INFO - Reading /opt/***/trusted/country_currency.csv...
[2025-06-04T10:16:25.312+0000] {logging_mixin.py:190} INFO - Successfully saved DataFrame to table 'country_currency'.
[2025-06-04T10:16:25.315+0000] {python.py:240} INFO - Done. Returned value was: None
[2025-06-04T10:16:25.357+0000] {taskinstance.py:349} INFO - ::group::Post task execution logs
[2025-06-04T10:16:25.359+0000] {taskinstance.py:361} INFO - Marking task as SUCCESS. dag_id=my_dag, task_id=job4_save_df, run_id=manual__2025-06-04T10:15:58.074606+00:00, execution_date=20250604T101558, start_date=20250604T101623, end_date=20250604T101625
[2025-06-04T10:16:25.477+0000] {logging_mixin.py:190} INFO - Task instance in success state
[2025-06-04T10:16:25.479+0000] {logging_mixin.py:190} INFO -  Previous state of the Task instance: running
[2025-06-04T10:16:25.480+0000] {logging_mixin.py:190} INFO - Dag name:my_dag queued_at:2025-06-04 10:15:58.106000+00:00
[2025-06-04T10:16:25.482+0000] {logging_mixin.py:190} INFO - Task hostname:44675f35d09b operator:PythonOperator
[2025-06-04T10:16:25.543+0000] {local_task_job_runner.py:266} INFO - Task exited with return code 0
[2025-06-04T10:16:25.597+0000] {taskinstance.py:3924} INFO - 0 downstream tasks scheduled from follow-on schedule check
[2025-06-04T10:16:25.601+0000] {local_task_job_runner.py:245} INFO - ::endgroup::
