[2025-06-06T04:04:47.193+0000] {local_task_job_runner.py:123} INFO - ::group::Pre task execution logs
[2025-06-06T04:04:47.300+0000] {taskinstance.py:2631} INFO - Dependencies all met for dep_context=non-requeueable deps ti=<TaskInstance: my_dag.job3_rename_columns manual__2025-06-06T03:45:38.592268+00:00 [queued]>
[2025-06-06T04:04:47.319+0000] {taskinstance.py:2631} INFO - Dependencies all met for dep_context=requeueable deps ti=<TaskInstance: my_dag.job3_rename_columns manual__2025-06-06T03:45:38.592268+00:00 [queued]>
[2025-06-06T04:04:47.321+0000] {taskinstance.py:2884} INFO - Starting attempt 2 of 2
[2025-06-06T04:04:47.366+0000] {taskinstance.py:2907} INFO - Executing <Task(PythonOperator): job3_rename_columns> on 2025-06-06 03:45:38.592268+00:00
[2025-06-06T04:04:47.387+0000] {standard_task_runner.py:72} INFO - Started process 28404 to run task
[2025-06-06T04:04:47.395+0000] {standard_task_runner.py:104} INFO - Running: ['***', 'tasks', 'run', 'my_dag', 'job3_rename_columns', 'manual__2025-06-06T03:45:38.592268+00:00', '--job-id', '123', '--raw', '--subdir', 'DAGS_FOLDER/main.py', '--cfg-path', '/tmp/tmpqiyh_1ed']
[2025-06-06T04:04:47.398+0000] {standard_task_runner.py:105} INFO - Job 123: Subtask job3_rename_columns
[2025-06-06T04:04:47.490+0000] {logging_mixin.py:190} WARNING - /home/***/.local/lib/python3.10/site-packages/***/settings.py:209 DeprecationWarning: The sql_alchemy_conn option in [core] has been moved to the sql_alchemy_conn option in [database] - the old setting has been used, but please update your config.
[2025-06-06T04:04:47.616+0000] {task_command.py:467} INFO - Running <TaskInstance: my_dag.job3_rename_columns manual__2025-06-06T03:45:38.592268+00:00 [running]> on host ae7446f54277
[2025-06-06T04:04:47.874+0000] {taskinstance.py:3157} INFO - Exporting env vars: AIRFLOW_CTX_DAG_OWNER='***' AIRFLOW_CTX_DAG_ID='my_dag' AIRFLOW_CTX_TASK_ID='job3_rename_columns' AIRFLOW_CTX_EXECUTION_DATE='2025-06-06T03:45:38.592268+00:00' AIRFLOW_CTX_TRY_NUMBER='2' AIRFLOW_CTX_DAG_RUN_ID='manual__2025-06-06T03:45:38.592268+00:00'
[2025-06-06T04:04:47.878+0000] {logging_mixin.py:190} INFO - Task instance is in running state
[2025-06-06T04:04:47.880+0000] {logging_mixin.py:190} INFO -  Previous state of the Task instance: queued
[2025-06-06T04:04:47.882+0000] {logging_mixin.py:190} INFO - Current task name:job3_rename_columns state:running start_date:2025-06-06 04:04:47.302338+00:00
[2025-06-06T04:04:47.883+0000] {logging_mixin.py:190} INFO - Dag name:my_dag and current dag run status:running
[2025-06-06T04:04:47.885+0000] {taskinstance.py:740} INFO - ::endgroup::
[2025-06-06T04:04:48.282+0000] {taskinstance.py:3336} ERROR - Task failed with exception
Traceback (most recent call last):
  File "/home/airflow/.local/lib/python3.10/site-packages/airflow/models/taskinstance.py", line 776, in _execute_task
    result = _execute_callable(context=context, **execute_callable_kwargs)
  File "/home/airflow/.local/lib/python3.10/site-packages/airflow/models/taskinstance.py", line 742, in _execute_callable
    return ExecutionCallableRunner(
  File "/home/airflow/.local/lib/python3.10/site-packages/airflow/utils/operator_helpers.py", line 252, in run
    return self.func(*args, **kwargs)
  File "/home/airflow/.local/lib/python3.10/site-packages/airflow/models/baseoperator.py", line 424, in wrapper
    return func(self, *args, **kwargs)
  File "/home/airflow/.local/lib/python3.10/site-packages/airflow/operators/python.py", line 238, in execute
    return_value = self.execute_callable()
  File "/home/airflow/.local/lib/python3.10/site-packages/airflow/operators/python.py", line 256, in execute_callable
    return runner.run(*self.op_args, **self.op_kwargs)
  File "/home/airflow/.local/lib/python3.10/site-packages/airflow/utils/operator_helpers.py", line 252, in run
    return self.func(*args, **kwargs)
  File "/opt/airflow/scripts/transform_data.py", line 176, in process_transform
    processed_data_df = currencies_processor.process_all()
  File "/opt/airflow/scripts/transform_data.py", line 146, in process_all
    self.process_timezone()
  File "/opt/airflow/scripts/transform_data.py", line 111, in process_timezone
    self.df['mui_gio_dau_tien'] = self.df['mui gio'].apply(extract_first_timezone)
  File "/home/airflow/.local/lib/python3.10/site-packages/pandas/core/series.py", line 4764, in apply
    ).apply()
  File "/home/airflow/.local/lib/python3.10/site-packages/pandas/core/apply.py", line 1209, in apply
    return self.apply_standard()
  File "/home/airflow/.local/lib/python3.10/site-packages/pandas/core/apply.py", line 1289, in apply_standard
    mapped = obj._map_values(
  File "/home/airflow/.local/lib/python3.10/site-packages/pandas/core/base.py", line 921, in _map_values
    return algorithms.map_array(arr, mapper, na_action=na_action, convert=convert)
  File "/home/airflow/.local/lib/python3.10/site-packages/pandas/core/algorithms.py", line 1814, in map_array
    return lib.map_infer(values, mapper, convert=convert)
  File "lib.pyx", line 2926, in pandas._libs.lib.map_infer
  File "/opt/airflow/scripts/transform_data.py", line 108, in extract_first_timezone
    self.df['mui gio'].drop()
  File "/home/airflow/.local/lib/python3.10/site-packages/pandas/core/series.py", line 5148, in drop
    return super().drop(
  File "/home/airflow/.local/lib/python3.10/site-packages/pandas/core/generic.py", line 4703, in drop
    raise ValueError(
ValueError: Need to specify at least one of 'labels', 'index' or 'columns'
[2025-06-06T04:04:48.371+0000] {logging_mixin.py:190} INFO - Task instance in failure state
[2025-06-06T04:04:48.373+0000] {logging_mixin.py:190} INFO - Task start:2025-06-06 04:04:47.302338+00:00 end:2025-06-06 04:04:48.371092+00:00 duration:1.068754
[2025-06-06T04:04:48.374+0000] {logging_mixin.py:190} INFO - Task:<Task(PythonOperator): job3_rename_columns> dag:<DAG: my_dag> dagrun:<DagRun my_dag @ 2025-06-06 03:45:38.592268+00:00: manual__2025-06-06T03:45:38.592268+00:00, state:running, queued_at: 2025-06-06 03:45:38.651909+00:00. externally triggered: True>
[2025-06-06T04:04:48.376+0000] {logging_mixin.py:190} INFO - Failure caused by Need to specify at least one of 'labels', 'index' or 'columns'
[2025-06-06T04:04:48.377+0000] {taskinstance.py:1242} INFO - Marking task as FAILED. dag_id=my_dag, task_id=job3_rename_columns, run_id=manual__2025-06-06T03:45:38.592268+00:00, execution_date=20250606T034538, start_date=20250606T040447, end_date=20250606T040448
[2025-06-06T04:04:48.542+0000] {taskinstance.py:349} INFO - ::group::Post task execution logs
[2025-06-06T04:04:48.546+0000] {standard_task_runner.py:124} ERROR - Failed to execute job 123 for task job3_rename_columns (Need to specify at least one of 'labels', 'index' or 'columns'; 28404)
Traceback (most recent call last):
  File "/home/airflow/.local/lib/python3.10/site-packages/airflow/task/task_runner/standard_task_runner.py", line 117, in _start_by_fork
    ret = args.func(args, dag=self.dag)
  File "/home/airflow/.local/lib/python3.10/site-packages/airflow/cli/cli_config.py", line 49, in command
    return func(*args, **kwargs)
  File "/home/airflow/.local/lib/python3.10/site-packages/airflow/utils/cli.py", line 116, in wrapper
    return f(*args, **kwargs)
  File "/home/airflow/.local/lib/python3.10/site-packages/airflow/cli/commands/task_command.py", line 483, in task_run
    task_return_code = _run_task_by_selected_method(args, _dag, ti)
  File "/home/airflow/.local/lib/python3.10/site-packages/airflow/cli/commands/task_command.py", line 256, in _run_task_by_selected_method
    return _run_raw_task(args, ti)
  File "/home/airflow/.local/lib/python3.10/site-packages/airflow/cli/commands/task_command.py", line 341, in _run_raw_task
    return ti._run_raw_task(
  File "/home/airflow/.local/lib/python3.10/site-packages/airflow/utils/session.py", line 97, in wrapper
    return func(*args, session=session, **kwargs)
  File "/home/airflow/.local/lib/python3.10/site-packages/airflow/models/taskinstance.py", line 3029, in _run_raw_task
    return _run_raw_task(
  File "/home/airflow/.local/lib/python3.10/site-packages/airflow/models/taskinstance.py", line 282, in _run_raw_task
    TaskInstance._execute_task_with_callbacks(
  File "/home/airflow/.local/lib/python3.10/site-packages/airflow/models/taskinstance.py", line 3184, in _execute_task_with_callbacks
    result = self._execute_task(context, task_orig)
  File "/home/airflow/.local/lib/python3.10/site-packages/airflow/models/taskinstance.py", line 3208, in _execute_task
    return _execute_task(self, context, task_orig)
  File "/home/airflow/.local/lib/python3.10/site-packages/airflow/models/taskinstance.py", line 776, in _execute_task
    result = _execute_callable(context=context, **execute_callable_kwargs)
  File "/home/airflow/.local/lib/python3.10/site-packages/airflow/models/taskinstance.py", line 742, in _execute_callable
    return ExecutionCallableRunner(
  File "/home/airflow/.local/lib/python3.10/site-packages/airflow/utils/operator_helpers.py", line 252, in run
    return self.func(*args, **kwargs)
  File "/home/airflow/.local/lib/python3.10/site-packages/airflow/models/baseoperator.py", line 424, in wrapper
    return func(self, *args, **kwargs)
  File "/home/airflow/.local/lib/python3.10/site-packages/airflow/operators/python.py", line 238, in execute
    return_value = self.execute_callable()
  File "/home/airflow/.local/lib/python3.10/site-packages/airflow/operators/python.py", line 256, in execute_callable
    return runner.run(*self.op_args, **self.op_kwargs)
  File "/home/airflow/.local/lib/python3.10/site-packages/airflow/utils/operator_helpers.py", line 252, in run
    return self.func(*args, **kwargs)
  File "/opt/airflow/scripts/transform_data.py", line 176, in process_transform
    processed_data_df = currencies_processor.process_all()
  File "/opt/airflow/scripts/transform_data.py", line 146, in process_all
    self.process_timezone()
  File "/opt/airflow/scripts/transform_data.py", line 111, in process_timezone
    self.df['mui_gio_dau_tien'] = self.df['mui gio'].apply(extract_first_timezone)
  File "/home/airflow/.local/lib/python3.10/site-packages/pandas/core/series.py", line 4764, in apply
    ).apply()
  File "/home/airflow/.local/lib/python3.10/site-packages/pandas/core/apply.py", line 1209, in apply
    return self.apply_standard()
  File "/home/airflow/.local/lib/python3.10/site-packages/pandas/core/apply.py", line 1289, in apply_standard
    mapped = obj._map_values(
  File "/home/airflow/.local/lib/python3.10/site-packages/pandas/core/base.py", line 921, in _map_values
    return algorithms.map_array(arr, mapper, na_action=na_action, convert=convert)
  File "/home/airflow/.local/lib/python3.10/site-packages/pandas/core/algorithms.py", line 1814, in map_array
    return lib.map_infer(values, mapper, convert=convert)
  File "lib.pyx", line 2926, in pandas._libs.lib.map_infer
  File "/opt/airflow/scripts/transform_data.py", line 108, in extract_first_timezone
    self.df['mui gio'].drop()
  File "/home/airflow/.local/lib/python3.10/site-packages/pandas/core/series.py", line 5148, in drop
    return super().drop(
  File "/home/airflow/.local/lib/python3.10/site-packages/pandas/core/generic.py", line 4703, in drop
    raise ValueError(
ValueError: Need to specify at least one of 'labels', 'index' or 'columns'
[2025-06-06T04:04:48.614+0000] {local_task_job_runner.py:266} INFO - Task exited with return code 1
[2025-06-06T04:04:48.688+0000] {taskinstance.py:3924} INFO - 0 downstream tasks scheduled from follow-on schedule check
[2025-06-06T04:04:48.705+0000] {local_task_job_runner.py:245} INFO - ::endgroup::
