[2025-06-11T02:53:11.789+0000] {local_task_job_runner.py:123} INFO - ::group::Pre task execution logs
[2025-06-11T02:53:11.818+0000] {taskinstance.py:2631} INFO - Dependencies all met for dep_context=non-requeueable deps ti=<TaskInstance: my_dag.save_data manual__2025-06-11T02:53:01.761803+00:00 [queued]>
[2025-06-11T02:53:11.835+0000] {taskinstance.py:2631} INFO - Dependencies all met for dep_context=requeueable deps ti=<TaskInstance: my_dag.save_data manual__2025-06-11T02:53:01.761803+00:00 [queued]>
[2025-06-11T02:53:11.836+0000] {taskinstance.py:2884} INFO - Starting attempt 1 of 2
[2025-06-11T02:53:11.861+0000] {taskinstance.py:2907} INFO - Executing <Task(PythonOperator): save_data> on 2025-06-11 02:53:01.761803+00:00
[2025-06-11T02:53:11.873+0000] {standard_task_runner.py:72} INFO - Started process 257 to run task
[2025-06-11T02:53:11.879+0000] {standard_task_runner.py:104} INFO - Running: ['airflow', 'tasks', 'run', 'my_dag', 'save_data', 'manual__2025-06-11T02:53:01.761803+00:00', '--job-id', '19', '--raw', '--subdir', 'DAGS_FOLDER/dag.py', '--cfg-path', '/tmp/tmpyoobc9rx']
[2025-06-11T02:53:11.884+0000] {standard_task_runner.py:105} INFO - Job 19: Subtask save_data
[2025-06-11T02:53:11.913+0000] {logging_mixin.py:190} WARNING - /home/airflow/.local/lib/python3.10/site-packages/airflow/settings.py:209 DeprecationWarning: The sql_alchemy_conn option in [core] has been moved to the sql_alchemy_conn option in [database] - the old setting has been used, but please update your config.
[2025-06-11T02:53:11.959+0000] {task_command.py:467} INFO - Running <TaskInstance: my_dag.save_data manual__2025-06-11T02:53:01.761803+00:00 [running]> on host 613a1c7c2625
[2025-06-11T02:53:12.329+0000] {taskinstance.py:3157} INFO - Exporting env vars: AIRFLOW_CTX_DAG_OWNER='airflow' AIRFLOW_CTX_DAG_ID='my_dag' AIRFLOW_CTX_TASK_ID='save_data' AIRFLOW_CTX_EXECUTION_DATE='2025-06-11T02:53:01.761803+00:00' AIRFLOW_CTX_TRY_NUMBER='1' AIRFLOW_CTX_DAG_RUN_ID='manual__2025-06-11T02:53:01.761803+00:00'
[2025-06-11T02:53:12.332+0000] {taskinstance.py:740} INFO - ::endgroup::
[2025-06-11T02:53:12.347+0000] {logging_mixin.py:190} INFO - Reading coutries data from /opt/airflow/trusted/cleaned_data.csv
[2025-06-11T02:53:12.906+0000] {logging_mixin.py:190} INFO - Data successfully written to countries table in MySQL database.
[2025-06-11T02:53:12.908+0000] {logging_mixin.py:190} INFO - Reading country currency data from /opt/airflow/foundation/structured_data.csv
[2025-06-11T02:53:13.399+0000] {logging_mixin.py:190} INFO - Data successfully written to country_currency table in MySQL database.
[2025-06-11T02:53:13.401+0000] {logging_mixin.py:190} INFO - Reading currency data from /opt/airflow/trusted/currencies.csv
[2025-06-11T02:53:13.523+0000] {logging_mixin.py:190} INFO - Data successfully written to currencies table in MySQL database.
[2025-06-11T02:53:13.525+0000] {python.py:240} INFO - Done. Returned value was: None
[2025-06-11T02:53:13.538+0000] {taskinstance.py:349} INFO - ::group::Post task execution logs
[2025-06-11T02:53:13.540+0000] {taskinstance.py:361} INFO - Marking task as SUCCESS. dag_id=my_dag, task_id=save_data, run_id=manual__2025-06-11T02:53:01.761803+00:00, execution_date=20250611T025301, start_date=20250611T025311, end_date=20250611T025313
[2025-06-11T02:53:13.631+0000] {local_task_job_runner.py:266} INFO - Task exited with return code 0
[2025-06-11T02:53:13.649+0000] {taskinstance.py:3924} INFO - 0 downstream tasks scheduled from follow-on schedule check
[2025-06-11T02:53:13.652+0000] {local_task_job_runner.py:245} INFO - ::endgroup::
